#
# A fatal error has been detected by the Java Runtime Environment:
#
#  SIGSEGV (0xb) at pc=0x00007fa31ecee1cf, pid=3597, tid=140336971073280
#
# JRE version: Java(TM) SE Runtime Environment (8.0_66-b17) (build 1.8.0_66-b17)
# Java VM: Java HotSpot(TM) 64-Bit Server VM (25.66-b17 mixed mode linux-amd64 compressed oops)
# Problematic frame:
# C  [libc.so.6+0x1511cf]
#
# Failed to write core dump. Core dumps have been disabled. To enable core dumping, try "ulimit -c unlimited" before starting Java again
#
# If you would like to submit a bug report, please visit:
#   http://bugreport.java.com/bugreport/crash.jsp
# The crash happened outside the Java Virtual Machine in native code.
# See problematic frame for where to report the bug.
#

---------------  T H R E A D  ---------------

Current thread (0x00007fa2ec016000):  JavaThread "Thread-0" [_thread_in_native, id=4039, stack(0x00007fa2bf3f4000,0x00007fa2bf4f5000)]

siginfo: si_signo: 11 (SIGSEGV), si_code: 2 (SEGV_ACCERR), si_addr: 0x00007fa2fe149000

Registers:
RAX=0x00007fa2e40105c0, RBX=0x0000000000006f4c, RCX=0x0000000000008000, RDX=0x000000000000403c
RSP=0x00007fa2bf4f14a8, RBP=0x00007fa2bf4f1500, RSI=0x00007fa2fe148feb, RDI=0x00007fa2e40133d0
R8 =0x00007fa2e40105c0, R9 =0x00007fa31ecee1c0, R10=0x00007fa2e4000078, R11=0x00007fa31ed24eb0
R12=0x00007fa2fe1461ad, R13=0x00007fa2e4010570, R14=0x0000000000002e67, R15=0x00007fa31817e830
RIP=0x00007fa31ecee1cf, EFLAGS=0x0000000000010206, CSGSFS=0x0000000000000033, ERR=0x0000000000000004
  TRAPNO=0x000000000000000e

Top of Stack: (sp=0x00007fa2bf4f14a8)
0x00007fa2bf4f14a8:   00007fa31c834984 00007fa2f7ee3a88
0x00007fa2bf4f14b8:   6c6367a300000000 0000000000006f4c
0x00007fa2bf4f14c8:   0000000000000a03 00007fa2e4010570
0x00007fa2bf4f14d8:   00007fa3181735b0 00007fa2f800a940
0x00007fa2bf4f14e8:   00007fa31817e830 000000001eae1406
0x00007fa2bf4f14f8:   0000000000000026 00007fa2bf4f1560
0x00007fa2bf4f1508:   00007fa31c834f5f 00007fa2ec016000
0x00007fa2bf4f1518:   01007fa2fd1924c8 00007fa2bf4f1580
0x00007fa2bf4f1528:   00007fa2bf4f15a7 00007fa2bf4f15a5
0x00007fa2bf4f1538:   00007fa2bf4f1580 0000000000000026
0x00007fa2bf4f1548:   00007fa2ec0161f8 00007fa2bf4f19d8
0x00007fa2bf4f1558:   0000000000000001 00007fa2bf4f19c0
0x00007fa2bf4f1568:   00007fa31c826d60 0000000000000000
0x00007fa2bf4f1578:   00007fa31817e830 627472782f6d6f63
0x00007fa2bf4f1588:   646e616d6d6f632f 6f64747568532f73
0x00007fa2bf4f1598:   656369746f4e6e77 00007373616c632e
0x00007fa2bf4f15a8:   00007fa31ec18749 00007fa2bf4f1bd0
0x00007fa2bf4f15b8:   00007fa2bf4f1bc0 00007fa31ebeb029
0x00007fa2bf4f15c8:   00007fa31e6dd59a 00007fa31e6dd598
0x00007fa2bf4f15d8:   00007fa31ebe74ea 00007fa2bf4f2ca0
0x00007fa2bf4f15e8:   00000001c00587d8 00007fa2ff624230
0x00007fa2bf4f15f8:   00007fa2c004d800 00007fa2ff5afd88
0x00007fa2bf4f1608:   00007fa2c004d800 00007fa2bf4f1740
0x00007fa2bf4f1618:   00007fa2bf4f16c0 00007fa2bf4f16b0
0x00007fa2bf4f1628:   00007fa2bf4f16f0 00007fa2bf4f1790
0x00007fa2bf4f1638:   0000000000000005 00000000bf4f1750
0x00007fa2bf4f1648:   00007fa300000000 0000000000000000
0x00007fa2bf4f1658:   00007fa200000000 0000000000000004
0x00007fa2bf4f1668:   0000000000000000 00007fa200000000
0x00007fa2bf4f1678:   00007fa300000000 00007fa30000002e
0x00007fa2bf4f1688:   00007fa300000000 0000000000000000
0x00007fa2bf4f1698:   00007fa31ec18749 00007fa2bf4f1cc0 

Instructions: (pc=0x00007fa31ecee1cf)
0x00007fa31ecee1af:   8d 14 13 ff e2 0f 0b 66 2e 0f 1f 84 00 00 00 00
0x00007fa31ecee1bf:   00 48 81 ea 80 00 00 00 0f 28 4e f5 0f 28 56 05
0x00007fa31ecee1cf:   0f 28 5e 15 0f 28 66 25 0f 28 6e 35 0f 28 76 45
0x00007fa31ecee1df:   0f 28 7e 55 44 0f 28 46 65 44 0f 28 4e 75 48 8d 

Register to memory mapping:

RAX=0x00007fa2e40105c0 is an unknown value
RBX=0x0000000000006f4c is an unknown value
RCX=0x0000000000008000 is an unknown value
RDX=0x000000000000403c is an unknown value
RSP=0x00007fa2bf4f14a8 is pointing into the stack for thread: 0x00007fa2ec016000
RBP=0x00007fa2bf4f1500 is pointing into the stack for thread: 0x00007fa2ec016000
RSI=0x00007fa2fe148feb is an unknown value
RDI=0x00007fa2e40133d0 is an unknown value
R8 =0x00007fa2e40105c0 is an unknown value
R9 =0x00007fa31ecee1c0: <offset 0x1511c0> in /lib/x86_64-linux-gnu/libc.so.6 at 0x00007fa31eb9d000
R10=0x00007fa2e4000078 is an unknown value
R11=0x00007fa31ed24eb0: <offset 0x187eb0> in /lib/x86_64-linux-gnu/libc.so.6 at 0x00007fa31eb9d000
R12=0x00007fa2fe1461ad is an unknown value
R13=0x00007fa2e4010570 is an unknown value
R14=0x0000000000002e67 is an unknown value
R15=0x00007fa31817e830 is an unknown value


Stack: [0x00007fa2bf3f4000,0x00007fa2bf4f5000],  sp=0x00007fa2bf4f14a8,  free space=1013k
Native frames: (J=compiled Java code, j=interpreted, Vv=VM code, C=native code)
C  [libc.so.6+0x1511cf]
C  [libzip.so+0x11f5f]  ZIP_GetEntry2+0xff
C  [libzip.so+0x3d60]  Java_java_util_zip_ZipFile_getEntry+0xf0
J 424  java.util.zip.ZipFile.getEntry(J[BZ)J (0 bytes) @ 0x00007fa30920c24e [0x00007fa30920c180+0xce]
J 2455 C1 java.util.zip.ZipFile.getEntry(Ljava/lang/String;)Ljava/util/zip/ZipEntry; (86 bytes) @ 0x00007fa3096cba4c [0x00007fa3096cb7e0+0x26c]
J 2448 C1 java.util.jar.JarFile.getEntry(Ljava/lang/String;)Ljava/util/zip/ZipEntry; (22 bytes) @ 0x00007fa3096cb1e4 [0x00007fa3096cb160+0x84]
J 1581 C2 sun.misc.URLClassPath$JarLoader.getResource(Ljava/lang/String;Z)Lsun/misc/Resource; (85 bytes) @ 0x00007fa3094ab478 [0x00007fa3094ab1c0+0x2b8]
J 2088 C2 sun.misc.URLClassPath.getResource(Ljava/lang/String;Z)Lsun/misc/Resource; (83 bytes) @ 0x00007fa3095c3d70 [0x00007fa3095c3c80+0xf0]
J 1561 C1 java.net.URLClassLoader$1.run()Ljava/lang/Class; (63 bytes) @ 0x00007fa30948c57c [0x00007fa30948c360+0x21c]
J 1560 C1 java.net.URLClassLoader$1.run()Ljava/lang/Object; (5 bytes) @ 0x00007fa30948ba4c [0x00007fa30948b9c0+0x8c]
v  ~StubRoutines::call_stub
V  [libjvm.so+0x68bc46]  JavaCalls::call_helper(JavaValue*, methodHandle*, JavaCallArguments*, Thread*)+0x1056
V  [libjvm.so+0x72490c]  JVM_DoPrivileged+0x27c
J 459  java.security.AccessController.doPrivileged(Ljava/security/PrivilegedExceptionAction;Ljava/security/AccessControlContext;)Ljava/lang/Object; (0 bytes) @ 0x00007fa30921dbd5 [0x00007fa30921db00+0xd5]
J 1559 C1 java.net.URLClassLoader.findClass(Ljava/lang/String;)Ljava/lang/Class; (47 bytes) @ 0x00007fa30948b1d4 [0x00007fa30948b040+0x194]
J 1864 C1 java.lang.ClassLoader.loadClass(Ljava/lang/String;Z)Ljava/lang/Class; (122 bytes) @ 0x00007fa30954548c [0x00007fa309544ac0+0x9cc]
J 2176 C1 sun.misc.Launcher$AppClassLoader.loadClass(Ljava/lang/String;Z)Ljava/lang/Class; (85 bytes) @ 0x00007fa3095f53d4 [0x00007fa3095f4a40+0x994]
J 1575 C1 java.lang.ClassLoader.loadClass(Ljava/lang/String;)Ljava/lang/Class; (7 bytes) @ 0x00007fa309490e44 [0x00007fa309490d40+0x104]
v  ~StubRoutines::call_stub
V  [libjvm.so+0x68bc46]  JavaCalls::call_helper(JavaValue*, methodHandle*, JavaCallArguments*, Thread*)+0x1056
V  [libjvm.so+0x68c151]  JavaCalls::call_virtual(JavaValue*, KlassHandle, Symbol*, Symbol*, JavaCallArguments*, Thread*)+0x321
V  [libjvm.so+0x68c5a6]  JavaCalls::call_virtual(JavaValue*, Handle, KlassHandle, Symbol*, Symbol*, Handle, Thread*)+0x56
V  [libjvm.so+0xa30c60]  SystemDictionary::load_instance_class(Symbol*, Handle, Thread*)+0x3f0
V  [libjvm.so+0xa2fb4c]  SystemDictionary::resolve_instance_class_or_null(Symbol*, Handle, Handle, Thread*)+0x7cc
V  [libjvm.so+0xa31083]  SystemDictionary::resolve_or_fail(Symbol*, Handle, Handle, bool, Thread*)+0x33
V  [libjvm.so+0x4f0cb8]  ConstantPool::klass_at_impl(constantPoolHandle, int, Thread*)+0x158
V  [libjvm.so+0x680101]  InterpreterRuntime::_new(JavaThread*, ConstantPool*, int)+0x71
j  com.xrtb.bidder.Controller.sendShutdown()V+0
j  com.xrtb.bidder.RTBServer.panicStop()V+3
j  com.xrtb.bidder.AddShutdownHook$1.run()V+0
v  ~StubRoutines::call_stub
V  [libjvm.so+0x68bc46]  JavaCalls::call_helper(JavaValue*, methodHandle*, JavaCallArguments*, Thread*)+0x1056
V  [libjvm.so+0x68c151]  JavaCalls::call_virtual(JavaValue*, KlassHandle, Symbol*, Symbol*, JavaCallArguments*, Thread*)+0x321
V  [libjvm.so+0x68c5f7]  JavaCalls::call_virtual(JavaValue*, Handle, KlassHandle, Symbol*, Symbol*, Thread*)+0x47
V  [libjvm.so+0x7233b0]  thread_entry(JavaThread*, Thread*)+0xa0
V  [libjvm.so+0xa68fff]  JavaThread::thread_main_inner()+0xdf
V  [libjvm.so+0xa6912c]  JavaThread::run()+0x11c
V  [libjvm.so+0x91cc68]  java_start(Thread*)+0x108
C  [libpthread.so.0+0x8182]  start_thread+0xc2

Java frames: (J=compiled Java code, j=interpreted, Vv=VM code)
J 424  java.util.zip.ZipFile.getEntry(J[BZ)J (0 bytes) @ 0x00007fa30920c1d8 [0x00007fa30920c180+0x58]
J 2455 C1 java.util.zip.ZipFile.getEntry(Ljava/lang/String;)Ljava/util/zip/ZipEntry; (86 bytes) @ 0x00007fa3096cba4c [0x00007fa3096cb7e0+0x26c]
J 2448 C1 java.util.jar.JarFile.getEntry(Ljava/lang/String;)Ljava/util/zip/ZipEntry; (22 bytes) @ 0x00007fa3096cb1e4 [0x00007fa3096cb160+0x84]
J 1581 C2 sun.misc.URLClassPath$JarLoader.getResource(Ljava/lang/String;Z)Lsun/misc/Resource; (85 bytes) @ 0x00007fa3094ab478 [0x00007fa3094ab1c0+0x2b8]
J 2088 C2 sun.misc.URLClassPath.getResource(Ljava/lang/String;Z)Lsun/misc/Resource; (83 bytes) @ 0x00007fa3095c3d70 [0x00007fa3095c3c80+0xf0]
J 1561 C1 java.net.URLClassLoader$1.run()Ljava/lang/Class; (63 bytes) @ 0x00007fa30948c57c [0x00007fa30948c360+0x21c]
J 1560 C1 java.net.URLClassLoader$1.run()Ljava/lang/Object; (5 bytes) @ 0x00007fa30948ba4c [0x00007fa30948b9c0+0x8c]
v  ~StubRoutines::call_stub
J 459  java.security.AccessController.doPrivileged(Ljava/security/PrivilegedExceptionAction;Ljava/security/AccessControlContext;)Ljava/lang/Object; (0 bytes) @ 0x00007fa30921db63 [0x00007fa30921db00+0x63]
J 1559 C1 java.net.URLClassLoader.findClass(Ljava/lang/String;)Ljava/lang/Class; (47 bytes) @ 0x00007fa30948b1d4 [0x00007fa30948b040+0x194]
J 1864 C1 java.lang.ClassLoader.loadClass(Ljava/lang/String;Z)Ljava/lang/Class; (122 bytes) @ 0x00007fa30954548c [0x00007fa309544ac0+0x9cc]
J 2176 C1 sun.misc.Launcher$AppClassLoader.loadClass(Ljava/lang/String;Z)Ljava/lang/Class; (85 bytes) @ 0x00007fa3095f53d4 [0x00007fa3095f4a40+0x994]
J 1575 C1 java.lang.ClassLoader.loadClass(Ljava/lang/String;)Ljava/lang/Class; (7 bytes) @ 0x00007fa309490e44 [0x00007fa309490d40+0x104]
v  ~StubRoutines::call_stub
j  com.xrtb.bidder.Controller.sendShutdown()V+0
j  com.xrtb.bidder.RTBServer.panicStop()V+3
j  com.xrtb.bidder.AddShutdownHook$1.run()V+0
v  ~StubRoutines::call_stub

---------------  P R O C E S S  ---------------

Java Threads: ( => current thread )
=>0x00007fa2ec016000 JavaThread "Thread-0" [_thread_in_native, id=4039, stack(0x00007fa2bf3f4000,0x00007fa2bf4f5000)]
  0x00007fa2e400f800 JavaThread "SIGTERM handler" daemon [_thread_blocked, id=4037, stack(0x00007fa2bf1f2000,0x00007fa2bf2f3000)]
  0x00007fa2d0002800 JavaThread "Scheduler-572462294" [_thread_blocked, id=3688, stack(0x00007fa2bf5f6000,0x00007fa2bf6f7000)]
  0x00007fa318009800 JavaThread "DestroyJavaVM" [_thread_blocked, id=3599, stack(0x00007fa31f6af000,0x00007fa31f7b0000)]
  0x00007fa2c40a9800 JavaThread "org.eclipse.jetty.server.session.HashSessionManager@b454c34Timer" daemon [_thread_blocked, id=3687, stack(0x00007fa2bf6f7000,0x00007fa2bf7f8000)]
  0x00007fa2c40a7000 JavaThread "qtp1874940407-86" [_thread_blocked, id=3686, stack(0x00007fa2bf7f8000,0x00007fa2bf8f9000)]
  0x00007fa2c40a5000 JavaThread "qtp1874940407-85" [_thread_blocked, id=3685, stack(0x00007fa2bf8f9000,0x00007fa2bf9fa000)]
  0x00007fa2c40a3000 JavaThread "qtp1874940407-84" [_thread_blocked, id=3684, stack(0x00007fa2bf9fa000,0x00007fa2bfafb000)]
  0x00007fa2c40a1000 JavaThread "qtp1874940407-83" [_thread_blocked, id=3683, stack(0x00007fa2bfafb000,0x00007fa2bfbfc000)]
  0x00007fa2c409f000 JavaThread "qtp1874940407-82" [_thread_blocked, id=3682, stack(0x00007fa2bfbfc000,0x00007fa2bfcfd000)]
  0x00007fa2c409d000 JavaThread "qtp1874940407-81" [_thread_blocked, id=3681, stack(0x00007fa2bfcfd000,0x00007fa2bfdfe000)]
  0x00007fa2c409b000 JavaThread "qtp1874940407-80" [_thread_blocked, id=3680, stack(0x00007fa2bfdfe000,0x00007fa2bfeff000)]
  0x00007fa2c4099000 JavaThread "qtp1874940407-79" [_thread_blocked, id=3679, stack(0x00007fa2bfeff000,0x00007fa2c0000000)]
  0x00007fa2c4097800 JavaThread "qtp1874940407-78" [_thread_blocked, id=3678, stack(0x00007fa2f40be000,0x00007fa2f41bf000)]
  0x00007fa2c4095800 JavaThread "qtp1874940407-77" [_thread_blocked, id=3677, stack(0x00007fa2f41bf000,0x00007fa2f42c0000)]
  0x00007fa2c4093800 JavaThread "qtp1874940407-76" [_thread_blocked, id=3676, stack(0x00007fa2f42c0000,0x00007fa2f43c1000)]
  0x00007fa2c4091800 JavaThread "qtp1874940407-75" [_thread_in_native, id=3675, stack(0x00007fa2f43c1000,0x00007fa2f44c2000)]
  0x00007fa2c408f800 JavaThread "qtp1874940407-74" [_thread_blocked, id=3674, stack(0x00007fa2f44c2000,0x00007fa2f45c3000)]
  0x00007fa2c408d800 JavaThread "qtp1874940407-73" [_thread_blocked, id=3673, stack(0x00007fa2f45c3000,0x00007fa2f46c4000)]
  0x00007fa2c408b800 JavaThread "qtp1874940407-72" [_thread_blocked, id=3672, stack(0x00007fa2f46c4000,0x00007fa2f47c5000)]
  0x00007fa2c4089800 JavaThread "qtp1874940407-71" [_thread_blocked, id=3671, stack(0x00007fa2f47c5000,0x00007fa2f48c6000)]
  0x00007fa2c4087800 JavaThread "qtp1874940407-70" [_thread_blocked, id=3670, stack(0x00007fa2f48c6000,0x00007fa2f49c7000)]
  0x00007fa2c4085800 JavaThread "qtp1874940407-69" [_thread_blocked, id=3669, stack(0x00007fa2f49c7000,0x00007fa2f4ac8000)]
  0x00007fa2c4083800 JavaThread "qtp1874940407-68" [_thread_blocked, id=3668, stack(0x00007fa2f4ac8000,0x00007fa2f4bc9000)]
  0x00007fa2c4082000 JavaThread "qtp1874940407-67" [_thread_blocked, id=3667, stack(0x00007fa2f4bc9000,0x00007fa2f4cca000)]
  0x00007fa2c407f800 JavaThread "qtp1874940407-66" [_thread_blocked, id=3666, stack(0x00007fa2f4cca000,0x00007fa2f4dcb000)]
  0x00007fa2c407d800 JavaThread "qtp1874940407-65" [_thread_blocked, id=3665, stack(0x00007fa2f4dcb000,0x00007fa2f4ecc000)]
  0x00007fa2c407b800 JavaThread "qtp1874940407-64" [_thread_blocked, id=3664, stack(0x00007fa2f4ecc000,0x00007fa2f4fcd000)]
  0x00007fa2c4079800 JavaThread "qtp1874940407-63" [_thread_blocked, id=3663, stack(0x00007fa2f4fcd000,0x00007fa2f50ce000)]
  0x00007fa2c4077800 JavaThread "qtp1874940407-62" [_thread_blocked, id=3662, stack(0x00007fa2f50ce000,0x00007fa2f51cf000)]
  0x00007fa2c4076000 JavaThread "qtp1874940407-61" [_thread_blocked, id=3661, stack(0x00007fa2f51cf000,0x00007fa2f52d0000)]
  0x00007fa2c4074000 JavaThread "qtp1874940407-60" [_thread_blocked, id=3660, stack(0x00007fa2f52d0000,0x00007fa2f53d1000)]
  0x00007fa2c4072000 JavaThread "qtp1874940407-59" [_thread_blocked, id=3659, stack(0x00007fa2f53d1000,0x00007fa2f54d2000)]
  0x00007fa2c4070000 JavaThread "qtp1874940407-58" [_thread_blocked, id=3658, stack(0x00007fa2f54d2000,0x00007fa2f55d3000)]
  0x00007fa2c406e000 JavaThread "qtp1874940407-57" [_thread_blocked, id=3657, stack(0x00007fa2f55d3000,0x00007fa2f56d4000)]
  0x00007fa2c406c000 JavaThread "qtp1874940407-56" [_thread_blocked, id=3656, stack(0x00007fa2f56d4000,0x00007fa2f57d5000)]
  0x00007fa2c406a000 JavaThread "qtp1874940407-55" [_thread_blocked, id=3655, stack(0x00007fa2f57d5000,0x00007fa2f58d6000)]
  0x00007fa2c4068000 JavaThread "qtp1874940407-54" [_thread_blocked, id=3654, stack(0x00007fa2f58d6000,0x00007fa2f59d7000)]
  0x00007fa2c4066800 JavaThread "qtp1874940407-53" [_thread_blocked, id=3653, stack(0x00007fa2f59d7000,0x00007fa2f5ad8000)]
  0x00007fa2c4064800 JavaThread "qtp1874940407-52" [_thread_blocked, id=3652, stack(0x00007fa2f5ad8000,0x00007fa2f5bd9000)]
  0x00007fa2c4062000 JavaThread "qtp1874940407-51" [_thread_blocked, id=3651, stack(0x00007fa2f5bd9000,0x00007fa2f5cda000)]
  0x00007fa2c4060000 JavaThread "qtp1874940407-50" [_thread_blocked, id=3650, stack(0x00007fa2f5cda000,0x00007fa2f5ddb000)]
  0x00007fa2c405e000 JavaThread "qtp1874940407-49" [_thread_blocked, id=3649, stack(0x00007fa2f5ddb000,0x00007fa2f5edc000)]
  0x00007fa2c405c800 JavaThread "qtp1874940407-48" [_thread_blocked, id=3648, stack(0x00007fa2f5edc000,0x00007fa2f5fdd000)]
  0x00007fa2c405b000 JavaThread "qtp1874940407-47" [_thread_blocked, id=3647, stack(0x00007fa2f5fdd000,0x00007fa2f60de000)]
  0x00007fa2c4059000 JavaThread "qtp1874940407-46" [_thread_blocked, id=3646, stack(0x00007fa2f60de000,0x00007fa2f61df000)]
  0x00007fa2c4057800 JavaThread "qtp1874940407-45" [_thread_blocked, id=3645, stack(0x00007fa2f61df000,0x00007fa2f62e0000)]
  0x00007fa2c4055800 JavaThread "qtp1874940407-44" [_thread_blocked, id=3644, stack(0x00007fa2f62e0000,0x00007fa2f63e1000)]
  0x00007fa2c4054000 JavaThread "qtp1874940407-43" [_thread_blocked, id=3643, stack(0x00007fa2f63e1000,0x00007fa2f64e2000)]
  0x00007fa2c4052000 JavaThread "qtp1874940407-42" [_thread_blocked, id=3642, stack(0x00007fa2f64e2000,0x00007fa2f65e3000)]
  0x00007fa2c4050000 JavaThread "qtp1874940407-41" [_thread_blocked, id=3641, stack(0x00007fa2f65e3000,0x00007fa2f66e4000)]
  0x00007fa2c404e000 JavaThread "qtp1874940407-40" [_thread_blocked, id=3640, stack(0x00007fa2f66e4000,0x00007fa2f67e5000)]
  0x00007fa2c404c000 JavaThread "qtp1874940407-39" [_thread_blocked, id=3639, stack(0x00007fa2f67e5000,0x00007fa2f68e6000)]
  0x00007fa2c404a800 JavaThread "qtp1874940407-38-acceptor-0@a655613-ServerConnector@4a2b92f{HTTP/1.1,[http/1.1]}{0.0.0.0:8080}" [_thread_in_native, id=3638, stack(0x00007fa2f68e6000,0x00007fa2f69e7000)]
  0x00007fa2c4047800 JavaThread "qtp1874940407-37" [_thread_blocked, id=3637, stack(0x00007fa2f69e7000,0x00007fa2f6ae8000)]
  0x00007fa2c4037800 JavaThread "Thread-16" [_thread_blocked, id=3635, stack(0x00007fa2f6ae8000,0x00007fa2f6be9000)]
  0x00007fa2c4035800 JavaThread "Thread-15" [_thread_blocked, id=3634, stack(0x00007fa2f6be9000,0x00007fa2f6cea000)]
  0x00007fa3187db000 JavaThread "Thread-14" [_thread_blocked, id=3633, stack(0x00007fa2f6cea000,0x00007fa2f6deb000)]
  0x00007fa2f000b000 JavaThread "pool-1-thread-1" [_thread_blocked, id=3632, stack(0x00007fa2f6deb000,0x00007fa2f6eec000)]
  0x00007fa3187d8800 JavaThread "Thread-13" [_thread_blocked, id=3631, stack(0x00007fa2f70ec000,0x00007fa2f71ed000)]
  0x00007fa3187d6800 JavaThread "Thread-12" [_thread_blocked, id=3630, stack(0x00007fa2f71ed000,0x00007fa2f72ee000)]
  0x00007fa3187d4800 JavaThread "Thread-11" [_thread_blocked, id=3629, stack(0x00007fa2f72ee000,0x00007fa2f73ef000)]
  0x00007fa3187d2000 JavaThread "Thread-10" [_thread_blocked, id=3628, stack(0x00007fa2f73ef000,0x00007fa2f74f0000)]
  0x00007fa3187d0000 JavaThread "Thread-9" [_thread_blocked, id=3627, stack(0x00007fa2f74f0000,0x00007fa2f75f1000)]
  0x00007fa3187ce800 JavaThread "Thread-8" [_thread_blocked, id=3626, stack(0x00007fa2f75f1000,0x00007fa2f76f2000)]
  0x00007fa3187cd000 JavaThread "Thread-7" [_thread_blocked, id=3625, stack(0x00007fa2f76f2000,0x00007fa2f77f3000)]
  0x00007fa3187cb800 JavaThread "Thread-6" [_thread_blocked, id=3624, stack(0x00007fa2f77f3000,0x00007fa2f78f4000)]
  0x00007fa3187c9800 JavaThread "Thread-5" [_thread_blocked, id=3623, stack(0x00007fa2f79f5000,0x00007fa2f7af6000)]
  0x00007fa3187c6800 JavaThread "commons-pool-EvictionTimer" daemon [_thread_blocked, id=3622, stack(0x00007fa2f78f4000,0x00007fa2f79f5000)]
  0x00007fa318747800 JavaThread "pool-2-thread-1" [_thread_blocked, id=3620, stack(0x00007fa2f7eff000,0x00007fa2f8000000)]
  0x00007fa2c0006000 JavaThread "nioEventLoopGroup-3-2" [_thread_in_native, id=3619, stack(0x00007fa2fc098000,0x00007fa2fc199000)]
  0x00007fa318743800 JavaThread "nioEventLoopGroup-3-4" [_thread_in_native, id=3618, stack(0x00007fa2fc199000,0x00007fa2fc29a000)]
  0x00007fa318742800 JavaThread "nioEventLoopGroup-3-3" [_thread_in_native, id=3617, stack(0x00007fa2fc29a000,0x00007fa2fc39b000)]
  0x00007fa318740000 JavaThread "nioEventLoopGroup-3-1" [_thread_in_native, id=3616, stack(0x00007fa2fc39b000,0x00007fa2fc49c000)]
  0x00007fa318754000 JavaThread "Thread-2" [_thread_blocked, id=3615, stack(0x00007fa2fc8bd000,0x00007fa2fc9be000)]
  0x00007fa2cc00d000 JavaThread "nioEventLoopGroup-2-2" [_thread_in_native, id=3614, stack(0x00007fa2fc9be000,0x00007fa2fcabf000)]
  0x00007fa31872d800 JavaThread "nioEventLoopGroup-2-4" [_thread_in_native, id=3613, stack(0x00007fa2fcabf000,0x00007fa2fcbc0000)]
  0x00007fa31872c800 JavaThread "nioEventLoopGroup-2-3" [_thread_in_native, id=3612, stack(0x00007fa2fcdc0000,0x00007fa2fcec1000)]
  0x00007fa3186ee800 JavaThread "nioEventLoopGroup-2-1" [_thread_in_native, id=3610, stack(0x00007fa2fcec1000,0x00007fa2fcfc2000)]
  0x00007fa318138000 JavaThread "Service Thread" daemon [_thread_blocked, id=3608, stack(0x00007fa2fe24a000,0x00007fa2fe34b000)]
  0x00007fa318130000 JavaThread "C1 CompilerThread1" daemon [_thread_blocked, id=3607, stack(0x00007fa2fe34b000,0x00007fa2fe44c000)]
  0x00007fa31812d000 JavaThread "C2 CompilerThread0" daemon [_thread_blocked, id=3606, stack(0x00007fa2fe44c000,0x00007fa2fe54d000)]
  0x00007fa31812b000 JavaThread "Signal Dispatcher" daemon [_thread_blocked, id=3605, stack(0x00007fa2fe54d000,0x00007fa2fe64e000)]
  0x00007fa318101800 JavaThread "Finalizer" daemon [_thread_blocked, id=3604, stack(0x00007fa2fe64e000,0x00007fa2fe74f000)]
  0x00007fa3180ff800 JavaThread "Reference Handler" daemon [_thread_blocked, id=3603, stack(0x00007fa2fe74f000,0x00007fa2fe850000)]

Other Threads:
  0x00007fa3180fa800 VMThread [stack: 0x00007fa2fe850000,0x00007fa2fe951000] [id=3602]
  0x00007fa318142800 WatcherThread [stack: 0x00007fa2fe149000,0x00007fa2fe24a000] [id=3609]

VM state:not at safepoint (normal execution)

VM Mutex/Monitor currently owned by a thread: None

Heap:
 PSYoungGen      total 267264K, used 134273K [0x000000076ab00000, 0x000000078c700000, 0x00000007c0000000)
  eden space 260096K, 51% used [0x000000076ab00000,0x0000000772e207a8,0x000000077a900000)
  from space 7168K, 0% used [0x000000077a900000,0x000000077a900000,0x000000077b000000)
  to   space 16384K, 0% used [0x000000078b700000,0x000000078b700000,0x000000078c700000)
 ParOldGen       total 79872K, used 23264K [0x00000006c0000000, 0x00000006c4e00000, 0x000000076ab00000)
  object space 79872K, 29% used [0x00000006c0000000,0x00000006c16b8098,0x00000006c4e00000)
 Metaspace       used 25968K, capacity 26578K, committed 27008K, reserved 1073152K
  class space    used 3080K, capacity 3374K, committed 3456K, reserved 1048576K

Card table byte_map: [0x00007fa3087ff000,0x00007fa309000000] byte_map_base: 0x00007fa3051ff000

Marking Bits: (ParMarkBitMap*) 0x00007fa31eb72020
 Begin Bits: [0x00007fa3002a9000, 0x00007fa3042a9000)
 End Bits:   [0x00007fa3042a9000, 0x00007fa3082a9000)

Polling page: 0x00007fa31f7b9000

CodeCache: size=245760Kb used=8083Kb max_used=8093Kb free=237676Kb
 bounds [0x00007fa309000000, 0x00007fa309800000, 0x00007fa318000000]
 total_blobs=3229 nmethods=2748 adapters=394
 compilation: enabled

Compilation events (10 events):
Event: 1802.920 Thread 0x00007fa318130000 3311       3       com.fasterxml.jackson.databind.ser.std.StringSerializer::serialize (6 bytes)
Event: 1802.920 Thread 0x00007fa318130000 nmethod 3311 0x00007fa309116b50 code [0x00007fa309116cc0, 0x00007fa309116ee8]
Event: 1802.920 Thread 0x00007fa318130000 3308       3       io.netty.channel.DefaultChannelPromise::addListener (8 bytes)
Event: 1802.921 Thread 0x00007fa318130000 nmethod 3308 0x00007fa3092162d0 code [0x00007fa309216440, 0x00007fa3092165c8]
Event: 1838.484 Thread 0x00007fa318130000 3312       3       redis.clients.jedis.BuilderFactory$6::build (85 bytes)
Event: 1838.485 Thread 0x00007fa318130000 nmethod 3312 0x00007fa3091aa810 code [0x00007fa3091aaac0, 0x00007fa3091abe68]
Event: 1856.215 Thread 0x00007fa318130000 3313   !   3       java.util.logging.LogManager::ensureLogManagerInitialized (128 bytes)
Event: 1856.215 Thread 0x00007fa318130000 nmethod 3313 0x00007fa3092152d0 code [0x00007fa309215480, 0x00007fa309215b08]
Event: 1856.216 Thread 0x00007fa318130000 3314       3       java.util.logging.LogManager$LoggerContext::ensureDefaultLogger (70 bytes)
Event: 1856.216 Thread 0x00007fa318130000 nmethod 3314 0x00007fa3091a9b90 code [0x00007fa3091a9d60, 0x00007fa3091aa608]

GC Heap History (10 events):
Event: 0.455 GC heap before
{Heap before GC invocations=4 (full 0):
 PSYoungGen      total 70656K, used 67776K [0x000000076ab00000, 0x0000000773500000, 0x00000007c0000000)
  eden space 65536K, 100% used [0x000000076ab00000,0x000000076eb00000,0x000000076eb00000)
  from space 5120K, 43% used [0x000000076eb00000,0x000000076ed30030,0x000000076f000000)
  to   space 5120K, 0% used [0x0000000773000000,0x0000000773000000,0x0000000773500000)
 ParOldGen       total 86016K, used 8K [0x00000006c0000000, 0x00000006c5400000, 0x000000076ab00000)
  object space 86016K, 0% used [0x00000006c0000000,0x00000006c0002000,0x00000006c5400000)
 Metaspace       used 3990K, capacity 5004K, committed 5120K, reserved 1056768K
  class space    used 426K, capacity 456K, committed 512K, reserved 1048576K
Event: 0.461 GC heap after
Heap after GC invocations=4 (full 0):
 PSYoungGen      total 136192K, used 3152K [0x000000076ab00000, 0x0000000773500000, 0x00000007c0000000)
  eden space 131072K, 0% used [0x000000076ab00000,0x000000076ab00000,0x0000000772b00000)
  from space 5120K, 61% used [0x0000000773000000,0x0000000773314040,0x0000000773500000)
  to   space 5120K, 0% used [0x0000000772b00000,0x0000000772b00000,0x0000000773000000)
 ParOldGen       total 86016K, used 8K [0x00000006c0000000, 0x00000006c5400000, 0x000000076ab00000)
  object space 86016K, 0% used [0x00000006c0000000,0x00000006c0002000,0x00000006c5400000)
 Metaspace       used 3990K, capacity 5004K, committed 5120K, reserved 1056768K
  class space    used 426K, capacity 456K, committed 512K, reserved 1048576K
}
Event: 0.575 GC heap before
{Heap before GC invocations=5 (full 0):
 PSYoungGen      total 136192K, used 134224K [0x000000076ab00000, 0x0000000773500000, 0x00000007c0000000)
  eden space 131072K, 100% used [0x000000076ab00000,0x0000000772b00000,0x0000000772b00000)
  from space 5120K, 61% used [0x0000000773000000,0x0000000773314040,0x0000000773500000)
  to   space 5120K, 0% used [0x0000000772b00000,0x0000000772b00000,0x0000000773000000)
 ParOldGen       total 86016K, used 8K [0x00000006c0000000, 0x00000006c5400000, 0x000000076ab00000)
  object space 86016K, 0% used [0x00000006c0000000,0x00000006c0002000,0x00000006c5400000)
 Metaspace       used 3999K, capacity 5004K, committed 5120K, reserved 1056768K
  class space    used 426K, capacity 456K, committed 512K, reserved 1048576K
Event: 0.587 GC heap after
Heap after GC invocations=5 (full 0):
 PSYoungGen      total 136192K, used 4928K [0x000000076ab00000, 0x000000077b500000, 0x00000007c0000000)
  eden space 131072K, 0% used [0x000000076ab00000,0x000000076ab00000,0x0000000772b00000)
  from space 5120K, 96% used [0x0000000772b00000,0x0000000772fd0030,0x0000000773000000)
  to   space 5120K, 0% used [0x000000077b000000,0x000000077b000000,0x000000077b500000)
 ParOldGen       total 86016K, used 8K [0x00000006c0000000, 0x00000006c5400000, 0x000000076ab00000)
  object space 86016K, 0% used [0x00000006c0000000,0x00000006c0002000,0x00000006c5400000)
 Metaspace       used 3999K, capacity 5004K, committed 5120K, reserved 1056768K
  class space    used 426K, capacity 456K, committed 512K, reserved 1048576K
}
Event: 0.688 GC heap before
{Heap before GC invocations=6 (full 0):
 PSYoungGen      total 136192K, used 136000K [0x000000076ab00000, 0x000000077b500000, 0x00000007c0000000)
  eden space 131072K, 100% used [0x000000076ab00000,0x0000000772b00000,0x0000000772b00000)
  from space 5120K, 96% used [0x0000000772b00000,0x0000000772fd0030,0x0000000773000000)
  to   space 5120K, 0% used [0x000000077b000000,0x000000077b000000,0x000000077b500000)
 ParOldGen       total 86016K, used 8K [0x00000006c0000000, 0x00000006c5400000, 0x000000076ab00000)
  object space 86016K, 0% used [0x00000006c0000000,0x00000006c0002000,0x00000006c5400000)
 Metaspace       used 4010K, capacity 5004K, committed 5120K, reserved 1056768K
  class space    used 426K, capacity 456K, committed 512K, reserved 1048576K
Event: 0.700 GC heap after
Heap after GC invocations=6 (full 0):
 PSYoungGen      total 265216K, used 5104K [0x000000076ab00000, 0x000000077b900000, 0x00000007c0000000)
  eden space 260096K, 0% used [0x000000076ab00000,0x000000076ab00000,0x000000077a900000)
  from space 5120K, 99% used [0x000000077b000000,0x000000077b4fc040,0x000000077b500000)
  to   space 7168K, 0% used [0x000000077a900000,0x000000077a900000,0x000000077b000000)
 ParOldGen       total 86016K, used 1552K [0x00000006c0000000, 0x00000006c5400000, 0x000000076ab00000)
  object space 86016K, 1% used [0x00000006c0000000,0x00000006c0184000,0x00000006c5400000)
 Metaspace       used 4010K, capacity 5004K, committed 5120K, reserved 1056768K
  class space    used 426K, capacity 456K, committed 512K, reserved 1048576K
}
Event: 2.278 GC heap before
{Heap before GC invocations=7 (full 0):
 PSYoungGen      total 265216K, used 245411K [0x000000076ab00000, 0x000000077b900000, 0x00000007c0000000)
  eden space 260096K, 92% used [0x000000076ab00000,0x00000007795ace68,0x000000077a900000)
  from space 5120K, 99% used [0x000000077b000000,0x000000077b4fc040,0x000000077b500000)
  to   space 7168K, 0% used [0x000000077a900000,0x000000077a900000,0x000000077b000000)
 ParOldGen       total 86016K, used 1552K [0x00000006c0000000, 0x00000006c5400000, 0x000000076ab00000)
  object space 86016K, 1% used [0x00000006c0000000,0x00000006c0184000,0x00000006c5400000)
 Metaspace       used 20538K, capacity 21114K, committed 21248K, reserved 1067008K
  class space    used 2503K, capacity 2795K, committed 2816K, reserved 1048576K
Event: 2.314 GC heap after
Heap after GC invocations=7 (full 0):
 PSYoungGen      total 267264K, used 7152K [0x000000076ab00000, 0x000000078c700000, 0x00000007c0000000)
  eden space 260096K, 0% used [0x000000076ab00000,0x000000076ab00000,0x000000077a900000)
  from space 7168K, 99% used [0x000000077a900000,0x000000077affc020,0x000000077b000000)
  to   space 16384K, 0% used [0x000000078b700000,0x000000078b700000,0x000000078c700000)
 ParOldGen       total 86016K, used 16699K [0x00000006c0000000, 0x00000006c5400000, 0x000000076ab00000)
  object space 86016K, 19% used [0x00000006c0000000,0x00000006c104ee90,0x00000006c5400000)
 Metaspace       used 20538K, capacity 21114K, committed 21248K, reserved 1067008K
  class space    used 2503K, capacity 2795K, committed 2816K, reserved 1048576K
}
Event: 2.314 GC heap before
{Heap before GC invocations=8 (full 1):
 PSYoungGen      total 267264K, used 7152K [0x000000076ab00000, 0x000000078c700000, 0x00000007c0000000)
  eden space 260096K, 0% used [0x000000076ab00000,0x000000076ab00000,0x000000077a900000)
  from space 7168K, 99% used [0x000000077a900000,0x000000077affc020,0x000000077b000000)
  to   space 16384K, 0% used [0x000000078b700000,0x000000078b700000,0x000000078c700000)
 ParOldGen       total 86016K, used 16699K [0x00000006c0000000, 0x00000006c5400000, 0x000000076ab00000)
  object space 86016K, 19% used [0x00000006c0000000,0x00000006c104ee90,0x00000006c5400000)
 Metaspace       used 20538K, capacity 21114K, committed 21248K, reserved 1067008K
  class space    used 2503K, capacity 2795K, committed 2816K, reserved 1048576K
Event: 2.436 GC heap after
Heap after GC invocations=8 (full 1):
 PSYoungGen      total 267264K, used 0K [0x000000076ab00000, 0x000000078c700000, 0x00000007c0000000)
  eden space 260096K, 0% used [0x000000076ab00000,0x000000076ab00000,0x000000077a900000)
  from space 7168K, 0% used [0x000000077a900000,0x000000077a900000,0x000000077b000000)
  to   space 16384K, 0% used [0x000000078b700000,0x000000078b700000,0x000000078c700000)
 ParOldGen       total 79872K, used 23264K [0x00000006c0000000, 0x00000006c4e00000, 0x000000076ab00000)
  object space 79872K, 29% used [0x00000006c0000000,0x00000006c16b8098,0x00000006c4e00000)
 Metaspace       used 20530K, capacity 21096K, committed 21248K, reserved 1067008K
  class space    used 2502K, capacity 2789K, committed 2816K, reserved 1048576K
}

Deoptimization events (10 events):
Event: 11.035 Thread 0x00007fa2c004f000 Uncommon trap: reason=class_check action=maybe_recompile pc=0x00007fa3096a745c method=java.util.regex.Pattern$BmpCharProperty.match(Ljava/util/regex/Matcher;ILjava/lang/CharSequence;)Z @ 16
Event: 11.035 Thread 0x00007fa2c004f000 Uncommon trap: reason=class_check action=maybe_recompile pc=0x00007fa3096a745c method=java.util.regex.Pattern$BmpCharProperty.match(Ljava/util/regex/Matcher;ILjava/lang/CharSequence;)Z @ 16
Event: 11.035 Thread 0x00007fa2c004f000 Uncommon trap: reason=class_check action=maybe_recompile pc=0x00007fa3096a745c method=java.util.regex.Pattern$BmpCharProperty.match(Ljava/util/regex/Matcher;ILjava/lang/CharSequence;)Z @ 16
Event: 13.178 Thread 0x00007fa2c4057800 Uncommon trap: reason=unstable_if action=reinterpret pc=0x00007fa30962a354 method=org.eclipse.jetty.util.BufferUtil.isFull(Ljava/nio/ByteBuffer;)Z @ 12
Event: 182.860 Thread 0x00007fa3187d4800 Uncommon trap: reason=unstable_if action=reinterpret pc=0x00007fa309168d90 method=com.xrtb.bidder.LogPublisher.run()V @ 11
Event: 289.536 Thread 0x00007fa2c4085800 Uncommon trap: reason=class_check action=maybe_recompile pc=0x00007fa309359f98 method=java.lang.String.valueOf(Ljava/lang/Object;)Ljava/lang/String; @ 10
Event: 289.536 Thread 0x00007fa2c4085800 Uncommon trap: reason=class_check action=maybe_recompile pc=0x00007fa309359f98 method=java.lang.String.valueOf(Ljava/lang/Object;)Ljava/lang/String; @ 10
Event: 289.536 Thread 0x00007fa2c4085800 Uncommon trap: reason=class_check action=maybe_recompile pc=0x00007fa309359f98 method=java.lang.String.valueOf(Ljava/lang/Object;)Ljava/lang/String; @ 10
Event: 289.536 Thread 0x00007fa2c4085800 Uncommon trap: reason=class_check action=maybe_recompile pc=0x00007fa309359f98 method=java.lang.String.valueOf(Ljava/lang/Object;)Ljava/lang/String; @ 10
Event: 1143.136 Thread 0x00007fa3186ee800 Uncommon trap: reason=unstable_if action=reinterpret pc=0x00007fa3091723ac method=io.netty.channel.nio.NioEventLoop.select(Z)V @ 46

Internal exceptions (10 events):
Event: 2.465 Thread 0x00007fa318742800 Exception <a 'java/lang/ArrayIndexOutOfBoundsException'> (0x000000076abce9c8) thrown at [/HUDSON/workspace/8-2-build-linux-amd64/jdk8u66/4988/hotspot/src/share/vm/runtime/sharedRuntime.cpp, line 605]
Event: 2.476 Thread 0x00007fa318742800 Exception <a 'java/lang/ArrayIndexOutOfBoundsException'> (0x000000076ac320b0) thrown at [/HUDSON/workspace/8-2-build-linux-amd64/jdk8u66/4988/hotspot/src/share/vm/runtime/sharedRuntime.cpp, line 605]
Event: 2.476 Thread 0x00007fa318742800 Exception <a 'java/lang/ArrayIndexOutOfBoundsException'> (0x000000076ac33210) thrown at [/HUDSON/workspace/8-2-build-linux-amd64/jdk8u66/4988/hotspot/src/share/vm/runtime/sharedRuntime.cpp, line 605]
Event: 2.477 Thread 0x00007fa318742800 Exception <a 'java/lang/ArrayIndexOutOfBoundsException'> (0x000000076ac34d30) thrown at [/HUDSON/workspace/8-2-build-linux-amd64/jdk8u66/4988/hotspot/src/share/vm/runtime/sharedRuntime.cpp, line 605]
Event: 2.477 Thread 0x00007fa318742800 Exception <a 'java/lang/ArrayIndexOutOfBoundsException'> (0x000000076ac35fe8) thrown at [/HUDSON/workspace/8-2-build-linux-amd64/jdk8u66/4988/hotspot/src/share/vm/runtime/sharedRuntime.cpp, line 605]
Event: 2.491 Thread 0x00007fa318742800 Exception <a 'java/lang/ArrayIndexOutOfBoundsException'> (0x000000076acdd968) thrown at [/HUDSON/workspace/8-2-build-linux-amd64/jdk8u66/4988/hotspot/src/share/vm/runtime/sharedRuntime.cpp, line 605]
Event: 2.491 Thread 0x00007fa318742800 Exception <a 'java/lang/ArrayIndexOutOfBoundsException'> (0x000000076acdfda8) thrown at [/HUDSON/workspace/8-2-build-linux-amd64/jdk8u66/4988/hotspot/src/share/vm/runtime/sharedRuntime.cpp, line 605]
Event: 2.491 Thread 0x00007fa318742800 Exception <a 'java/lang/ArrayIndexOutOfBoundsException'> (0x000000076ace1190) thrown at [/HUDSON/workspace/8-2-build-linux-amd64/jdk8u66/4988/hotspot/src/share/vm/runtime/sharedRuntime.cpp, line 605]
Event: 2.508 Thread 0x00007fa318742800 Exception <a 'java/lang/ArrayIndexOutOfBoundsException': 31> (0x000000076ad6b078) thrown at [/HUDSON/workspace/8-2-build-linux-amd64/jdk8u66/4988/hotspot/src/share/vm/interpreter/interpreterRuntime.cpp, line 366]
Event: 2.509 Thread 0x00007fa318742800 Exception <a 'java/lang/ArrayIndexOutOfBoundsException': 61> (0x000000076ad7a8f8) thrown at [/HUDSON/workspace/8-2-build-linux-amd64/jdk8u66/4988/hotspot/src/share/vm/interpreter/interpreterRuntime.cpp, line 366]

Events (10 events):
Event: 1802.920 Thread 0x00007fa318130000 flushing nmethod 0x00007fa309215fd0
Event: 1838.485 Thread 0x00007fa318130000 flushing nmethod 0x00007fa3093681d0
Event: 1856.214 loading class sun/misc/Signal$1
Event: 1856.214 loading class sun/misc/Signal$1 done
Event: 1856.214 Thread 0x00007fa2e400f800 Thread added: 0x00007fa2e400f800
Event: 1856.214 Thread 0x00007fa2ec014800 Thread added: 0x00007fa2ec014800
Event: 1856.216 Thread 0x00007fa2ec016000 Thread added: 0x00007fa2ec016000
Event: 1856.216 Thread 0x00007fa2ec014800 Thread exited: 0x00007fa2ec014800
Event: 1856.217 loading class com/xrtb/commands/ShutdownNotice
Event: 1856.217 loading class com/xrtb/commands/ShutdownNotice done


Dynamic libraries:
00400000-00401000 r-xp 00000000 ca:01 275117                             /usr/lib/jvm/java-8-oracle/jre/bin/java
00600000-00601000 rw-p 00000000 ca:01 275117                             /usr/lib/jvm/java-8-oracle/jre/bin/java
00f60000-00f81000 rw-p 00000000 00:00 0                                  [heap]
6c0000000-6c4e00000 rw-p 00000000 00:00 0 
6c4e00000-76ab00000 ---p 00000000 00:00 0 
76ab00000-78c700000 rw-p 00000000 00:00 0 
78c700000-7c0000000 ---p 00000000 00:00 0 
7c0000000-7c0360000 rw-p 00000000 00:00 0 
7c0360000-800000000 ---p 00000000 00:00 0 
7fa2beff2000-7fa2bf0f2000 rw-p 00000000 00:00 0 
7fa2bf0f2000-7fa2bf1f2000 ---p 00000000 00:00 0 
7fa2bf1f2000-7fa2bf1f5000 ---p 00000000 00:00 0 
7fa2bf1f5000-7fa2bf2f3000 rw-p 00000000 00:00 0                          [stack:4037]
7fa2bf2f3000-7fa2bf2f6000 ---p 00000000 00:00 0 
7fa2bf2f6000-7fa2bf3f4000 rw-p 00000000 00:00 0 
7fa2bf3f4000-7fa2bf3f7000 ---p 00000000 00:00 0 
7fa2bf3f7000-7fa2bf4f5000 rw-p 00000000 00:00 0                          [stack:4039]
7fa2bf4f5000-7fa2bf4f8000 ---p 00000000 00:00 0 
7fa2bf4f8000-7fa2bf5f6000 rw-p 00000000 00:00 0 
7fa2bf5f6000-7fa2bf5f9000 ---p 00000000 00:00 0 
7fa2bf5f9000-7fa2bf6f7000 rw-p 00000000 00:00 0                          [stack:3688]
7fa2bf6f7000-7fa2bf6fa000 ---p 00000000 00:00 0 
7fa2bf6fa000-7fa2bf7f8000 rw-p 00000000 00:00 0                          [stack:3687]
7fa2bf7f8000-7fa2bf7fb000 ---p 00000000 00:00 0 
7fa2bf7fb000-7fa2bf8f9000 rw-p 00000000 00:00 0                          [stack:3686]
7fa2bf8f9000-7fa2bf8fc000 ---p 00000000 00:00 0 
7fa2bf8fc000-7fa2bf9fa000 rw-p 00000000 00:00 0                          [stack:3685]
7fa2bf9fa000-7fa2bf9fd000 ---p 00000000 00:00 0 
7fa2bf9fd000-7fa2bfafb000 rw-p 00000000 00:00 0                          [stack:3684]
7fa2bfafb000-7fa2bfafe000 ---p 00000000 00:00 0 
7fa2bfafe000-7fa2bfbfc000 rw-p 00000000 00:00 0                          [stack:3683]
7fa2bfbfc000-7fa2bfbff000 ---p 00000000 00:00 0 
7fa2bfbff000-7fa2bfcfd000 rw-p 00000000 00:00 0                          [stack:3682]
7fa2bfcfd000-7fa2bfd00000 ---p 00000000 00:00 0 
7fa2bfd00000-7fa2bfdfe000 rw-p 00000000 00:00 0                          [stack:3681]
7fa2bfdfe000-7fa2bfe01000 ---p 00000000 00:00 0 
7fa2bfe01000-7fa2bfeff000 rw-p 00000000 00:00 0                          [stack:3680]
7fa2bfeff000-7fa2bff02000 ---p 00000000 00:00 0 
7fa2bff02000-7fa2c0000000 rw-p 00000000 00:00 0                          [stack:3679]
7fa2c0000000-7fa2c02de000 rw-p 00000000 00:00 0 
7fa2c02de000-7fa2c4000000 ---p 00000000 00:00 0 
7fa2c4000000-7fa2c40d7000 rw-p 00000000 00:00 0 
7fa2c40d7000-7fa2c8000000 ---p 00000000 00:00 0 
7fa2c8000000-7fa2c8043000 rw-p 00000000 00:00 0 
7fa2c8043000-7fa2cc000000 ---p 00000000 00:00 0 
7fa2cc000000-7fa2cc044000 rw-p 00000000 00:00 0 
7fa2cc044000-7fa2d0000000 ---p 00000000 00:00 0 
7fa2d0000000-7fa2d0021000 rw-p 00000000 00:00 0 
7fa2d0021000-7fa2d4000000 ---p 00000000 00:00 0 
7fa2d4000000-7fa2d4021000 rw-p 00000000 00:00 0 
7fa2d4021000-7fa2d8000000 ---p 00000000 00:00 0 
7fa2d8000000-7fa2d8851000 rw-p 00000000 00:00 0 
7fa2d8851000-7fa2dc000000 ---p 00000000 00:00 0 
7fa2dc000000-7fa2dcb0f000 rw-p 00000000 00:00 0 
7fa2dcb0f000-7fa2e0000000 ---p 00000000 00:00 0 
7fa2e0000000-7fa2e0021000 rw-p 00000000 00:00 0 
7fa2e0021000-7fa2e4000000 ---p 00000000 00:00 0 
7fa2e4000000-7fa2e42c5000 rw-p 00000000 00:00 0 
7fa2e42c5000-7fa2e8000000 ---p 00000000 00:00 0 
7fa2e8000000-7fa2e8180000 rw-p 00000000 00:00 0 
7fa2e8180000-7fa2ec000000 ---p 00000000 00:00 0 
7fa2ec000000-7fa2ec021000 rw-p 00000000 00:00 0 
7fa2ec021000-7fa2f0000000 ---p 00000000 00:00 0 
7fa2f0000000-7fa2f0021000 rw-p 00000000 00:00 0 
7fa2f0021000-7fa2f4000000 ---p 00000000 00:00 0 
7fa2f40be000-7fa2f40c1000 ---p 00000000 00:00 0 
7fa2f40c1000-7fa2f41bf000 rw-p 00000000 00:00 0                          [stack:3678]
7fa2f41bf000-7fa2f41c2000 ---p 00000000 00:00 0 
7fa2f41c2000-7fa2f42c0000 rw-p 00000000 00:00 0                          [stack:3677]
7fa2f42c0000-7fa2f42c3000 ---p 00000000 00:00 0 
7fa2f42c3000-7fa2f43c1000 rw-p 00000000 00:00 0                          [stack:3676]
7fa2f43c1000-7fa2f43c4000 ---p 00000000 00:00 0 
7fa2f43c4000-7fa2f44c2000 rw-p 00000000 00:00 0                          [stack:3675]
7fa2f44c2000-7fa2f44c5000 ---p 00000000 00:00 0 
7fa2f44c5000-7fa2f45c3000 rw-p 00000000 00:00 0                          [stack:3674]
7fa2f45c3000-7fa2f45c6000 ---p 00000000 00:00 0 
7fa2f45c6000-7fa2f46c4000 rw-p 00000000 00:00 0                          [stack:3673]
7fa2f46c4000-7fa2f46c7000 ---p 00000000 00:00 0 
7fa2f46c7000-7fa2f47c5000 rw-p 00000000 00:00 0                          [stack:3672]
7fa2f47c5000-7fa2f47c8000 ---p 00000000 00:00 0 
7fa2f47c8000-7fa2f48c6000 rw-p 00000000 00:00 0                          [stack:3671]
7fa2f48c6000-7fa2f48c9000 ---p 00000000 00:00 0 
7fa2f48c9000-7fa2f49c7000 rw-p 00000000 00:00 0                          [stack:3670]
7fa2f49c7000-7fa2f49ca000 ---p 00000000 00:00 0 
7fa2f49ca000-7fa2f4ac8000 rw-p 00000000 00:00 0                          [stack:3669]
7fa2f4ac8000-7fa2f4acb000 ---p 00000000 00:00 0 
7fa2f4acb000-7fa2f4bc9000 rw-p 00000000 00:00 0                          [stack:3668]
7fa2f4bc9000-7fa2f4bcc000 ---p 00000000 00:00 0 
7fa2f4bcc000-7fa2f4cca000 rw-p 00000000 00:00 0                          [stack:3667]
7fa2f4cca000-7fa2f4ccd000 ---p 00000000 00:00 0 
7fa2f4ccd000-7fa2f4dcb000 rw-p 00000000 00:00 0                          [stack:3666]
7fa2f4dcb000-7fa2f4dce000 ---p 00000000 00:00 0 
7fa2f4dce000-7fa2f4ecc000 rw-p 00000000 00:00 0                          [stack:3665]
7fa2f4ecc000-7fa2f4ecf000 ---p 00000000 00:00 0 
7fa2f4ecf000-7fa2f4fcd000 rw-p 00000000 00:00 0                          [stack:3664]
7fa2f4fcd000-7fa2f4fd0000 ---p 00000000 00:00 0 
7fa2f4fd0000-7fa2f50ce000 rw-p 00000000 00:00 0                          [stack:3663]
7fa2f50ce000-7fa2f50d1000 ---p 00000000 00:00 0 
7fa2f50d1000-7fa2f51cf000 rw-p 00000000 00:00 0                          [stack:3662]
7fa2f51cf000-7fa2f51d2000 ---p 00000000 00:00 0 
7fa2f51d2000-7fa2f52d0000 rw-p 00000000 00:00 0                          [stack:3661]
7fa2f52d0000-7fa2f52d3000 ---p 00000000 00:00 0 
7fa2f52d3000-7fa2f53d1000 rw-p 00000000 00:00 0                          [stack:3660]
7fa2f53d1000-7fa2f53d4000 ---p 00000000 00:00 0 
7fa2f53d4000-7fa2f54d2000 rw-p 00000000 00:00 0                          [stack:3659]
7fa2f54d2000-7fa2f54d5000 ---p 00000000 00:00 0 
7fa2f54d5000-7fa2f55d3000 rw-p 00000000 00:00 0                          [stack:3658]
7fa2f55d3000-7fa2f55d6000 ---p 00000000 00:00 0 
7fa2f55d6000-7fa2f56d4000 rw-p 00000000 00:00 0                          [stack:3657]
7fa2f56d4000-7fa2f56d7000 ---p 00000000 00:00 0 
7fa2f56d7000-7fa2f57d5000 rw-p 00000000 00:00 0                          [stack:3656]
7fa2f57d5000-7fa2f57d8000 ---p 00000000 00:00 0 
7fa2f57d8000-7fa2f58d6000 rw-p 00000000 00:00 0                          [stack:3655]
7fa2f58d6000-7fa2f58d9000 ---p 00000000 00:00 0 
7fa2f58d9000-7fa2f59d7000 rw-p 00000000 00:00 0                          [stack:3654]
7fa2f59d7000-7fa2f59da000 ---p 00000000 00:00 0 
7fa2f59da000-7fa2f5ad8000 rw-p 00000000 00:00 0                          [stack:3653]
7fa2f5ad8000-7fa2f5adb000 ---p 00000000 00:00 0 
7fa2f5adb000-7fa2f5bd9000 rw-p 00000000 00:00 0                          [stack:3652]
7fa2f5bd9000-7fa2f5bdc000 ---p 00000000 00:00 0 
7fa2f5bdc000-7fa2f5cda000 rw-p 00000000 00:00 0                          [stack:3651]
7fa2f5cda000-7fa2f5cdd000 ---p 00000000 00:00 0 
7fa2f5cdd000-7fa2f5ddb000 rw-p 00000000 00:00 0                          [stack:3650]
7fa2f5ddb000-7fa2f5dde000 ---p 00000000 00:00 0 
7fa2f5dde000-7fa2f5edc000 rw-p 00000000 00:00 0                          [stack:3649]
7fa2f5edc000-7fa2f5edf000 ---p 00000000 00:00 0 
7fa2f5edf000-7fa2f5fdd000 rw-p 00000000 00:00 0                          [stack:3648]
7fa2f5fdd000-7fa2f5fe0000 ---p 00000000 00:00 0 
7fa2f5fe0000-7fa2f60de000 rw-p 00000000 00:00 0                          [stack:3647]
7fa2f60de000-7fa2f60e1000 ---p 00000000 00:00 0 
7fa2f60e1000-7fa2f61df000 rw-p 00000000 00:00 0                          [stack:3646]
7fa2f61df000-7fa2f61e2000 ---p 00000000 00:00 0 
7fa2f61e2000-7fa2f62e0000 rw-p 00000000 00:00 0                          [stack:3645]
7fa2f62e0000-7fa2f62e3000 ---p 00000000 00:00 0 
7fa2f62e3000-7fa2f63e1000 rw-p 00000000 00:00 0                          [stack:3644]
7fa2f63e1000-7fa2f63e4000 ---p 00000000 00:00 0 
7fa2f63e4000-7fa2f64e2000 rw-p 00000000 00:00 0                          [stack:3643]
7fa2f64e2000-7fa2f64e5000 ---p 00000000 00:00 0 
7fa2f64e5000-7fa2f65e3000 rw-p 00000000 00:00 0                          [stack:3642]
7fa2f65e3000-7fa2f65e6000 ---p 00000000 00:00 0 
7fa2f65e6000-7fa2f66e4000 rw-p 00000000 00:00 0                          [stack:3641]
7fa2f66e4000-7fa2f66e7000 ---p 00000000 00:00 0 
7fa2f66e7000-7fa2f67e5000 rw-p 00000000 00:00 0                          [stack:3640]
7fa2f67e5000-7fa2f67e8000 ---p 00000000 00:00 0 
7fa2f67e8000-7fa2f68e6000 rw-p 00000000 00:00 0                          [stack:3639]
7fa2f68e6000-7fa2f68e9000 ---p 00000000 00:00 0 
7fa2f68e9000-7fa2f69e7000 rw-p 00000000 00:00 0                          [stack:3638]
7fa2f69e7000-7fa2f69ea000 ---p 00000000 00:00 0 
7fa2f69ea000-7fa2f6ae8000 rw-p 00000000 00:00 0                          [stack:3637]
7fa2f6ae8000-7fa2f6aeb000 ---p 00000000 00:00 0 
7fa2f6aeb000-7fa2f6be9000 rw-p 00000000 00:00 0                          [stack:3635]
7fa2f6be9000-7fa2f6bec000 ---p 00000000 00:00 0 
7fa2f6bec000-7fa2f6cea000 rw-p 00000000 00:00 0                          [stack:3634]
7fa2f6cea000-7fa2f6ced000 ---p 00000000 00:00 0 
7fa2f6ced000-7fa2f6deb000 rw-p 00000000 00:00 0                          [stack:3633]
7fa2f6deb000-7fa2f6dee000 ---p 00000000 00:00 0 
7fa2f6dee000-7fa2f70ec000 rw-p 00000000 00:00 0                          [stack:3632]
7fa2f70ec000-7fa2f70ef000 ---p 00000000 00:00 0 
7fa2f70ef000-7fa2f71ed000 rw-p 00000000 00:00 0                          [stack:3631]
7fa2f71ed000-7fa2f71f0000 ---p 00000000 00:00 0 
7fa2f71f0000-7fa2f72ee000 rw-p 00000000 00:00 0                          [stack:3630]
7fa2f72ee000-7fa2f72f1000 ---p 00000000 00:00 0 
7fa2f72f1000-7fa2f73ef000 rw-p 00000000 00:00 0                          [stack:3629]
7fa2f73ef000-7fa2f73f2000 ---p 00000000 00:00 0 
7fa2f73f2000-7fa2f74f0000 rw-p 00000000 00:00 0                          [stack:3628]
7fa2f74f0000-7fa2f74f3000 ---p 00000000 00:00 0 
7fa2f74f3000-7fa2f75f1000 rw-p 00000000 00:00 0                          [stack:3627]
7fa2f75f1000-7fa2f75f4000 ---p 00000000 00:00 0 
7fa2f75f4000-7fa2f76f2000 rw-p 00000000 00:00 0                          [stack:3626]
7fa2f76f2000-7fa2f76f5000 ---p 00000000 00:00 0 
7fa2f76f5000-7fa2f77f3000 rw-p 00000000 00:00 0                          [stack:3625]
7fa2f77f3000-7fa2f77f6000 ---p 00000000 00:00 0 
7fa2f77f6000-7fa2f78f4000 rw-p 00000000 00:00 0                          [stack:3624]
7fa2f78f4000-7fa2f78f7000 ---p 00000000 00:00 0 
7fa2f78f7000-7fa2f79f5000 rw-p 00000000 00:00 0                          [stack:3622]
7fa2f79f5000-7fa2f79f8000 ---p 00000000 00:00 0 
7fa2f79f8000-7fa2f7af6000 rw-p 00000000 00:00 0                          [stack:3623]
7fa2f7af6000-7fa2f7afe000 r-xp 00000000 ca:01 275177                     /usr/lib/jvm/java-8-oracle/jre/lib/amd64/libmanagement.so
7fa2f7afe000-7fa2f7cfe000 ---p 00008000 ca:01 275177                     /usr/lib/jvm/java-8-oracle/jre/lib/amd64/libmanagement.so
7fa2f7cfe000-7fa2f7cff000 rw-p 00008000 ca:01 275177                     /usr/lib/jvm/java-8-oracle/jre/lib/amd64/libmanagement.so
7fa2f7cff000-7fa2f7eff000 rw-p 00000000 00:00 0 
7fa2f7eff000-7fa2f7f02000 ---p 00000000 00:00 0 
7fa2f7f02000-7fa2f8000000 rw-p 00000000 00:00 0                          [stack:3620]
7fa2f8000000-7fa2f8021000 rw-p 00000000 00:00 0 
7fa2f8021000-7fa2fc000000 ---p 00000000 00:00 0 
7fa2fc098000-7fa2fc09b000 ---p 00000000 00:00 0 
7fa2fc09b000-7fa2fc199000 rw-p 00000000 00:00 0                          [stack:3619]
7fa2fc199000-7fa2fc19c000 ---p 00000000 00:00 0 
7fa2fc19c000-7fa2fc29a000 rw-p 00000000 00:00 0                          [stack:3618]
7fa2fc29a000-7fa2fc29d000 ---p 00000000 00:00 0 
7fa2fc29d000-7fa2fc39b000 rw-p 00000000 00:00 0                          [stack:3617]
7fa2fc39b000-7fa2fc39e000 ---p 00000000 00:00 0 
7fa2fc39e000-7fa2fc49c000 rw-p 00000000 00:00 0                          [stack:3616]
7fa2fc49c000-7fa2fc4b3000 r-xp 00000000 ca:01 396095                     /lib/x86_64-linux-gnu/libresolv-2.19.so
7fa2fc4b3000-7fa2fc6b3000 ---p 00017000 ca:01 396095                     /lib/x86_64-linux-gnu/libresolv-2.19.so
7fa2fc6b3000-7fa2fc6b4000 r--p 00017000 ca:01 396095                     /lib/x86_64-linux-gnu/libresolv-2.19.so
7fa2fc6b4000-7fa2fc6b5000 rw-p 00018000 ca:01 396095                     /lib/x86_64-linux-gnu/libresolv-2.19.so
7fa2fc6b5000-7fa2fc6b7000 rw-p 00000000 00:00 0 
7fa2fc6b7000-7fa2fc6bc000 r-xp 00000000 ca:01 396073                     /lib/x86_64-linux-gnu/libnss_dns-2.19.so
7fa2fc6bc000-7fa2fc8bb000 ---p 00005000 ca:01 396073                     /lib/x86_64-linux-gnu/libnss_dns-2.19.so
7fa2fc8bb000-7fa2fc8bc000 r--p 00004000 ca:01 396073                     /lib/x86_64-linux-gnu/libnss_dns-2.19.so
7fa2fc8bc000-7fa2fc8bd000 rw-p 00005000 ca:01 396073                     /lib/x86_64-linux-gnu/libnss_dns-2.19.so
7fa2fc8bd000-7fa2fc8c0000 ---p 00000000 00:00 0 
7fa2fc8c0000-7fa2fc9be000 rw-p 00000000 00:00 0                          [stack:3615]
7fa2fc9be000-7fa2fc9c1000 ---p 00000000 00:00 0 
7fa2fc9c1000-7fa2fcabf000 rw-p 00000000 00:00 0                          [stack:3614]
7fa2fcabf000-7fa2fcac2000 ---p 00000000 00:00 0 
7fa2fcac2000-7fa2fcdc0000 rw-p 00000000 00:00 0                          [stack:3613]
7fa2fcdc0000-7fa2fcdc3000 ---p 00000000 00:00 0 
7fa2fcdc3000-7fa2fcec1000 rw-p 00000000 00:00 0                          [stack:3612]
7fa2fcec1000-7fa2fcec4000 ---p 00000000 00:00 0 
7fa2fcec4000-7fa2fd1c2000 rw-p 00000000 00:00 0                          [stack:3610]
7fa2fd1c2000-7fa2fd3c2000 rw-p 00000000 00:00 0 
7fa2fd3c2000-7fa2fd5c2000 rw-p 00000000 00:00 0 
7fa2fd5c2000-7fa2fd7c2000 rw-p 00000000 00:00 0 
7fa2fd7c2000-7fa2fd7d8000 r-xp 00000000 ca:01 396054                     /lib/x86_64-linux-gnu/libgcc_s.so.1
7fa2fd7d8000-7fa2fd9d7000 ---p 00016000 ca:01 396054                     /lib/x86_64-linux-gnu/libgcc_s.so.1
7fa2fd9d7000-7fa2fd9d8000 rw-p 00015000 ca:01 396054                     /lib/x86_64-linux-gnu/libgcc_s.so.1
7fa2fd9d8000-7fa2fda0a000 r-xp 00000000 ca:01 275182                     /usr/lib/jvm/java-8-oracle/jre/lib/amd64/libsunec.so
7fa2fda0a000-7fa2fdc09000 ---p 00032000 ca:01 275182                     /usr/lib/jvm/java-8-oracle/jre/lib/amd64/libsunec.so
7fa2fdc09000-7fa2fdc0f000 rw-p 00031000 ca:01 275182                     /usr/lib/jvm/java-8-oracle/jre/lib/amd64/libsunec.so
7fa2fdc0f000-7fa2fdc1f000 rw-p 00000000 00:00 0 
7fa2fdc1f000-7fa2fdc35000 r-xp 00000000 ca:01 275187                     /usr/lib/jvm/java-8-oracle/jre/lib/amd64/libnet.so
7fa2fdc35000-7fa2fde35000 ---p 00016000 ca:01 275187                     /usr/lib/jvm/java-8-oracle/jre/lib/amd64/libnet.so
7fa2fde35000-7fa2fde36000 rw-p 00016000 ca:01 275187                     /usr/lib/jvm/java-8-oracle/jre/lib/amd64/libnet.so
7fa2fde36000-7fa2fde47000 r-xp 00000000 ca:01 275151                     /usr/lib/jvm/java-8-oracle/jre/lib/amd64/libnio.so
7fa2fde47000-7fa2fe046000 ---p 00011000 ca:01 275151                     /usr/lib/jvm/java-8-oracle/jre/lib/amd64/libnio.so
7fa2fe046000-7fa2fe047000 rw-p 00010000 ca:01 275151                     /usr/lib/jvm/java-8-oracle/jre/lib/amd64/libnio.so
7fa2fe047000-7fa2fe149000 r--s 00d39000 ca:01 274688                     /home/ubuntu/XRTB/xrtb-all.jar
7fa2fe149000-7fa2fe14a000 ---p 00000000 00:00 0 
7fa2fe14a000-7fa2fe24a000 rw-p 00000000 00:00 0                          [stack:3609]
7fa2fe24a000-7fa2fe24d000 ---p 00000000 00:00 0 
7fa2fe24d000-7fa2fe34b000 rw-p 00000000 00:00 0                          [stack:3608]
7fa2fe34b000-7fa2fe34e000 ---p 00000000 00:00 0 
7fa2fe34e000-7fa2fe44c000 rw-p 00000000 00:00 0                          [stack:3607]
7fa2fe44c000-7fa2fe44f000 ---p 00000000 00:00 0 
7fa2fe44f000-7fa2fe54d000 rw-p 00000000 00:00 0                          [stack:3606]
7fa2fe54d000-7fa2fe550000 ---p 00000000 00:00 0 
7fa2fe550000-7fa2fe64e000 rw-p 00000000 00:00 0                          [stack:3605]
7fa2fe64e000-7fa2fe651000 ---p 00000000 00:00 0 
7fa2fe651000-7fa2fe74f000 rw-p 00000000 00:00 0                          [stack:3604]
7fa2fe74f000-7fa2fe752000 ---p 00000000 00:00 0 
7fa2fe752000-7fa2fe850000 rw-p 00000000 00:00 0                          [stack:3603]
7fa2fe850000-7fa2fe851000 ---p 00000000 00:00 0 
7fa2fe851000-7fa2ffaa9000 rw-p 00000000 00:00 0                          [stack:3602]
7fa2ffaa9000-7fa3082d0000 rw-p 00000000 00:00 0 
7fa3082d0000-7fa3087ff000 ---p 00000000 00:00 0 
7fa3087ff000-7fa308826000 rw-p 00000000 00:00 0 
7fa308826000-7fa308d54000 ---p 00000000 00:00 0 
7fa308d54000-7fa308e63000 rw-p 00000000 00:00 0 
7fa308e63000-7fa308fff000 ---p 00000000 00:00 0 
7fa308fff000-7fa309000000 rw-p 00000000 00:00 0 
7fa309000000-7fa309800000 rwxp 00000000 00:00 0 
7fa309800000-7fa318000000 ---p 00000000 00:00 0 
7fa318000000-7fa3187dd000 rw-p 00000000 00:00 0 
7fa3187dd000-7fa31c000000 ---p 00000000 00:00 0 
7fa31c012000-7fa31c1eb000 r--s 03d20000 ca:01 275279                     /usr/lib/jvm/java-8-oracle/jre/lib/rt.jar
7fa31c1eb000-7fa31c261000 rw-p 00000000 00:00 0 
7fa31c261000-7fa31c262000 ---p 00000000 00:00 0 
7fa31c262000-7fa31c362000 rw-p 00000000 00:00 0                          [stack:3601]
7fa31c362000-7fa31c363000 ---p 00000000 00:00 0 
7fa31c363000-7fa31c483000 rw-p 00000000 00:00 0                          [stack:3600]
7fa31c483000-7fa31c823000 ---p 00000000 00:00 0 
7fa31c823000-7fa31c83d000 r-xp 00000000 ca:01 275188                     /usr/lib/jvm/java-8-oracle/jre/lib/amd64/libzip.so
7fa31c83d000-7fa31ca3d000 ---p 0001a000 ca:01 275188                     /usr/lib/jvm/java-8-oracle/jre/lib/amd64/libzip.so
7fa31ca3d000-7fa31ca3e000 rw-p 0001a000 ca:01 275188                     /usr/lib/jvm/java-8-oracle/jre/lib/amd64/libzip.so
7fa31ca3e000-7fa31ca49000 r-xp 00000000 ca:01 396074                     /lib/x86_64-linux-gnu/libnss_files-2.19.so
7fa31ca49000-7fa31cc48000 ---p 0000b000 ca:01 396074                     /lib/x86_64-linux-gnu/libnss_files-2.19.so
7fa31cc48000-7fa31cc49000 r--p 0000a000 ca:01 396074                     /lib/x86_64-linux-gnu/libnss_files-2.19.so
7fa31cc49000-7fa31cc4a000 rw-p 0000b000 ca:01 396074                     /lib/x86_64-linux-gnu/libnss_files-2.19.so
7fa31cc4a000-7fa31cc55000 r-xp 00000000 ca:01 396076                     /lib/x86_64-linux-gnu/libnss_nis-2.19.so
7fa31cc55000-7fa31ce54000 ---p 0000b000 ca:01 396076                     /lib/x86_64-linux-gnu/libnss_nis-2.19.so
7fa31ce54000-7fa31ce55000 r--p 0000a000 ca:01 396076                     /lib/x86_64-linux-gnu/libnss_nis-2.19.so
7fa31ce55000-7fa31ce56000 rw-p 0000b000 ca:01 396076                     /lib/x86_64-linux-gnu/libnss_nis-2.19.so
7fa31ce56000-7fa31ce6d000 r-xp 00000000 ca:01 396071                     /lib/x86_64-linux-gnu/libnsl-2.19.so
7fa31ce6d000-7fa31d06c000 ---p 00017000 ca:01 396071                     /lib/x86_64-linux-gnu/libnsl-2.19.so
7fa31d06c000-7fa31d06d000 r--p 00016000 ca:01 396071                     /lib/x86_64-linux-gnu/libnsl-2.19.so
7fa31d06d000-7fa31d06e000 rw-p 00017000 ca:01 396071                     /lib/x86_64-linux-gnu/libnsl-2.19.so
7fa31d06e000-7fa31d070000 rw-p 00000000 00:00 0 
7fa31d070000-7fa31d079000 r-xp 00000000 ca:01 396072                     /lib/x86_64-linux-gnu/libnss_compat-2.19.so
7fa31d079000-7fa31d278000 ---p 00009000 ca:01 396072                     /lib/x86_64-linux-gnu/libnss_compat-2.19.so
7fa31d278000-7fa31d279000 r--p 00008000 ca:01 396072                     /lib/x86_64-linux-gnu/libnss_compat-2.19.so
7fa31d279000-7fa31d27a000 rw-p 00009000 ca:01 396072                     /lib/x86_64-linux-gnu/libnss_compat-2.19.so
7fa31d27a000-7fa31d2a4000 r-xp 00000000 ca:01 275210                     /usr/lib/jvm/java-8-oracle/jre/lib/amd64/libjava.so
7fa31d2a4000-7fa31d4a4000 ---p 0002a000 ca:01 275210                     /usr/lib/jvm/java-8-oracle/jre/lib/amd64/libjava.so
7fa31d4a4000-7fa31d4a6000 rw-p 0002a000 ca:01 275210                     /usr/lib/jvm/java-8-oracle/jre/lib/amd64/libjava.so
7fa31d4a6000-7fa31d4b3000 r-xp 00000000 ca:01 275200                     /usr/lib/jvm/java-8-oracle/jre/lib/amd64/libverify.so
7fa31d4b3000-7fa31d6b3000 ---p 0000d000 ca:01 275200                     /usr/lib/jvm/java-8-oracle/jre/lib/amd64/libverify.so
7fa31d6b3000-7fa31d6b5000 rw-p 0000d000 ca:01 275200                     /usr/lib/jvm/java-8-oracle/jre/lib/amd64/libverify.so
7fa31d6b5000-7fa31d6bc000 r-xp 00000000 ca:01 396096                     /lib/x86_64-linux-gnu/librt-2.19.so
7fa31d6bc000-7fa31d8bb000 ---p 00007000 ca:01 396096                     /lib/x86_64-linux-gnu/librt-2.19.so
7fa31d8bb000-7fa31d8bc000 r--p 00006000 ca:01 396096                     /lib/x86_64-linux-gnu/librt-2.19.so
7fa31d8bc000-7fa31d8bd000 rw-p 00007000 ca:01 396096                     /lib/x86_64-linux-gnu/librt-2.19.so
7fa31d8bd000-7fa31d9c2000 r-xp 00000000 ca:01 396063                     /lib/x86_64-linux-gnu/libm-2.19.so
7fa31d9c2000-7fa31dbc1000 ---p 00105000 ca:01 396063                     /lib/x86_64-linux-gnu/libm-2.19.so
7fa31dbc1000-7fa31dbc2000 r--p 00104000 ca:01 396063                     /lib/x86_64-linux-gnu/libm-2.19.so
7fa31dbc2000-7fa31dbc3000 rw-p 00105000 ca:01 396063                     /lib/x86_64-linux-gnu/libm-2.19.so
7fa31dbc3000-7fa31e881000 r-xp 00000000 ca:01 275207                     /usr/lib/jvm/java-8-oracle/jre/lib/amd64/server/libjvm.so
7fa31e881000-7fa31ea80000 ---p 00cbe000 ca:01 275207                     /usr/lib/jvm/java-8-oracle/jre/lib/amd64/server/libjvm.so
7fa31ea80000-7fa31eb59000 rw-p 00cbd000 ca:01 275207                     /usr/lib/jvm/java-8-oracle/jre/lib/amd64/server/libjvm.so
7fa31eb59000-7fa31eb9d000 rw-p 00000000 00:00 0 
7fa31eb9d000-7fa31ed58000 r-xp 00000000 ca:01 396040                     /lib/x86_64-linux-gnu/libc-2.19.so
7fa31ed58000-7fa31ef57000 ---p 001bb000 ca:01 396040                     /lib/x86_64-linux-gnu/libc-2.19.so
7fa31ef57000-7fa31ef5b000 r--p 001ba000 ca:01 396040                     /lib/x86_64-linux-gnu/libc-2.19.so
7fa31ef5b000-7fa31ef5d000 rw-p 001be000 ca:01 396040                     /lib/x86_64-linux-gnu/libc-2.19.so
7fa31ef5d000-7fa31ef62000 rw-p 00000000 00:00 0 
7fa31ef62000-7fa31ef65000 r-xp 00000000 ca:01 396049                     /lib/x86_64-linux-gnu/libdl-2.19.so
7fa31ef65000-7fa31f164000 ---p 00003000 ca:01 396049                     /lib/x86_64-linux-gnu/libdl-2.19.so
7fa31f164000-7fa31f165000 r--p 00002000 ca:01 396049                     /lib/x86_64-linux-gnu/libdl-2.19.so
7fa31f165000-7fa31f166000 rw-p 00003000 ca:01 396049                     /lib/x86_64-linux-gnu/libdl-2.19.so
7fa31f166000-7fa31f17b000 r-xp 00000000 ca:01 275154                     /usr/lib/jvm/java-8-oracle/jre/lib/amd64/jli/libjli.so
7fa31f17b000-7fa31f37b000 ---p 00015000 ca:01 275154                     /usr/lib/jvm/java-8-oracle/jre/lib/amd64/jli/libjli.so
7fa31f37b000-7fa31f37c000 rw-p 00015000 ca:01 275154                     /usr/lib/jvm/java-8-oracle/jre/lib/amd64/jli/libjli.so
7fa31f37c000-7fa31f395000 r-xp 00000000 ca:01 396093                     /lib/x86_64-linux-gnu/libpthread-2.19.so
7fa31f395000-7fa31f594000 ---p 00019000 ca:01 396093                     /lib/x86_64-linux-gnu/libpthread-2.19.so
7fa31f594000-7fa31f595000 r--p 00018000 ca:01 396093                     /lib/x86_64-linux-gnu/libpthread-2.19.so
7fa31f595000-7fa31f596000 rw-p 00019000 ca:01 396093                     /lib/x86_64-linux-gnu/libpthread-2.19.so
7fa31f596000-7fa31f59a000 rw-p 00000000 00:00 0 
7fa31f59a000-7fa31f5bd000 r-xp 00000000 ca:01 396030                     /lib/x86_64-linux-gnu/ld-2.19.so
7fa31f5d4000-7fa31f5d8000 rw-p 00000000 00:00 0 
7fa31f5d8000-7fa31f5f3000 r--s 001d2000 ca:01 275304                     /usr/lib/jvm/java-8-oracle/jre/lib/ext/nashorn.jar
7fa31f5f3000-7fa31f5f7000 r--s 0003a000 ca:01 275306                     /usr/lib/jvm/java-8-oracle/jre/lib/ext/sunpkcs11.jar
7fa31f5f7000-7fa31f5fc000 r--s 00096000 ca:01 275214                     /usr/lib/jvm/java-8-oracle/jre/lib/jsse.jar
7fa31f5fc000-7fa31f6a7000 rw-p 00000000 00:00 0 
7fa31f6a7000-7fa31f6af000 rw-s 00000000 ca:01 30054                      /tmp/hsperfdata_root/3597
7fa31f6af000-7fa31f6b2000 ---p 00000000 00:00 0 
7fa31f6b2000-7fa31f7b4000 rw-p 00000000 00:00 0                          [stack:3599]
7fa31f7b4000-7fa31f7b5000 r--s 00009000 ca:01 275308                     /usr/lib/jvm/java-8-oracle/jre/lib/ext/sunec.jar
7fa31f7b5000-7fa31f7b8000 r--s 0001a000 ca:01 275293                     /usr/lib/jvm/java-8-oracle/jre/lib/jce.jar
7fa31f7b8000-7fa31f7b9000 rw-p 00000000 00:00 0 
7fa31f7b9000-7fa31f7ba000 r--p 00000000 00:00 0 
7fa31f7ba000-7fa31f7bc000 rw-p 00000000 00:00 0 
7fa31f7bc000-7fa31f7bd000 r--p 00022000 ca:01 396030                     /lib/x86_64-linux-gnu/ld-2.19.so
7fa31f7bd000-7fa31f7be000 rw-p 00023000 ca:01 396030                     /lib/x86_64-linux-gnu/ld-2.19.so
7fa31f7be000-7fa31f7bf000 rw-p 00000000 00:00 0 
7fffe6e0a000-7fffe6e2b000 rw-p 00000000 00:00 0                          [stack]
7fffe6e74000-7fffe6e76000 r-xp 00000000 00:00 0                          [vdso]
ffffffffff600000-ffffffffff601000 r-xp 00000000 00:00 0                  [vsyscall]

VM Arguments:
jvm_args: -Xmx4096m 
java_command: /home/ubuntu/XRTB/xrtb-all.jar Campaigns/elbrit.json -s fyber-1
java_class_path (initial): /home/ubuntu/XRTB/xrtb-all.jar
Launcher Type: SUN_STANDARD

Environment Variables:
PATH=/usr/local/sbin:/usr/local/bin:/usr/bin:/usr/sbin:/sbin:/bin

Signal Handlers:
SIGSEGV: [libjvm.so+0xaba2a0], sa_mask[0]=11111111011111111101111111111110, sa_flags=SA_RESTART|SA_SIGINFO
SIGBUS: [libjvm.so+0xaba2a0], sa_mask[0]=11111111011111111101111111111110, sa_flags=SA_RESTART|SA_SIGINFO
SIGFPE: [libjvm.so+0x917710], sa_mask[0]=11111111011111111101111111111110, sa_flags=SA_RESTART|SA_SIGINFO
SIGPIPE: [libjvm.so+0x917710], sa_mask[0]=11111111011111111101111111111110, sa_flags=SA_RESTART|SA_SIGINFO
SIGXFSZ: [libjvm.so+0x917710], sa_mask[0]=11111111011111111101111111111110, sa_flags=SA_RESTART|SA_SIGINFO
SIGILL: [libjvm.so+0x917710], sa_mask[0]=11111111011111111101111111111110, sa_flags=SA_RESTART|SA_SIGINFO
SIGUSR1: SIG_DFL, sa_mask[0]=00000000000000000000000000000000, sa_flags=none
SIGUSR2: [libjvm.so+0x918d40], sa_mask[0]=00000000000000000000000000000000, sa_flags=SA_RESTART|SA_SIGINFO
SIGHUP: [libjvm.so+0x91a140], sa_mask[0]=11111111011111111101111111111110, sa_flags=SA_RESTART|SA_SIGINFO
SIGINT: [libjvm.so+0x91a140], sa_mask[0]=11111111011111111101111111111110, sa_flags=SA_RESTART|SA_SIGINFO
SIGTERM: [libjvm.so+0x91a140], sa_mask[0]=11111111011111111101111111111110, sa_flags=SA_RESTART|SA_SIGINFO
SIGQUIT: [libjvm.so+0x91a140], sa_mask[0]=11111111011111111101111111111110, sa_flags=SA_RESTART|SA_SIGINFO


---------------  S Y S T E M  ---------------

OS:DISTRIB_ID=Ubuntu
DISTRIB_RELEASE=14.04
DISTRIB_CODENAME=trusty
DISTRIB_DESCRIPTION="Ubuntu 14.04.4 LTS"

uname:Linux 3.13.0-48-generic #80-Ubuntu SMP Thu Mar 12 11:16:15 UTC 2015 x86_64
libc:glibc 2.19 NPTL 2.19 
rlimit: STACK 8192k, CORE 0k, NPROC 63790, NOFILE 4096, AS infinity
load average:0.60 0.18 0.10

/proc/meminfo:
MemTotal:        8175600 kB
MemFree:         7288928 kB
Buffers:           35576 kB
Cached:           374664 kB
SwapCached:            0 kB
Active:           571144 kB
Inactive:         209696 kB
Active(anon):     370672 kB
Inactive(anon):      272 kB
Active(file):     200472 kB
Inactive(file):   209424 kB
Unevictable:           0 kB
Mlocked:               0 kB
SwapTotal:             0 kB
SwapFree:              0 kB
Dirty:                72 kB
Writeback:             0 kB
AnonPages:        370596 kB
Mapped:            19972 kB
Shmem:               348 kB
Slab:              31360 kB
SReclaimable:      19884 kB
SUnreclaim:        11476 kB
KernelStack:        1752 kB
PageTables:         3192 kB
NFS_Unstable:          0 kB
Bounce:                0 kB
WritebackTmp:          0 kB
CommitLimit:     4087800 kB
Committed_AS:    1061280 kB
VmallocTotal:   34359738367 kB
VmallocUsed:       16108 kB
VmallocChunk:   34359717831 kB
HardwareCorrupted:     0 kB
AnonHugePages:    315392 kB
HugePages_Total:       0
HugePages_Free:        0
HugePages_Rsvd:        0
HugePages_Surp:        0
Hugepagesize:       2048 kB
DirectMap4k:       30720 kB
DirectMap2M:     8488960 kB


CPU:total 2 (1 cores per cpu, 2 threads per core) family 6 model 63 stepping 2, cmov, cx8, fxsr, mmx, sse, sse2, sse3, ssse3, sse4.1, sse4.2, popcnt, avx, avx2, aes, clmul, erms, lzcnt, ht, tsc, bmi1, bmi2

/proc/cpuinfo:
processor	: 0
vendor_id	: GenuineIntel
cpu family	: 6
model		: 63
model name	: Intel(R) Xeon(R) CPU E5-2676 v3 @ 2.40GHz
stepping	: 2
microcode	: 0x25
cpu MHz		: 2400.072
cache size	: 30720 KB
physical id	: 0
siblings	: 2
core id		: 0
cpu cores	: 1
apicid		: 0
initial apicid	: 0
fpu		: yes
fpu_exception	: yes
cpuid level	: 13
wp		: yes
flags		: fpu vme de pse tsc msr pae mce cx8 apic sep mtrr pge mca cmov pat pse36 clflush mmx fxsr sse sse2 ht syscall nx rdtscp lm constant_tsc rep_good nopl xtopology eagerfpu pni pclmulqdq ssse3 fma cx16 pcid sse4_1 sse4_2 x2apic movbe popcnt tsc_deadline_timer aes xsave avx f16c rdrand hypervisor lahf_lm abm xsaveopt fsgsbase bmi1 avx2 smep bmi2 erms invpcid
bogomips	: 4800.14
clflush size	: 64
cache_alignment	: 64
address sizes	: 46 bits physical, 48 bits virtual
power management:

processor	: 1
vendor_id	: GenuineIntel
cpu family	: 6
model		: 63
model name	: Intel(R) Xeon(R) CPU E5-2676 v3 @ 2.40GHz
stepping	: 2
microcode	: 0x25
cpu MHz		: 2400.072
cache size	: 30720 KB
physical id	: 0
siblings	: 2
core id		: 0
cpu cores	: 1
apicid		: 1
initial apicid	: 1
fpu		: yes
fpu_exception	: yes
cpuid level	: 13
wp		: yes
flags		: fpu vme de pse tsc msr pae mce cx8 apic sep mtrr pge mca cmov pat pse36 clflush mmx fxsr sse sse2 ht syscall nx rdtscp lm constant_tsc rep_good nopl xtopology eagerfpu pni pclmulqdq ssse3 fma cx16 pcid sse4_1 sse4_2 x2apic movbe popcnt tsc_deadline_timer aes xsave avx f16c rdrand hypervisor lahf_lm abm xsaveopt fsgsbase bmi1 avx2 smep bmi2 erms invpcid
bogomips	: 4800.14
clflush size	: 64
cache_alignment	: 64
address sizes	: 46 bits physical, 48 bits virtual
power management:



Memory: 4k page, physical 8175600k(7288928k free), swap 0k(0k free)

vm_info: Java HotSpot(TM) 64-Bit Server VM (25.66-b17) for linux-amd64 JRE (1.8.0_66-b17), built on Oct  6 2015 17:28:34 by "java_re" with gcc 4.3.0 20080428 (Red Hat 4.3.0-8)

time: Tue Apr  5 22:40:20 2016
elapsed time: 1856 seconds (0d 0h 30m 56s)

