#
# A fatal error has been detected by the Java Runtime Environment:
#
#  SIGBUS (0x7) at pc=0x00007f3558199a5f, pid=20393, tid=139862193501952
#
# JRE version: Java(TM) SE Runtime Environment (8.0_66-b17) (build 1.8.0_66-b17)
# Java VM: Java HotSpot(TM) 64-Bit Server VM (25.66-b17 mixed mode linux-amd64 compressed oops)
# Problematic frame:
# C  [libc.so.6+0x150a5f]
#
# Failed to write core dump. Core dumps have been disabled. To enable core dumping, try "ulimit -c unlimited" before starting Java again
#
# If you would like to submit a bug report, please visit:
#   http://bugreport.java.com/bugreport/crash.jsp
# The crash happened outside the Java Virtual Machine in native code.
# See problematic frame for where to report the bug.
#

---------------  T H R E A D  ---------------

Current thread (0x00007f35200d4000):  JavaThread "Thread-0" [_thread_in_native, id=32309, stack(0x00007f34344c7000,0x00007f34345c8000)]

siginfo: si_signo: 7 (SIGBUS), si_code: 2 (BUS_ADRERR), si_addr: 0x00007f3529bda000

Registers:
RAX=0x00007f35200e3cd0, RBX=0x0000000000006d67, RCX=0x0000000000008000, RDX=0x00000000000060d7
RSP=0x00007f34345c44a8, RBP=0x00007f34345c4500, RSI=0x00007f3529bd9fa6, RDI=0x00007f35200e4860
R8 =0x00007f35200e3cd0, R9 =0x00007f3558199a40, R10=0x00007f3520000078, R11=0x00007f35581d0eb0
R12=0x00007f3529bd93e8, R13=0x00007f35200d60a0, R14=0x0000000000007361, R15=0x00007f3550253900
RIP=0x00007f3558199a5f, EFLAGS=0x0000000000010206, CSGSFS=0x0000000000000033, ERR=0x0000000000000004
  TRAPNO=0x000000000000000e

Top of Stack: (sp=0x00007f34345c44a8)
0x00007f34345c44a8:   00007f3555ce0984 00000007c0002368
0x00007f34345c44b8:   6574613500000000 0000000000006d67
0x00007f34345c44c8:   000000002e746365 00007f35200d60a0
0x00007f34345c44d8:   00007f355024b290 00007f34e40273c0
0x00007f34345c44e8:   00007f3550253900 000000001eae1406
0x00007f34345c44f8:   0000000000000026 00007f34345c4560
0x00007f34345c4508:   00007f3555ce0f5f 00007f35200d4000
0x00007f34345c4518:   01ffffffffffffff 00007f34345c4580
0x00007f34345c4528:   00007f34345c45a7 00007f34345c45a5
0x00007f34345c4538:   00007f34345c4580 0000000000000026
0x00007f34345c4548:   00007f35200d41f8 00007f34345c49d8
0x00007f34345c4558:   0000000000000001 00007f34345c49c0
0x00007f34345c4568:   00007f3555cd2d60 00007f34345c45a0
0x00007f34345c4578:   00007f3550253900 627472782f6d6f63
0x00007f34345c4588:   646e616d6d6f632f 6f64747568532f73
0x00007f34345c4598:   656369746f4e6e77 00007373616c632e
0x00007f34345c45a8:   00007f3557a2adc4 00007f34345c4bd0
0x00007f34345c45b8:   00007f34345c4bc0 00007f34345c4bb0
0x00007f34345c45c8:   00007f34345c5340 00007f34345c546c
0x00007f34345c45d8:   00007f35200d4000 0000002400000000
0x00007f34345c45e8:   00007f350018e788 00007f34345c5798
0x00007f34345c45f8:   00007f34345c579c 00007f34345c5790
0x00007f34345c4608:   00007f34345c5794 00007f34345c5788
0x00007f34345c4618:   00007f34345c578c 00007f34345c5780
0x00007f34345c4628:   00007f34345c5784 0000000000000000
0x00007f34345c4638:   0000000000000000 00007f34345c57b0
0x00007f34345c4648:   00007f34345c57b0 00007f34345c5768
0x00007f34345c4658:   00007f34345c576c 00007f34345c5760
0x00007f34345c4668:   00007f34345c5764 00007f34345c5758
0x00007f34345c4678:   00007f34345c575c 00007f34345c5750
0x00007f34345c4688:   00007f34345c5754 00007f34345c5748
0x00007f34345c4698:   00007f34345c574c 00007f34345c5740 

Instructions: (pc=0x00007f3558199a5f)
0x00007f3558199a3f:   00 48 81 ea 80 00 00 00 0f 28 4e fa 0f 28 56 0a
0x00007f3558199a4f:   0f 28 5e 1a 0f 28 66 2a 0f 28 6e 3a 0f 28 76 4a
0x00007f3558199a5f:   0f 28 7e 5a 44 0f 28 46 6a 44 0f 28 4e 7a 48 8d
0x00007f3558199a6f:   b6 80 00 00 00 66 45 0f 3a 0f c8 06 44 0f 29 4f 

Register to memory mapping:

RAX=0x00007f35200e3cd0 is an unknown value
RBX=0x0000000000006d67 is an unknown value
RCX=0x0000000000008000 is an unknown value
RDX=0x00000000000060d7 is an unknown value
RSP=0x00007f34345c44a8 is pointing into the stack for thread: 0x00007f35200d4000
RBP=0x00007f34345c4500 is pointing into the stack for thread: 0x00007f35200d4000
RSI=0x00007f3529bd9fa6 is an unknown value
RDI=0x00007f35200e4860 is an unknown value
R8 =0x00007f35200e3cd0 is an unknown value
R9 =0x00007f3558199a40: <offset 0x150a40> in /lib/x86_64-linux-gnu/libc.so.6 at 0x00007f3558049000
R10=0x00007f3520000078 is an unknown value
R11=0x00007f35581d0eb0: <offset 0x187eb0> in /lib/x86_64-linux-gnu/libc.so.6 at 0x00007f3558049000
R12=0x00007f3529bd93e8 is an unknown value
R13=0x00007f35200d60a0 is an unknown value
R14=0x0000000000007361 is an unknown value
R15=0x00007f3550253900 is an unknown value


Stack: [0x00007f34344c7000,0x00007f34345c8000],  sp=0x00007f34345c44a8,  free space=1013k
Native frames: (J=compiled Java code, j=interpreted, Vv=VM code, C=native code)
C  [libc.so.6+0x150a5f]
C  [libzip.so+0x11f5f]  ZIP_GetEntry2+0xff
C  [libzip.so+0x3d60]  Java_java_util_zip_ZipFile_getEntry+0xf0
J 458  java.util.zip.ZipFile.getEntry(J[BZ)J (0 bytes) @ 0x00007f35412295ce [0x00007f3541229500+0xce]
J 538 C1 java.util.zip.ZipFile.getEntry(Ljava/lang/String;)Ljava/util/zip/ZipEntry; (86 bytes) @ 0x00007f354125508c [0x00007f3541254e20+0x26c]
J 537 C1 java.util.jar.JarFile.getEntry(Ljava/lang/String;)Ljava/util/zip/ZipEntry; (22 bytes) @ 0x00007f3541255964 [0x00007f35412558e0+0x84]
J 800 C2 sun.misc.URLClassPath$JarLoader.getResource(Ljava/lang/String;Z)Lsun/misc/Resource; (85 bytes) @ 0x00007f3541329ab8 [0x00007f3541329800+0x2b8]
J 2128 C2 sun.misc.URLClassPath.getResource(Ljava/lang/String;Z)Lsun/misc/Resource; (83 bytes) @ 0x00007f3541687830 [0x00007f3541687740+0xf0]
J 1603 C1 java.net.URLClassLoader$1.run()Ljava/lang/Class; (63 bytes) @ 0x00007f35415500bc [0x00007f354154fea0+0x21c]
J 1602 C1 java.net.URLClassLoader$1.run()Ljava/lang/Object; (5 bytes) @ 0x00007f354154fb0c [0x00007f354154fa80+0x8c]
v  ~StubRoutines::call_stub
V  [libjvm.so+0x68bc46]  JavaCalls::call_helper(JavaValue*, methodHandle*, JavaCallArguments*, Thread*)+0x1056
V  [libjvm.so+0x72490c]  JVM_DoPrivileged+0x27c
J 462  java.security.AccessController.doPrivileged(Ljava/security/PrivilegedExceptionAction;Ljava/security/AccessControlContext;)Ljava/lang/Object; (0 bytes) @ 0x00007f3541228c15 [0x00007f3541228b40+0xd5]
J 1601 C1 java.net.URLClassLoader.findClass(Ljava/lang/String;)Ljava/lang/Class; (47 bytes) @ 0x00007f354154f294 [0x00007f354154f100+0x194]
J 1904 C1 java.lang.ClassLoader.loadClass(Ljava/lang/String;Z)Ljava/lang/Class; (122 bytes) @ 0x00007f35415f9d8c [0x00007f35415f93c0+0x9cc]
J 2108 C1 sun.misc.Launcher$AppClassLoader.loadClass(Ljava/lang/String;Z)Ljava/lang/Class; (85 bytes) @ 0x00007f3541679354 [0x00007f35416789c0+0x994]
J 1608 C1 java.lang.ClassLoader.loadClass(Ljava/lang/String;)Ljava/lang/Class; (7 bytes) @ 0x00007f3541551a04 [0x00007f3541551900+0x104]
v  ~StubRoutines::call_stub
V  [libjvm.so+0x68bc46]  JavaCalls::call_helper(JavaValue*, methodHandle*, JavaCallArguments*, Thread*)+0x1056
V  [libjvm.so+0x68c151]  JavaCalls::call_virtual(JavaValue*, KlassHandle, Symbol*, Symbol*, JavaCallArguments*, Thread*)+0x321
V  [libjvm.so+0x68c5a6]  JavaCalls::call_virtual(JavaValue*, Handle, KlassHandle, Symbol*, Symbol*, Handle, Thread*)+0x56
V  [libjvm.so+0xa30c60]  SystemDictionary::load_instance_class(Symbol*, Handle, Thread*)+0x3f0
V  [libjvm.so+0xa2fb4c]  SystemDictionary::resolve_instance_class_or_null(Symbol*, Handle, Handle, Thread*)+0x7cc
V  [libjvm.so+0xa31083]  SystemDictionary::resolve_or_fail(Symbol*, Handle, Handle, bool, Thread*)+0x33
V  [libjvm.so+0x4f0cb8]  ConstantPool::klass_at_impl(constantPoolHandle, int, Thread*)+0x158
V  [libjvm.so+0x680101]  InterpreterRuntime::_new(JavaThread*, ConstantPool*, int)+0x71
j  com.xrtb.bidder.Controller.sendShutdown()V+0
j  com.xrtb.bidder.RTBServer.panicStop()V+3
j  com.xrtb.bidder.AddShutdownHook$1.run()V+0
v  ~StubRoutines::call_stub
V  [libjvm.so+0x68bc46]  JavaCalls::call_helper(JavaValue*, methodHandle*, JavaCallArguments*, Thread*)+0x1056
V  [libjvm.so+0x68c151]  JavaCalls::call_virtual(JavaValue*, KlassHandle, Symbol*, Symbol*, JavaCallArguments*, Thread*)+0x321
V  [libjvm.so+0x68c5f7]  JavaCalls::call_virtual(JavaValue*, Handle, KlassHandle, Symbol*, Symbol*, Thread*)+0x47
V  [libjvm.so+0x7233b0]  thread_entry(JavaThread*, Thread*)+0xa0
V  [libjvm.so+0xa68fff]  JavaThread::thread_main_inner()+0xdf
V  [libjvm.so+0xa6912c]  JavaThread::run()+0x11c
V  [libjvm.so+0x91cc68]  java_start(Thread*)+0x108
C  [libpthread.so.0+0x8182]  start_thread+0xc2

Java frames: (J=compiled Java code, j=interpreted, Vv=VM code)
J 458  java.util.zip.ZipFile.getEntry(J[BZ)J (0 bytes) @ 0x00007f3541229558 [0x00007f3541229500+0x58]
J 538 C1 java.util.zip.ZipFile.getEntry(Ljava/lang/String;)Ljava/util/zip/ZipEntry; (86 bytes) @ 0x00007f354125508c [0x00007f3541254e20+0x26c]
J 537 C1 java.util.jar.JarFile.getEntry(Ljava/lang/String;)Ljava/util/zip/ZipEntry; (22 bytes) @ 0x00007f3541255964 [0x00007f35412558e0+0x84]
J 800 C2 sun.misc.URLClassPath$JarLoader.getResource(Ljava/lang/String;Z)Lsun/misc/Resource; (85 bytes) @ 0x00007f3541329ab8 [0x00007f3541329800+0x2b8]
J 2128 C2 sun.misc.URLClassPath.getResource(Ljava/lang/String;Z)Lsun/misc/Resource; (83 bytes) @ 0x00007f3541687830 [0x00007f3541687740+0xf0]
J 1603 C1 java.net.URLClassLoader$1.run()Ljava/lang/Class; (63 bytes) @ 0x00007f35415500bc [0x00007f354154fea0+0x21c]
J 1602 C1 java.net.URLClassLoader$1.run()Ljava/lang/Object; (5 bytes) @ 0x00007f354154fb0c [0x00007f354154fa80+0x8c]
v  ~StubRoutines::call_stub
J 462  java.security.AccessController.doPrivileged(Ljava/security/PrivilegedExceptionAction;Ljava/security/AccessControlContext;)Ljava/lang/Object; (0 bytes) @ 0x00007f3541228ba3 [0x00007f3541228b40+0x63]
J 1601 C1 java.net.URLClassLoader.findClass(Ljava/lang/String;)Ljava/lang/Class; (47 bytes) @ 0x00007f354154f294 [0x00007f354154f100+0x194]
J 1904 C1 java.lang.ClassLoader.loadClass(Ljava/lang/String;Z)Ljava/lang/Class; (122 bytes) @ 0x00007f35415f9d8c [0x00007f35415f93c0+0x9cc]
J 2108 C1 sun.misc.Launcher$AppClassLoader.loadClass(Ljava/lang/String;Z)Ljava/lang/Class; (85 bytes) @ 0x00007f3541679354 [0x00007f35416789c0+0x994]
J 1608 C1 java.lang.ClassLoader.loadClass(Ljava/lang/String;)Ljava/lang/Class; (7 bytes) @ 0x00007f3541551a04 [0x00007f3541551900+0x104]
v  ~StubRoutines::call_stub
j  com.xrtb.bidder.Controller.sendShutdown()V+0
j  com.xrtb.bidder.RTBServer.panicStop()V+3
j  com.xrtb.bidder.AddShutdownHook$1.run()V+0
v  ~StubRoutines::call_stub

---------------  P R O C E S S  ---------------

Java Threads: ( => current thread )
=>0x00007f35200d4000 JavaThread "Thread-0" [_thread_in_native, id=32309, stack(0x00007f34344c7000,0x00007f34345c8000)]
  0x00007f3508016800 JavaThread "SIGTERM handler" daemon [_thread_blocked, id=32307, stack(0x00007f34347ca000,0x00007f34348cb000)]
  0x00007f35200cf000 JavaThread "qtp2103310980-24513659" [_thread_blocked, id=23324, stack(0x00007f34350d3000,0x00007f34351d4000)]
  0x00007f35200c9800 JavaThread "qtp2103310980-24513657" [_thread_blocked, id=23322, stack(0x00007f3529223000,0x00007f3529324000)]
  0x00007f35200c6800 JavaThread "qtp2103310980-24513656" [_thread_blocked, id=23321, stack(0x00007f34348cb000,0x00007f34349cc000)]
  0x00007f35200c4000 JavaThread "qtp2103310980-24513655" [_thread_blocked, id=23320, stack(0x00007f3434bce000,0x00007f3434ccf000)]
  0x00007f3520015000 JavaThread "qtp2103310980-24513654" [_thread_blocked, id=23319, stack(0x00007f34355d8000,0x00007f34356d9000)]
  0x00007f3520016000 JavaThread "qtp2103310980-24513653" [_thread_blocked, id=23318, stack(0x00007f34339bc000,0x00007f3433abd000)]
  0x00007f34a4007000 JavaThread "qtp2103310980-24513651" [_thread_blocked, id=23316, stack(0x00007f34352d5000,0x00007f34353d6000)]
  0x00007f34d401c800 JavaThread "Keep-Alive-Timer" daemon [_thread_blocked, id=14743, stack(0x00007f34345c8000,0x00007f34346c9000)]
  0x00007f3550009800 JavaThread "DestroyJavaVM" [_thread_blocked, id=20395, stack(0x00007f3558b5b000,0x00007f3558c5c000)]
  0x00007f3438006000 JavaThread "Scheduler-2030763854" [_thread_blocked, id=20514, stack(0x00007f3435edf000,0x00007f3435fe0000)]
  0x00007f343c03a800 JavaThread "org.eclipse.jetty.server.session.HashSessionManager@7b180befTimer" daemon [_thread_blocked, id=20513, stack(0x00007f3435fe0000,0x00007f34360e1000)]
  0x00007f343c0a9800 JavaThread "qtp2103310980-110" [_thread_blocked, id=20512, stack(0x00007f34360e1000,0x00007f34361e2000)]
  0x00007f343c0a6000 JavaThread "qtp2103310980-108" [_thread_blocked, id=20510, stack(0x00007f34362e3000,0x00007f34363e4000)]
  0x00007f343c0a4000 JavaThread "qtp2103310980-107" [_thread_blocked, id=20509, stack(0x00007f34363e4000,0x00007f34364e5000)]
  0x00007f343c0a2000 JavaThread "qtp2103310980-106" [_thread_blocked, id=20508, stack(0x00007f34364e5000,0x00007f34365e6000)]
  0x00007f343c0a0000 JavaThread "qtp2103310980-105" [_thread_blocked, id=20507, stack(0x00007f34365e6000,0x00007f34366e7000)]
  0x00007f343c09c000 JavaThread "qtp2103310980-103" [_thread_blocked, id=20505, stack(0x00007f34367e8000,0x00007f34368e9000)]
  0x00007f343c098000 JavaThread "qtp2103310980-101" [_thread_blocked, id=20503, stack(0x00007f34369ea000,0x00007f3436aeb000)]
  0x00007f343c096800 JavaThread "qtp2103310980-100" [_thread_in_native, id=20502, stack(0x00007f3436aeb000,0x00007f3436bec000)]
  0x00007f343c094800 JavaThread "qtp2103310980-99" [_thread_blocked, id=20501, stack(0x00007f3436bec000,0x00007f3436ced000)]
  0x00007f343c092800 JavaThread "qtp2103310980-98" [_thread_blocked, id=20500, stack(0x00007f3436ced000,0x00007f3436dee000)]
  0x00007f343c090800 JavaThread "qtp2103310980-97" [_thread_blocked, id=20499, stack(0x00007f3436dee000,0x00007f3436eef000)]
  0x00007f343c08e800 JavaThread "qtp2103310980-96" [_thread_blocked, id=20498, stack(0x00007f3436eef000,0x00007f3436ff0000)]
  0x00007f343c08c800 JavaThread "qtp2103310980-95" [_thread_blocked, id=20497, stack(0x00007f3436ff0000,0x00007f34370f1000)]
  0x00007f343c08a800 JavaThread "qtp2103310980-94" [_thread_blocked, id=20496, stack(0x00007f34370f1000,0x00007f34371f2000)]
  0x00007f343c089000 JavaThread "qtp2103310980-93" [_thread_blocked, id=20495, stack(0x00007f34371f2000,0x00007f34372f3000)]
  0x00007f343c087000 JavaThread "qtp2103310980-92" [_thread_blocked, id=20494, stack(0x00007f34372f3000,0x00007f34373f4000)]
  0x00007f343c085000 JavaThread "qtp2103310980-91" [_thread_blocked, id=20493, stack(0x00007f34373f4000,0x00007f34374f5000)]
  0x00007f343c083000 JavaThread "qtp2103310980-90" [_thread_blocked, id=20492, stack(0x00007f34374f5000,0x00007f34375f6000)]
  0x00007f343c081000 JavaThread "qtp2103310980-89" [_thread_in_native, id=20491, stack(0x00007f34375f6000,0x00007f34376f7000)]
  0x00007f343c07d000 JavaThread "qtp2103310980-87" [_thread_blocked, id=20489, stack(0x00007f34377f8000,0x00007f34378f9000)]
  0x00007f343c07b000 JavaThread "qtp2103310980-86" [_thread_blocked, id=20488, stack(0x00007f34378f9000,0x00007f34379fa000)]
  0x00007f343c079000 JavaThread "qtp2103310980-85" [_thread_blocked, id=20487, stack(0x00007f34379fa000,0x00007f3437afb000)]
  0x00007f343c077800 JavaThread "qtp2103310980-84" [_thread_blocked, id=20486, stack(0x00007f3437afb000,0x00007f3437bfc000)]
  0x00007f343c075800 JavaThread "qtp2103310980-83" [_thread_blocked, id=20485, stack(0x00007f3437bfc000,0x00007f3437cfd000)]
  0x00007f343c073800 JavaThread "qtp2103310980-82" [_thread_blocked, id=20484, stack(0x00007f3437cfd000,0x00007f3437dfe000)]
  0x00007f343c071800 JavaThread "qtp2103310980-81" [_thread_blocked, id=20483, stack(0x00007f3437dfe000,0x00007f3437eff000)]
  0x00007f343c06d800 JavaThread "qtp2103310980-79" [_thread_blocked, id=20481, stack(0x00007f34d00be000,0x00007f34d01bf000)]
  0x00007f343c06c000 JavaThread "qtp2103310980-78" [_thread_blocked, id=20480, stack(0x00007f34d01bf000,0x00007f34d02c0000)]
  0x00007f343c06a000 JavaThread "qtp2103310980-77" [_thread_blocked, id=20479, stack(0x00007f34d02c0000,0x00007f34d03c1000)]
  0x00007f343c064000 JavaThread "qtp2103310980-74" [_thread_blocked, id=20476, stack(0x00007f34d05c3000,0x00007f34d06c4000)]
  0x00007f343c062000 JavaThread "qtp2103310980-73" [_thread_blocked, id=20475, stack(0x00007f34d06c4000,0x00007f34d07c5000)]
  0x00007f343c060000 JavaThread "qtp2103310980-72" [_thread_blocked, id=20474, stack(0x00007f34d07c5000,0x00007f34d08c6000)]
  0x00007f343c05e000 JavaThread "qtp2103310980-71" [_thread_in_native, id=20473, stack(0x00007f34d08c6000,0x00007f34d09c7000)]
  0x00007f343c05c000 JavaThread "qtp2103310980-70" [_thread_in_native, id=20472, stack(0x00007f34d09c7000,0x00007f34d0ac8000)]
  0x00007f343c05a000 JavaThread "qtp2103310980-69" [_thread_blocked, id=20471, stack(0x00007f34d0ac8000,0x00007f34d0bc9000)]
  0x00007f343c058000 JavaThread "qtp2103310980-68" [_thread_blocked, id=20470, stack(0x00007f34d0bc9000,0x00007f34d0cca000)]
  0x00007f343c056000 JavaThread "qtp2103310980-67" [_thread_blocked, id=20469, stack(0x00007f34d0cca000,0x00007f34d0dcb000)]
  0x00007f343c054000 JavaThread "qtp2103310980-66" [_thread_blocked, id=20468, stack(0x00007f34d0dcb000,0x00007f34d0ecc000)]
  0x00007f343c052800 JavaThread "qtp2103310980-65-acceptor-0@37f0875-ServerConnector@2d41d5a0{HTTP/1.1,[http/1.1]}{0.0.0.0:8080}" [_thread_in_native, id=20467, stack(0x00007f34d0ecc000,0x00007f34d0fcd000)]
  0x00007f343c051000 JavaThread "qtp2103310980-64" [_thread_blocked, id=20466, stack(0x00007f34d0fcd000,0x00007f34d10ce000)]
  0x00007f343c04f000 JavaThread "qtp2103310980-63" [_thread_blocked, id=20465, stack(0x00007f34d10ce000,0x00007f34d11cf000)]
  0x00007f343c04e000 JavaThread "qtp2103310980-62" [_thread_blocked, id=20464, stack(0x00007f34d11cf000,0x00007f34d12d0000)]
  0x00007f343c04b000 JavaThread "qtp2103310980-61" [_thread_blocked, id=20463, stack(0x00007f34d12d0000,0x00007f34d13d1000)]
  0x00007f343c025800 JavaThread "Thread-14" [_thread_blocked, id=20461, stack(0x00007f34d13d1000,0x00007f34d14d2000)]
  0x00007f343c030000 JavaThread "Thread-13" [_thread_blocked, id=20460, stack(0x00007f34d14d2000,0x00007f34d15d3000)]
  0x00007f35508b8000 JavaThread "Thread-12" [_thread_blocked, id=20459, stack(0x00007f34d17d3000,0x00007f34d18d4000)]
  0x00007f3440001000 JavaThread "pool-1-thread-1" [_thread_blocked, id=20458, stack(0x00007f34d18d4000,0x00007f34d19d5000)]
  0x00007f35508b5000 JavaThread "Thread-11" [_thread_blocked, id=20457, stack(0x00007f34d19d5000,0x00007f34d1ad6000)]
  0x00007f35508b3000 JavaThread "Thread-10" [_thread_blocked, id=20456, stack(0x00007f34d1ad6000,0x00007f34d1bd7000)]
  0x00007f35508b1000 JavaThread "Thread-9" [_thread_blocked, id=20455, stack(0x00007f34d1bd7000,0x00007f34d1cd8000)]
  0x00007f35508af800 JavaThread "Thread-8" [_thread_blocked, id=20454, stack(0x00007f34d1cd8000,0x00007f34d1dd9000)]
  0x00007f35508ae000 JavaThread "Thread-7" [_thread_blocked, id=20453, stack(0x00007f34d1dd9000,0x00007f34d1eda000)]
  0x00007f35508ac800 JavaThread "Thread-6" [_thread_blocked, id=20452, stack(0x00007f34d1eda000,0x00007f34d1fdb000)]
  0x00007f35508a5000 JavaThread "Thread-5" [_thread_blocked, id=20451, stack(0x00007f34d20dc000,0x00007f34d21dd000)]
  0x00007f35508a8000 JavaThread "commons-pool-EvictionTimer" daemon [_thread_blocked, id=20450, stack(0x00007f34d1fdb000,0x00007f34d20dc000)]
  0x00007f355087a000 JavaThread "pool-2-thread-1" [_thread_blocked, id=20448, stack(0x00007f34d25e6000,0x00007f34d26e7000)]
  0x00007f346c001000 JavaThread "nioEventLoopGroup-3-4" [_thread_in_native, id=20447, stack(0x00007f34d26e7000,0x00007f34d27e8000)]
  0x00007f3478001000 JavaThread "nioEventLoopGroup-3-5" [_thread_in_native, id=20446, stack(0x00007f34d27e8000,0x00007f34d28e9000)]
  0x00007f3498003000 JavaThread "nioEventLoopGroup-3-12" [_thread_in_native, id=20445, stack(0x00007f34d28e9000,0x00007f34d29ea000)]
  0x00007f3494003000 JavaThread "nioEventLoopGroup-3-16" [_thread_in_native, id=20444, stack(0x00007f34d29ea000,0x00007f34d2aeb000)]
  0x00007f347c001000 JavaThread "nioEventLoopGroup-3-8" [_thread_in_native, id=20443, stack(0x00007f34d2aeb000,0x00007f34d2bec000)]
  0x00007f3484001000 JavaThread "nioEventLoopGroup-3-9" [_thread_in_native, id=20442, stack(0x00007f34d2bec000,0x00007f34d2ced000)]
  0x00007f3494001000 JavaThread "nioEventLoopGroup-3-2" [_thread_in_native, id=20441, stack(0x00007f34d2ced000,0x00007f34d2dee000)]
  0x00007f3490001000 JavaThread "nioEventLoopGroup-3-14" [_thread_in_native, id=20440, stack(0x00007f34d2dee000,0x00007f34d2eef000)]
  0x00007f3550788800 JavaThread "nioEventLoopGroup-3-13" [_thread_in_native, id=20439, stack(0x00007f34d2eef000,0x00007f34d2ff0000)]
  0x00007f349c001000 JavaThread "nioEventLoopGroup-3-10" [_thread_in_native, id=20438, stack(0x00007f34d2ff0000,0x00007f34d30f1000)]
  0x00007f3498001000 JavaThread "nioEventLoopGroup-3-6" [_thread_in_native, id=20437, stack(0x00007f34d30f1000,0x00007f34d31f2000)]
  0x00007f3550786800 JavaThread "nioEventLoopGroup-3-3" [_thread_in_native, id=20436, stack(0x00007f34d31f2000,0x00007f34d32f3000)]
  0x00007f3550785000 JavaThread "nioEventLoopGroup-3-15" [_thread_in_native, id=20435, stack(0x00007f34d32f3000,0x00007f34d33f4000)]
  0x00007f3550799800 JavaThread "nioEventLoopGroup-3-11" [_thread_in_native, id=20434, stack(0x00007f34d33f4000,0x00007f34d34f5000)]
  0x00007f3550798800 JavaThread "nioEventLoopGroup-3-7" [_thread_in_native, id=20433, stack(0x00007f34d34f5000,0x00007f34d35f6000)]
  0x00007f3550796800 JavaThread "nioEventLoopGroup-3-1" [_thread_in_native, id=20432, stack(0x00007f34d35f6000,0x00007f34d36f7000)]
  0x00007f3550795800 JavaThread "Thread-2" [_thread_blocked, id=20431, stack(0x00007f34d36f7000,0x00007f34d37f8000)]
  0x00007f34a8001000 JavaThread "nioEventLoopGroup-2-8" [_thread_in_native, id=20430, stack(0x00007f34d37f8000,0x00007f34d38f9000)]
  0x00007f34c4001000 JavaThread "nioEventLoopGroup-2-9" [_thread_in_native, id=20429, stack(0x00007f34d38f9000,0x00007f34d39fa000)]
  0x00007f34bc001000 JavaThread "nioEventLoopGroup-2-4" [_thread_in_native, id=20428, stack(0x00007f34d39fa000,0x00007f34d3afb000)]
  0x00007f34dc003800 JavaThread "nioEventLoopGroup-2-16" [_thread_in_native, id=20427, stack(0x00007f34d3afb000,0x00007f34d3bfc000)]
  0x00007f34e4001000 JavaThread "nioEventLoopGroup-2-5" [_thread_in_native, id=20426, stack(0x00007f34d3bfc000,0x00007f34d3cfd000)]
  0x00007f34d8003800 JavaThread "nioEventLoopGroup-2-13" [_thread_in_native, id=20425, stack(0x00007f34d3cfd000,0x00007f34d3dfe000)]
  0x00007f34dc001000 JavaThread "nioEventLoopGroup-2-10" [_thread_in_native, id=20424, stack(0x00007f34d3dfe000,0x00007f34d3eff000)]
  0x00007f34e0007800 JavaThread "nioEventLoopGroup-2-14" [_thread_in_native, id=20423, stack(0x00007f34d3eff000,0x00007f34d4000000)]
  0x00007f34d4008800 JavaThread "nioEventLoopGroup-2-2" [_thread_in_native, id=20422, stack(0x00007f35280b3000,0x00007f35281b4000)]
  0x00007f34e800c000 JavaThread "nioEventLoopGroup-2-6" [_thread_in_native, id=20421, stack(0x00007f35281b4000,0x00007f35282b5000)]
  0x00007f3550775000 JavaThread "nioEventLoopGroup-2-12" [_thread_in_native, id=20420, stack(0x00007f35282b5000,0x00007f35283b6000)]
  0x00007f3550773800 JavaThread "nioEventLoopGroup-2-3" [_thread_in_native, id=20419, stack(0x00007f35283b6000,0x00007f35284b7000)]
  0x00007f3550772000 JavaThread "nioEventLoopGroup-2-15" [_thread_in_native, id=20418, stack(0x00007f35284b7000,0x00007f35285b8000)]
  0x00007f355076e000 JavaThread "nioEventLoopGroup-2-11" [_thread_in_native, id=20417, stack(0x00007f35285b8000,0x00007f35286b9000)]
  0x00007f355076c800 JavaThread "nioEventLoopGroup-2-7" [_thread_in_native, id=20416, stack(0x00007f35288b9000,0x00007f35289ba000)]
  0x00007f3550735800 JavaThread "nioEventLoopGroup-2-1" [_thread_in_native, id=20414, stack(0x00007f3528ddb000,0x00007f3528edc000)]
  0x00007f355020a000 JavaThread "Service Thread" daemon [_thread_blocked, id=20412, stack(0x00007f3529cdd000,0x00007f3529dde000)]
  0x00007f3550205000 JavaThread "C1 CompilerThread3" daemon [_thread_blocked, id=20411, stack(0x00007f3529dde000,0x00007f3529edf000)]
  0x00007f3550200800 JavaThread "C2 CompilerThread2" daemon [_thread_blocked, id=20410, stack(0x00007f3529edf000,0x00007f3529fe0000)]
  0x00007f35501fe800 JavaThread "C2 CompilerThread1" daemon [_thread_blocked, id=20409, stack(0x00007f3529fe0000,0x00007f352a0e1000)]
  0x00007f35501fb800 JavaThread "C2 CompilerThread0" daemon [_thread_blocked, id=20408, stack(0x00007f352a0e1000,0x00007f352a1e2000)]
  0x00007f35501f9800 JavaThread "Signal Dispatcher" daemon [_thread_blocked, id=20407, stack(0x00007f352a1e2000,0x00007f352a2e3000)]
  0x00007f35501ce000 JavaThread "Finalizer" daemon [_thread_blocked, id=20406, stack(0x00007f352a2e3000,0x00007f352a3e4000)]
  0x00007f35501cc000 JavaThread "Reference Handler" daemon [_thread_blocked, id=20405, stack(0x00007f352a3e4000,0x00007f352a4e5000)]

Other Threads:
  0x00007f35501c6800 VMThread [stack: 0x00007f352a4e5000,0x00007f352a5e6000] [id=20404]
  0x00007f355020d000 WatcherThread [stack: 0x00007f3529bdc000,0x00007f3529cdd000] [id=20413]

VM state:not at safepoint (normal execution)

VM Mutex/Monitor currently owned by a thread: None

Heap:
 PSYoungGen      total 1396224K, used 691080K [0x000000076ab00000, 0x00000007c0000000, 0x00000007c0000000)
  eden space 1394688K, 49% used [0x000000076ab00000,0x0000000794c9a328,0x00000007bfd00000)
  from space 1536K, 85% used [0x00000007bfd00000,0x00000007bfe48040,0x00000007bfe80000)
  to   space 1536K, 0% used [0x00000007bfe80000,0x00000007bfe80000,0x00000007c0000000)
 ParOldGen       total 628736K, used 64116K [0x00000006c0000000, 0x00000006e6600000, 0x000000076ab00000)
  object space 628736K, 10% used [0x00000006c0000000,0x00000006c3e9d1c8,0x00000006e6600000)
 Metaspace       used 25326K, capacity 25740K, committed 26368K, reserved 1073152K
  class space    used 2739K, capacity 2915K, committed 3072K, reserved 1048576K

Card table byte_map: [0x00007f355510e000,0x00007f355590f000] byte_map_base: 0x00007f3551b0e000

Marking Bits: (ParMarkBitMap*) 0x00007f355801e020
 Begin Bits: [0x00007f3514000000, 0x00007f3518000000)
 End Bits:   [0x00007f3518000000, 0x00007f351c000000)

Polling page: 0x00007f3558c65000

CodeCache: size=245760Kb used=15470Kb max_used=15487Kb free=230289Kb
 bounds [0x00007f3541000000, 0x00007f3541f80000, 0x00007f3550000000]
 total_blobs=5226 nmethods=4760 adapters=379
 compilation: enabled

Compilation events (10 events):
Event: 20158.246 Thread 0x00007f3550200800 6841   !   4       org.eclipse.jetty.io.FillInterest::register (223 bytes)
Event: 20158.249 Thread 0x00007f3550200800 nmethod 6841 0x00007f3541ebd510 code [0x00007f3541ebd680, 0x00007f3541ebd838]
Event: 20368.723 Thread 0x00007f3550205000 6842       3       org.eclipse.jetty.io.AbstractEndPoint$1::needsFillInterest (8 bytes)
Event: 20368.723 Thread 0x00007f3550205000 nmethod 6842 0x00007f354177e6d0 code [0x00007f354177e840, 0x00007f354177ea68]
Event: 20387.576 Thread 0x00007f35501fb800 6843   !   4       org.eclipse.jetty.io.SelectChannelEndPoint::changeInterests (192 bytes)
Event: 20387.579 Thread 0x00007f35501fe800 6844       4       org.eclipse.jetty.io.AbstractEndPoint$1::needsFillInterest (8 bytes)
Event: 20387.583 Thread 0x00007f3550200800 6845       4       org.eclipse.jetty.io.SelectChannelEndPoint::needsFillInterest (6 bytes)
Event: 20387.596 Thread 0x00007f35501fe800 nmethod 6844 0x00007f354174cf10 code [0x00007f354174d160, 0x00007f354174def0]
Event: 20387.596 Thread 0x00007f35501fb800 nmethod 6843 0x00007f3541aed950 code [0x00007f3541aedb60, 0x00007f3541aee760]
Event: 20387.598 Thread 0x00007f3550200800 nmethod 6845 0x00007f35419e5e10 code [0x00007f35419e6020, 0x00007f35419e6c00]

GC Heap History (10 events):
Event: 20405.839 GC heap before
{Heap before GC invocations=9914 (full 3):
 PSYoungGen      total 1396224K, used 1395872K [0x000000076ab00000, 0x00000007c0000000, 0x00000007c0000000)
  eden space 1394688K, 100% used [0x000000076ab00000,0x00000007bfd00000,0x00000007bfd00000)
  from space 1536K, 77% used [0x00000007bfe80000,0x00000007bffa8040,0x00000007c0000000)
  to   space 1536K, 0% used [0x00000007bfd00000,0x00000007bfd00000,0x00000007bfe80000)
 ParOldGen       total 628736K, used 63900K [0x00000006c0000000, 0x00000006e6600000, 0x000000076ab00000)
  object space 628736K, 10% used [0x00000006c0000000,0x00000006c3e671c8,0x00000006e6600000)
 Metaspace       used 25323K, capacity 25740K, committed 26368K, reserved 1073152K
  class space    used 2739K, capacity 2915K, committed 3072K, reserved 1048576K
Event: 20405.841 GC heap after
Heap after GC invocations=9914 (full 3):
 PSYoungGen      total 1396224K, used 1168K [0x000000076ab00000, 0x00000007c0000000, 0x00000007c0000000)
  eden space 1394688K, 0% used [0x000000076ab00000,0x000000076ab00000,0x00000007bfd00000)
  from space 1536K, 76% used [0x00000007bfd00000,0x00000007bfe24030,0x00000007bfe80000)
  to   space 1536K, 0% used [0x00000007bfe80000,0x00000007bfe80000,0x00000007c0000000)
 ParOldGen       total 628736K, used 63900K [0x00000006c0000000, 0x00000006e6600000, 0x000000076ab00000)
  object space 628736K, 10% used [0x00000006c0000000,0x00000006c3e671c8,0x00000006e6600000)
 Metaspace       used 25323K, capacity 25740K, committed 26368K, reserved 1073152K
  class space    used 2739K, capacity 2915K, committed 3072K, reserved 1048576K
}
Event: 20408.575 GC heap before
{Heap before GC invocations=9915 (full 3):
 PSYoungGen      total 1396224K, used 1395856K [0x000000076ab00000, 0x00000007c0000000, 0x00000007c0000000)
  eden space 1394688K, 100% used [0x000000076ab00000,0x00000007bfd00000,0x00000007bfd00000)
  from space 1536K, 76% used [0x00000007bfd00000,0x00000007bfe24030,0x00000007bfe80000)
  to   space 1536K, 0% used [0x00000007bfe80000,0x00000007bfe80000,0x00000007c0000000)
 ParOldGen       total 628736K, used 63900K [0x00000006c0000000, 0x00000006e6600000, 0x000000076ab00000)
  object space 628736K, 10% used [0x00000006c0000000,0x00000006c3e671c8,0x00000006e6600000)
 Metaspace       used 25323K, capacity 25740K, committed 26368K, reserved 1073152K
  class space    used 2739K, capacity 2915K, committed 3072K, reserved 1048576K
Event: 20408.577 GC heap after
Heap after GC invocations=9915 (full 3):
 PSYoungGen      total 1396224K, used 1360K [0x000000076ab00000, 0x00000007c0000000, 0x00000007c0000000)
  eden space 1394688K, 0% used [0x000000076ab00000,0x000000076ab00000,0x00000007bfd00000)
  from space 1536K, 88% used [0x00000007bfe80000,0x00000007bffd4050,0x00000007c0000000)
  to   space 1536K, 0% used [0x00000007bfd00000,0x00000007bfd00000,0x00000007bfe80000)
 ParOldGen       total 628736K, used 63948K [0x00000006c0000000, 0x00000006e6600000, 0x000000076ab00000)
  object space 628736K, 10% used [0x00000006c0000000,0x00000006c3e731c8,0x00000006e6600000)
 Metaspace       used 25323K, capacity 25740K, committed 26368K, reserved 1073152K
  class space    used 2739K, capacity 2915K, committed 3072K, reserved 1048576K
}
Event: 20411.228 GC heap before
{Heap before GC invocations=9916 (full 3):
 PSYoungGen      total 1396224K, used 1396048K [0x000000076ab00000, 0x00000007c0000000, 0x00000007c0000000)
  eden space 1394688K, 100% used [0x000000076ab00000,0x00000007bfd00000,0x00000007bfd00000)
  from space 1536K, 88% used [0x00000007bfe80000,0x00000007bffd4050,0x00000007c0000000)
  to   space 1536K, 0% used [0x00000007bfd00000,0x00000007bfd00000,0x00000007bfe80000)
 ParOldGen       total 628736K, used 63948K [0x00000006c0000000, 0x00000006e6600000, 0x000000076ab00000)
  object space 628736K, 10% used [0x00000006c0000000,0x00000006c3e731c8,0x00000006e6600000)
 Metaspace       used 25323K, capacity 25740K, committed 26368K, reserved 1073152K
  class space    used 2739K, capacity 2915K, committed 3072K, reserved 1048576K
Event: 20411.230 GC heap after
Heap after GC invocations=9916 (full 3):
 PSYoungGen      total 1396224K, used 1152K [0x000000076ab00000, 0x00000007c0000000, 0x00000007c0000000)
  eden space 1394688K, 0% used [0x000000076ab00000,0x000000076ab00000,0x00000007bfd00000)
  from space 1536K, 75% used [0x00000007bfd00000,0x00000007bfe20040,0x00000007bfe80000)
  to   space 1536K, 0% used [0x00000007bfe80000,0x00000007bfe80000,0x00000007c0000000)
 ParOldGen       total 628736K, used 64004K [0x00000006c0000000, 0x00000006e6600000, 0x000000076ab00000)
  object space 628736K, 10% used [0x00000006c0000000,0x00000006c3e811c8,0x00000006e6600000)
 Metaspace       used 25323K, capacity 25740K, committed 26368K, reserved 1073152K
  class space    used 2739K, capacity 2915K, committed 3072K, reserved 1048576K
}
Event: 20413.964 GC heap before
{Heap before GC invocations=9917 (full 3):
 PSYoungGen      total 1396224K, used 1395840K [0x000000076ab00000, 0x00000007c0000000, 0x00000007c0000000)
  eden space 1394688K, 100% used [0x000000076ab00000,0x00000007bfd00000,0x00000007bfd00000)
  from space 1536K, 75% used [0x00000007bfd00000,0x00000007bfe20040,0x00000007bfe80000)
  to   space 1536K, 0% used [0x00000007bfe80000,0x00000007bfe80000,0x00000007c0000000)
 ParOldGen       total 628736K, used 64004K [0x00000006c0000000, 0x00000006e6600000, 0x000000076ab00000)
  object space 628736K, 10% used [0x00000006c0000000,0x00000006c3e811c8,0x00000006e6600000)
 Metaspace       used 25323K, capacity 25740K, committed 26368K, reserved 1073152K
  class space    used 2739K, capacity 2915K, committed 3072K, reserved 1048576K
Event: 20413.966 GC heap after
Heap after GC invocations=9917 (full 3):
 PSYoungGen      total 1396224K, used 1280K [0x000000076ab00000, 0x00000007c0000000, 0x00000007c0000000)
  eden space 1394688K, 0% used [0x000000076ab00000,0x000000076ab00000,0x00000007bfd00000)
  from space 1536K, 83% used [0x00000007bfe80000,0x00000007bffc0040,0x00000007c0000000)
  to   space 1536K, 0% used [0x00000007bfd00000,0x00000007bfd00000,0x00000007bfe80000)
 ParOldGen       total 628736K, used 64060K [0x00000006c0000000, 0x00000006e6600000, 0x000000076ab00000)
  object space 628736K, 10% used [0x00000006c0000000,0x00000006c3e8f1c8,0x00000006e6600000)
 Metaspace       used 25323K, capacity 25740K, committed 26368K, reserved 1073152K
  class space    used 2739K, capacity 2915K, committed 3072K, reserved 1048576K
}
Event: 20416.487 GC heap before
{Heap before GC invocations=9918 (full 3):
 PSYoungGen      total 1396224K, used 1395968K [0x000000076ab00000, 0x00000007c0000000, 0x00000007c0000000)
  eden space 1394688K, 100% used [0x000000076ab00000,0x00000007bfd00000,0x00000007bfd00000)
  from space 1536K, 83% used [0x00000007bfe80000,0x00000007bffc0040,0x00000007c0000000)
  to   space 1536K, 0% used [0x00000007bfd00000,0x00000007bfd00000,0x00000007bfe80000)
 ParOldGen       total 628736K, used 64060K [0x00000006c0000000, 0x00000006e6600000, 0x000000076ab00000)
  object space 628736K, 10% used [0x00000006c0000000,0x00000006c3e8f1c8,0x00000006e6600000)
 Metaspace       used 25323K, capacity 25740K, committed 26368K, reserved 1073152K
  class space    used 2739K, capacity 2915K, committed 3072K, reserved 1048576K
Event: 20416.489 GC heap after
Heap after GC invocations=9918 (full 3):
 PSYoungGen      total 1396224K, used 1312K [0x000000076ab00000, 0x00000007c0000000, 0x00000007c0000000)
  eden space 1394688K, 0% used [0x000000076ab00000,0x000000076ab00000,0x00000007bfd00000)
  from space 1536K, 85% used [0x00000007bfd00000,0x00000007bfe48040,0x00000007bfe80000)
  to   space 1536K, 0% used [0x00000007bfe80000,0x00000007bfe80000,0x00000007c0000000)
 ParOldGen       total 628736K, used 64116K [0x00000006c0000000, 0x00000006e6600000, 0x000000076ab00000)
  object space 628736K, 10% used [0x00000006c0000000,0x00000006c3e9d1c8,0x00000006e6600000)
 Metaspace       used 25323K, capacity 25740K, committed 26368K, reserved 1073152K
  class space    used 2739K, capacity 2915K, committed 3072K, reserved 1048576K
}

Deoptimization events (10 events):
Event: 19420.380 Thread 0x00007f35200cc000 Uncommon trap: reason=null_check action=make_not_entrant pc=0x00007f354142a6c4 method=sun.nio.ch.IOVecWrapper.get(I)Lsun/nio/ch/IOVecWrapper; @ 6
Event: 19820.367 Thread 0x00007f34a8001000 Uncommon trap: reason=unstable_if action=reinterpret pc=0x00007f3541896884 method=io.netty.channel.nio.NioEventLoop.select(Z)V @ 93
Event: 19889.387 Thread 0x00007f34e4001000 Uncommon trap: reason=unstable_if action=reinterpret pc=0x00007f35418964c8 method=io.netty.channel.nio.NioEventLoop.run()V @ 13
Event: 20034.643 Thread 0x00007f343c064000 Uncommon trap: reason=unstable_if action=reinterpret pc=0x00007f3541e3e0a0 method=org.eclipse.jetty.io.SelectChannelEndPoint.changeInterests(I)V @ 177
Event: 20078.843 Thread 0x00007f343c085000 Uncommon trap: reason=class_check action=maybe_recompile pc=0x00007f35414924f0 method=org.eclipse.jetty.io.FillInterest.isCallbackNonBlocking()Z @ 7
Event: 20139.017 Thread 0x00007f3520016000 Uncommon trap: reason=unstable_if action=reinterpret pc=0x00007f3541da5634 method=org.eclipse.jetty.io.SelectChannelEndPoint.changeInterests(I)V @ 177
Event: 20368.286 Thread 0x00007f343c09c000 Uncommon trap: reason=unstable_if action=reinterpret pc=0x00007f3541b7e6c0 method=org.eclipse.jetty.io.SelectChannelEndPoint.changeInterests(I)V @ 177
Event: 20417.770 Thread 0x00007f35501f9800 Uncommon trap: reason=class_check action=maybe_recompile pc=0x00007f3541cab148 method=java.util.Hashtable.get(Ljava/lang/Object;)Ljava/lang/Object; @ 6
Event: 20417.770 Thread 0x00007f35501f9800 Uncommon trap: reason=class_check action=maybe_recompile pc=0x00007f3541cab148 method=java.util.Hashtable.get(Ljava/lang/Object;)Ljava/lang/Object; @ 6
Event: 20417.770 Thread 0x00007f35501f9800 Uncommon trap: reason=unstable_if action=reinterpret pc=0x00007f35418c5e10 method=java.security.AccessControlContext.optimize()Ljava/security/AccessControlContext; @ 65

Internal exceptions (10 events):
Event: 3327.098 Thread 0x00007f343c094800 Implicit null exception at 0x00007f3541804ad6 to 0x00007f35418056ad
Event: 3865.572 Thread 0x00007f343c094800 Implicit null exception at 0x00007f3541674475 to 0x00007f3541674789
Event: 3884.492 Thread 0x00007f343c064000 Exception <a 'sun/nio/fs/UnixException'> (0x000000079cbfc7b0) thrown at [/HUDSON/workspace/8-2-build-linux-amd64/jdk8u66/4988/hotspot/src/share/vm/prims/jni.cpp, line 709]
Event: 4707.138 Thread 0x00007f343c08c800 Implicit null exception at 0x00007f35419d3607 to 0x00007f35419d5570
Event: 6598.035 Thread 0x00007f343c073800 Exception <a 'java/io/IOException'> (0x0000000792ca8490) thrown at [/HUDSON/workspace/8-2-build-linux-amd64/jdk8u66/4988/hotspot/src/share/vm/prims/jni.cpp, line 709]
Event: 7989.830 Thread 0x00007f343c060000 Exception <a 'sun/nio/fs/UnixException'> (0x000000078a5a6a90) thrown at [/HUDSON/workspace/8-2-build-linux-amd64/jdk8u66/4988/hotspot/src/share/vm/prims/jni.cpp, line 709]
Event: 7990.795 Thread 0x00007f343c090800 Exception <a 'java/io/IOException'> (0x00000007a78f8de0) thrown at [/HUDSON/workspace/8-2-build-linux-amd64/jdk8u66/4988/hotspot/src/share/vm/prims/jni.cpp, line 709]
Event: 10416.055 Thread 0x00007f343c060000 Exception <a 'java/io/IOException'> (0x00000007ae20fb98) thrown at [/HUDSON/workspace/8-2-build-linux-amd64/jdk8u66/4988/hotspot/src/share/vm/prims/jni.cpp, line 709]
Event: 15305.593 Thread 0x00007f343c096800 Exception <a 'java/io/IOException'> (0x0000000784a47490) thrown at [/HUDSON/workspace/8-2-build-linux-amd64/jdk8u66/4988/hotspot/src/share/vm/prims/jni.cpp, line 709]
Event: 20417.770 Thread 0x00007f35501f9800 Implicit null exception at 0x00007f35418c5441 to 0x00007f35418c5ddd

Events (10 events):
Event: 20417.770 loading class sun/misc/Signal$1
Event: 20417.770 loading class sun/misc/Signal$1 done
Event: 20417.770 Thread 0x00007f35501f9800 Uncommon trap: trap_request=0xffffff65 fr.pc=0x00007f35418c5e10
Event: 20417.770 Thread 0x00007f35501f9800 DEOPT PACKING pc=0x00007f35418c5e10 sp=0x00007f352a2e1600
Event: 20417.770 Thread 0x00007f35501f9800 DEOPT UNPACKING pc=0x00007f3541004f69 sp=0x00007f352a2e14c0 mode 2
Event: 20417.770 Thread 0x00007f3508016800 Thread added: 0x00007f3508016800
Event: 20417.770 Thread 0x00007f35200d3800 Thread added: 0x00007f35200d3800
Event: 20417.770 Thread 0x00007f35200d4000 Thread added: 0x00007f35200d4000
Event: 20417.770 loading class com/xrtb/commands/ShutdownNotice
Event: 20417.770 loading class com/xrtb/commands/ShutdownNotice done


Dynamic libraries:
00400000-00401000 r-xp 00000000 ca:01 275117                             /usr/lib/jvm/java-8-oracle/jre/bin/java
00600000-00601000 rw-p 00000000 ca:01 275117                             /usr/lib/jvm/java-8-oracle/jre/bin/java
016fe000-0171f000 rw-p 00000000 00:00 0                                  [heap]
6c0000000-6e6600000 rw-p 00000000 00:00 0 
6e6600000-76ab00000 ---p 00000000 00:00 0 
76ab00000-7c0000000 rw-p 00000000 00:00 0 
7c0000000-7c0300000 rw-p 00000000 00:00 0 
7c0300000-800000000 ---p 00000000 00:00 0 
7f3431da2000-7f3431da5000 ---p 00000000 00:00 0 
7f3431da5000-7f3431ea3000 rw-p 00000000 00:00 0 
7f34321a6000-7f34321a9000 ---p 00000000 00:00 0 
7f34321a9000-7f34322a7000 rw-p 00000000 00:00 0 
7f34322a7000-7f34322aa000 ---p 00000000 00:00 0 
7f34322aa000-7f34323a8000 rw-p 00000000 00:00 0 
7f3432cb1000-7f3432cb4000 ---p 00000000 00:00 0 
7f3432cb4000-7f3432db2000 rw-p 00000000 00:00 0 
7f34330b5000-7f34330b8000 ---p 00000000 00:00 0 
7f34330b8000-7f34331b6000 rw-p 00000000 00:00 0 
7f34332b7000-7f3433377000 rw-p 00000000 00:00 0 
7f3433377000-7f34334b7000 ---p 00000000 00:00 0 
7f34335b8000-7f34335bb000 ---p 00000000 00:00 0 
7f34335bb000-7f34336b9000 rw-p 00000000 00:00 0 
7f34339bc000-7f34339bf000 ---p 00000000 00:00 0 
7f34339bf000-7f3433abd000 rw-p 00000000 00:00 0                          [stack:23318]
7f3433bbe000-7f3433bc1000 ---p 00000000 00:00 0 
7f3433bc1000-7f3433cbf000 rw-p 00000000 00:00 0 
7f3433cbf000-7f3433cc2000 ---p 00000000 00:00 0 
7f3433cc2000-7f3433dc0000 rw-p 00000000 00:00 0 
7f3433dc0000-7f3433dc3000 ---p 00000000 00:00 0 
7f3433dc3000-7f3433ec1000 rw-p 00000000 00:00 0 
7f3433ec1000-7f3433ec4000 ---p 00000000 00:00 0 
7f3433ec4000-7f3433fc2000 rw-p 00000000 00:00 0 
7f3433fc2000-7f3433fc5000 ---p 00000000 00:00 0 
7f3433fc5000-7f34340c3000 rw-p 00000000 00:00 0 
7f34340c3000-7f34340c6000 ---p 00000000 00:00 0 
7f34340c6000-7f34341c4000 rw-p 00000000 00:00 0 
7f34341c4000-7f34341c7000 ---p 00000000 00:00 0 
7f34341c7000-7f34342c5000 rw-p 00000000 00:00 0 
7f34342c5000-7f34342c8000 ---p 00000000 00:00 0 
7f34342c8000-7f34343c6000 rw-p 00000000 00:00 0 
7f34343c6000-7f34343c9000 ---p 00000000 00:00 0 
7f34343c9000-7f34344c7000 rw-p 00000000 00:00 0 
7f34344c7000-7f34344ca000 ---p 00000000 00:00 0 
7f34344ca000-7f34345c8000 rw-p 00000000 00:00 0                          [stack:32309]
7f34345c8000-7f34345cb000 ---p 00000000 00:00 0 
7f34345cb000-7f34346c9000 rw-p 00000000 00:00 0                          [stack:14743]
7f34346c9000-7f34346cc000 ---p 00000000 00:00 0 
7f34346cc000-7f34347ca000 rw-p 00000000 00:00 0 
7f34347ca000-7f34347cd000 ---p 00000000 00:00 0 
7f34347cd000-7f34348cb000 rw-p 00000000 00:00 0                          [stack:32307]
7f34348cb000-7f34348ce000 ---p 00000000 00:00 0 
7f34348ce000-7f34349cc000 rw-p 00000000 00:00 0                          [stack:23321]
7f34349cc000-7f34349cf000 ---p 00000000 00:00 0 
7f34349cf000-7f3434acd000 rw-p 00000000 00:00 0 
7f3434acd000-7f3434ad0000 ---p 00000000 00:00 0 
7f3434ad0000-7f3434bce000 rw-p 00000000 00:00 0 
7f3434bce000-7f3434bd1000 ---p 00000000 00:00 0 
7f3434bd1000-7f3434ccf000 rw-p 00000000 00:00 0                          [stack:23320]
7f3434ccf000-7f3434cd2000 ---p 00000000 00:00 0 
7f3434cd2000-7f3434dd0000 rw-p 00000000 00:00 0 
7f3434dd0000-7f3434dd3000 ---p 00000000 00:00 0 
7f3434dd3000-7f3434ed1000 rw-p 00000000 00:00 0 
7f3434ed1000-7f3434ed4000 ---p 00000000 00:00 0 
7f3434ed4000-7f3434fd2000 rw-p 00000000 00:00 0 
7f3434fd2000-7f3434fd5000 ---p 00000000 00:00 0 
7f3434fd5000-7f34350d3000 rw-p 00000000 00:00 0 
7f34350d3000-7f34350d6000 ---p 00000000 00:00 0 
7f34350d6000-7f34351d4000 rw-p 00000000 00:00 0                          [stack:23324]
7f34351d4000-7f34351d7000 ---p 00000000 00:00 0 
7f34351d7000-7f34352d5000 rw-p 00000000 00:00 0 
7f34352d5000-7f34352d8000 ---p 00000000 00:00 0 
7f34352d8000-7f34353d6000 rw-p 00000000 00:00 0                          [stack:23316]
7f34353d6000-7f34353d9000 ---p 00000000 00:00 0 
7f34353d9000-7f34354d7000 rw-p 00000000 00:00 0 
7f34354d7000-7f34354da000 ---p 00000000 00:00 0 
7f34354da000-7f34355d8000 rw-p 00000000 00:00 0 
7f34355d8000-7f34355db000 ---p 00000000 00:00 0 
7f34355db000-7f34356d9000 rw-p 00000000 00:00 0                          [stack:23319]
7f34356d9000-7f34356dc000 ---p 00000000 00:00 0 
7f34356dc000-7f34357da000 rw-p 00000000 00:00 0 
7f34357da000-7f34357dd000 ---p 00000000 00:00 0 
7f34357dd000-7f34358db000 rw-p 00000000 00:00 0 
7f34358db000-7f34358de000 ---p 00000000 00:00 0 
7f34358de000-7f34359dc000 rw-p 00000000 00:00 0 
7f34359dc000-7f34359df000 ---p 00000000 00:00 0 
7f34359df000-7f3435add000 rw-p 00000000 00:00 0 
7f3435add000-7f3435ae0000 ---p 00000000 00:00 0 
7f3435ae0000-7f3435dde000 rw-p 00000000 00:00 0 
7f3435dde000-7f3435de1000 ---p 00000000 00:00 0 
7f3435de1000-7f3435edf000 rw-p 00000000 00:00 0 
7f3435edf000-7f3435ee2000 ---p 00000000 00:00 0 
7f3435ee2000-7f3435fe0000 rw-p 00000000 00:00 0                          [stack:20514]
7f3435fe0000-7f3435fe3000 ---p 00000000 00:00 0 
7f3435fe3000-7f34360e1000 rw-p 00000000 00:00 0                          [stack:20513]
7f34360e1000-7f34360e4000 ---p 00000000 00:00 0 
7f34360e4000-7f34361e2000 rw-p 00000000 00:00 0                          [stack:20512]
7f34362e3000-7f34362e6000 ---p 00000000 00:00 0 
7f34362e6000-7f34363e4000 rw-p 00000000 00:00 0                          [stack:20510]
7f34363e4000-7f34363e7000 ---p 00000000 00:00 0 
7f34363e7000-7f34364e5000 rw-p 00000000 00:00 0                          [stack:20509]
7f34364e5000-7f34364e8000 ---p 00000000 00:00 0 
7f34364e8000-7f34365e6000 rw-p 00000000 00:00 0                          [stack:20508]
7f34365e6000-7f34365e9000 ---p 00000000 00:00 0 
7f34365e9000-7f34366e7000 rw-p 00000000 00:00 0                          [stack:20507]
7f34366e7000-7f34366ea000 ---p 00000000 00:00 0 
7f34366ea000-7f34367e8000 rw-p 00000000 00:00 0 
7f34367e8000-7f34367eb000 ---p 00000000 00:00 0 
7f34367eb000-7f34368e9000 rw-p 00000000 00:00 0                          [stack:20505]
7f34368e9000-7f34368ec000 ---p 00000000 00:00 0 
7f34368ec000-7f34369ea000 rw-p 00000000 00:00 0 
7f34369ea000-7f34369ed000 ---p 00000000 00:00 0 
7f34369ed000-7f3436aeb000 rw-p 00000000 00:00 0                          [stack:20503]
7f3436aeb000-7f3436aee000 ---p 00000000 00:00 0 
7f3436aee000-7f3436bec000 rw-p 00000000 00:00 0                          [stack:20502]
7f3436bec000-7f3436bef000 ---p 00000000 00:00 0 
7f3436bef000-7f3436ced000 rw-p 00000000 00:00 0                          [stack:20501]
7f3436ced000-7f3436cf0000 ---p 00000000 00:00 0 
7f3436cf0000-7f3436dee000 rw-p 00000000 00:00 0                          [stack:20500]
7f3436dee000-7f3436df1000 ---p 00000000 00:00 0 
7f3436df1000-7f3436eef000 rw-p 00000000 00:00 0                          [stack:20499]
7f3436eef000-7f3436ef2000 ---p 00000000 00:00 0 
7f3436ef2000-7f3436ff0000 rw-p 00000000 00:00 0                          [stack:20498]
7f3436ff0000-7f3436ff3000 ---p 00000000 00:00 0 
7f3436ff3000-7f34370f1000 rw-p 00000000 00:00 0                          [stack:20497]
7f34370f1000-7f34370f4000 ---p 00000000 00:00 0 
7f34370f4000-7f34371f2000 rw-p 00000000 00:00 0                          [stack:20496]
7f34371f2000-7f34371f5000 ---p 00000000 00:00 0 
7f34371f5000-7f34372f3000 rw-p 00000000 00:00 0                          [stack:20495]
7f34372f3000-7f34372f6000 ---p 00000000 00:00 0 
7f34372f6000-7f34373f4000 rw-p 00000000 00:00 0                          [stack:20494]
7f34373f4000-7f34373f7000 ---p 00000000 00:00 0 
7f34373f7000-7f34374f5000 rw-p 00000000 00:00 0                          [stack:20493]
7f34374f5000-7f34374f8000 ---p 00000000 00:00 0 
7f34374f8000-7f34375f6000 rw-p 00000000 00:00 0                          [stack:20492]
7f34375f6000-7f34375f9000 ---p 00000000 00:00 0 
7f34375f9000-7f34376f7000 rw-p 00000000 00:00 0                          [stack:20491]
7f34376f7000-7f34376fa000 ---p 00000000 00:00 0 
7f34376fa000-7f34377f8000 rw-p 00000000 00:00 0 
7f34377f8000-7f34377fb000 ---p 00000000 00:00 0 
7f34377fb000-7f34378f9000 rw-p 00000000 00:00 0                          [stack:20489]
7f34378f9000-7f34378fc000 ---p 00000000 00:00 0 
7f34378fc000-7f34379fa000 rw-p 00000000 00:00 0                          [stack:20488]
7f34379fa000-7f34379fd000 ---p 00000000 00:00 0 
7f34379fd000-7f3437afb000 rw-p 00000000 00:00 0                          [stack:20487]
7f3437afb000-7f3437afe000 ---p 00000000 00:00 0 
7f3437afe000-7f3437bfc000 rw-p 00000000 00:00 0                          [stack:20486]
7f3437bfc000-7f3437bff000 ---p 00000000 00:00 0 
7f3437bff000-7f3437cfd000 rw-p 00000000 00:00 0                          [stack:20485]
7f3437cfd000-7f3437d00000 ---p 00000000 00:00 0 
7f3437d00000-7f3437dfe000 rw-p 00000000 00:00 0                          [stack:20484]
7f3437dfe000-7f3437e01000 ---p 00000000 00:00 0 
7f3437e01000-7f3437eff000 rw-p 00000000 00:00 0                          [stack:20483]
7f3437eff000-7f3437f02000 ---p 00000000 00:00 0 
7f3437f02000-7f3438000000 rw-p 00000000 00:00 0 
7f3438000000-7f3438044000 rw-p 00000000 00:00 0 
7f3438044000-7f343c000000 ---p 00000000 00:00 0 
7f343c000000-7f343c0fa000 rw-p 00000000 00:00 0 
7f343c0fa000-7f3440000000 ---p 00000000 00:00 0 
7f3440000000-7f3440021000 rw-p 00000000 00:00 0 
7f3440021000-7f3444000000 ---p 00000000 00:00 0 
7f3444000000-7f344428c000 rw-p 00000000 00:00 0 
7f344428c000-7f3448000000 ---p 00000000 00:00 0 
7f3448000000-7f344802c000 rw-p 00000000 00:00 0 
7f344802c000-7f344c000000 ---p 00000000 00:00 0 
7f344c000000-7f344c021000 rw-p 00000000 00:00 0 
7f344c021000-7f3450000000 ---p 00000000 00:00 0 
7f3450000000-7f345002c000 rw-p 00000000 00:00 0 
7f345002c000-7f3454000000 ---p 00000000 00:00 0 
7f3454000000-7f3454021000 rw-p 00000000 00:00 0 
7f3454021000-7f3458000000 ---p 00000000 00:00 0 
7f3458000000-7f3458021000 rw-p 00000000 00:00 0 
7f3458021000-7f345c000000 ---p 00000000 00:00 0 
7f345c000000-7f345c02f000 rw-p 00000000 00:00 0 
7f345c02f000-7f3460000000 ---p 00000000 00:00 0 
7f3460000000-7f3460021000 rw-p 00000000 00:00 0 
7f3460021000-7f3464000000 ---p 00000000 00:00 0 
7f3464000000-7f3464021000 rw-p 00000000 00:00 0 
7f3464021000-7f3468000000 ---p 00000000 00:00 0 
7f3468000000-7f3468023000 rw-p 00000000 00:00 0 
7f3468023000-7f346c000000 ---p 00000000 00:00 0 
7f346c000000-7f346c021000 rw-p 00000000 00:00 0 
7f346c021000-7f3470000000 ---p 00000000 00:00 0 
7f3470000000-7f3470021000 rw-p 00000000 00:00 0 
7f3470021000-7f3474000000 ---p 00000000 00:00 0 
7f3474000000-7f3474029000 rw-p 00000000 00:00 0 
7f3474029000-7f3478000000 ---p 00000000 00:00 0 
7f3478000000-7f3478021000 rw-p 00000000 00:00 0 
7f3478021000-7f347c000000 ---p 00000000 00:00 0 
7f347c000000-7f347c021000 rw-p 00000000 00:00 0 
7f347c021000-7f3480000000 ---p 00000000 00:00 0 
7f3480000000-7f3480023000 rw-p 00000000 00:00 0 
7f3480023000-7f3484000000 ---p 00000000 00:00 0 
7f3484000000-7f3484029000 rw-p 00000000 00:00 0 
7f3484029000-7f3488000000 ---p 00000000 00:00 0 
7f3488000000-7f3488021000 rw-p 00000000 00:00 0 
7f3488021000-7f348c000000 ---p 00000000 00:00 0 
7f348c000000-7f348c027000 rw-p 00000000 00:00 0 
7f348c027000-7f3490000000 ---p 00000000 00:00 0 
7f3490000000-7f3490043000 rw-p 00000000 00:00 0 
7f3490043000-7f3494000000 ---p 00000000 00:00 0 
7f3494000000-7f3494048000 rw-p 00000000 00:00 0 
7f3494048000-7f3498000000 ---p 00000000 00:00 0 
7f3498000000-7f349803e000 rw-p 00000000 00:00 0 
7f349803e000-7f349c000000 ---p 00000000 00:00 0 
7f349c000000-7f349c05f000 rw-p 00000000 00:00 0 
7f349c05f000-7f34a0000000 ---p 00000000 00:00 0 
7f34a0000000-7f34a0021000 rw-p 00000000 00:00 0 
7f34a0021000-7f34a4000000 ---p 00000000 00:00 0 
7f34a4000000-7f34a4021000 rw-p 00000000 00:00 0 
7f34a4021000-7f34a8000000 ---p 00000000 00:00 0 
7f34a8000000-7f34a8037000 rw-p 00000000 00:00 0 
7f34a8037000-7f34ac000000 ---p 00000000 00:00 0 
7f34ac000000-7f34ac021000 rw-p 00000000 00:00 0 
7f34ac021000-7f34b0000000 ---p 00000000 00:00 0 
7f34b0000000-7f34b0021000 rw-p 00000000 00:00 0 
7f34b0021000-7f34b4000000 ---p 00000000 00:00 0 
7f34b4000000-7f34b4023000 rw-p 00000000 00:00 0 
7f34b4023000-7f34b8000000 ---p 00000000 00:00 0 
7f34b8000000-7f34b8021000 rw-p 00000000 00:00 0 
7f34b8021000-7f34bc000000 ---p 00000000 00:00 0 
7f34bc000000-7f34bc036000 rw-p 00000000 00:00 0 
7f34bc036000-7f34c0000000 ---p 00000000 00:00 0 
7f34c0000000-7f34c0021000 rw-p 00000000 00:00 0 
7f34c0021000-7f34c4000000 ---p 00000000 00:00 0 
7f34c4000000-7f34c4290000 rw-p 00000000 00:00 0 
7f34c4290000-7f34c8000000 ---p 00000000 00:00 0 
7f34c8000000-7f34c8021000 rw-p 00000000 00:00 0 
7f34c8021000-7f34cc000000 ---p 00000000 00:00 0 
7f34cc000000-7f34cc02f000 rw-p 00000000 00:00 0 
7f34cc02f000-7f34d0000000 ---p 00000000 00:00 0 
7f34d00be000-7f34d00c1000 ---p 00000000 00:00 0 
7f34d00c1000-7f34d01bf000 rw-p 00000000 00:00 0                          [stack:20481]
7f34d01bf000-7f34d01c2000 ---p 00000000 00:00 0 
7f34d01c2000-7f34d02c0000 rw-p 00000000 00:00 0                          [stack:20480]
7f34d02c0000-7f34d02c3000 ---p 00000000 00:00 0 
7f34d02c3000-7f34d03c1000 rw-p 00000000 00:00 0                          [stack:20479]
7f34d03c1000-7f34d03c4000 ---p 00000000 00:00 0 
7f34d03c4000-7f34d04c2000 rw-p 00000000 00:00 0 
7f34d05c3000-7f34d05c6000 ---p 00000000 00:00 0 
7f34d05c6000-7f34d06c4000 rw-p 00000000 00:00 0                          [stack:20476]
7f34d06c4000-7f34d06c7000 ---p 00000000 00:00 0 
7f34d06c7000-7f34d07c5000 rw-p 00000000 00:00 0                          [stack:20475]
7f34d07c5000-7f34d07c8000 ---p 00000000 00:00 0 
7f34d07c8000-7f34d08c6000 rw-p 00000000 00:00 0                          [stack:20474]
7f34d08c6000-7f34d08c9000 ---p 00000000 00:00 0 
7f34d08c9000-7f34d09c7000 rw-p 00000000 00:00 0                          [stack:20473]
7f34d09c7000-7f34d09ca000 ---p 00000000 00:00 0 
7f34d09ca000-7f34d0ac8000 rw-p 00000000 00:00 0                          [stack:20472]
7f34d0ac8000-7f34d0acb000 ---p 00000000 00:00 0 
7f34d0acb000-7f34d0bc9000 rw-p 00000000 00:00 0                          [stack:20471]
7f34d0bc9000-7f34d0bcc000 ---p 00000000 00:00 0 
7f34d0bcc000-7f34d0cca000 rw-p 00000000 00:00 0                          [stack:20470]
7f34d0cca000-7f34d0ccd000 ---p 00000000 00:00 0 
7f34d0ccd000-7f34d0dcb000 rw-p 00000000 00:00 0                          [stack:20469]
7f34d0dcb000-7f34d0dce000 ---p 00000000 00:00 0 
7f34d0dce000-7f34d0ecc000 rw-p 00000000 00:00 0                          [stack:20468]
7f34d0ecc000-7f34d0ecf000 ---p 00000000 00:00 0 
7f34d0ecf000-7f34d0fcd000 rw-p 00000000 00:00 0                          [stack:20467]
7f34d0fcd000-7f34d0fd0000 ---p 00000000 00:00 0 
7f34d0fd0000-7f34d10ce000 rw-p 00000000 00:00 0                          [stack:20466]
7f34d10ce000-7f34d10d1000 ---p 00000000 00:00 0 
7f34d10d1000-7f34d11cf000 rw-p 00000000 00:00 0                          [stack:20465]
7f34d11cf000-7f34d11d2000 ---p 00000000 00:00 0 
7f34d11d2000-7f34d12d0000 rw-p 00000000 00:00 0                          [stack:20464]
7f34d12d0000-7f34d12d3000 ---p 00000000 00:00 0 
7f34d12d3000-7f34d13d1000 rw-p 00000000 00:00 0                          [stack:20463]
7f34d13d1000-7f34d13d4000 ---p 00000000 00:00 0 
7f34d13d4000-7f34d14d2000 rw-p 00000000 00:00 0                          [stack:20461]
7f34d14d2000-7f34d14d5000 ---p 00000000 00:00 0 
7f34d14d5000-7f34d17d3000 rw-p 00000000 00:00 0                          [stack:20460]
7f34d17d3000-7f34d17d6000 ---p 00000000 00:00 0 
7f34d17d6000-7f34d18d4000 rw-p 00000000 00:00 0                          [stack:20459]
7f34d18d4000-7f34d18d7000 ---p 00000000 00:00 0 
7f34d18d7000-7f34d19d5000 rw-p 00000000 00:00 0                          [stack:20458]
7f34d19d5000-7f34d19d8000 ---p 00000000 00:00 0 
7f34d19d8000-7f34d1ad6000 rw-p 00000000 00:00 0                          [stack:20457]
7f34d1ad6000-7f34d1ad9000 ---p 00000000 00:00 0 
7f34d1ad9000-7f34d1bd7000 rw-p 00000000 00:00 0                          [stack:20456]
7f34d1bd7000-7f34d1bda000 ---p 00000000 00:00 0 
7f34d1bda000-7f34d1cd8000 rw-p 00000000 00:00 0                          [stack:20455]
7f34d1cd8000-7f34d1cdb000 ---p 00000000 00:00 0 
7f34d1cdb000-7f34d1dd9000 rw-p 00000000 00:00 0                          [stack:20454]
7f34d1dd9000-7f34d1ddc000 ---p 00000000 00:00 0 
7f34d1ddc000-7f34d1eda000 rw-p 00000000 00:00 0                          [stack:20453]
7f34d1eda000-7f34d1edd000 ---p 00000000 00:00 0 
7f34d1edd000-7f34d1fdb000 rw-p 00000000 00:00 0                          [stack:20452]
7f34d1fdb000-7f34d1fde000 ---p 00000000 00:00 0 
7f34d1fde000-7f34d20dc000 rw-p 00000000 00:00 0                          [stack:20450]
7f34d20dc000-7f34d20df000 ---p 00000000 00:00 0 
7f34d20df000-7f34d21dd000 rw-p 00000000 00:00 0                          [stack:20451]
7f34d21dd000-7f34d21e5000 r-xp 00000000 ca:01 275177                     /usr/lib/jvm/java-8-oracle/jre/lib/amd64/libmanagement.so
7f34d21e5000-7f34d23e5000 ---p 00008000 ca:01 275177                     /usr/lib/jvm/java-8-oracle/jre/lib/amd64/libmanagement.so
7f34d23e5000-7f34d23e6000 rw-p 00008000 ca:01 275177                     /usr/lib/jvm/java-8-oracle/jre/lib/amd64/libmanagement.so
7f34d23e6000-7f34d25e6000 rw-p 00000000 00:00 0 
7f34d25e6000-7f34d25e9000 ---p 00000000 00:00 0 
7f34d25e9000-7f34d26e7000 rw-p 00000000 00:00 0                          [stack:20448]
7f34d26e7000-7f34d26ea000 ---p 00000000 00:00 0 
7f34d26ea000-7f34d27e8000 rw-p 00000000 00:00 0                          [stack:20447]
7f34d27e8000-7f34d27eb000 ---p 00000000 00:00 0 
7f34d27eb000-7f34d28e9000 rw-p 00000000 00:00 0                          [stack:20446]
7f34d28e9000-7f34d28ec000 ---p 00000000 00:00 0 
7f34d28ec000-7f34d29ea000 rw-p 00000000 00:00 0                          [stack:20445]
7f34d29ea000-7f34d29ed000 ---p 00000000 00:00 0 
7f34d29ed000-7f34d2aeb000 rw-p 00000000 00:00 0                          [stack:20444]
7f34d2aeb000-7f34d2aee000 ---p 00000000 00:00 0 
7f34d2aee000-7f34d2bec000 rw-p 00000000 00:00 0                          [stack:20443]
7f34d2bec000-7f34d2bef000 ---p 00000000 00:00 0 
7f34d2bef000-7f34d2ced000 rw-p 00000000 00:00 0                          [stack:20442]
7f34d2ced000-7f34d2cf0000 ---p 00000000 00:00 0 
7f34d2cf0000-7f34d2dee000 rw-p 00000000 00:00 0                          [stack:20441]
7f34d2dee000-7f34d2df1000 ---p 00000000 00:00 0 
7f34d2df1000-7f34d2eef000 rw-p 00000000 00:00 0                          [stack:20440]
7f34d2eef000-7f34d2ef2000 ---p 00000000 00:00 0 
7f34d2ef2000-7f34d2ff0000 rw-p 00000000 00:00 0                          [stack:20439]
7f34d2ff0000-7f34d2ff3000 ---p 00000000 00:00 0 
7f34d2ff3000-7f34d30f1000 rw-p 00000000 00:00 0                          [stack:20438]
7f34d30f1000-7f34d30f4000 ---p 00000000 00:00 0 
7f34d30f4000-7f34d31f2000 rw-p 00000000 00:00 0                          [stack:20437]
7f34d31f2000-7f34d31f5000 ---p 00000000 00:00 0 
7f34d31f5000-7f34d32f3000 rw-p 00000000 00:00 0                          [stack:20436]
7f34d32f3000-7f34d32f6000 ---p 00000000 00:00 0 
7f34d32f6000-7f34d33f4000 rw-p 00000000 00:00 0                          [stack:20435]
7f34d33f4000-7f34d33f7000 ---p 00000000 00:00 0 
7f34d33f7000-7f34d34f5000 rw-p 00000000 00:00 0                          [stack:20434]
7f34d34f5000-7f34d34f8000 ---p 00000000 00:00 0 
7f34d34f8000-7f34d35f6000 rw-p 00000000 00:00 0                          [stack:20433]
7f34d35f6000-7f34d35f9000 ---p 00000000 00:00 0 
7f34d35f9000-7f34d36f7000 rw-p 00000000 00:00 0                          [stack:20432]
7f34d36f7000-7f34d36fa000 ---p 00000000 00:00 0 
7f34d36fa000-7f34d37f8000 rw-p 00000000 00:00 0                          [stack:20431]
7f34d37f8000-7f34d37fb000 ---p 00000000 00:00 0 
7f34d37fb000-7f34d38f9000 rw-p 00000000 00:00 0                          [stack:20430]
7f34d38f9000-7f34d38fc000 ---p 00000000 00:00 0 
7f34d38fc000-7f34d39fa000 rw-p 00000000 00:00 0                          [stack:20429]
7f34d39fa000-7f34d39fd000 ---p 00000000 00:00 0 
7f34d39fd000-7f34d3afb000 rw-p 00000000 00:00 0                          [stack:20428]
7f34d3afb000-7f34d3afe000 ---p 00000000 00:00 0 
7f34d3afe000-7f34d3bfc000 rw-p 00000000 00:00 0                          [stack:20427]
7f34d3bfc000-7f34d3bff000 ---p 00000000 00:00 0 
7f34d3bff000-7f34d3cfd000 rw-p 00000000 00:00 0                          [stack:20426]
7f34d3cfd000-7f34d3d00000 ---p 00000000 00:00 0 
7f34d3d00000-7f34d3dfe000 rw-p 00000000 00:00 0                          [stack:20425]
7f34d3dfe000-7f34d3e01000 ---p 00000000 00:00 0 
7f34d3e01000-7f34d3eff000 rw-p 00000000 00:00 0                          [stack:20424]
7f34d3eff000-7f34d3f02000 ---p 00000000 00:00 0 
7f34d3f02000-7f34d4000000 rw-p 00000000 00:00 0                          [stack:20423]
7f34d4000000-7f34d402b000 rw-p 00000000 00:00 0 
7f34d402b000-7f34d8000000 ---p 00000000 00:00 0 
7f34d8000000-7f34d802a000 rw-p 00000000 00:00 0 
7f34d802a000-7f34dc000000 ---p 00000000 00:00 0 
7f34dc000000-7f34dc025000 rw-p 00000000 00:00 0 
7f34dc025000-7f34e0000000 ---p 00000000 00:00 0 
7f34e0000000-7f34e0027000 rw-p 00000000 00:00 0 
7f34e0027000-7f34e4000000 ---p 00000000 00:00 0 
7f34e4000000-7f34e4031000 rw-p 00000000 00:00 0 
7f34e4031000-7f34e8000000 ---p 00000000 00:00 0 
7f34e8000000-7f34e802f000 rw-p 00000000 00:00 0 
7f34e802f000-7f34ec000000 ---p 00000000 00:00 0 
7f34ec000000-7f34ec021000 rw-p 00000000 00:00 0 
7f34ec021000-7f34f0000000 ---p 00000000 00:00 0 
7f34f0000000-7f34f0026000 rw-p 00000000 00:00 0 
7f34f0026000-7f34f4000000 ---p 00000000 00:00 0 
7f34f4000000-7f34f5f76000 rw-p 00000000 00:00 0 
7f34f5f76000-7f34f8000000 ---p 00000000 00:00 0 
7f34f8000000-7f34f8c4d000 rw-p 00000000 00:00 0 
7f34f8c4d000-7f34fc000000 ---p 00000000 00:00 0 
7f34fc000000-7f34fd722000 rw-p 00000000 00:00 0 
7f34fd722000-7f3500000000 ---p 00000000 00:00 0 
7f3500000000-7f3501383000 rw-p 00000000 00:00 0 
7f3501383000-7f3504000000 ---p 00000000 00:00 0 
7f3504000000-7f3504021000 rw-p 00000000 00:00 0 
7f3504021000-7f3508000000 ---p 00000000 00:00 0 
7f3508000000-7f3508021000 rw-p 00000000 00:00 0 
7f3508021000-7f350c000000 ---p 00000000 00:00 0 
7f350c000000-7f350c1e2000 rw-p 00000000 00:00 0 
7f350c1e2000-7f3510000000 ---p 00000000 00:00 0 
7f3510000000-7f3510021000 rw-p 00000000 00:00 0 
7f3510021000-7f3514000000 ---p 00000000 00:00 0 
7f3514000000-7f351c000000 rw-p 00000000 00:00 0 
7f351c000000-7f351c023000 rw-p 00000000 00:00 0 
7f351c023000-7f3520000000 ---p 00000000 00:00 0 
7f3520000000-7f352039a000 rw-p 00000000 00:00 0 
7f352039a000-7f3524000000 ---p 00000000 00:00 0 
7f3524000000-7f3524034000 rw-p 00000000 00:00 0 
7f3524034000-7f3528000000 ---p 00000000 00:00 0 
7f35280b3000-7f35280b6000 ---p 00000000 00:00 0 
7f35280b6000-7f35281b4000 rw-p 00000000 00:00 0                          [stack:20422]
7f35281b4000-7f35281b7000 ---p 00000000 00:00 0 
7f35281b7000-7f35282b5000 rw-p 00000000 00:00 0                          [stack:20421]
7f35282b5000-7f35282b8000 ---p 00000000 00:00 0 
7f35282b8000-7f35283b6000 rw-p 00000000 00:00 0                          [stack:20420]
7f35283b6000-7f35283b9000 ---p 00000000 00:00 0 
7f35283b9000-7f35284b7000 rw-p 00000000 00:00 0                          [stack:20419]
7f35284b7000-7f35284ba000 ---p 00000000 00:00 0 
7f35284ba000-7f35285b8000 rw-p 00000000 00:00 0                          [stack:20418]
7f35285b8000-7f35285bb000 ---p 00000000 00:00 0 
7f35285bb000-7f35288b9000 rw-p 00000000 00:00 0                          [stack:20417]
7f35288b9000-7f35288bc000 ---p 00000000 00:00 0 
7f35288bc000-7f35289ba000 rw-p 00000000 00:00 0                          [stack:20416]
7f35289ba000-7f35289d1000 r-xp 00000000 ca:01 396095                     /lib/x86_64-linux-gnu/libresolv-2.19.so
7f35289d1000-7f3528bd1000 ---p 00017000 ca:01 396095                     /lib/x86_64-linux-gnu/libresolv-2.19.so
7f3528bd1000-7f3528bd2000 r--p 00017000 ca:01 396095                     /lib/x86_64-linux-gnu/libresolv-2.19.so
7f3528bd2000-7f3528bd3000 rw-p 00018000 ca:01 396095                     /lib/x86_64-linux-gnu/libresolv-2.19.so
7f3528bd3000-7f3528bd5000 rw-p 00000000 00:00 0 
7f3528bd5000-7f3528bda000 r-xp 00000000 ca:01 396073                     /lib/x86_64-linux-gnu/libnss_dns-2.19.so
7f3528bda000-7f3528dd9000 ---p 00005000 ca:01 396073                     /lib/x86_64-linux-gnu/libnss_dns-2.19.so
7f3528dd9000-7f3528dda000 r--p 00004000 ca:01 396073                     /lib/x86_64-linux-gnu/libnss_dns-2.19.so
7f3528dda000-7f3528ddb000 rw-p 00005000 ca:01 396073                     /lib/x86_64-linux-gnu/libnss_dns-2.19.so
7f3528ddb000-7f3528dde000 ---p 00000000 00:00 0 
7f3528dde000-7f35290dc000 rw-p 00000000 00:00 0                          [stack:20414]
7f3529122000-7f3529125000 ---p 00000000 00:00 0 
7f3529125000-7f3529223000 rw-p 00000000 00:00 0 
7f3529223000-7f3529226000 ---p 00000000 00:00 0 
7f3529226000-7f3529324000 rw-p 00000000 00:00 0                          [stack:23322]
7f3529324000-7f3529524000 rw-p 00000000 00:00 0 
7f3529524000-7f3529724000 rw-p 00000000 00:00 0 
7f3529724000-7f352973a000 r-xp 00000000 ca:01 275187                     /usr/lib/jvm/java-8-oracle/jre/lib/amd64/libnet.so
7f352973a000-7f352993a000 ---p 00016000 ca:01 275187                     /usr/lib/jvm/java-8-oracle/jre/lib/amd64/libnet.so
7f352993a000-7f352993b000 rw-p 00016000 ca:01 275187                     /usr/lib/jvm/java-8-oracle/jre/lib/amd64/libnet.so
7f352993b000-7f352994c000 r-xp 00000000 ca:01 275151                     /usr/lib/jvm/java-8-oracle/jre/lib/amd64/libnio.so
7f352994c000-7f3529b4b000 ---p 00011000 ca:01 275151                     /usr/lib/jvm/java-8-oracle/jre/lib/amd64/libnio.so
7f3529b4b000-7f3529b4c000 rw-p 00010000 ca:01 275151                     /usr/lib/jvm/java-8-oracle/jre/lib/amd64/libnio.so
7f3529b4c000-7f3529bdc000 r--s 00844000 ca:01 274397                     /home/ubuntu/XRTB/xrtb-all.jar
7f3529bdc000-7f3529bdd000 ---p 00000000 00:00 0 
7f3529bdd000-7f3529cdd000 rw-p 00000000 00:00 0                          [stack:20413]
7f3529cdd000-7f3529ce0000 ---p 00000000 00:00 0 
7f3529ce0000-7f3529dde000 rw-p 00000000 00:00 0                          [stack:20412]
7f3529dde000-7f3529de1000 ---p 00000000 00:00 0 
7f3529de1000-7f3529edf000 rw-p 00000000 00:00 0                          [stack:20411]
7f3529edf000-7f3529ee2000 ---p 00000000 00:00 0 
7f3529ee2000-7f3529fe0000 rw-p 00000000 00:00 0                          [stack:20410]
7f3529fe0000-7f3529fe3000 ---p 00000000 00:00 0 
7f3529fe3000-7f352a0e1000 rw-p 00000000 00:00 0                          [stack:20409]
7f352a0e1000-7f352a0e4000 ---p 00000000 00:00 0 
7f352a0e4000-7f352a1e2000 rw-p 00000000 00:00 0                          [stack:20408]
7f352a1e2000-7f352a1e5000 ---p 00000000 00:00 0 
7f352a1e5000-7f352a2e3000 rw-p 00000000 00:00 0                          [stack:20407]
7f352a2e3000-7f352a2e6000 ---p 00000000 00:00 0 
7f352a2e6000-7f352a3e4000 rw-p 00000000 00:00 0                          [stack:20406]
7f352a3e4000-7f352a3e7000 ---p 00000000 00:00 0 
7f352a3e7000-7f352a4e5000 rw-p 00000000 00:00 0                          [stack:20405]
7f352a4e5000-7f352a4e6000 ---p 00000000 00:00 0 
7f352a4e6000-7f352c000000 rw-p 00000000 00:00 0                          [stack:20404]
7f352c000000-7f352c021000 rw-p 00000000 00:00 0 
7f352c021000-7f3530000000 ---p 00000000 00:00 0 
7f3530000000-7f3530044000 rw-p 00000000 00:00 0 
7f3530044000-7f3534000000 ---p 00000000 00:00 0 
7f3534000000-7f3534024000 rw-p 00000000 00:00 0 
7f3534024000-7f3538000000 ---p 00000000 00:00 0 
7f3538000000-7f3538021000 rw-p 00000000 00:00 0 
7f3538021000-7f353c000000 ---p 00000000 00:00 0 
7f353c000000-7f353c02b000 rw-p 00000000 00:00 0 
7f353c02b000-7f3540000000 ---p 00000000 00:00 0 
7f3540000000-7f3541000000 rw-p 00000000 00:00 0 
7f3541000000-7f3541f80000 rwxp 00000000 00:00 0 
7f3541f80000-7f3550000000 ---p 00000000 00:00 0 
7f3550000000-7f35508b9000 rw-p 00000000 00:00 0 
7f35508b9000-7f3554000000 ---p 00000000 00:00 0 
7f3554007000-7f3554011000 r--s 00116000 ca:01 275307                     /usr/lib/jvm/java-8-oracle/jre/lib/ext/localedata.jar
7f3554011000-7f3554161000 rw-p 00000000 00:00 0 
7f3554161000-7f355433a000 r--s 03d20000 ca:01 275279                     /usr/lib/jvm/java-8-oracle/jre/lib/rt.jar
7f355433a000-7f35543b0000 rw-p 00000000 00:00 0 
7f35543b0000-7f35543b1000 ---p 00000000 00:00 0 
7f35543b1000-7f35544b1000 rw-p 00000000 00:00 0                          [stack:20403]
7f35544b1000-7f35544b2000 ---p 00000000 00:00 0 
7f35544b2000-7f35545b2000 rw-p 00000000 00:00 0                          [stack:20402]
7f35545b2000-7f35545b3000 ---p 00000000 00:00 0 
7f35545b3000-7f35546b3000 rw-p 00000000 00:00 0                          [stack:20401]
7f35546b3000-7f35546b4000 ---p 00000000 00:00 0 
7f35546b4000-7f35547b4000 rw-p 00000000 00:00 0                          [stack:20400]
7f35547b4000-7f35547b5000 ---p 00000000 00:00 0 
7f35547b5000-7f35548b5000 rw-p 00000000 00:00 0                          [stack:20399]
7f35548b5000-7f35548b6000 ---p 00000000 00:00 0 
7f35548b6000-7f35549b6000 rw-p 00000000 00:00 0                          [stack:20398]
7f35549b6000-7f35549b7000 ---p 00000000 00:00 0 
7f35549b7000-7f3554ab7000 rw-p 00000000 00:00 0                          [stack:20397]
7f3554ab7000-7f3554ab8000 ---p 00000000 00:00 0 
7f3554ab8000-7f3554ceb000 rw-p 00000000 00:00 0                          [stack:20396]
7f3554ceb000-7f355510e000 ---p 00000000 00:00 0 
7f355510e000-7f3555241000 rw-p 00000000 00:00 0 
7f3555241000-7f3555663000 ---p 00000000 00:00 0 
7f3555663000-7f355590e000 rw-p 00000000 00:00 0 
7f355590e000-7f355594d000 rw-p 00000000 00:00 0 
7f355594d000-7f3555ccf000 ---p 00000000 00:00 0 
7f3555ccf000-7f3555ce9000 r-xp 00000000 ca:01 275188                     /usr/lib/jvm/java-8-oracle/jre/lib/amd64/libzip.so
7f3555ce9000-7f3555ee9000 ---p 0001a000 ca:01 275188                     /usr/lib/jvm/java-8-oracle/jre/lib/amd64/libzip.so
7f3555ee9000-7f3555eea000 rw-p 0001a000 ca:01 275188                     /usr/lib/jvm/java-8-oracle/jre/lib/amd64/libzip.so
7f3555eea000-7f3555ef5000 r-xp 00000000 ca:01 396074                     /lib/x86_64-linux-gnu/libnss_files-2.19.so
7f3555ef5000-7f35560f4000 ---p 0000b000 ca:01 396074                     /lib/x86_64-linux-gnu/libnss_files-2.19.so
7f35560f4000-7f35560f5000 r--p 0000a000 ca:01 396074                     /lib/x86_64-linux-gnu/libnss_files-2.19.so
7f35560f5000-7f35560f6000 rw-p 0000b000 ca:01 396074                     /lib/x86_64-linux-gnu/libnss_files-2.19.so
7f35560f6000-7f3556101000 r-xp 00000000 ca:01 396076                     /lib/x86_64-linux-gnu/libnss_nis-2.19.so
7f3556101000-7f3556300000 ---p 0000b000 ca:01 396076                     /lib/x86_64-linux-gnu/libnss_nis-2.19.so
7f3556300000-7f3556301000 r--p 0000a000 ca:01 396076                     /lib/x86_64-linux-gnu/libnss_nis-2.19.so
7f3556301000-7f3556302000 rw-p 0000b000 ca:01 396076                     /lib/x86_64-linux-gnu/libnss_nis-2.19.so
7f3556302000-7f3556319000 r-xp 00000000 ca:01 396071                     /lib/x86_64-linux-gnu/libnsl-2.19.so
7f3556319000-7f3556518000 ---p 00017000 ca:01 396071                     /lib/x86_64-linux-gnu/libnsl-2.19.so
7f3556518000-7f3556519000 r--p 00016000 ca:01 396071                     /lib/x86_64-linux-gnu/libnsl-2.19.so
7f3556519000-7f355651a000 rw-p 00017000 ca:01 396071                     /lib/x86_64-linux-gnu/libnsl-2.19.so
7f355651a000-7f355651c000 rw-p 00000000 00:00 0 
7f355651c000-7f3556525000 r-xp 00000000 ca:01 396072                     /lib/x86_64-linux-gnu/libnss_compat-2.19.so
7f3556525000-7f3556724000 ---p 00009000 ca:01 396072                     /lib/x86_64-linux-gnu/libnss_compat-2.19.so
7f3556724000-7f3556725000 r--p 00008000 ca:01 396072                     /lib/x86_64-linux-gnu/libnss_compat-2.19.so
7f3556725000-7f3556726000 rw-p 00009000 ca:01 396072                     /lib/x86_64-linux-gnu/libnss_compat-2.19.so
7f3556726000-7f3556750000 r-xp 00000000 ca:01 275210                     /usr/lib/jvm/java-8-oracle/jre/lib/amd64/libjava.so
7f3556750000-7f3556950000 ---p 0002a000 ca:01 275210                     /usr/lib/jvm/java-8-oracle/jre/lib/amd64/libjava.so
7f3556950000-7f3556952000 rw-p 0002a000 ca:01 275210                     /usr/lib/jvm/java-8-oracle/jre/lib/amd64/libjava.so
7f3556952000-7f355695f000 r-xp 00000000 ca:01 275200                     /usr/lib/jvm/java-8-oracle/jre/lib/amd64/libverify.so
7f355695f000-7f3556b5f000 ---p 0000d000 ca:01 275200                     /usr/lib/jvm/java-8-oracle/jre/lib/amd64/libverify.so
7f3556b5f000-7f3556b61000 rw-p 0000d000 ca:01 275200                     /usr/lib/jvm/java-8-oracle/jre/lib/amd64/libverify.so
7f3556b61000-7f3556b68000 r-xp 00000000 ca:01 396096                     /lib/x86_64-linux-gnu/librt-2.19.so
7f3556b68000-7f3556d67000 ---p 00007000 ca:01 396096                     /lib/x86_64-linux-gnu/librt-2.19.so
7f3556d67000-7f3556d68000 r--p 00006000 ca:01 396096                     /lib/x86_64-linux-gnu/librt-2.19.so
7f3556d68000-7f3556d69000 rw-p 00007000 ca:01 396096                     /lib/x86_64-linux-gnu/librt-2.19.so
7f3556d69000-7f3556e6e000 r-xp 00000000 ca:01 396063                     /lib/x86_64-linux-gnu/libm-2.19.so
7f3556e6e000-7f355706d000 ---p 00105000 ca:01 396063                     /lib/x86_64-linux-gnu/libm-2.19.so
7f355706d000-7f355706e000 r--p 00104000 ca:01 396063                     /lib/x86_64-linux-gnu/libm-2.19.so
7f355706e000-7f355706f000 rw-p 00105000 ca:01 396063                     /lib/x86_64-linux-gnu/libm-2.19.so
7f355706f000-7f3557d2d000 r-xp 00000000 ca:01 275207                     /usr/lib/jvm/java-8-oracle/jre/lib/amd64/server/libjvm.so
7f3557d2d000-7f3557f2c000 ---p 00cbe000 ca:01 275207                     /usr/lib/jvm/java-8-oracle/jre/lib/amd64/server/libjvm.so
7f3557f2c000-7f3558005000 rw-p 00cbd000 ca:01 275207                     /usr/lib/jvm/java-8-oracle/jre/lib/amd64/server/libjvm.so
7f3558005000-7f3558049000 rw-p 00000000 00:00 0 
7f3558049000-7f3558204000 r-xp 00000000 ca:01 396040                     /lib/x86_64-linux-gnu/libc-2.19.so
7f3558204000-7f3558403000 ---p 001bb000 ca:01 396040                     /lib/x86_64-linux-gnu/libc-2.19.so
7f3558403000-7f3558407000 r--p 001ba000 ca:01 396040                     /lib/x86_64-linux-gnu/libc-2.19.so
7f3558407000-7f3558409000 rw-p 001be000 ca:01 396040                     /lib/x86_64-linux-gnu/libc-2.19.so
7f3558409000-7f355840e000 rw-p 00000000 00:00 0 
7f355840e000-7f3558411000 r-xp 00000000 ca:01 396049                     /lib/x86_64-linux-gnu/libdl-2.19.so
7f3558411000-7f3558610000 ---p 00003000 ca:01 396049                     /lib/x86_64-linux-gnu/libdl-2.19.so
7f3558610000-7f3558611000 r--p 00002000 ca:01 396049                     /lib/x86_64-linux-gnu/libdl-2.19.so
7f3558611000-7f3558612000 rw-p 00003000 ca:01 396049                     /lib/x86_64-linux-gnu/libdl-2.19.so
7f3558612000-7f3558627000 r-xp 00000000 ca:01 275154                     /usr/lib/jvm/java-8-oracle/jre/lib/amd64/jli/libjli.so
7f3558627000-7f3558827000 ---p 00015000 ca:01 275154                     /usr/lib/jvm/java-8-oracle/jre/lib/amd64/jli/libjli.so
7f3558827000-7f3558828000 rw-p 00015000 ca:01 275154                     /usr/lib/jvm/java-8-oracle/jre/lib/amd64/jli/libjli.so
7f3558828000-7f3558841000 r-xp 00000000 ca:01 396093                     /lib/x86_64-linux-gnu/libpthread-2.19.so
7f3558841000-7f3558a40000 ---p 00019000 ca:01 396093                     /lib/x86_64-linux-gnu/libpthread-2.19.so
7f3558a40000-7f3558a41000 r--p 00018000 ca:01 396093                     /lib/x86_64-linux-gnu/libpthread-2.19.so
7f3558a41000-7f3558a42000 rw-p 00019000 ca:01 396093                     /lib/x86_64-linux-gnu/libpthread-2.19.so
7f3558a42000-7f3558a46000 rw-p 00000000 00:00 0 
7f3558a46000-7f3558a69000 r-xp 00000000 ca:01 396030                     /lib/x86_64-linux-gnu/ld-2.19.so
7f3558a6c000-7f3558a88000 r--s 00393000 ca:01 275302                     /usr/lib/jvm/java-8-oracle/jre/lib/ext/cldrdata.jar
7f3558a88000-7f3558a8d000 r--s 00096000 ca:01 275214                     /usr/lib/jvm/java-8-oracle/jre/lib/jsse.jar
7f3558a8d000-7f3558aa8000 r--s 001d2000 ca:01 275304                     /usr/lib/jvm/java-8-oracle/jre/lib/ext/nashorn.jar
7f3558aa8000-7f3558b53000 rw-p 00000000 00:00 0 
7f3558b53000-7f3558b5b000 rw-s 00000000 ca:01 149707                     /tmp/hsperfdata_root/20393
7f3558b5b000-7f3558b5e000 ---p 00000000 00:00 0 
7f3558b5e000-7f3558c61000 rw-p 00000000 00:00 0                          [stack:20395]
7f3558c61000-7f3558c65000 rw-p 00000000 00:00 0 
7f3558c65000-7f3558c66000 r--p 00000000 00:00 0 
7f3558c66000-7f3558c68000 rw-p 00000000 00:00 0 
7f3558c68000-7f3558c69000 r--p 00022000 ca:01 396030                     /lib/x86_64-linux-gnu/ld-2.19.so
7f3558c69000-7f3558c6a000 rw-p 00023000 ca:01 396030                     /lib/x86_64-linux-gnu/ld-2.19.so
7f3558c6a000-7f3558c6b000 rw-p 00000000 00:00 0 
7fff63b2b000-7fff63b4c000 rw-p 00000000 00:00 0                          [stack]
7fff63ba4000-7fff63ba6000 r-xp 00000000 00:00 0                          [vdso]
ffffffffff600000-ffffffffff601000 r-xp 00000000 00:00 0                  [vsyscall]

VM Arguments:
jvm_args: -Xmx4096m 
java_command: /home/ubuntu/XRTB/xrtb-all.jar
java_class_path (initial): /home/ubuntu/XRTB/xrtb-all.jar
Launcher Type: SUN_STANDARD

Environment Variables:
PATH=/usr/local/sbin:/usr/local/bin:/usr/bin:/usr/sbin:/sbin:/bin

Signal Handlers:
SIGSEGV: [libjvm.so+0xaba2a0], sa_mask[0]=11111111011111111101111111111110, sa_flags=SA_RESTART|SA_SIGINFO
SIGBUS: [libjvm.so+0xaba2a0], sa_mask[0]=11111111011111111101111111111110, sa_flags=SA_RESTART|SA_SIGINFO
SIGFPE: [libjvm.so+0x917710], sa_mask[0]=11111111011111111101111111111110, sa_flags=SA_RESTART|SA_SIGINFO
SIGPIPE: [libjvm.so+0x917710], sa_mask[0]=11111111011111111101111111111110, sa_flags=SA_RESTART|SA_SIGINFO
SIGXFSZ: [libjvm.so+0x917710], sa_mask[0]=11111111011111111101111111111110, sa_flags=SA_RESTART|SA_SIGINFO
SIGILL: [libjvm.so+0x917710], sa_mask[0]=11111111011111111101111111111110, sa_flags=SA_RESTART|SA_SIGINFO
SIGUSR1: SIG_DFL, sa_mask[0]=00000000000000000000000000000000, sa_flags=none
SIGUSR2: [libjvm.so+0x918d40], sa_mask[0]=00000000000000000000000000000000, sa_flags=SA_RESTART|SA_SIGINFO
SIGHUP: [libjvm.so+0x91a140], sa_mask[0]=11111111011111111101111111111110, sa_flags=SA_RESTART|SA_SIGINFO
SIGINT: [libjvm.so+0x91a140], sa_mask[0]=11111111011111111101111111111110, sa_flags=SA_RESTART|SA_SIGINFO
SIGTERM: [libjvm.so+0x91a140], sa_mask[0]=11111111011111111101111111111110, sa_flags=SA_RESTART|SA_SIGINFO
SIGQUIT: [libjvm.so+0x91a140], sa_mask[0]=11111111011111111101111111111110, sa_flags=SA_RESTART|SA_SIGINFO


---------------  S Y S T E M  ---------------

OS:DISTRIB_ID=Ubuntu
DISTRIB_RELEASE=14.04
DISTRIB_CODENAME=trusty
DISTRIB_DESCRIPTION="Ubuntu 14.04.4 LTS"

uname:Linux 3.13.0-48-generic #80-Ubuntu SMP Thu Mar 12 11:16:15 UTC 2015 x86_64
libc:glibc 2.19 NPTL 2.19 
rlimit: STACK 8192k, CORE 0k, NPROC 257325, NOFILE 4096, AS infinity
load average:1.06 0.85 0.73

/proc/meminfo:
MemTotal:       32948100 kB
MemFree:        29952260 kB
Buffers:          152356 kB
Cached:           438292 kB
SwapCached:            0 kB
Active:          2512956 kB
Inactive:         186980 kB
Active(anon):    2109360 kB
Inactive(anon):      284 kB
Active(file):     403596 kB
Inactive(file):   186696 kB
Unevictable:           0 kB
Mlocked:               0 kB
SwapTotal:             0 kB
SwapFree:              0 kB
Dirty:               108 kB
Writeback:             0 kB
AnonPages:       2109288 kB
Mapped:            20908 kB
Shmem:               360 kB
Slab:              70344 kB
SReclaimable:      46284 kB
SUnreclaim:        24060 kB
KernelStack:        2504 kB
PageTables:         7416 kB
NFS_Unstable:          0 kB
Bounce:                0 kB
WritebackTmp:          0 kB
CommitLimit:    16474048 kB
Committed_AS:    2631916 kB
VmallocTotal:   34359738367 kB
VmallocUsed:       55996 kB
VmallocChunk:   34359672127 kB
HardwareCorrupted:     0 kB
AnonHugePages:   2013184 kB
HugePages_Total:       0
HugePages_Free:        0
HugePages_Rsvd:        0
HugePages_Surp:        0
Hugepagesize:       2048 kB
DirectMap4k:       34816 kB
DirectMap2M:    33650688 kB


CPU:total 8 (4 cores per cpu, 2 threads per core) family 6 model 63 stepping 2, cmov, cx8, fxsr, mmx, sse, sse2, sse3, ssse3, sse4.1, sse4.2, popcnt, avx, avx2, aes, clmul, erms, lzcnt, ht, tsc, bmi1, bmi2

/proc/cpuinfo:
processor	: 0
vendor_id	: GenuineIntel
cpu family	: 6
model		: 63
model name	: Intel(R) Xeon(R) CPU E5-2676 v3 @ 2.40GHz
stepping	: 2
microcode	: 0x25
cpu MHz		: 2400.070
cache size	: 30720 KB
physical id	: 0
siblings	: 8
core id		: 0
cpu cores	: 4
apicid		: 0
initial apicid	: 0
fpu		: yes
fpu_exception	: yes
cpuid level	: 13
wp		: yes
flags		: fpu vme de pse tsc msr pae mce cx8 apic sep mtrr pge mca cmov pat pse36 clflush mmx fxsr sse sse2 ht syscall nx rdtscp lm constant_tsc rep_good nopl xtopology eagerfpu pni pclmulqdq ssse3 fma cx16 pcid sse4_1 sse4_2 x2apic movbe popcnt tsc_deadline_timer aes xsave avx f16c rdrand hypervisor lahf_lm abm xsaveopt fsgsbase bmi1 avx2 smep bmi2 erms invpcid
bogomips	: 4800.14
clflush size	: 64
cache_alignment	: 64
address sizes	: 46 bits physical, 48 bits virtual
power management:

processor	: 1
vendor_id	: GenuineIntel
cpu family	: 6
model		: 63
model name	: Intel(R) Xeon(R) CPU E5-2676 v3 @ 2.40GHz
stepping	: 2
microcode	: 0x25
cpu MHz		: 2400.070
cache size	: 30720 KB
physical id	: 0
siblings	: 8
core id		: 1
cpu cores	: 4
apicid		: 2
initial apicid	: 2
fpu		: yes
fpu_exception	: yes
cpuid level	: 13
wp		: yes
flags		: fpu vme de pse tsc msr pae mce cx8 apic sep mtrr pge mca cmov pat pse36 clflush mmx fxsr sse sse2 ht syscall nx rdtscp lm constant_tsc rep_good nopl xtopology eagerfpu pni pclmulqdq ssse3 fma cx16 pcid sse4_1 sse4_2 x2apic movbe popcnt tsc_deadline_timer aes xsave avx f16c rdrand hypervisor lahf_lm abm xsaveopt fsgsbase bmi1 avx2 smep bmi2 erms invpcid
bogomips	: 4800.14
clflush size	: 64
cache_alignment	: 64
address sizes	: 46 bits physical, 48 bits virtual
power management:

processor	: 2
vendor_id	: GenuineIntel
cpu family	: 6
model		: 63
model name	: Intel(R) Xeon(R) CPU E5-2676 v3 @ 2.40GHz
stepping	: 2
microcode	: 0x25
cpu MHz		: 2400.070
cache size	: 30720 KB
physical id	: 0
siblings	: 8
core id		: 2
cpu cores	: 4
apicid		: 4
initial apicid	: 4
fpu		: yes
fpu_exception	: yes
cpuid level	: 13
wp		: yes
flags		: fpu vme de pse tsc msr pae mce cx8 apic sep mtrr pge mca cmov pat pse36 clflush mmx fxsr sse sse2 ht syscall nx rdtscp lm constant_tsc rep_good nopl xtopology eagerfpu pni pclmulqdq ssse3 fma cx16 pcid sse4_1 sse4_2 x2apic movbe popcnt tsc_deadline_timer aes xsave avx f16c rdrand hypervisor lahf_lm abm xsaveopt fsgsbase bmi1 avx2 smep bmi2 erms invpcid
bogomips	: 4800.14
clflush size	: 64
cache_alignment	: 64
address sizes	: 46 bits physical, 48 bits virtual
power management:

processor	: 3
vendor_id	: GenuineIntel
cpu family	: 6
model		: 63
model name	: Intel(R) Xeon(R) CPU E5-2676 v3 @ 2.40GHz
stepping	: 2
microcode	: 0x25
cpu MHz		: 2400.070
cache size	: 30720 KB
physical id	: 0
siblings	: 8
core id		: 3
cpu cores	: 4
apicid		: 6
initial apicid	: 6
fpu		: yes
fpu_exception	: yes
cpuid level	: 13
wp		: yes
flags		: fpu vme de pse tsc msr pae mce cx8 apic sep mtrr pge mca cmov pat pse36 clflush mmx fxsr sse sse2 ht syscall nx rdtscp lm constant_tsc rep_good nopl xtopology eagerfpu pni pclmulqdq ssse3 fma cx16 pcid sse4_1 sse4_2 x2apic movbe popcnt tsc_deadline_timer aes xsave avx f16c rdrand hypervisor lahf_lm abm xsaveopt fsgsbase bmi1 avx2 smep bmi2 erms invpcid
bogomips	: 4800.14
clflush size	: 64
cache_alignment	: 64
address sizes	: 46 bits physical, 48 bits virtual
power management:

processor	: 4
vendor_id	: GenuineIntel
cpu family	: 6
model		: 63
model name	: Intel(R) Xeon(R) CPU E5-2676 v3 @ 2.40GHz
stepping	: 2
microcode	: 0x25
cpu MHz		: 2400.070
cache size	: 30720 KB
physical id	: 0
siblings	: 8
core id		: 0
cpu cores	: 4
apicid		: 1
initial apicid	: 1
fpu		: yes
fpu_exception	: yes
cpuid level	: 13
wp		: yes
flags		: fpu vme de pse tsc msr pae mce cx8 apic sep mtrr pge mca cmov pat pse36 clflush mmx fxsr sse sse2 ht syscall nx rdtscp lm constant_tsc rep_good nopl xtopology eagerfpu pni pclmulqdq ssse3 fma cx16 pcid sse4_1 sse4_2 x2apic movbe popcnt tsc_deadline_timer aes xsave avx f16c rdrand hypervisor lahf_lm abm xsaveopt fsgsbase bmi1 avx2 smep bmi2 erms invpcid
bogomips	: 4800.14
clflush size	: 64
cache_alignment	: 64
address sizes	: 46 bits physical, 48 bits virtual
power management:

processor	: 5
vendor_id	: GenuineIntel
cpu family	: 6
model		: 63
model name	: Intel(R) Xeon(R) CPU E5-2676 v3 @ 2.40GHz
stepping	: 2
microcode	: 0x25
cpu MHz		: 2400.070
cache size	: 30720 KB
physical id	: 0
siblings	: 8
core id		: 1
cpu cores	: 4
apicid		: 3
initial apicid	: 3
fpu		: yes
fpu_exception	: yes
cpuid level	: 13
wp		: yes
flags		: fpu vme de pse tsc msr pae mce cx8 apic sep mtrr pge mca cmov pat pse36 clflush mmx fxsr sse sse2 ht syscall nx rdtscp lm constant_tsc rep_good nopl xtopology eagerfpu pni pclmulqdq ssse3 fma cx16 pcid sse4_1 sse4_2 x2apic movbe popcnt tsc_deadline_timer aes xsave avx f16c rdrand hypervisor lahf_lm abm xsaveopt fsgsbase bmi1 avx2 smep bmi2 erms invpcid
bogomips	: 4800.14
clflush size	: 64
cache_alignment	: 64
address sizes	: 46 bits physical, 48 bits virtual
power management:

processor	: 6
vendor_id	: GenuineIntel
cpu family	: 6
model		: 63
model name	: Intel(R) Xeon(R) CPU E5-2676 v3 @ 2.40GHz
stepping	: 2
microcode	: 0x25
cpu MHz		: 2400.070
cache size	: 30720 KB
physical id	: 0
siblings	: 8
core id		: 2
cpu cores	: 4
apicid		: 5
initial apicid	: 5
fpu		: yes
fpu_exception	: yes
cpuid level	: 13
wp		: yes
flags		: fpu vme de pse tsc msr pae mce cx8 apic sep mtrr pge mca cmov pat pse36 clflush mmx fxsr sse sse2 ht syscall nx rdtscp lm constant_tsc rep_good nopl xtopology eagerfpu pni pclmulqdq ssse3 fma cx16 pcid sse4_1 sse4_2 x2apic movbe popcnt tsc_deadline_timer aes xsave avx f16c rdrand hypervisor lahf_lm abm xsaveopt fsgsbase bmi1 avx2 smep bmi2 erms invpcid
bogomips	: 4800.14
clflush size	: 64
cache_alignment	: 64
address sizes	: 46 bits physical, 48 bits virtual
power management:

processor	: 7
vendor_id	: GenuineIntel
cpu family	: 6
model		: 63
model name	: Intel(R) Xeon(R) CPU E5-2676 v3 @ 2.40GHz
stepping	: 2
microcode	: 0x25
cpu MHz		: 2400.070
cache size	: 30720 KB
physical id	: 0
siblings	: 8
core id		: 3
cpu cores	: 4
apicid		: 7
initial apicid	: 7
fpu		: yes
fpu_exception	: yes
cpuid level	: 13
wp		: yes
flags		: fpu vme de pse tsc msr pae mce cx8 apic sep mtrr pge mca cmov pat pse36 clflush mmx fxsr sse sse2 ht syscall nx rdtscp lm constant_tsc rep_good nopl xtopology eagerfpu pni pclmulqdq ssse3 fma cx16 pcid sse4_1 sse4_2 x2apic movbe popcnt tsc_deadline_timer aes xsave avx f16c rdrand hypervisor lahf_lm abm xsaveopt fsgsbase bmi1 avx2 smep bmi2 erms invpcid
bogomips	: 4800.14
clflush size	: 64
cache_alignment	: 64
address sizes	: 46 bits physical, 48 bits virtual
power management:



Memory: 4k page, physical 32948100k(29952260k free), swap 0k(0k free)

vm_info: Java HotSpot(TM) 64-Bit Server VM (25.66-b17) for linux-amd64 JRE (1.8.0_66-b17), built on Oct  6 2015 17:28:34 by "java_re" with gcc 4.3.0 20080428 (Red Hat 4.3.0-8)

time: Fri Feb 26 00:25:05 2016
elapsed time: 20417 seconds (0d 5h 40m 17s)

