#
# A fatal error has been detected by the Java Runtime Environment:
#
#  SIGSEGV (0xb) at pc=0x00007f5da6b33a81, pid=23933, tid=140035321747200
#
# JRE version: Java(TM) SE Runtime Environment (8.0_66-b17) (build 1.8.0_66-b17)
# Java VM: Java HotSpot(TM) 64-Bit Server VM (25.66-b17 mixed mode linux-amd64 compressed oops)
# Problematic frame:
# C  [libc.so.6+0x151a81]
#
# Failed to write core dump. Core dumps have been disabled. To enable core dumping, try "ulimit -c unlimited" before starting Java again
#
# If you would like to submit a bug report, please visit:
#   http://bugreport.java.com/bugreport/crash.jsp
# The crash happened outside the Java Virtual Machine in native code.
# See problematic frame for where to report the bug.
#

---------------  T H R E A D  ---------------

Current thread (0x00007f5d5c06c000):  JavaThread "Thread-0" [_thread_in_native, id=27052, stack(0x00007f5c838bd000,0x00007f5c839be000)]

siginfo: si_signo: 11 (SIGSEGV), si_code: 2 (SEGV_ACCERR), si_addr: 0x00007f5d8c556000

Registers:
RAX=0x00007f5d5c06ce60, RBX=0x000000000000c800, RCX=0x000000000000c7e0, RDX=0x0000000000009560
RSP=0x00007f5c839ba398, RBP=0x00007f5c839ba3f0, RSI=0x00007f5d8c555f86, RDI=0x00007f5d5c070000
R8 =0x00007f5d5c06ce60, R9 =0x00000000304e5f86, R10=0x00007f5d5c000078, R11=0x000000005c000001
R12=0x00007f5d8c552db8, R13=0x00007f5d5c06ce10, R14=0x0000000000000028, R15=0x00007f5da02422c0
RIP=0x00007f5da6b33a81, EFLAGS=0x0000000000010206, CSGSFS=0x0000000000000033, ERR=0x0000000000000004
  TRAPNO=0x000000000000000e

Top of Stack: (sp=0x00007f5c839ba398)
0x00007f5c839ba398:   00007f5da4679984 0000000000000070
0x00007f5c839ba3a8:   1f00280000000000 000000000000c800
0x00007f5c839ba3b8:   00000000a4000000 00007f5d5c06ce10
0x00007f5c839ba3c8:   00007f5da0239dc0 00007f5c8c0119a0
0x00007f5c839ba3d8:   00007f5da02422c0 000000001eae1406
0x00007f5c839ba3e8:   0000000000000026 00007f5c839ba450
0x00007f5c839ba3f8:   00007f5da4679f5f 00007f5d5c06c000
0x00007f5c839ba408:   01007f5c00000001 00007f5c839ba470
0x00007f5c839ba418:   00007f5c839ba497 00007f5c839ba495
0x00007f5c839ba428:   00007f5c839ba470 0000000000000026
0x00007f5c839ba438:   00007f5d5c06c1f8 00007f5c839ba8c8
0x00007f5c839ba448:   0000000000000001 00007f5c839ba8b0
0x00007f5c839ba458:   00007f5da466bd60 00007f5d5c06c000
0x00007f5c839ba468:   00007f5da02422c0 627472782f6d6f63
0x00007f5c839ba478:   646e616d6d6f632f 6f64747568532f73
0x00007f5c839ba488:   656369746f4e6e77 00007373616c632e
0x00007f5c839ba498:   00007f5d5c06c000 00007f5c839bc060
0x00007f5c839ba4a8:   00007f5d8ee8c308 00007f5d5c06c000
0x00007f5c839ba4b8:   00007f5c839baac0 0000000000000000
0x00007f5c839ba4c8:   0000000000000000 00000006c12dd328
0x00007f5c839ba4d8:   00007f5d5c06c000 00007f5c839ba780
0x00007f5c839ba4e8:   00007f5d91045fda 000000000000037f
0x00007f5c839ba4f8:   0000000000000000 0000000000000000
0x00007f5c839ba508:   0000ffff00001fa0 0000000000000000
0x00007f5c839ba518:   0000000000000000 0000000000000000
0x00007f5c839ba528:   0000000000000000 0000000000000000
0x00007f5c839ba538:   0000000000000000 0000000000000000
0x00007f5c839ba548:   0000000000000000 0000000000000000
0x00007f5c839ba558:   0000000000000000 0000000000000000
0x00007f5c839ba568:   0000000000000000 0000000000000000
0x00007f5c839ba578:   0000000000000000 0000000000000000
0x00007f5c839ba588:   0000000000000000 0000000042e40000 

Instructions: (pc=0x00007f5da6b33a81)
0x00007f5da6b33a61:   6f 06 f3 0f 6f 4e 10 f3 0f 6f 56 20 f3 0f 6f 5e
0x00007f5da6b33a71:   30 f3 0f 6f 66 40 f3 0f 6f 6e 50 f3 0f 6f 76 60
0x00007f5da6b33a81:   f3 0f 6f 7e 70 66 0f 7f 07 66 0f 7f 4f 10 66 0f
0x00007f5da6b33a91:   7f 57 20 66 0f 7f 5f 30 66 0f 7f 67 40 66 0f 7f 

Register to memory mapping:

RAX=0x00007f5d5c06ce60 is an unknown value
RBX=0x000000000000c800 is an unknown value
RCX=0x000000000000c7e0 is an unknown value
RDX=0x0000000000009560 is an unknown value
RSP=0x00007f5c839ba398 is pointing into the stack for thread: 0x00007f5d5c06c000
RBP=0x00007f5c839ba3f0 is pointing into the stack for thread: 0x00007f5d5c06c000
RSI=0x00007f5d8c555f86 is an unknown value
RDI=0x00007f5d5c070000 is an unknown value
R8 =0x00007f5d5c06ce60 is an unknown value
R9 =0x00000000304e5f86 is an unknown value
R10=0x00007f5d5c000078 is an unknown value
R11=0x000000005c000001 is an unknown value
R12=0x00007f5d8c552db8 is an unknown value
R13=0x00007f5d5c06ce10 is an unknown value
R14=0x0000000000000028 is an unknown value
R15=0x00007f5da02422c0 is an unknown value


Stack: [0x00007f5c838bd000,0x00007f5c839be000],  sp=0x00007f5c839ba398,  free space=1012k
Native frames: (J=compiled Java code, j=interpreted, Vv=VM code, C=native code)
C  [libc.so.6+0x151a81]
C  [libzip.so+0x11f5f]  ZIP_GetEntry2+0xff
C  [libzip.so+0x3d60]  Java_java_util_zip_ZipFile_getEntry+0xf0
J 450  java.util.zip.ZipFile.getEntry(J[BZ)J (0 bytes) @ 0x00007f5d91235b8e [0x00007f5d91235ac0+0xce]
J 533 C1 java.util.zip.ZipFile.getEntry(Ljava/lang/String;)Ljava/util/zip/ZipEntry; (86 bytes) @ 0x00007f5d9126c2cc [0x00007f5d9126c060+0x26c]
J 532 C1 java.util.jar.JarFile.getEntry(Ljava/lang/String;)Ljava/util/zip/ZipEntry; (22 bytes) @ 0x00007f5d9126cba4 [0x00007f5d9126cb20+0x84]
J 914 C2 sun.misc.URLClassPath$JarLoader.getResource(Ljava/lang/String;Z)Lsun/misc/Resource; (85 bytes) @ 0x00007f5d9136aef8 [0x00007f5d9136ac40+0x2b8]
J 115 C1 sun.misc.URLClassPath.getResource(Ljava/lang/String;Z)Lsun/misc/Resource; (83 bytes) @ 0x00007f5d9113ebac [0x00007f5d9113ea40+0x16c]
J 458 C1 java.net.URLClassLoader$1.run()Ljava/lang/Class; (63 bytes) @ 0x00007f5d91238a7c [0x00007f5d91238860+0x21c]
J 457 C1 java.net.URLClassLoader$1.run()Ljava/lang/Object; (5 bytes) @ 0x00007f5d912384cc [0x00007f5d91238440+0x8c]
v  ~StubRoutines::call_stub
V  [libjvm.so+0x68bc46]  JavaCalls::call_helper(JavaValue*, methodHandle*, JavaCallArguments*, Thread*)+0x1056
V  [libjvm.so+0x72490c]  JVM_DoPrivileged+0x27c
J 456  java.security.AccessController.doPrivileged(Ljava/security/PrivilegedExceptionAction;Ljava/security/AccessControlContext;)Ljava/lang/Object; (0 bytes) @ 0x00007f5d91237395 [0x00007f5d912372c0+0xd5]
J 454 C1 java.net.URLClassLoader.findClass(Ljava/lang/String;)Ljava/lang/Class; (47 bytes) @ 0x00007f5d91237854 [0x00007f5d912376c0+0x194]
J 1857 C1 java.lang.ClassLoader.loadClass(Ljava/lang/String;Z)Ljava/lang/Class; (122 bytes) @ 0x00007f5d915ee4cc [0x00007f5d915edb00+0x9cc]
J 444 C1 sun.misc.Launcher$AppClassLoader.loadClass(Ljava/lang/String;Z)Ljava/lang/Class; (85 bytes) @ 0x00007f5d912309e4 [0x00007f5d91230040+0x9a4]
J 443 C1 java.lang.ClassLoader.loadClass(Ljava/lang/String;)Ljava/lang/Class; (7 bytes) @ 0x00007f5d9122fc84 [0x00007f5d9122fb80+0x104]
v  ~StubRoutines::call_stub
V  [libjvm.so+0x68bc46]  JavaCalls::call_helper(JavaValue*, methodHandle*, JavaCallArguments*, Thread*)+0x1056
V  [libjvm.so+0x68c151]  JavaCalls::call_virtual(JavaValue*, KlassHandle, Symbol*, Symbol*, JavaCallArguments*, Thread*)+0x321
V  [libjvm.so+0x68c5a6]  JavaCalls::call_virtual(JavaValue*, Handle, KlassHandle, Symbol*, Symbol*, Handle, Thread*)+0x56
V  [libjvm.so+0xa30c60]  SystemDictionary::load_instance_class(Symbol*, Handle, Thread*)+0x3f0
V  [libjvm.so+0xa2fb4c]  SystemDictionary::resolve_instance_class_or_null(Symbol*, Handle, Handle, Thread*)+0x7cc
V  [libjvm.so+0xa31083]  SystemDictionary::resolve_or_fail(Symbol*, Handle, Handle, bool, Thread*)+0x33
V  [libjvm.so+0x4f0cb8]  ConstantPool::klass_at_impl(constantPoolHandle, int, Thread*)+0x158
V  [libjvm.so+0x680101]  InterpreterRuntime::_new(JavaThread*, ConstantPool*, int)+0x71
j  com.xrtb.bidder.Controller.sendShutdown()V+0
j  com.xrtb.bidder.RTBServer.panicStop()V+3
j  com.xrtb.bidder.AddShutdownHook$1.run()V+0
v  ~StubRoutines::call_stub
V  [libjvm.so+0x68bc46]  JavaCalls::call_helper(JavaValue*, methodHandle*, JavaCallArguments*, Thread*)+0x1056
V  [libjvm.so+0x68c151]  JavaCalls::call_virtual(JavaValue*, KlassHandle, Symbol*, Symbol*, JavaCallArguments*, Thread*)+0x321
V  [libjvm.so+0x68c5f7]  JavaCalls::call_virtual(JavaValue*, Handle, KlassHandle, Symbol*, Symbol*, Thread*)+0x47
V  [libjvm.so+0x7233b0]  thread_entry(JavaThread*, Thread*)+0xa0
V  [libjvm.so+0xa68fff]  JavaThread::thread_main_inner()+0xdf
V  [libjvm.so+0xa6912c]  JavaThread::run()+0x11c
V  [libjvm.so+0x91cc68]  java_start(Thread*)+0x108
C  [libpthread.so.0+0x8182]  start_thread+0xc2

Java frames: (J=compiled Java code, j=interpreted, Vv=VM code)
J 450  java.util.zip.ZipFile.getEntry(J[BZ)J (0 bytes) @ 0x00007f5d91235b18 [0x00007f5d91235ac0+0x58]
J 533 C1 java.util.zip.ZipFile.getEntry(Ljava/lang/String;)Ljava/util/zip/ZipEntry; (86 bytes) @ 0x00007f5d9126c2cc [0x00007f5d9126c060+0x26c]
J 532 C1 java.util.jar.JarFile.getEntry(Ljava/lang/String;)Ljava/util/zip/ZipEntry; (22 bytes) @ 0x00007f5d9126cba4 [0x00007f5d9126cb20+0x84]
J 914 C2 sun.misc.URLClassPath$JarLoader.getResource(Ljava/lang/String;Z)Lsun/misc/Resource; (85 bytes) @ 0x00007f5d9136aef8 [0x00007f5d9136ac40+0x2b8]
J 115 C1 sun.misc.URLClassPath.getResource(Ljava/lang/String;Z)Lsun/misc/Resource; (83 bytes) @ 0x00007f5d9113ebac [0x00007f5d9113ea40+0x16c]
J 458 C1 java.net.URLClassLoader$1.run()Ljava/lang/Class; (63 bytes) @ 0x00007f5d91238a7c [0x00007f5d91238860+0x21c]
J 457 C1 java.net.URLClassLoader$1.run()Ljava/lang/Object; (5 bytes) @ 0x00007f5d912384cc [0x00007f5d91238440+0x8c]
v  ~StubRoutines::call_stub
J 456  java.security.AccessController.doPrivileged(Ljava/security/PrivilegedExceptionAction;Ljava/security/AccessControlContext;)Ljava/lang/Object; (0 bytes) @ 0x00007f5d91237323 [0x00007f5d912372c0+0x63]
J 454 C1 java.net.URLClassLoader.findClass(Ljava/lang/String;)Ljava/lang/Class; (47 bytes) @ 0x00007f5d91237854 [0x00007f5d912376c0+0x194]
J 1857 C1 java.lang.ClassLoader.loadClass(Ljava/lang/String;Z)Ljava/lang/Class; (122 bytes) @ 0x00007f5d915ee4cc [0x00007f5d915edb00+0x9cc]
J 444 C1 sun.misc.Launcher$AppClassLoader.loadClass(Ljava/lang/String;Z)Ljava/lang/Class; (85 bytes) @ 0x00007f5d912309e4 [0x00007f5d91230040+0x9a4]
J 443 C1 java.lang.ClassLoader.loadClass(Ljava/lang/String;)Ljava/lang/Class; (7 bytes) @ 0x00007f5d9122fc84 [0x00007f5d9122fb80+0x104]
v  ~StubRoutines::call_stub
j  com.xrtb.bidder.Controller.sendShutdown()V+0
j  com.xrtb.bidder.RTBServer.panicStop()V+3
j  com.xrtb.bidder.AddShutdownHook$1.run()V+0
v  ~StubRoutines::call_stub

---------------  P R O C E S S  ---------------

Java Threads: ( => current thread )
=>0x00007f5d5c06c000 JavaThread "Thread-0" [_thread_in_native, id=27052, stack(0x00007f5c838bd000,0x00007f5c839be000)]
  0x00007f5d54003800 JavaThread "SIGTERM handler" daemon [_thread_blocked, id=27050, stack(0x00007f5c7ed72000,0x00007f5c7ee73000)]
  0x00007f5c90322800 JavaThread "Keep-Alive-Timer" daemon [_thread_blocked, id=7672, stack(0x00007f5c7be43000,0x00007f5c7bf44000)]
  0x00007f5c9031c000 JavaThread "qtp1174697966-37776569" [_thread_blocked, id=16971, stack(0x00007f5c78c11000,0x00007f5c78d12000)]
  0x00007f5c90305800 JavaThread "qtp1174697966-37776461" [_thread_blocked, id=16863, stack(0x00007f5c78e13000,0x00007f5c78f14000)]
  0x00007f5c902f8800 JavaThread "qtp1174697966-37776458" [_thread_blocked, id=16860, stack(0x00007f5c7971c000,0x00007f5c7981d000)]
  0x00007f5c902f3800 JavaThread "qtp1174697966-37776457" [_thread_blocked, id=16859, stack(0x00007f5c78f14000,0x00007f5c79015000)]
  0x00007f5c902d9000 JavaThread "qtp1174697966-37776370" [_thread_blocked, id=16772, stack(0x00007f5c7991e000,0x00007f5c79a1f000)]
  0x00007f5c902d4800 JavaThread "qtp1174697966-37776369" [_thread_blocked, id=16771, stack(0x00007f5c79a1f000,0x00007f5c79b20000)]
  0x00007f5c902b9800 JavaThread "qtp1174697966-37776355" [_thread_blocked, id=16757, stack(0x00007f5c7a025000,0x00007f5c7a126000)]
  0x00007f5c902a0000 JavaThread "qtp1174697966-37776348" [_thread_blocked, id=16750, stack(0x00007f5c7a92e000,0x00007f5c7aa2f000)]
  0x00007f5c9028d800 JavaThread "qtp1174697966-37776336" [_thread_blocked, id=16738, stack(0x00007f5c7af34000,0x00007f5c7b035000)]
  0x00007f5c90281800 JavaThread "qtp1174697966-37776335" [_thread_blocked, id=16737, stack(0x00007f5c7ab30000,0x00007f5c7ac31000)]
  0x00007f5c9025c000 JavaThread "qtp1174697966-37776284" [_thread_blocked, id=16686, stack(0x00007f5c7b73c000,0x00007f5c7b83d000)]
  0x00007f5c9021a000 JavaThread "qtp1174697966-37776220" [_thread_blocked, id=16622, stack(0x00007f5c7c84d000,0x00007f5c7c94e000)]
  0x00007f5c901fc000 JavaThread "qtp1174697966-37776205" [_thread_blocked, id=16607, stack(0x00007f5c7cc51000,0x00007f5c7cd52000)]
  0x00007f5c901f5800 JavaThread "qtp1174697966-37776194" [_thread_blocked, id=16596, stack(0x00007f5c7d459000,0x00007f5c7d55a000)]
  0x00007f5c901e6800 JavaThread "qtp1174697966-37776193" [_thread_blocked, id=16595, stack(0x00007f5c7d358000,0x00007f5c7d459000)]
  0x00007f5c901e9800 JavaThread "qtp1174697966-37776191" [_thread_blocked, id=16593, stack(0x00007f5c7d156000,0x00007f5c7d257000)]
  0x00007f5c901dc800 JavaThread "qtp1174697966-37776174" [_thread_blocked, id=16576, stack(0x00007f5c7d65b000,0x00007f5c7d75c000)]
  0x00007f5c901c1800 JavaThread "qtp1174697966-37776150" [_thread_blocked, id=16552, stack(0x00007f5c7dd62000,0x00007f5c7de63000)]
  0x00007f5c901b5000 JavaThread "qtp1174697966-37776148" [_thread_blocked, id=16550, stack(0x00007f5c7df64000,0x00007f5c7e065000)]
  0x00007f5c90195000 JavaThread "qtp1174697966-37776124" [_thread_blocked, id=16526, stack(0x00007f5c7e56a000,0x00007f5c7e66b000)]
  0x00007f5c90182800 JavaThread "qtp1174697966-37776104" [_thread_in_native, id=16506, stack(0x00007f5c7ea6f000,0x00007f5c7eb70000)]
  0x00007f5c90184800 JavaThread "qtp1174697966-37776103" [_thread_in_native, id=16505, stack(0x00007f5c7eb70000,0x00007f5c7ec71000)]
  0x00007f5c90150000 JavaThread "qtp1174697966-37776068" [_thread_blocked, id=16470, stack(0x00007f5c7f57a000,0x00007f5c7f67b000)]
  0x00007f5c90147800 JavaThread "qtp1174697966-37776066" [_thread_blocked, id=16468, stack(0x00007f5c7f77c000,0x00007f5c7f87d000)]
  0x00007f5c90149800 JavaThread "qtp1174697966-37776057" [_thread_blocked, id=16459, stack(0x00007f5c7f87d000,0x00007f5c7f97e000)]
  0x00007f5c90137000 JavaThread "qtp1174697966-37776045" [_thread_blocked, id=16447, stack(0x00007f5c7fe83000,0x00007f5c7ff84000)]
  0x00007f5c90128000 JavaThread "qtp1174697966-37776041" [_thread_blocked, id=16443, stack(0x00007f5c80388000,0x00007f5c80489000)]
  0x00007f5c9011d800 JavaThread "qtp1174697966-37776032" [_thread_blocked, id=16434, stack(0x00007f5c80489000,0x00007f5c8058a000)]
  0x00007f5c900cd000 JavaThread "qtp1174697966-37775979" [_thread_blocked, id=16381, stack(0x00007f5c8169b000,0x00007f5c8179c000)]
  0x00007f5c900b8000 JavaThread "qtp1174697966-37775960" [_thread_blocked, id=16362, stack(0x00007f5c81ba0000,0x00007f5c81ca1000)]
  0x00007f5c900a1800 JavaThread "qtp1174697966-37775954" [_thread_in_native, id=16356, stack(0x00007f5c821a6000,0x00007f5c822a7000)]
  0x00007f5c90093800 JavaThread "qtp1174697966-37775950" [_thread_blocked, id=16352, stack(0x00007f5c825aa000,0x00007f5c826ab000)]
  0x00007f5c90089800 JavaThread "qtp1174697966-37775948" [_thread_blocked, id=16350, stack(0x00007f5c827ac000,0x00007f5c828ad000)]
  0x00007f5c90085800 JavaThread "qtp1174697966-37775947" [_thread_blocked, id=16349, stack(0x00007f5c828ad000,0x00007f5c829ae000)]
  0x00007f5c90068800 JavaThread "qtp1174697966-37775941" [_thread_blocked, id=16343, stack(0x00007f5c82eb3000,0x00007f5c82fb4000)]
  0x00007f5c90065800 JavaThread "qtp1174697966-37775939" [_thread_blocked, id=16341, stack(0x00007f5c82db2000,0x00007f5c82eb3000)]
  0x00007f5c90046800 JavaThread "qtp1174697966-37775897" [_thread_blocked, id=16299, stack(0x00007f5c84dce000,0x00007f5c84ecf000)]
  0x00007f5c90029800 JavaThread "qtp1174697966-37775880" [_thread_in_native, id=16282, stack(0x00007f5c867e8000,0x00007f5c868e9000)]
  0x00007f5c90015800 JavaThread "qtp1174697966-37775869" [_thread_blocked, id=16271, stack(0x00007f5c852d3000,0x00007f5c853d4000)]
  0x00007f5c90014800 JavaThread "qtp1174697966-37775868" [_thread_blocked, id=16270, stack(0x00007f5c83fc4000,0x00007f5c840c5000)]
  0x00007f5ca0009000 JavaThread "qtp1174697966-35753933" [_thread_blocked, id=29137, stack(0x00007f5c83bc0000,0x00007f5c83cc1000)]
  0x00007f5d80028800 JavaThread "qtp1174697966-35753762" [_thread_blocked, id=28966, stack(0x00007f5c83dc2000,0x00007f5c83ec3000)]
  0x00007f5ca4002000 JavaThread "qtp1174697966-35406918" [_thread_blocked, id=4972, stack(0x00007f5c837bc000,0x00007f5c838bd000)]
  0x00007f5da0009800 JavaThread "DestroyJavaVM" [_thread_blocked, id=23935, stack(0x00007f5da74f4000,0x00007f5da75f5000)]
  0x00007f5c8c007800 JavaThread "Scheduler-200529100" [_thread_blocked, id=24052, stack(0x00007f5c849cc000,0x00007f5c84acd000)]
  0x00007f5c88040800 JavaThread "org.eclipse.jetty.server.session.HashSessionManager@36c54b45Timer" daemon [_thread_blocked, id=24051, stack(0x00007f5c84ccd000,0x00007f5c84dce000)]
  0x00007f5c8808d000 JavaThread "qtp1174697966-94" [_thread_blocked, id=24036, stack(0x00007f5c85bdc000,0x00007f5c85cdd000)]
  0x00007f5c88077800 JavaThread "qtp1174697966-83" [_thread_in_native, id=24025, stack(0x00007f5c866e7000,0x00007f5c867e8000)]
  0x00007f5c8806c800 JavaThread "qtp1174697966-77" [_thread_blocked, id=24019, stack(0x00007f5c86ced000,0x00007f5c86dee000)]
  0x00007f5c8806a800 JavaThread "qtp1174697966-76" [_thread_blocked, id=24018, stack(0x00007f5c86dee000,0x00007f5c86eef000)]
  0x00007f5c88060800 JavaThread "qtp1174697966-71" [_thread_blocked, id=24013, stack(0x00007f5c872f3000,0x00007f5c873f4000)]
  0x00007f5c88055800 JavaThread "qtp1174697966-65" [_thread_blocked, id=24007, stack(0x00007f5c878f9000,0x00007f5c879fa000)]
  0x00007f5c88052000 JavaThread "qtp1174697966-63-acceptor-0@54875591-ServerConnector@5ba99a23{HTTP/1.1,[http/1.1]}{0.0.0.0:8080}" [_thread_in_native, id=24005, stack(0x00007f5c87afb000,0x00007f5c87bfc000)]
  0x00007f5c88039000 JavaThread "Thread-12" [_thread_blocked, id=23999, stack(0x00007f5d74061000,0x00007f5d74162000)]
  0x00007f5c8803d000 JavaThread "Thread-11" [_thread_blocked, id=23998, stack(0x00007f5d74162000,0x00007f5d74263000)]
  0x00007f5da088d800 JavaThread "Thread-10" [_thread_blocked, id=23997, stack(0x00007f5d7446c000,0x00007f5d7456d000)]
  0x00007f5c9c001000 JavaThread "pool-1-thread-1" [_thread_blocked, id=23996, stack(0x00007f5d7456d000,0x00007f5d7466e000)]
  0x00007f5da088a000 JavaThread "Thread-9" [_thread_blocked, id=23995, stack(0x00007f5d7466e000,0x00007f5d7476f000)]
  0x00007f5da0888800 JavaThread "Thread-8" [_thread_blocked, id=23994, stack(0x00007f5d7476f000,0x00007f5d74870000)]
  0x00007f5da0886800 JavaThread "Thread-7" [_thread_blocked, id=23993, stack(0x00007f5d74870000,0x00007f5d74971000)]
  0x00007f5da0884800 JavaThread "Thread-6" [_thread_blocked, id=23992, stack(0x00007f5d74971000,0x00007f5d74a72000)]
  0x00007f5da0883800 JavaThread "Thread-5" [_thread_blocked, id=23991, stack(0x00007f5d74a72000,0x00007f5d74b73000)]
  0x00007f5da0881800 JavaThread "Thread-4" [_thread_blocked, id=23990, stack(0x00007f5d74b73000,0x00007f5d74c74000)]
  0x00007f5da0878000 JavaThread "Thread-3" [_thread_blocked, id=23989, stack(0x00007f5d74c74000,0x00007f5d74d75000)]
  0x00007f5da087a800 JavaThread "pool-2-thread-1" [_thread_blocked, id=23988, stack(0x00007f5d74f75000,0x00007f5d75076000)]
  0x00007f5cbc001000 JavaThread "nioEventLoopGroup-3-8" [_thread_in_native, id=23987, stack(0x00007f5d75076000,0x00007f5d75177000)]
  0x00007f5cc4001000 JavaThread "nioEventLoopGroup-3-9" [_thread_in_native, id=23986, stack(0x00007f5d75177000,0x00007f5d75278000)]
  0x00007f5cc0001000 JavaThread "nioEventLoopGroup-3-4" [_thread_in_native, id=23985, stack(0x00007f5d75278000,0x00007f5d75379000)]
  0x00007f5cec003000 JavaThread "nioEventLoopGroup-3-16" [_thread_in_native, id=23984, stack(0x00007f5d75379000,0x00007f5d7547a000)]
  0x00007f5cdc001000 JavaThread "nioEventLoopGroup-3-5" [_thread_in_native, id=23983, stack(0x00007f5d7547a000,0x00007f5d7557b000)]
  0x00007f5ce4001000 JavaThread "nioEventLoopGroup-3-2" [_thread_in_native, id=23982, stack(0x00007f5d7557b000,0x00007f5d7567c000)]
  0x00007f5ce8003000 JavaThread "nioEventLoopGroup-3-13" [_thread_in_native, id=23981, stack(0x00007f5d7567c000,0x00007f5d7577d000)]
  0x00007f5da0788800 JavaThread "nioEventLoopGroup-3-12" [_thread_in_native, id=23980, stack(0x00007f5d7577d000,0x00007f5d7587e000)]
  0x00007f5cec001000 JavaThread "nioEventLoopGroup-3-10" [_thread_in_native, id=23979, stack(0x00007f5d7587e000,0x00007f5d7597f000)]
  0x00007f5ce0001000 JavaThread "nioEventLoopGroup-3-14" [_thread_in_native, id=23978, stack(0x00007f5d7597f000,0x00007f5d75a80000)]
  0x00007f5ce8001000 JavaThread "nioEventLoopGroup-3-6" [_thread_in_native, id=23977, stack(0x00007f5d75a80000,0x00007f5d75b81000)]
  0x00007f5da0786800 JavaThread "nioEventLoopGroup-3-3" [_thread_in_native, id=23976, stack(0x00007f5d75b81000,0x00007f5d75c82000)]
  0x00007f5da0785000 JavaThread "nioEventLoopGroup-3-15" [_thread_in_native, id=23975, stack(0x00007f5d75c82000,0x00007f5d75d83000)]
  0x00007f5da079a000 JavaThread "nioEventLoopGroup-3-11" [_thread_in_native, id=23974, stack(0x00007f5d75d83000,0x00007f5d75e84000)]
  0x00007f5da0798800 JavaThread "nioEventLoopGroup-3-7" [_thread_in_native, id=23973, stack(0x00007f5d75e84000,0x00007f5d75f85000)]
  0x00007f5da0796800 JavaThread "nioEventLoopGroup-3-1" [_thread_in_native, id=23972, stack(0x00007f5d75f85000,0x00007f5d76086000)]
  0x00007f5da0795800 JavaThread "Thread-2" [_thread_blocked, id=23971, stack(0x00007f5d76086000,0x00007f5d76187000)]
  0x00007f5d04001000 JavaThread "nioEventLoopGroup-2-4" [_thread_in_native, id=23970, stack(0x00007f5d76187000,0x00007f5d76288000)]
  0x00007f5d00001000 JavaThread "nioEventLoopGroup-2-8" [_thread_in_native, id=23969, stack(0x00007f5d76288000,0x00007f5d76389000)]
  0x00007f5d30001000 JavaThread "nioEventLoopGroup-2-9" [_thread_in_native, id=23968, stack(0x00007f5d76389000,0x00007f5d7648a000)]
  0x00007f5d2c005000 JavaThread "nioEventLoopGroup-2-5" [_thread_in_native, id=23967, stack(0x00007f5d7648a000,0x00007f5d7658b000)]
  0x00007f5d20007000 JavaThread "nioEventLoopGroup-2-16" [_thread_in_native, id=23966, stack(0x00007f5d7658b000,0x00007f5d7668c000)]
  0x00007f5d2c003800 JavaThread "nioEventLoopGroup-2-13" [_thread_in_native, id=23965, stack(0x00007f5d7668c000,0x00007f5d7678d000)]
  0x00007f5d20001000 JavaThread "nioEventLoopGroup-2-2" [_thread_in_native, id=23964, stack(0x00007f5d7678d000,0x00007f5d7688e000)]
  0x00007f5d2c001000 JavaThread "nioEventLoopGroup-2-14" [_thread_in_native, id=23963, stack(0x00007f5d7688e000,0x00007f5d7698f000)]
  0x00007f5d28001000 JavaThread "nioEventLoopGroup-2-10" [_thread_in_native, id=23962, stack(0x00007f5d7698f000,0x00007f5d76a90000)]
  0x00007f5d34010800 JavaThread "nioEventLoopGroup-2-6" [_thread_in_native, id=23961, stack(0x00007f5d76a90000,0x00007f5d76b91000)]
  0x00007f5da076b800 JavaThread "nioEventLoopGroup-2-12" [_thread_in_native, id=23960, stack(0x00007f5d76b91000,0x00007f5d76c92000)]
  0x00007f5da076a000 JavaThread "nioEventLoopGroup-2-3" [_thread_in_native, id=23959, stack(0x00007f5d76c92000,0x00007f5d76d93000)]
  0x00007f5da0768800 JavaThread "nioEventLoopGroup-2-15" [_thread_in_native, id=23958, stack(0x00007f5d76d93000,0x00007f5d76e94000)]
  0x00007f5da0764800 JavaThread "nioEventLoopGroup-2-11" [_thread_in_native, id=23957, stack(0x00007f5d76e94000,0x00007f5d76f95000)]
  0x00007f5da0763000 JavaThread "nioEventLoopGroup-2-7" [_thread_in_native, id=23956, stack(0x00007f5d77195000,0x00007f5d77296000)]
  0x00007f5da072b800 JavaThread "nioEventLoopGroup-2-1" [_thread_in_native, id=23954, stack(0x00007f5d776b7000,0x00007f5d777b8000)]
  0x00007f5da021a000 JavaThread "Service Thread" daemon [_thread_blocked, id=23952, stack(0x00007f5d8c657000,0x00007f5d8c758000)]
  0x00007f5da0205000 JavaThread "C1 CompilerThread3" daemon [_thread_blocked, id=23951, stack(0x00007f5d8c758000,0x00007f5d8c859000)]
  0x00007f5da0200800 JavaThread "C2 CompilerThread2" daemon [_thread_blocked, id=23950, stack(0x00007f5d8c859000,0x00007f5d8c95a000)]
  0x00007f5da01fe800 JavaThread "C2 CompilerThread1" daemon [_thread_blocked, id=23949, stack(0x00007f5d8c95a000,0x00007f5d8ca5b000)]
  0x00007f5da01fb800 JavaThread "C2 CompilerThread0" daemon [_thread_blocked, id=23948, stack(0x00007f5d8ca5b000,0x00007f5d8cb5c000)]
  0x00007f5da01f9800 JavaThread "Signal Dispatcher" daemon [_thread_blocked, id=23947, stack(0x00007f5d8cb5c000,0x00007f5d8cc5d000)]
  0x00007f5da01ce000 JavaThread "Finalizer" daemon [_thread_blocked, id=23946, stack(0x00007f5d8cc5d000,0x00007f5d8cd5e000)]
  0x00007f5da01cc000 JavaThread "Reference Handler" daemon [_thread_blocked, id=23945, stack(0x00007f5d8cd5e000,0x00007f5d8ce5f000)]

Other Threads:
  0x00007f5da01c6800 VMThread [stack: 0x00007f5d8ce5f000,0x00007f5d8cf60000] [id=23944]
  0x00007f5da021d000 WatcherThread [stack: 0x00007f5d8c556000,0x00007f5d8c657000] [id=23953]

VM state:not at safepoint (normal execution)

VM Mutex/Monitor currently owned by a thread: None

Heap:
 PSYoungGen      total 1394176K, used 521138K [0x000000076ab00000, 0x00000007c0000000, 0x00000007c0000000)
  eden space 1390592K, 37% used [0x000000076ab00000,0x000000078a520930,0x00000007bf900000)
  from space 3584K, 79% used [0x00000007bfc80000,0x00000007bff4c050,0x00000007c0000000)
  to   space 3584K, 0% used [0x00000007bf900000,0x00000007bf900000,0x00000007bfc80000)
 ParOldGen       total 1295872K, used 584564K [0x00000006c0000000, 0x000000070f180000, 0x000000076ab00000)
  object space 1295872K, 45% used [0x00000006c0000000,0x00000006e3add238,0x000000070f180000)
 Metaspace       used 24562K, capacity 24984K, committed 25472K, reserved 1071104K
  class space    used 2589K, capacity 2789K, committed 2944K, reserved 1048576K

Card table byte_map: [0x00007f5d907ff000,0x00007f5d91000000] byte_map_base: 0x00007f5d8d1ff000

Marking Bits: (ParMarkBitMap*) 0x00007f5da69b7020
 Begin Bits: [0x00007f5d60000000, 0x00007f5d64000000)
 End Bits:   [0x00007f5d64000000, 0x00007f5d68000000)

Polling page: 0x00007f5da75fe000

CodeCache: size=245760Kb used=17543Kb max_used=18584Kb free=228216Kb
 bounds [0x00007f5d91000000, 0x00007f5d92270000, 0x00007f5da0000000]
 total_blobs=5510 nmethods=5057 adapters=365
 compilation: enabled

Compilation events (10 events):
Event: 112983.197 Thread 0x00007f5da01fe800 7312       4       java.lang.Integer::formatUnsignedInt (48 bytes)
Event: 112983.200 Thread 0x00007f5da01fe800 nmethod 7312 0x00007f5d9173a190 code [0x00007f5d9173a2e0, 0x00007f5d9173a4b8]
Event: 114177.990 Thread 0x00007f5da0200800 7313       4       java.util.concurrent.locks.AbstractQueuedSynchronizer$ConditionObject::signal (33 bytes)
Event: 114177.995 Thread 0x00007f5da0200800 nmethod 7313 0x00007f5d9201cf10 code [0x00007f5d9201d080, 0x00007f5d9201d418]
Event: 115191.284 Thread 0x00007f5da01fb800 7314       4       com.fasterxml.jackson.databind.introspect.AnnotatedClass::_addClassMixIns (62 bytes)
Event: 115191.285 Thread 0x00007f5da01fe800 7315       4       com.fasterxml.jackson.databind.introspect.AnnotatedClass::resolveCreators (426 bytes)
Event: 115191.285 Thread 0x00007f5da01fb800 nmethod 7314 0x00007f5d91b11f90 code [0x00007f5d91b120e0, 0x00007f5d91b12178]
Event: 115191.504 Thread 0x00007f5da01fe800 nmethod 7315 0x00007f5d918f9110 code [0x00007f5d918f97c0, 0x00007f5d918fdda8]
Event: 115422.803 Thread 0x00007f5da0200800 7316       4       java.lang.ThreadLocal::set (30 bytes)
Event: 115422.809 Thread 0x00007f5da0200800 nmethod 7316 0x00007f5d91ce7190 code [0x00007f5d91ce7320, 0x00007f5d91ce77f8]

GC Heap History (10 events):
Event: 117423.501 GC heap before
{Heap before GC invocations=24565 (full 5):
 PSYoungGen      total 1394176K, used 1393360K [0x000000076ab00000, 0x00000007c0000000, 0x00000007c0000000)
  eden space 1390592K, 100% used [0x000000076ab00000,0x00000007bf900000,0x00000007bf900000)
  from space 3584K, 77% used [0x00000007bf900000,0x00000007bfbb4050,0x00000007bfc80000)
  to   space 3584K, 0% used [0x00000007bfc80000,0x00000007bfc80000,0x00000007c0000000)
 ParOldGen       total 1295872K, used 584220K [0x00000006c0000000, 0x000000070f180000, 0x000000076ab00000)
  object space 1295872K, 45% used [0x00000006c0000000,0x00000006e3a871f8,0x000000070f180000)
 Metaspace       used 24559K, capacity 24984K, committed 25472K, reserved 1071104K
  class space    used 2589K, capacity 2789K, committed 2944K, reserved 1048576K
Event: 117423.506 GC heap after
Heap after GC invocations=24565 (full 5):
 PSYoungGen      total 1394176K, used 3008K [0x000000076ab00000, 0x00000007c0000000, 0x00000007c0000000)
  eden space 1390592K, 0% used [0x000000076ab00000,0x000000076ab00000,0x00000007bf900000)
  from space 3584K, 83% used [0x00000007bfc80000,0x00000007bff70060,0x00000007c0000000)
  to   space 3584K, 0% used [0x00000007bf900000,0x00000007bf900000,0x00000007bfc80000)
 ParOldGen       total 1295872K, used 584288K [0x00000006c0000000, 0x000000070f180000, 0x000000076ab00000)
  object space 1295872K, 45% used [0x00000006c0000000,0x00000006e3a98208,0x000000070f180000)
 Metaspace       used 24559K, capacity 24984K, committed 25472K, reserved 1071104K
  class space    used 2589K, capacity 2789K, committed 2944K, reserved 1048576K
}
Event: 117426.701 GC heap before
{Heap before GC invocations=24566 (full 5):
 PSYoungGen      total 1394176K, used 1393600K [0x000000076ab00000, 0x00000007c0000000, 0x00000007c0000000)
  eden space 1390592K, 100% used [0x000000076ab00000,0x00000007bf900000,0x00000007bf900000)
  from space 3584K, 83% used [0x00000007bfc80000,0x00000007bff70060,0x00000007c0000000)
  to   space 3584K, 0% used [0x00000007bf900000,0x00000007bf900000,0x00000007bfc80000)
 ParOldGen       total 1295872K, used 584288K [0x00000006c0000000, 0x000000070f180000, 0x000000076ab00000)
  object space 1295872K, 45% used [0x00000006c0000000,0x00000006e3a98208,0x000000070f180000)
 Metaspace       used 24559K, capacity 24984K, committed 25472K, reserved 1071104K
  class space    used 2589K, capacity 2789K, committed 2944K, reserved 1048576K
Event: 117426.705 GC heap after
Heap after GC invocations=24566 (full 5):
 PSYoungGen      total 1394176K, used 3008K [0x000000076ab00000, 0x00000007c0000000, 0x00000007c0000000)
  eden space 1390592K, 0% used [0x000000076ab00000,0x000000076ab00000,0x00000007bf900000)
  from space 3584K, 83% used [0x00000007bf900000,0x00000007bfbf0040,0x00000007bfc80000)
  to   space 3584K, 0% used [0x00000007bfc80000,0x00000007bfc80000,0x00000007c0000000)
 ParOldGen       total 1295872K, used 584348K [0x00000006c0000000, 0x000000070f180000, 0x000000076ab00000)
  object space 1295872K, 45% used [0x00000006c0000000,0x00000006e3aa7218,0x000000070f180000)
 Metaspace       used 24559K, capacity 24984K, committed 25472K, reserved 1071104K
  class space    used 2589K, capacity 2789K, committed 2944K, reserved 1048576K
}
Event: 117430.191 GC heap before
{Heap before GC invocations=24567 (full 5):
 PSYoungGen      total 1394176K, used 1393600K [0x000000076ab00000, 0x00000007c0000000, 0x00000007c0000000)
  eden space 1390592K, 100% used [0x000000076ab00000,0x00000007bf900000,0x00000007bf900000)
  from space 3584K, 83% used [0x00000007bf900000,0x00000007bfbf0040,0x00000007bfc80000)
  to   space 3584K, 0% used [0x00000007bfc80000,0x00000007bfc80000,0x00000007c0000000)
 ParOldGen       total 1295872K, used 584348K [0x00000006c0000000, 0x000000070f180000, 0x000000076ab00000)
  object space 1295872K, 45% used [0x00000006c0000000,0x00000006e3aa7218,0x000000070f180000)
 Metaspace       used 24559K, capacity 24984K, committed 25472K, reserved 1071104K
  class space    used 2589K, capacity 2789K, committed 2944K, reserved 1048576K
Event: 117430.196 GC heap after
Heap after GC invocations=24567 (full 5):
 PSYoungGen      total 1394176K, used 3072K [0x000000076ab00000, 0x00000007c0000000, 0x00000007c0000000)
  eden space 1390592K, 0% used [0x000000076ab00000,0x000000076ab00000,0x00000007bf900000)
  from space 3584K, 85% used [0x00000007bfc80000,0x00000007bff80080,0x00000007c0000000)
  to   space 3584K, 0% used [0x00000007bf900000,0x00000007bf900000,0x00000007bfc80000)
 ParOldGen       total 1295872K, used 584424K [0x00000006c0000000, 0x000000070f180000, 0x000000076ab00000)
  object space 1295872K, 45% used [0x00000006c0000000,0x00000006e3aba228,0x000000070f180000)
 Metaspace       used 24559K, capacity 24984K, committed 25472K, reserved 1071104K
  class space    used 2589K, capacity 2789K, committed 2944K, reserved 1048576K
}
Event: 117433.457 GC heap before
{Heap before GC invocations=24568 (full 5):
 PSYoungGen      total 1394176K, used 1393664K [0x000000076ab00000, 0x00000007c0000000, 0x00000007c0000000)
  eden space 1390592K, 100% used [0x000000076ab00000,0x00000007bf900000,0x00000007bf900000)
  from space 3584K, 85% used [0x00000007bfc80000,0x00000007bff80080,0x00000007c0000000)
  to   space 3584K, 0% used [0x00000007bf900000,0x00000007bf900000,0x00000007bfc80000)
 ParOldGen       total 1295872K, used 584424K [0x00000006c0000000, 0x000000070f180000, 0x000000076ab00000)
  object space 1295872K, 45% used [0x00000006c0000000,0x00000006e3aba228,0x000000070f180000)
 Metaspace       used 24559K, capacity 24984K, committed 25472K, reserved 1071104K
  class space    used 2589K, capacity 2789K, committed 2944K, reserved 1048576K
Event: 117433.461 GC heap after
Heap after GC invocations=24568 (full 5):
 PSYoungGen      total 1394176K, used 2944K [0x000000076ab00000, 0x00000007c0000000, 0x00000007c0000000)
  eden space 1390592K, 0% used [0x000000076ab00000,0x000000076ab00000,0x00000007bf900000)
  from space 3584K, 82% used [0x00000007bf900000,0x00000007bfbe0060,0x00000007bfc80000)
  to   space 3584K, 0% used [0x00000007bfc80000,0x00000007bfc80000,0x00000007c0000000)
 ParOldGen       total 1295872K, used 584492K [0x00000006c0000000, 0x000000070f180000, 0x000000076ab00000)
  object space 1295872K, 45% used [0x00000006c0000000,0x00000006e3acb238,0x000000070f180000)
 Metaspace       used 24559K, capacity 24984K, committed 25472K, reserved 1071104K
  class space    used 2589K, capacity 2789K, committed 2944K, reserved 1048576K
}
Event: 117436.655 GC heap before
{Heap before GC invocations=24569 (full 5):
 PSYoungGen      total 1394176K, used 1393536K [0x000000076ab00000, 0x00000007c0000000, 0x00000007c0000000)
  eden space 1390592K, 100% used [0x000000076ab00000,0x00000007bf900000,0x00000007bf900000)
  from space 3584K, 82% used [0x00000007bf900000,0x00000007bfbe0060,0x00000007bfc80000)
  to   space 3584K, 0% used [0x00000007bfc80000,0x00000007bfc80000,0x00000007c0000000)
 ParOldGen       total 1295872K, used 584492K [0x00000006c0000000, 0x000000070f180000, 0x000000076ab00000)
  object space 1295872K, 45% used [0x00000006c0000000,0x00000006e3acb238,0x000000070f180000)
 Metaspace       used 24559K, capacity 24984K, committed 25472K, reserved 1071104K
  class space    used 2589K, capacity 2789K, committed 2944K, reserved 1048576K
Event: 117436.659 GC heap after
Heap after GC invocations=24569 (full 5):
 PSYoungGen      total 1394176K, used 2864K [0x000000076ab00000, 0x00000007c0000000, 0x00000007c0000000)
  eden space 1390592K, 0% used [0x000000076ab00000,0x000000076ab00000,0x00000007bf900000)
  from space 3584K, 79% used [0x00000007bfc80000,0x00000007bff4c050,0x00000007c0000000)
  to   space 3584K, 0% used [0x00000007bf900000,0x00000007bf900000,0x00000007bfc80000)
 ParOldGen       total 1295872K, used 584564K [0x00000006c0000000, 0x000000070f180000, 0x000000076ab00000)
  object space 1295872K, 45% used [0x00000006c0000000,0x00000006e3add238,0x000000070f180000)
 Metaspace       used 24559K, capacity 24984K, committed 25472K, reserved 1071104K
  class space    used 2589K, capacity 2789K, committed 2944K, reserved 1048576K
}

Deoptimization events (10 events):
Event: 92501.885 Thread 0x00007f5c90147800 Uncommon trap: reason=unstable_if action=reinterpret pc=0x00007f5d91b0fd74 method=java.lang.ref.SoftReference.get()Ljava/lang/Object; @ 6
Event: 92501.885 Thread 0x00007f5da0798800 Uncommon trap: reason=unstable_if action=reinterpret pc=0x00007f5d91ce1908 method=java.lang.ref.SoftReference.get()Ljava/lang/Object; @ 6
Event: 92501.886 Thread 0x00007f5da0798800 Uncommon trap: reason=unstable_if action=reinterpret pc=0x00007f5d917d5764 method=java.lang.ref.SoftReference.get()Ljava/lang/Object; @ 6
Event: 106559.214 Thread 0x00007f5c901b5000 Uncommon trap: reason=unstable_if action=reinterpret pc=0x00007f5d91c834f4 method=java.net.URLEncoder.encode(Ljava/lang/String;Ljava/lang/String;)Ljava/lang/String; @ 137
Event: 106559.214 Thread 0x00007f5c901b5000 Uncommon trap: reason=unstable_if action=reinterpret pc=0x00007f5d917186a8 method=java.lang.Character.isSurrogate(C)Z @ 3
Event: 106559.219 Thread 0x00007f5da0764800 Uncommon trap: reason=unstable_if action=reinterpret pc=0x00007f5d91d14868 method=com.fasterxml.jackson.core.json.UTF8JsonGenerator._outputMultiByteChar(II)I @ 8
Event: 109385.496 Thread 0x00007f5c9021a000 Uncommon trap: reason=unstable_if action=reinterpret pc=0x00007f5d911b8f50 method=java.util.concurrent.locks.AbstractQueuedSynchronizer.enq(Ljava/util/concurrent/locks/AbstractQueuedSynchronizer$Node;)Ljava/util/concurrent/locks/AbstractQueuedSynchronizer
Event: 117437.900 Thread 0x00007f5da01f9800 Uncommon trap: reason=class_check action=maybe_recompile pc=0x00007f5d9147d648 method=java.util.Hashtable.get(Ljava/lang/Object;)Ljava/lang/Object; @ 6
Event: 117437.900 Thread 0x00007f5da01f9800 Uncommon trap: reason=class_check action=maybe_recompile pc=0x00007f5d9147d648 method=java.util.Hashtable.get(Ljava/lang/Object;)Ljava/lang/Object; @ 6
Event: 117437.900 Thread 0x00007f5da01f9800 Uncommon trap: reason=unstable_if action=reinterpret pc=0x00007f5d91ee522c method=java.security.AccessControlContext.optimize()Ljava/security/AccessControlContext; @ 65

Internal exceptions (10 events):
Event: 89690.258 Thread 0x00007f5c90029800 Exception <a 'java/net/SocketTimeoutException': connect timed out> (0x00000007aa30bfe0) thrown at [/HUDSON/workspace/8-2-build-linux-amd64/jdk8u66/4988/hotspot/src/share/vm/prims/jni.cpp, line 735]
Event: 92441.111 Thread 0x00007f5c902d9000 Exception <a 'java/io/IOException'> (0x000000077ebbb0a0) thrown at [/HUDSON/workspace/8-2-build-linux-amd64/jdk8u66/4988/hotspot/src/share/vm/prims/jni.cpp, line 709]
Event: 92501.885 Thread 0x00007f5c90147800 Implicit null exception at 0x00007f5d91b0e6db to 0x00007f5d91b0fd41
Event: 92501.885 Thread 0x00007f5da0798800 Implicit null exception at 0x00007f5d91ce08e6 to 0x00007f5d91ce18e5
Event: 92501.886 Thread 0x00007f5da0798800 Implicit null exception at 0x00007f5d917d4dc0 to 0x00007f5d917d5751
Event: 104719.438 Thread 0x00007f5c90137000 Exception <a 'java/io/IOException'> (0x000000076be5e9c0) thrown at [/HUDSON/workspace/8-2-build-linux-amd64/jdk8u66/4988/hotspot/src/share/vm/prims/jni.cpp, line 709]
Event: 107903.198 Thread 0x00007f5c90014800 Exception <a 'java/io/IOException'> (0x0000000786230dc8) thrown at [/HUDSON/workspace/8-2-build-linux-amd64/jdk8u66/4988/hotspot/src/share/vm/prims/jni.cpp, line 709]
Event: 107951.918 Thread 0x00007f5c88060800 Exception <a 'java/io/IOException'> (0x00000007a21f74c0) thrown at [/HUDSON/workspace/8-2-build-linux-amd64/jdk8u66/4988/hotspot/src/share/vm/prims/jni.cpp, line 709]
Event: 107951.924 Thread 0x00007f5c900a1800 Exception <a 'java/io/IOException'> (0x00000007a39e4af8) thrown at [/HUDSON/workspace/8-2-build-linux-amd64/jdk8u66/4988/hotspot/src/share/vm/prims/jni.cpp, line 709]
Event: 117437.900 Thread 0x00007f5da01f9800 Implicit null exception at 0x00007f5d91ee48b1 to 0x00007f5d91ee51f9

Events (10 events):
Event: 117437.900 loading class sun/misc/Signal$1 done
Event: 117437.900 Thread 0x00007f5da01f9800 Uncommon trap: trap_request=0xffffff65 fr.pc=0x00007f5d91ee522c
Event: 117437.900 Thread 0x00007f5da01f9800 DEOPT PACKING pc=0x00007f5d91ee522c sp=0x00007f5d8cc5b470
Event: 117437.900 Thread 0x00007f5da01f9800 DEOPT UNPACKING pc=0x00007f5d91004f69 sp=0x00007f5d8cc5b2d0 mode 2
Event: 117437.900 Thread 0x00007f5d54003800 Thread added: 0x00007f5d54003800
Event: 117437.900 Thread 0x00007f5d5c06b000 Thread added: 0x00007f5d5c06b000
Event: 117437.900 Thread 0x00007f5d5c06c000 Thread added: 0x00007f5d5c06c000
Event: 117437.900 loading class com/xrtb/commands/ShutdownNotice
Event: 117437.900 loading class com/xrtb/commands/ShutdownNotice done
Event: 117437.900 Thread 0x00007f5d5c06b000 Thread exited: 0x00007f5d5c06b000


Dynamic libraries:
00400000-00401000 r-xp 00000000 ca:01 275117                             /usr/lib/jvm/java-8-oracle/jre/bin/java
00600000-00601000 rw-p 00000000 ca:01 275117                             /usr/lib/jvm/java-8-oracle/jre/bin/java
01705000-01747000 rw-p 00000000 00:00 0                                  [heap]
6c0000000-70f180000 rw-p 00000000 00:00 0 
70f180000-76ab00000 ---p 00000000 00:00 0 
76ab00000-7c0000000 rw-p 00000000 00:00 0 
7c0000000-7c02e0000 rw-p 00000000 00:00 0 
7c02e0000-800000000 ---p 00000000 00:00 0 
7f5c78c11000-7f5c78c14000 ---p 00000000 00:00 0 
7f5c78c14000-7f5c78d12000 rw-p 00000000 00:00 0                          [stack:16971]
7f5c78e13000-7f5c78e16000 ---p 00000000 00:00 0 
7f5c78e16000-7f5c78f14000 rw-p 00000000 00:00 0                          [stack:16863]
7f5c78f14000-7f5c78f17000 ---p 00000000 00:00 0 
7f5c78f17000-7f5c79015000 rw-p 00000000 00:00 0                          [stack:16859]
7f5c79015000-7f5c79018000 ---p 00000000 00:00 0 
7f5c79018000-7f5c79116000 rw-p 00000000 00:00 0 
7f5c7971c000-7f5c7971f000 ---p 00000000 00:00 0 
7f5c7971f000-7f5c7981d000 rw-p 00000000 00:00 0                          [stack:16860]
7f5c7991e000-7f5c79921000 ---p 00000000 00:00 0 
7f5c79921000-7f5c79a1f000 rw-p 00000000 00:00 0                          [stack:16772]
7f5c79a1f000-7f5c79a22000 ---p 00000000 00:00 0 
7f5c79a22000-7f5c79b20000 rw-p 00000000 00:00 0                          [stack:16771]
7f5c7a025000-7f5c7a028000 ---p 00000000 00:00 0 
7f5c7a028000-7f5c7a126000 rw-p 00000000 00:00 0                          [stack:16757]
7f5c7a328000-7f5c7a32b000 ---p 00000000 00:00 0 
7f5c7a32b000-7f5c7a429000 rw-p 00000000 00:00 0 
7f5c7a52a000-7f5c7a52d000 ---p 00000000 00:00 0 
7f5c7a52d000-7f5c7a62b000 rw-p 00000000 00:00 0 
7f5c7a62b000-7f5c7a62e000 ---p 00000000 00:00 0 
7f5c7a62e000-7f5c7a72c000 rw-p 00000000 00:00 0 
7f5c7a92e000-7f5c7a931000 ---p 00000000 00:00 0 
7f5c7a931000-7f5c7aa2f000 rw-p 00000000 00:00 0                          [stack:16750]
7f5c7ab30000-7f5c7ab33000 ---p 00000000 00:00 0 
7f5c7ab33000-7f5c7ac31000 rw-p 00000000 00:00 0                          [stack:16737]
7f5c7ae33000-7f5c7ae36000 ---p 00000000 00:00 0 
7f5c7ae36000-7f5c7af34000 rw-p 00000000 00:00 0 
7f5c7af34000-7f5c7af37000 ---p 00000000 00:00 0 
7f5c7af37000-7f5c7b035000 rw-p 00000000 00:00 0                          [stack:16738]
7f5c7b136000-7f5c7b139000 ---p 00000000 00:00 0 
7f5c7b139000-7f5c7b237000 rw-p 00000000 00:00 0 
7f5c7b73c000-7f5c7b73f000 ---p 00000000 00:00 0 
7f5c7b73f000-7f5c7b83d000 rw-p 00000000 00:00 0                          [stack:16686]
7f5c7be43000-7f5c7be46000 ---p 00000000 00:00 0 
7f5c7be46000-7f5c7bf44000 rw-p 00000000 00:00 0                          [stack:7672]
7f5c7bf44000-7f5c7bf47000 ---p 00000000 00:00 0 
7f5c7bf47000-7f5c7c045000 rw-p 00000000 00:00 0 
7f5c7c348000-7f5c7c34b000 ---p 00000000 00:00 0 
7f5c7c34b000-7f5c7c449000 rw-p 00000000 00:00 0 
7f5c7c84d000-7f5c7c850000 ---p 00000000 00:00 0 
7f5c7c850000-7f5c7c94e000 rw-p 00000000 00:00 0                          [stack:16622]
7f5c7cc51000-7f5c7cc54000 ---p 00000000 00:00 0 
7f5c7cc54000-7f5c7cd52000 rw-p 00000000 00:00 0                          [stack:16607]
7f5c7d156000-7f5c7d159000 ---p 00000000 00:00 0 
7f5c7d159000-7f5c7d257000 rw-p 00000000 00:00 0                          [stack:16593]
7f5c7d358000-7f5c7d35b000 ---p 00000000 00:00 0 
7f5c7d35b000-7f5c7d459000 rw-p 00000000 00:00 0                          [stack:16595]
7f5c7d459000-7f5c7d45c000 ---p 00000000 00:00 0 
7f5c7d45c000-7f5c7d55a000 rw-p 00000000 00:00 0                          [stack:16596]
7f5c7d55a000-7f5c7d55d000 ---p 00000000 00:00 0 
7f5c7d55d000-7f5c7d65b000 rw-p 00000000 00:00 0 
7f5c7d65b000-7f5c7d65e000 ---p 00000000 00:00 0 
7f5c7d65e000-7f5c7d75c000 rw-p 00000000 00:00 0                          [stack:16576]
7f5c7dd62000-7f5c7dd65000 ---p 00000000 00:00 0 
7f5c7dd65000-7f5c7de63000 rw-p 00000000 00:00 0                          [stack:16552]
7f5c7df64000-7f5c7df67000 ---p 00000000 00:00 0 
7f5c7df67000-7f5c7e065000 rw-p 00000000 00:00 0                          [stack:16550]
7f5c7e267000-7f5c7e26a000 ---p 00000000 00:00 0 
7f5c7e26a000-7f5c7e368000 rw-p 00000000 00:00 0 
7f5c7e56a000-7f5c7e56d000 ---p 00000000 00:00 0 
7f5c7e56d000-7f5c7e66b000 rw-p 00000000 00:00 0                          [stack:16526]
7f5c7e96e000-7f5c7e971000 ---p 00000000 00:00 0 
7f5c7e971000-7f5c7ea6f000 rw-p 00000000 00:00 0 
7f5c7ea6f000-7f5c7ea72000 ---p 00000000 00:00 0 
7f5c7ea72000-7f5c7eb70000 rw-p 00000000 00:00 0                          [stack:16506]
7f5c7eb70000-7f5c7eb73000 ---p 00000000 00:00 0 
7f5c7eb73000-7f5c7ec71000 rw-p 00000000 00:00 0                          [stack:16505]
7f5c7ed72000-7f5c7ed75000 ---p 00000000 00:00 0 
7f5c7ed75000-7f5c7ee73000 rw-p 00000000 00:00 0                          [stack:27050]
7f5c7f277000-7f5c7f27a000 ---p 00000000 00:00 0 
7f5c7f27a000-7f5c7f378000 rw-p 00000000 00:00 0 
7f5c7f57a000-7f5c7f57d000 ---p 00000000 00:00 0 
7f5c7f57d000-7f5c7f67b000 rw-p 00000000 00:00 0                          [stack:16470]
7f5c7f77c000-7f5c7f77f000 ---p 00000000 00:00 0 
7f5c7f77f000-7f5c7f87d000 rw-p 00000000 00:00 0                          [stack:16468]
7f5c7f87d000-7f5c7f880000 ---p 00000000 00:00 0 
7f5c7f880000-7f5c7f97e000 rw-p 00000000 00:00 0                          [stack:16459]
7f5c7fe83000-7f5c7fe86000 ---p 00000000 00:00 0 
7f5c7fe86000-7f5c7ff84000 rw-p 00000000 00:00 0                          [stack:16447]
7f5c80085000-7f5c80088000 ---p 00000000 00:00 0 
7f5c80088000-7f5c80186000 rw-p 00000000 00:00 0 
7f5c80388000-7f5c8038b000 ---p 00000000 00:00 0 
7f5c8038b000-7f5c80489000 rw-p 00000000 00:00 0                          [stack:16443]
7f5c80489000-7f5c8048c000 ---p 00000000 00:00 0 
7f5c8048c000-7f5c8058a000 rw-p 00000000 00:00 0                          [stack:16434]
7f5c8058a000-7f5c8058d000 ---p 00000000 00:00 0 
7f5c8058d000-7f5c8068b000 rw-p 00000000 00:00 0 
7f5c8078c000-7f5c8078f000 ---p 00000000 00:00 0 
7f5c8078f000-7f5c8088d000 rw-p 00000000 00:00 0 
7f5c80d92000-7f5c80d95000 ---p 00000000 00:00 0 
7f5c80d95000-7f5c80e93000 rw-p 00000000 00:00 0 
7f5c81196000-7f5c81199000 ---p 00000000 00:00 0 
7f5c81199000-7f5c81297000 rw-p 00000000 00:00 0 
7f5c8169b000-7f5c8169e000 ---p 00000000 00:00 0 
7f5c8169e000-7f5c8179c000 rw-p 00000000 00:00 0                          [stack:16381]
7f5c8199e000-7f5c819a1000 ---p 00000000 00:00 0 
7f5c819a1000-7f5c81a9f000 rw-p 00000000 00:00 0 
7f5c81ba0000-7f5c81ba3000 ---p 00000000 00:00 0 
7f5c81ba3000-7f5c81ca1000 rw-p 00000000 00:00 0                          [stack:16362]
7f5c81ca1000-7f5c81ca4000 ---p 00000000 00:00 0 
7f5c81ca4000-7f5c81da2000 rw-p 00000000 00:00 0 
7f5c81ea3000-7f5c81ea6000 ---p 00000000 00:00 0 
7f5c81ea6000-7f5c81fa4000 rw-p 00000000 00:00 0 
7f5c821a6000-7f5c821a9000 ---p 00000000 00:00 0 
7f5c821a9000-7f5c822a7000 rw-p 00000000 00:00 0                          [stack:16356]
7f5c825aa000-7f5c825ad000 ---p 00000000 00:00 0 
7f5c825ad000-7f5c826ab000 rw-p 00000000 00:00 0                          [stack:16352]
7f5c827ac000-7f5c827af000 ---p 00000000 00:00 0 
7f5c827af000-7f5c828ad000 rw-p 00000000 00:00 0                          [stack:16350]
7f5c828ad000-7f5c828b0000 ---p 00000000 00:00 0 
7f5c828b0000-7f5c829ae000 rw-p 00000000 00:00 0                          [stack:16349]
7f5c829ae000-7f5c829b1000 ---p 00000000 00:00 0 
7f5c829b1000-7f5c82aaf000 rw-p 00000000 00:00 0 
7f5c82db2000-7f5c82db5000 ---p 00000000 00:00 0 
7f5c82db5000-7f5c82eb3000 rw-p 00000000 00:00 0                          [stack:16341]
7f5c82eb3000-7f5c82eb6000 ---p 00000000 00:00 0 
7f5c82eb6000-7f5c82fb4000 rw-p 00000000 00:00 0                          [stack:16343]
7f5c830b5000-7f5c830b8000 ---p 00000000 00:00 0 
7f5c830b8000-7f5c831b6000 rw-p 00000000 00:00 0 
7f5c833b8000-7f5c833bb000 ---p 00000000 00:00 0 
7f5c833bb000-7f5c834b9000 rw-p 00000000 00:00 0 
7f5c834b9000-7f5c834bc000 ---p 00000000 00:00 0 
7f5c834bc000-7f5c835ba000 rw-p 00000000 00:00 0 
7f5c836bb000-7f5c836be000 ---p 00000000 00:00 0 
7f5c836be000-7f5c837bc000 rw-p 00000000 00:00 0 
7f5c837bc000-7f5c837bf000 ---p 00000000 00:00 0 
7f5c837bf000-7f5c838bd000 rw-p 00000000 00:00 0                          [stack:4972]
7f5c838bd000-7f5c838c0000 ---p 00000000 00:00 0 
7f5c838c0000-7f5c839be000 rw-p 00000000 00:00 0                          [stack:27052]
7f5c83bc0000-7f5c83bc3000 ---p 00000000 00:00 0 
7f5c83bc3000-7f5c83cc1000 rw-p 00000000 00:00 0                          [stack:29137]
7f5c83dc2000-7f5c83dc5000 ---p 00000000 00:00 0 
7f5c83dc5000-7f5c83ec3000 rw-p 00000000 00:00 0                          [stack:28966]
7f5c83fc4000-7f5c83fc7000 ---p 00000000 00:00 0 
7f5c83fc7000-7f5c840c5000 rw-p 00000000 00:00 0                          [stack:16270]
7f5c840c5000-7f5c840c8000 ---p 00000000 00:00 0 
7f5c840c8000-7f5c841c6000 rw-p 00000000 00:00 0 
7f5c842c7000-7f5c842ca000 ---p 00000000 00:00 0 
7f5c842ca000-7f5c843c8000 rw-p 00000000 00:00 0 
7f5c846cb000-7f5c848cb000 rw-p 00000000 00:00 0 
7f5c848cb000-7f5c848ce000 ---p 00000000 00:00 0 
7f5c848ce000-7f5c849cc000 rw-p 00000000 00:00 0 
7f5c849cc000-7f5c849cf000 ---p 00000000 00:00 0 
7f5c849cf000-7f5c84ccd000 rw-p 00000000 00:00 0                          [stack:24052]
7f5c84ccd000-7f5c84cd0000 ---p 00000000 00:00 0 
7f5c84cd0000-7f5c84dce000 rw-p 00000000 00:00 0                          [stack:24051]
7f5c84dce000-7f5c84dd1000 ---p 00000000 00:00 0 
7f5c84dd1000-7f5c84ecf000 rw-p 00000000 00:00 0                          [stack:16299]
7f5c851d2000-7f5c851d5000 ---p 00000000 00:00 0 
7f5c851d5000-7f5c852d3000 rw-p 00000000 00:00 0 
7f5c852d3000-7f5c852d6000 ---p 00000000 00:00 0 
7f5c852d6000-7f5c853d4000 rw-p 00000000 00:00 0                          [stack:16271]
7f5c853d4000-7f5c853d7000 ---p 00000000 00:00 0 
7f5c853d7000-7f5c854d5000 rw-p 00000000 00:00 0 
7f5c858d9000-7f5c858dc000 ---p 00000000 00:00 0 
7f5c858dc000-7f5c859da000 rw-p 00000000 00:00 0 
7f5c85bdc000-7f5c85bdf000 ---p 00000000 00:00 0 
7f5c85bdf000-7f5c85cdd000 rw-p 00000000 00:00 0                          [stack:24036]
7f5c85dde000-7f5c85de1000 ---p 00000000 00:00 0 
7f5c85de1000-7f5c85edf000 rw-p 00000000 00:00 0 
7f5c864e5000-7f5c864e8000 ---p 00000000 00:00 0 
7f5c864e8000-7f5c865e6000 rw-p 00000000 00:00 0 
7f5c866e7000-7f5c866ea000 ---p 00000000 00:00 0 
7f5c866ea000-7f5c867e8000 rw-p 00000000 00:00 0                          [stack:24025]
7f5c867e8000-7f5c867eb000 ---p 00000000 00:00 0 
7f5c867eb000-7f5c868e9000 rw-p 00000000 00:00 0                          [stack:16282]
7f5c86bec000-7f5c86bef000 ---p 00000000 00:00 0 
7f5c86bef000-7f5c86ced000 rw-p 00000000 00:00 0 
7f5c86ced000-7f5c86cf0000 ---p 00000000 00:00 0 
7f5c86cf0000-7f5c86dee000 rw-p 00000000 00:00 0                          [stack:24019]
7f5c86dee000-7f5c86df1000 ---p 00000000 00:00 0 
7f5c86df1000-7f5c86eef000 rw-p 00000000 00:00 0                          [stack:24018]
7f5c86ff0000-7f5c86ff3000 ---p 00000000 00:00 0 
7f5c86ff3000-7f5c870f1000 rw-p 00000000 00:00 0 
7f5c872f3000-7f5c872f6000 ---p 00000000 00:00 0 
7f5c872f6000-7f5c873f4000 rw-p 00000000 00:00 0                          [stack:24013]
7f5c878f9000-7f5c878fc000 ---p 00000000 00:00 0 
7f5c878fc000-7f5c879fa000 rw-p 00000000 00:00 0                          [stack:24007]
7f5c87afb000-7f5c87afe000 ---p 00000000 00:00 0 
7f5c87afe000-7f5c87bfc000 rw-p 00000000 00:00 0                          [stack:24005]
7f5c87eff000-7f5c87f02000 ---p 00000000 00:00 0 
7f5c87f02000-7f5c88000000 rw-p 00000000 00:00 0 
7f5c88000000-7f5c8811d000 rw-p 00000000 00:00 0 
7f5c8811d000-7f5c8c000000 ---p 00000000 00:00 0 
7f5c8c000000-7f5c8c036000 rw-p 00000000 00:00 0 
7f5c8c036000-7f5c90000000 ---p 00000000 00:00 0 
7f5c90000000-7f5c903d9000 rw-p 00000000 00:00 0 
7f5c903d9000-7f5c94000000 ---p 00000000 00:00 0 
7f5c94000000-7f5c9402c000 rw-p 00000000 00:00 0 
7f5c9402c000-7f5c98000000 ---p 00000000 00:00 0 
7f5c98000000-7f5c98032000 rw-p 00000000 00:00 0 
7f5c98032000-7f5c9c000000 ---p 00000000 00:00 0 
7f5c9c000000-7f5c9c28e000 rw-p 00000000 00:00 0 
7f5c9c28e000-7f5ca0000000 ---p 00000000 00:00 0 
7f5ca0000000-7f5ca002f000 rw-p 00000000 00:00 0 
7f5ca002f000-7f5ca4000000 ---p 00000000 00:00 0 
7f5ca4000000-7f5ca4038000 rw-p 00000000 00:00 0 
7f5ca4038000-7f5ca8000000 ---p 00000000 00:00 0 
7f5ca8000000-7f5ca8021000 rw-p 00000000 00:00 0 
7f5ca8021000-7f5cac000000 ---p 00000000 00:00 0 
7f5cac000000-7f5cac02c000 rw-p 00000000 00:00 0 
7f5cac02c000-7f5cb0000000 ---p 00000000 00:00 0 
7f5cb0000000-7f5cb0024000 rw-p 00000000 00:00 0 
7f5cb0024000-7f5cb4000000 ---p 00000000 00:00 0 
7f5cb4000000-7f5cb4021000 rw-p 00000000 00:00 0 
7f5cb4021000-7f5cb8000000 ---p 00000000 00:00 0 
7f5cb8000000-7f5cb802e000 rw-p 00000000 00:00 0 
7f5cb802e000-7f5cbc000000 ---p 00000000 00:00 0 
7f5cbc000000-7f5cbc029000 rw-p 00000000 00:00 0 
7f5cbc029000-7f5cc0000000 ---p 00000000 00:00 0 
7f5cc0000000-7f5cc0021000 rw-p 00000000 00:00 0 
7f5cc0021000-7f5cc4000000 ---p 00000000 00:00 0 
7f5cc4000000-7f5cc402d000 rw-p 00000000 00:00 0 
7f5cc402d000-7f5cc8000000 ---p 00000000 00:00 0 
7f5cc8000000-7f5cc8025000 rw-p 00000000 00:00 0 
7f5cc8025000-7f5ccc000000 ---p 00000000 00:00 0 
7f5ccc000000-7f5ccc021000 rw-p 00000000 00:00 0 
7f5ccc021000-7f5cd0000000 ---p 00000000 00:00 0 
7f5cd0000000-7f5cd0028000 rw-p 00000000 00:00 0 
7f5cd0028000-7f5cd4000000 ---p 00000000 00:00 0 
7f5cd4000000-7f5cd4023000 rw-p 00000000 00:00 0 
7f5cd4023000-7f5cd8000000 ---p 00000000 00:00 0 
7f5cd8000000-7f5cd8021000 rw-p 00000000 00:00 0 
7f5cd8021000-7f5cdc000000 ---p 00000000 00:00 0 
7f5cdc000000-7f5cdc02f000 rw-p 00000000 00:00 0 
7f5cdc02f000-7f5ce0000000 ---p 00000000 00:00 0 
7f5ce0000000-7f5ce0048000 rw-p 00000000 00:00 0 
7f5ce0048000-7f5ce4000000 ---p 00000000 00:00 0 
7f5ce4000000-7f5ce4041000 rw-p 00000000 00:00 0 
7f5ce4041000-7f5ce8000000 ---p 00000000 00:00 0 
7f5ce8000000-7f5ce803a000 rw-p 00000000 00:00 0 
7f5ce803a000-7f5cec000000 ---p 00000000 00:00 0 
7f5cec000000-7f5cec045000 rw-p 00000000 00:00 0 
7f5cec045000-7f5cf0000000 ---p 00000000 00:00 0 
7f5cf0000000-7f5cf0029000 rw-p 00000000 00:00 0 
7f5cf0029000-7f5cf4000000 ---p 00000000 00:00 0 
7f5cf4000000-7f5cf4021000 rw-p 00000000 00:00 0 
7f5cf4021000-7f5cf8000000 ---p 00000000 00:00 0 
7f5cf8000000-7f5cf8021000 rw-p 00000000 00:00 0 
7f5cf8021000-7f5cfc000000 ---p 00000000 00:00 0 
7f5cfc000000-7f5cfc021000 rw-p 00000000 00:00 0 
7f5cfc021000-7f5d00000000 ---p 00000000 00:00 0 
7f5d00000000-7f5d00022000 rw-p 00000000 00:00 0 
7f5d00022000-7f5d04000000 ---p 00000000 00:00 0 
7f5d04000000-7f5d04021000 rw-p 00000000 00:00 0 
7f5d04021000-7f5d08000000 ---p 00000000 00:00 0 
7f5d08000000-7f5d08021000 rw-p 00000000 00:00 0 
7f5d08021000-7f5d0c000000 ---p 00000000 00:00 0 
7f5d0c000000-7f5d0c021000 rw-p 00000000 00:00 0 
7f5d0c021000-7f5d10000000 ---p 00000000 00:00 0 
7f5d10000000-7f5d1003c000 rw-p 00000000 00:00 0 
7f5d1003c000-7f5d14000000 ---p 00000000 00:00 0 
7f5d14000000-7f5d14021000 rw-p 00000000 00:00 0 
7f5d14021000-7f5d18000000 ---p 00000000 00:00 0 
7f5d18000000-7f5d18021000 rw-p 00000000 00:00 0 
7f5d18021000-7f5d1c000000 ---p 00000000 00:00 0 
7f5d1c000000-7f5d1c021000 rw-p 00000000 00:00 0 
7f5d1c021000-7f5d20000000 ---p 00000000 00:00 0 
7f5d20000000-7f5d20021000 rw-p 00000000 00:00 0 
7f5d20021000-7f5d24000000 ---p 00000000 00:00 0 
7f5d24000000-7f5d24025000 rw-p 00000000 00:00 0 
7f5d24025000-7f5d28000000 ---p 00000000 00:00 0 
7f5d28000000-7f5d28293000 rw-p 00000000 00:00 0 
7f5d28293000-7f5d2c000000 ---p 00000000 00:00 0 
7f5d2c000000-7f5d2c030000 rw-p 00000000 00:00 0 
7f5d2c030000-7f5d30000000 ---p 00000000 00:00 0 
7f5d30000000-7f5d30021000 rw-p 00000000 00:00 0 
7f5d30021000-7f5d34000000 ---p 00000000 00:00 0 
7f5d34000000-7f5d3405f000 rw-p 00000000 00:00 0 
7f5d3405f000-7f5d38000000 ---p 00000000 00:00 0 
7f5d38000000-7f5d38021000 rw-p 00000000 00:00 0 
7f5d38021000-7f5d3c000000 ---p 00000000 00:00 0 
7f5d3c000000-7f5d3c021000 rw-p 00000000 00:00 0 
7f5d3c021000-7f5d40000000 ---p 00000000 00:00 0 
7f5d40000000-7f5d41b3d000 rw-p 00000000 00:00 0 
7f5d41b3d000-7f5d44000000 ---p 00000000 00:00 0 
7f5d44000000-7f5d44aeb000 rw-p 00000000 00:00 0 
7f5d44aeb000-7f5d48000000 ---p 00000000 00:00 0 
7f5d48000000-7f5d49aef000 rw-p 00000000 00:00 0 
7f5d49aef000-7f5d4c000000 ---p 00000000 00:00 0 
7f5d4c000000-7f5d4d9cb000 rw-p 00000000 00:00 0 
7f5d4d9cb000-7f5d50000000 ---p 00000000 00:00 0 
7f5d50000000-7f5d50021000 rw-p 00000000 00:00 0 
7f5d50021000-7f5d54000000 ---p 00000000 00:00 0 
7f5d54000000-7f5d54021000 rw-p 00000000 00:00 0 
7f5d54021000-7f5d58000000 ---p 00000000 00:00 0 
7f5d58000000-7f5d58234000 rw-p 00000000 00:00 0 
7f5d58234000-7f5d5c000000 ---p 00000000 00:00 0 
7f5d5c000000-7f5d5c326000 rw-p 00000000 00:00 0 
7f5d5c326000-7f5d60000000 ---p 00000000 00:00 0 
7f5d60000000-7f5d68000000 rw-p 00000000 00:00 0 
7f5d68000000-7f5d68049000 rw-p 00000000 00:00 0 
7f5d68049000-7f5d6c000000 ---p 00000000 00:00 0 
7f5d6c000000-7f5d6c042000 rw-p 00000000 00:00 0 
7f5d6c042000-7f5d70000000 ---p 00000000 00:00 0 
7f5d70000000-7f5d70055000 rw-p 00000000 00:00 0 
7f5d70055000-7f5d74000000 ---p 00000000 00:00 0 
7f5d74061000-7f5d74064000 ---p 00000000 00:00 0 
7f5d74064000-7f5d74162000 rw-p 00000000 00:00 0                          [stack:23999]
7f5d74162000-7f5d74165000 ---p 00000000 00:00 0 
7f5d74165000-7f5d74263000 rw-p 00000000 00:00 0                          [stack:23998]
7f5d74263000-7f5d7426b000 r-xp 00000000 ca:01 275177                     /usr/lib/jvm/java-8-oracle/jre/lib/amd64/libmanagement.so
7f5d7426b000-7f5d7446b000 ---p 00008000 ca:01 275177                     /usr/lib/jvm/java-8-oracle/jre/lib/amd64/libmanagement.so
7f5d7446b000-7f5d7446c000 rw-p 00008000 ca:01 275177                     /usr/lib/jvm/java-8-oracle/jre/lib/amd64/libmanagement.so
7f5d7446c000-7f5d7446f000 ---p 00000000 00:00 0 
7f5d7446f000-7f5d7456d000 rw-p 00000000 00:00 0                          [stack:23997]
7f5d7456d000-7f5d74570000 ---p 00000000 00:00 0 
7f5d74570000-7f5d7466e000 rw-p 00000000 00:00 0                          [stack:23996]
7f5d7466e000-7f5d74671000 ---p 00000000 00:00 0 
7f5d74671000-7f5d7476f000 rw-p 00000000 00:00 0                          [stack:23995]
7f5d7476f000-7f5d74772000 ---p 00000000 00:00 0 
7f5d74772000-7f5d74870000 rw-p 00000000 00:00 0                          [stack:23994]
7f5d74870000-7f5d74873000 ---p 00000000 00:00 0 
7f5d74873000-7f5d74971000 rw-p 00000000 00:00 0                          [stack:23993]
7f5d74971000-7f5d74974000 ---p 00000000 00:00 0 
7f5d74974000-7f5d74a72000 rw-p 00000000 00:00 0                          [stack:23992]
7f5d74a72000-7f5d74a75000 ---p 00000000 00:00 0 
7f5d74a75000-7f5d74b73000 rw-p 00000000 00:00 0                          [stack:23991]
7f5d74b73000-7f5d74b76000 ---p 00000000 00:00 0 
7f5d74b76000-7f5d74c74000 rw-p 00000000 00:00 0                          [stack:23990]
7f5d74c74000-7f5d74c77000 ---p 00000000 00:00 0 
7f5d74c77000-7f5d74f75000 rw-p 00000000 00:00 0                          [stack:23989]
7f5d74f75000-7f5d74f78000 ---p 00000000 00:00 0 
7f5d74f78000-7f5d75076000 rw-p 00000000 00:00 0                          [stack:23988]
7f5d75076000-7f5d75079000 ---p 00000000 00:00 0 
7f5d75079000-7f5d75177000 rw-p 00000000 00:00 0                          [stack:23987]
7f5d75177000-7f5d7517a000 ---p 00000000 00:00 0 
7f5d7517a000-7f5d75278000 rw-p 00000000 00:00 0                          [stack:23986]
7f5d75278000-7f5d7527b000 ---p 00000000 00:00 0 
7f5d7527b000-7f5d75379000 rw-p 00000000 00:00 0                          [stack:23985]
7f5d75379000-7f5d7537c000 ---p 00000000 00:00 0 
7f5d7537c000-7f5d7547a000 rw-p 00000000 00:00 0                          [stack:23984]
7f5d7547a000-7f5d7547d000 ---p 00000000 00:00 0 
7f5d7547d000-7f5d7557b000 rw-p 00000000 00:00 0                          [stack:23983]
7f5d7557b000-7f5d7557e000 ---p 00000000 00:00 0 
7f5d7557e000-7f5d7567c000 rw-p 00000000 00:00 0                          [stack:23982]
7f5d7567c000-7f5d7567f000 ---p 00000000 00:00 0 
7f5d7567f000-7f5d7577d000 rw-p 00000000 00:00 0                          [stack:23981]
7f5d7577d000-7f5d75780000 ---p 00000000 00:00 0 
7f5d75780000-7f5d7587e000 rw-p 00000000 00:00 0                          [stack:23980]
7f5d7587e000-7f5d75881000 ---p 00000000 00:00 0 
7f5d75881000-7f5d7597f000 rw-p 00000000 00:00 0                          [stack:23979]
7f5d7597f000-7f5d75982000 ---p 00000000 00:00 0 
7f5d75982000-7f5d75a80000 rw-p 00000000 00:00 0                          [stack:23978]
7f5d75a80000-7f5d75a83000 ---p 00000000 00:00 0 
7f5d75a83000-7f5d75b81000 rw-p 00000000 00:00 0                          [stack:23977]
7f5d75b81000-7f5d75b84000 ---p 00000000 00:00 0 
7f5d75b84000-7f5d75c82000 rw-p 00000000 00:00 0                          [stack:23976]
7f5d75c82000-7f5d75c85000 ---p 00000000 00:00 0 
7f5d75c85000-7f5d75d83000 rw-p 00000000 00:00 0                          [stack:23975]
7f5d75d83000-7f5d75d86000 ---p 00000000 00:00 0 
7f5d75d86000-7f5d75e84000 rw-p 00000000 00:00 0                          [stack:23974]
7f5d75e84000-7f5d75e87000 ---p 00000000 00:00 0 
7f5d75e87000-7f5d75f85000 rw-p 00000000 00:00 0                          [stack:23973]
7f5d75f85000-7f5d75f88000 ---p 00000000 00:00 0 
7f5d75f88000-7f5d76086000 rw-p 00000000 00:00 0                          [stack:23972]
7f5d76086000-7f5d76089000 ---p 00000000 00:00 0 
7f5d76089000-7f5d76187000 rw-p 00000000 00:00 0                          [stack:23971]
7f5d76187000-7f5d7618a000 ---p 00000000 00:00 0 
7f5d7618a000-7f5d76288000 rw-p 00000000 00:00 0                          [stack:23970]
7f5d76288000-7f5d7628b000 ---p 00000000 00:00 0 
7f5d7628b000-7f5d76389000 rw-p 00000000 00:00 0                          [stack:23969]
7f5d76389000-7f5d7638c000 ---p 00000000 00:00 0 
7f5d7638c000-7f5d7648a000 rw-p 00000000 00:00 0                          [stack:23968]
7f5d7648a000-7f5d7648d000 ---p 00000000 00:00 0 
7f5d7648d000-7f5d7658b000 rw-p 00000000 00:00 0                          [stack:23967]
7f5d7658b000-7f5d7658e000 ---p 00000000 00:00 0 
7f5d7658e000-7f5d7668c000 rw-p 00000000 00:00 0                          [stack:23966]
7f5d7668c000-7f5d7668f000 ---p 00000000 00:00 0 
7f5d7668f000-7f5d7678d000 rw-p 00000000 00:00 0                          [stack:23965]
7f5d7678d000-7f5d76790000 ---p 00000000 00:00 0 
7f5d76790000-7f5d7688e000 rw-p 00000000 00:00 0                          [stack:23964]
7f5d7688e000-7f5d76891000 ---p 00000000 00:00 0 
7f5d76891000-7f5d7698f000 rw-p 00000000 00:00 0                          [stack:23963]
7f5d7698f000-7f5d76992000 ---p 00000000 00:00 0 
7f5d76992000-7f5d76a90000 rw-p 00000000 00:00 0                          [stack:23962]
7f5d76a90000-7f5d76a93000 ---p 00000000 00:00 0 
7f5d76a93000-7f5d76b91000 rw-p 00000000 00:00 0                          [stack:23961]
7f5d76b91000-7f5d76b94000 ---p 00000000 00:00 0 
7f5d76b94000-7f5d76c92000 rw-p 00000000 00:00 0                          [stack:23960]
7f5d76c92000-7f5d76c95000 ---p 00000000 00:00 0 
7f5d76c95000-7f5d76d93000 rw-p 00000000 00:00 0                          [stack:23959]
7f5d76d93000-7f5d76d96000 ---p 00000000 00:00 0 
7f5d76d96000-7f5d76e94000 rw-p 00000000 00:00 0                          [stack:23958]
7f5d76e94000-7f5d76e97000 ---p 00000000 00:00 0 
7f5d76e97000-7f5d77195000 rw-p 00000000 00:00 0                          [stack:23957]
7f5d77195000-7f5d77198000 ---p 00000000 00:00 0 
7f5d77198000-7f5d77296000 rw-p 00000000 00:00 0                          [stack:23956]
7f5d77296000-7f5d772ad000 r-xp 00000000 ca:01 396095                     /lib/x86_64-linux-gnu/libresolv-2.19.so
7f5d772ad000-7f5d774ad000 ---p 00017000 ca:01 396095                     /lib/x86_64-linux-gnu/libresolv-2.19.so
7f5d774ad000-7f5d774ae000 r--p 00017000 ca:01 396095                     /lib/x86_64-linux-gnu/libresolv-2.19.so
7f5d774ae000-7f5d774af000 rw-p 00018000 ca:01 396095                     /lib/x86_64-linux-gnu/libresolv-2.19.so
7f5d774af000-7f5d774b1000 rw-p 00000000 00:00 0 
7f5d774b1000-7f5d774b6000 r-xp 00000000 ca:01 396073                     /lib/x86_64-linux-gnu/libnss_dns-2.19.so
7f5d774b6000-7f5d776b5000 ---p 00005000 ca:01 396073                     /lib/x86_64-linux-gnu/libnss_dns-2.19.so
7f5d776b5000-7f5d776b6000 r--p 00004000 ca:01 396073                     /lib/x86_64-linux-gnu/libnss_dns-2.19.so
7f5d776b6000-7f5d776b7000 rw-p 00005000 ca:01 396073                     /lib/x86_64-linux-gnu/libnss_dns-2.19.so
7f5d776b7000-7f5d776ba000 ---p 00000000 00:00 0 
7f5d776ba000-7f5d779b8000 rw-p 00000000 00:00 0                          [stack:23954]
7f5d77aff000-7f5d77b02000 ---p 00000000 00:00 0 
7f5d77b02000-7f5d77e00000 rw-p 00000000 00:00 0 
7f5d77e00000-7f5d78000000 rw-p 00000000 00:00 0 
7f5d78000000-7f5d7804b000 rw-p 00000000 00:00 0 
7f5d7804b000-7f5d7c000000 ---p 00000000 00:00 0 
7f5d7c000000-7f5d7c066000 rw-p 00000000 00:00 0 
7f5d7c066000-7f5d80000000 ---p 00000000 00:00 0 
7f5d80000000-7f5d80051000 rw-p 00000000 00:00 0 
7f5d80051000-7f5d84000000 ---p 00000000 00:00 0 
7f5d84000000-7f5d84047000 rw-p 00000000 00:00 0 
7f5d84047000-7f5d88000000 ---p 00000000 00:00 0 
7f5d88000000-7f5d88068000 rw-p 00000000 00:00 0 
7f5d88068000-7f5d8c000000 ---p 00000000 00:00 0 
7f5d8c0a4000-7f5d8c0ba000 r-xp 00000000 ca:01 275187                     /usr/lib/jvm/java-8-oracle/jre/lib/amd64/libnet.so
7f5d8c0ba000-7f5d8c2ba000 ---p 00016000 ca:01 275187                     /usr/lib/jvm/java-8-oracle/jre/lib/amd64/libnet.so
7f5d8c2ba000-7f5d8c2bb000 rw-p 00016000 ca:01 275187                     /usr/lib/jvm/java-8-oracle/jre/lib/amd64/libnet.so
7f5d8c2bb000-7f5d8c2cc000 r-xp 00000000 ca:01 275151                     /usr/lib/jvm/java-8-oracle/jre/lib/amd64/libnio.so
7f5d8c2cc000-7f5d8c4cb000 ---p 00011000 ca:01 275151                     /usr/lib/jvm/java-8-oracle/jre/lib/amd64/libnio.so
7f5d8c4cb000-7f5d8c4cc000 rw-p 00010000 ca:01 275151                     /usr/lib/jvm/java-8-oracle/jre/lib/amd64/libnio.so
7f5d8c4cc000-7f5d8c556000 r--s 007eb000 ca:01 276143                     /home/ubuntu/XRTB/xrtb-all.jar
7f5d8c556000-7f5d8c557000 ---p 00000000 00:00 0 
7f5d8c557000-7f5d8c657000 rw-p 00000000 00:00 0                          [stack:23953]
7f5d8c657000-7f5d8c65a000 ---p 00000000 00:00 0 
7f5d8c65a000-7f5d8c758000 rw-p 00000000 00:00 0                          [stack:23952]
7f5d8c758000-7f5d8c75b000 ---p 00000000 00:00 0 
7f5d8c75b000-7f5d8c859000 rw-p 00000000 00:00 0                          [stack:23951]
7f5d8c859000-7f5d8c85c000 ---p 00000000 00:00 0 
7f5d8c85c000-7f5d8c95a000 rw-p 00000000 00:00 0                          [stack:23950]
7f5d8c95a000-7f5d8c95d000 ---p 00000000 00:00 0 
7f5d8c95d000-7f5d8ca5b000 rw-p 00000000 00:00 0                          [stack:23949]
7f5d8ca5b000-7f5d8ca5e000 ---p 00000000 00:00 0 
7f5d8ca5e000-7f5d8cb5c000 rw-p 00000000 00:00 0                          [stack:23948]
7f5d8cb5c000-7f5d8cb5f000 ---p 00000000 00:00 0 
7f5d8cb5f000-7f5d8cc5d000 rw-p 00000000 00:00 0                          [stack:23947]
7f5d8cc5d000-7f5d8cc60000 ---p 00000000 00:00 0 
7f5d8cc60000-7f5d8cd5e000 rw-p 00000000 00:00 0                          [stack:23946]
7f5d8cd5e000-7f5d8cd61000 ---p 00000000 00:00 0 
7f5d8cd61000-7f5d8ce5f000 rw-p 00000000 00:00 0                          [stack:23945]
7f5d8ce5f000-7f5d8ce60000 ---p 00000000 00:00 0 
7f5d8ce60000-7f5d8eaca000 rw-p 00000000 00:00 0                          [stack:23944]
7f5d8eaca000-7f5d8eca3000 r--s 03d20000 ca:01 275279                     /usr/lib/jvm/java-8-oracle/jre/lib/rt.jar
7f5d8eca3000-7f5d8fca3000 rw-p 00000000 00:00 0 
7f5d8fca3000-7f5d8fca4000 ---p 00000000 00:00 0 
7f5d8fca4000-7f5d8fda4000 rw-p 00000000 00:00 0                          [stack:23943]
7f5d8fda4000-7f5d8fda5000 ---p 00000000 00:00 0 
7f5d8fda5000-7f5d8fea5000 rw-p 00000000 00:00 0                          [stack:23942]
7f5d8fea5000-7f5d8fea6000 ---p 00000000 00:00 0 
7f5d8fea6000-7f5d8ffa6000 rw-p 00000000 00:00 0                          [stack:23941]
7f5d8ffa6000-7f5d8ffa7000 ---p 00000000 00:00 0 
7f5d8ffa7000-7f5d900a7000 rw-p 00000000 00:00 0                          [stack:23940]
7f5d900a7000-7f5d900a8000 ---p 00000000 00:00 0 
7f5d900a8000-7f5d901a8000 rw-p 00000000 00:00 0                          [stack:23939]
7f5d901a8000-7f5d901a9000 ---p 00000000 00:00 0 
7f5d901a9000-7f5d90522000 rw-p 00000000 00:00 0                          [stack:23938]
7f5d90522000-7f5d907ff000 ---p 00000000 00:00 0 
7f5d907ff000-7f5d90a78000 rw-p 00000000 00:00 0 
7f5d90a78000-7f5d90d54000 ---p 00000000 00:00 0 
7f5d90d54000-7f5d90fff000 rw-p 00000000 00:00 0 
7f5d90fff000-7f5d91000000 rw-p 00000000 00:00 0 
7f5d91000000-7f5d92270000 rwxp 00000000 00:00 0 
7f5d92270000-7f5da0000000 ---p 00000000 00:00 0 
7f5da0000000-7f5da088e000 rw-p 00000000 00:00 0 
7f5da088e000-7f5da4000000 ---p 00000000 00:00 0 
7f5da4026000-7f5da4030000 r--s 00116000 ca:01 275307                     /usr/lib/jvm/java-8-oracle/jre/lib/ext/localedata.jar
7f5da4030000-7f5da40a6000 rw-p 00000000 00:00 0 
7f5da40a6000-7f5da40a7000 ---p 00000000 00:00 0 
7f5da40a7000-7f5da41a7000 rw-p 00000000 00:00 0                          [stack:23937]
7f5da41a7000-7f5da41a8000 ---p 00000000 00:00 0 
7f5da41a8000-7f5da42f2000 rw-p 00000000 00:00 0                          [stack:23936]
7f5da42f2000-7f5da4668000 ---p 00000000 00:00 0 
7f5da4668000-7f5da4682000 r-xp 00000000 ca:01 275188                     /usr/lib/jvm/java-8-oracle/jre/lib/amd64/libzip.so
7f5da4682000-7f5da4882000 ---p 0001a000 ca:01 275188                     /usr/lib/jvm/java-8-oracle/jre/lib/amd64/libzip.so
7f5da4882000-7f5da4883000 rw-p 0001a000 ca:01 275188                     /usr/lib/jvm/java-8-oracle/jre/lib/amd64/libzip.so
7f5da4883000-7f5da488e000 r-xp 00000000 ca:01 396074                     /lib/x86_64-linux-gnu/libnss_files-2.19.so
7f5da488e000-7f5da4a8d000 ---p 0000b000 ca:01 396074                     /lib/x86_64-linux-gnu/libnss_files-2.19.so
7f5da4a8d000-7f5da4a8e000 r--p 0000a000 ca:01 396074                     /lib/x86_64-linux-gnu/libnss_files-2.19.so
7f5da4a8e000-7f5da4a8f000 rw-p 0000b000 ca:01 396074                     /lib/x86_64-linux-gnu/libnss_files-2.19.so
7f5da4a8f000-7f5da4a9a000 r-xp 00000000 ca:01 396076                     /lib/x86_64-linux-gnu/libnss_nis-2.19.so
7f5da4a9a000-7f5da4c99000 ---p 0000b000 ca:01 396076                     /lib/x86_64-linux-gnu/libnss_nis-2.19.so
7f5da4c99000-7f5da4c9a000 r--p 0000a000 ca:01 396076                     /lib/x86_64-linux-gnu/libnss_nis-2.19.so
7f5da4c9a000-7f5da4c9b000 rw-p 0000b000 ca:01 396076                     /lib/x86_64-linux-gnu/libnss_nis-2.19.so
7f5da4c9b000-7f5da4cb2000 r-xp 00000000 ca:01 396071                     /lib/x86_64-linux-gnu/libnsl-2.19.so
7f5da4cb2000-7f5da4eb1000 ---p 00017000 ca:01 396071                     /lib/x86_64-linux-gnu/libnsl-2.19.so
7f5da4eb1000-7f5da4eb2000 r--p 00016000 ca:01 396071                     /lib/x86_64-linux-gnu/libnsl-2.19.so
7f5da4eb2000-7f5da4eb3000 rw-p 00017000 ca:01 396071                     /lib/x86_64-linux-gnu/libnsl-2.19.so
7f5da4eb3000-7f5da4eb5000 rw-p 00000000 00:00 0 
7f5da4eb5000-7f5da4ebe000 r-xp 00000000 ca:01 396072                     /lib/x86_64-linux-gnu/libnss_compat-2.19.so
7f5da4ebe000-7f5da50bd000 ---p 00009000 ca:01 396072                     /lib/x86_64-linux-gnu/libnss_compat-2.19.so
7f5da50bd000-7f5da50be000 r--p 00008000 ca:01 396072                     /lib/x86_64-linux-gnu/libnss_compat-2.19.so
7f5da50be000-7f5da50bf000 rw-p 00009000 ca:01 396072                     /lib/x86_64-linux-gnu/libnss_compat-2.19.so
7f5da50bf000-7f5da50e9000 r-xp 00000000 ca:01 275210                     /usr/lib/jvm/java-8-oracle/jre/lib/amd64/libjava.so
7f5da50e9000-7f5da52e9000 ---p 0002a000 ca:01 275210                     /usr/lib/jvm/java-8-oracle/jre/lib/amd64/libjava.so
7f5da52e9000-7f5da52eb000 rw-p 0002a000 ca:01 275210                     /usr/lib/jvm/java-8-oracle/jre/lib/amd64/libjava.so
7f5da52eb000-7f5da52f8000 r-xp 00000000 ca:01 275200                     /usr/lib/jvm/java-8-oracle/jre/lib/amd64/libverify.so
7f5da52f8000-7f5da54f8000 ---p 0000d000 ca:01 275200                     /usr/lib/jvm/java-8-oracle/jre/lib/amd64/libverify.so
7f5da54f8000-7f5da54fa000 rw-p 0000d000 ca:01 275200                     /usr/lib/jvm/java-8-oracle/jre/lib/amd64/libverify.so
7f5da54fa000-7f5da5501000 r-xp 00000000 ca:01 396096                     /lib/x86_64-linux-gnu/librt-2.19.so
7f5da5501000-7f5da5700000 ---p 00007000 ca:01 396096                     /lib/x86_64-linux-gnu/librt-2.19.so
7f5da5700000-7f5da5701000 r--p 00006000 ca:01 396096                     /lib/x86_64-linux-gnu/librt-2.19.so
7f5da5701000-7f5da5702000 rw-p 00007000 ca:01 396096                     /lib/x86_64-linux-gnu/librt-2.19.so
7f5da5702000-7f5da5807000 r-xp 00000000 ca:01 396063                     /lib/x86_64-linux-gnu/libm-2.19.so
7f5da5807000-7f5da5a06000 ---p 00105000 ca:01 396063                     /lib/x86_64-linux-gnu/libm-2.19.so
7f5da5a06000-7f5da5a07000 r--p 00104000 ca:01 396063                     /lib/x86_64-linux-gnu/libm-2.19.so
7f5da5a07000-7f5da5a08000 rw-p 00105000 ca:01 396063                     /lib/x86_64-linux-gnu/libm-2.19.so
7f5da5a08000-7f5da66c6000 r-xp 00000000 ca:01 275207                     /usr/lib/jvm/java-8-oracle/jre/lib/amd64/server/libjvm.so
7f5da66c6000-7f5da68c5000 ---p 00cbe000 ca:01 275207                     /usr/lib/jvm/java-8-oracle/jre/lib/amd64/server/libjvm.so
7f5da68c5000-7f5da699e000 rw-p 00cbd000 ca:01 275207                     /usr/lib/jvm/java-8-oracle/jre/lib/amd64/server/libjvm.so
7f5da699e000-7f5da69e2000 rw-p 00000000 00:00 0 
7f5da69e2000-7f5da6b9d000 r-xp 00000000 ca:01 396040                     /lib/x86_64-linux-gnu/libc-2.19.so
7f5da6b9d000-7f5da6d9c000 ---p 001bb000 ca:01 396040                     /lib/x86_64-linux-gnu/libc-2.19.so
7f5da6d9c000-7f5da6da0000 r--p 001ba000 ca:01 396040                     /lib/x86_64-linux-gnu/libc-2.19.so
7f5da6da0000-7f5da6da2000 rw-p 001be000 ca:01 396040                     /lib/x86_64-linux-gnu/libc-2.19.so
7f5da6da2000-7f5da6da7000 rw-p 00000000 00:00 0 
7f5da6da7000-7f5da6daa000 r-xp 00000000 ca:01 396049                     /lib/x86_64-linux-gnu/libdl-2.19.so
7f5da6daa000-7f5da6fa9000 ---p 00003000 ca:01 396049                     /lib/x86_64-linux-gnu/libdl-2.19.so
7f5da6fa9000-7f5da6faa000 r--p 00002000 ca:01 396049                     /lib/x86_64-linux-gnu/libdl-2.19.so
7f5da6faa000-7f5da6fab000 rw-p 00003000 ca:01 396049                     /lib/x86_64-linux-gnu/libdl-2.19.so
7f5da6fab000-7f5da6fc0000 r-xp 00000000 ca:01 275154                     /usr/lib/jvm/java-8-oracle/jre/lib/amd64/jli/libjli.so
7f5da6fc0000-7f5da71c0000 ---p 00015000 ca:01 275154                     /usr/lib/jvm/java-8-oracle/jre/lib/amd64/jli/libjli.so
7f5da71c0000-7f5da71c1000 rw-p 00015000 ca:01 275154                     /usr/lib/jvm/java-8-oracle/jre/lib/amd64/jli/libjli.so
7f5da71c1000-7f5da71da000 r-xp 00000000 ca:01 396093                     /lib/x86_64-linux-gnu/libpthread-2.19.so
7f5da71da000-7f5da73d9000 ---p 00019000 ca:01 396093                     /lib/x86_64-linux-gnu/libpthread-2.19.so
7f5da73d9000-7f5da73da000 r--p 00018000 ca:01 396093                     /lib/x86_64-linux-gnu/libpthread-2.19.so
7f5da73da000-7f5da73db000 rw-p 00019000 ca:01 396093                     /lib/x86_64-linux-gnu/libpthread-2.19.so
7f5da73db000-7f5da73df000 rw-p 00000000 00:00 0 
7f5da73df000-7f5da7402000 r-xp 00000000 ca:01 396030                     /lib/x86_64-linux-gnu/ld-2.19.so
7f5da7405000-7f5da7421000 r--s 00393000 ca:01 275302                     /usr/lib/jvm/java-8-oracle/jre/lib/ext/cldrdata.jar
7f5da7421000-7f5da7426000 r--s 00096000 ca:01 275214                     /usr/lib/jvm/java-8-oracle/jre/lib/jsse.jar
7f5da7426000-7f5da7441000 r--s 001d2000 ca:01 275304                     /usr/lib/jvm/java-8-oracle/jre/lib/ext/nashorn.jar
7f5da7441000-7f5da74ec000 rw-p 00000000 00:00 0 
7f5da74ec000-7f5da74f4000 rw-s 00000000 ca:01 149707                     /tmp/hsperfdata_root/23933
7f5da74f4000-7f5da74f7000 ---p 00000000 00:00 0 
7f5da74f7000-7f5da75fa000 rw-p 00000000 00:00 0                          [stack:23935]
7f5da75fa000-7f5da75fe000 rw-p 00000000 00:00 0 
7f5da75fe000-7f5da75ff000 r--p 00000000 00:00 0 
7f5da75ff000-7f5da7601000 rw-p 00000000 00:00 0 
7f5da7601000-7f5da7602000 r--p 00022000 ca:01 396030                     /lib/x86_64-linux-gnu/ld-2.19.so
7f5da7602000-7f5da7603000 rw-p 00023000 ca:01 396030                     /lib/x86_64-linux-gnu/ld-2.19.so
7f5da7603000-7f5da7604000 rw-p 00000000 00:00 0 
7fff0c3e3000-7fff0c404000 rw-p 00000000 00:00 0                          [stack]
7fff0c583000-7fff0c585000 r-xp 00000000 00:00 0                          [vdso]
ffffffffff600000-ffffffffff601000 r-xp 00000000 00:00 0                  [vsyscall]

VM Arguments:
jvm_args: -Xmx4096m 
java_command: /home/ubuntu/XRTB/xrtb-all.jar
java_class_path (initial): /home/ubuntu/XRTB/xrtb-all.jar
Launcher Type: SUN_STANDARD

Environment Variables:
PATH=/usr/local/sbin:/usr/local/bin:/usr/bin:/usr/sbin:/sbin:/bin

Signal Handlers:
SIGSEGV: [libjvm.so+0xaba2a0], sa_mask[0]=11111111011111111101111111111110, sa_flags=SA_RESTART|SA_SIGINFO
SIGBUS: [libjvm.so+0xaba2a0], sa_mask[0]=11111111011111111101111111111110, sa_flags=SA_RESTART|SA_SIGINFO
SIGFPE: [libjvm.so+0x917710], sa_mask[0]=11111111011111111101111111111110, sa_flags=SA_RESTART|SA_SIGINFO
SIGPIPE: [libjvm.so+0x917710], sa_mask[0]=11111111011111111101111111111110, sa_flags=SA_RESTART|SA_SIGINFO
SIGXFSZ: [libjvm.so+0x917710], sa_mask[0]=11111111011111111101111111111110, sa_flags=SA_RESTART|SA_SIGINFO
SIGILL: [libjvm.so+0x917710], sa_mask[0]=11111111011111111101111111111110, sa_flags=SA_RESTART|SA_SIGINFO
SIGUSR1: SIG_DFL, sa_mask[0]=00000000000000000000000000000000, sa_flags=none
SIGUSR2: [libjvm.so+0x918d40], sa_mask[0]=00000000000000000000000000000000, sa_flags=SA_RESTART|SA_SIGINFO
SIGHUP: [libjvm.so+0x91a140], sa_mask[0]=11111111011111111101111111111110, sa_flags=SA_RESTART|SA_SIGINFO
SIGINT: [libjvm.so+0x91a140], sa_mask[0]=11111111011111111101111111111110, sa_flags=SA_RESTART|SA_SIGINFO
SIGTERM: [libjvm.so+0x91a140], sa_mask[0]=11111111011111111101111111111110, sa_flags=SA_RESTART|SA_SIGINFO
SIGQUIT: [libjvm.so+0x91a140], sa_mask[0]=11111111011111111101111111111110, sa_flags=SA_RESTART|SA_SIGINFO


---------------  S Y S T E M  ---------------

OS:DISTRIB_ID=Ubuntu
DISTRIB_RELEASE=14.04
DISTRIB_CODENAME=trusty
DISTRIB_DESCRIPTION="Ubuntu 14.04.4 LTS"

uname:Linux 3.13.0-48-generic #80-Ubuntu SMP Thu Mar 12 11:16:15 UTC 2015 x86_64
libc:glibc 2.19 NPTL 2.19 
rlimit: STACK 8192k, CORE 0k, NPROC 257325, NOFILE 4096, AS infinity
load average:0.49 0.52 0.50

/proc/meminfo:
MemTotal:       32948100 kB
MemFree:        29487252 kB
Buffers:          137360 kB
Cached:           356012 kB
SwapCached:            0 kB
Active:          2993852 kB
Inactive:         174800 kB
Active(anon):    2675352 kB
Inactive(anon):      276 kB
Active(file):     318500 kB
Inactive(file):   174524 kB
Unevictable:           0 kB
Mlocked:               0 kB
SwapTotal:             0 kB
SwapFree:              0 kB
Dirty:                88 kB
Writeback:             0 kB
AnonPages:       2675080 kB
Mapped:            20636 kB
Shmem:               352 kB
Slab:              67056 kB
SReclaimable:      43416 kB
SUnreclaim:        23640 kB
KernelStack:        3208 kB
PageTables:         8148 kB
NFS_Unstable:          0 kB
Bounce:                0 kB
WritebackTmp:          0 kB
CommitLimit:    16474048 kB
Committed_AS:    3256528 kB
VmallocTotal:   34359738367 kB
VmallocUsed:       55964 kB
VmallocChunk:   34359673823 kB
HardwareCorrupted:     0 kB
AnonHugePages:   2611200 kB
HugePages_Total:       0
HugePages_Free:        0
HugePages_Rsvd:        0
HugePages_Surp:        0
Hugepagesize:       2048 kB
DirectMap4k:       34816 kB
DirectMap2M:    33650688 kB


CPU:total 8 (4 cores per cpu, 2 threads per core) family 6 model 63 stepping 2, cmov, cx8, fxsr, mmx, sse, sse2, sse3, ssse3, sse4.1, sse4.2, popcnt, avx, avx2, aes, clmul, erms, lzcnt, ht, tsc, bmi1, bmi2

/proc/cpuinfo:
processor	: 0
vendor_id	: GenuineIntel
cpu family	: 6
model		: 63
model name	: Intel(R) Xeon(R) CPU E5-2676 v3 @ 2.40GHz
stepping	: 2
microcode	: 0x25
cpu MHz		: 2400.070
cache size	: 30720 KB
physical id	: 0
siblings	: 8
core id		: 0
cpu cores	: 4
apicid		: 0
initial apicid	: 0
fpu		: yes
fpu_exception	: yes
cpuid level	: 13
wp		: yes
flags		: fpu vme de pse tsc msr pae mce cx8 apic sep mtrr pge mca cmov pat pse36 clflush mmx fxsr sse sse2 ht syscall nx rdtscp lm constant_tsc rep_good nopl xtopology eagerfpu pni pclmulqdq ssse3 fma cx16 pcid sse4_1 sse4_2 x2apic movbe popcnt tsc_deadline_timer aes xsave avx f16c rdrand hypervisor lahf_lm abm xsaveopt fsgsbase bmi1 avx2 smep bmi2 erms invpcid
bogomips	: 4800.14
clflush size	: 64
cache_alignment	: 64
address sizes	: 46 bits physical, 48 bits virtual
power management:

processor	: 1
vendor_id	: GenuineIntel
cpu family	: 6
model		: 63
model name	: Intel(R) Xeon(R) CPU E5-2676 v3 @ 2.40GHz
stepping	: 2
microcode	: 0x25
cpu MHz		: 2400.070
cache size	: 30720 KB
physical id	: 0
siblings	: 8
core id		: 1
cpu cores	: 4
apicid		: 2
initial apicid	: 2
fpu		: yes
fpu_exception	: yes
cpuid level	: 13
wp		: yes
flags		: fpu vme de pse tsc msr pae mce cx8 apic sep mtrr pge mca cmov pat pse36 clflush mmx fxsr sse sse2 ht syscall nx rdtscp lm constant_tsc rep_good nopl xtopology eagerfpu pni pclmulqdq ssse3 fma cx16 pcid sse4_1 sse4_2 x2apic movbe popcnt tsc_deadline_timer aes xsave avx f16c rdrand hypervisor lahf_lm abm xsaveopt fsgsbase bmi1 avx2 smep bmi2 erms invpcid
bogomips	: 4800.14
clflush size	: 64
cache_alignment	: 64
address sizes	: 46 bits physical, 48 bits virtual
power management:

processor	: 2
vendor_id	: GenuineIntel
cpu family	: 6
model		: 63
model name	: Intel(R) Xeon(R) CPU E5-2676 v3 @ 2.40GHz
stepping	: 2
microcode	: 0x25
cpu MHz		: 2400.070
cache size	: 30720 KB
physical id	: 0
siblings	: 8
core id		: 2
cpu cores	: 4
apicid		: 4
initial apicid	: 4
fpu		: yes
fpu_exception	: yes
cpuid level	: 13
wp		: yes
flags		: fpu vme de pse tsc msr pae mce cx8 apic sep mtrr pge mca cmov pat pse36 clflush mmx fxsr sse sse2 ht syscall nx rdtscp lm constant_tsc rep_good nopl xtopology eagerfpu pni pclmulqdq ssse3 fma cx16 pcid sse4_1 sse4_2 x2apic movbe popcnt tsc_deadline_timer aes xsave avx f16c rdrand hypervisor lahf_lm abm xsaveopt fsgsbase bmi1 avx2 smep bmi2 erms invpcid
bogomips	: 4800.14
clflush size	: 64
cache_alignment	: 64
address sizes	: 46 bits physical, 48 bits virtual
power management:

processor	: 3
vendor_id	: GenuineIntel
cpu family	: 6
model		: 63
model name	: Intel(R) Xeon(R) CPU E5-2676 v3 @ 2.40GHz
stepping	: 2
microcode	: 0x25
cpu MHz		: 2400.070
cache size	: 30720 KB
physical id	: 0
siblings	: 8
core id		: 3
cpu cores	: 4
apicid		: 6
initial apicid	: 6
fpu		: yes
fpu_exception	: yes
cpuid level	: 13
wp		: yes
flags		: fpu vme de pse tsc msr pae mce cx8 apic sep mtrr pge mca cmov pat pse36 clflush mmx fxsr sse sse2 ht syscall nx rdtscp lm constant_tsc rep_good nopl xtopology eagerfpu pni pclmulqdq ssse3 fma cx16 pcid sse4_1 sse4_2 x2apic movbe popcnt tsc_deadline_timer aes xsave avx f16c rdrand hypervisor lahf_lm abm xsaveopt fsgsbase bmi1 avx2 smep bmi2 erms invpcid
bogomips	: 4800.14
clflush size	: 64
cache_alignment	: 64
address sizes	: 46 bits physical, 48 bits virtual
power management:

processor	: 4
vendor_id	: GenuineIntel
cpu family	: 6
model		: 63
model name	: Intel(R) Xeon(R) CPU E5-2676 v3 @ 2.40GHz
stepping	: 2
microcode	: 0x25
cpu MHz		: 2400.070
cache size	: 30720 KB
physical id	: 0
siblings	: 8
core id		: 0
cpu cores	: 4
apicid		: 1
initial apicid	: 1
fpu		: yes
fpu_exception	: yes
cpuid level	: 13
wp		: yes
flags		: fpu vme de pse tsc msr pae mce cx8 apic sep mtrr pge mca cmov pat pse36 clflush mmx fxsr sse sse2 ht syscall nx rdtscp lm constant_tsc rep_good nopl xtopology eagerfpu pni pclmulqdq ssse3 fma cx16 pcid sse4_1 sse4_2 x2apic movbe popcnt tsc_deadline_timer aes xsave avx f16c rdrand hypervisor lahf_lm abm xsaveopt fsgsbase bmi1 avx2 smep bmi2 erms invpcid
bogomips	: 4800.14
clflush size	: 64
cache_alignment	: 64
address sizes	: 46 bits physical, 48 bits virtual
power management:

processor	: 5
vendor_id	: GenuineIntel
cpu family	: 6
model		: 63
model name	: Intel(R) Xeon(R) CPU E5-2676 v3 @ 2.40GHz
stepping	: 2
microcode	: 0x25
cpu MHz		: 2400.070
cache size	: 30720 KB
physical id	: 0
siblings	: 8
core id		: 1
cpu cores	: 4
apicid		: 3
initial apicid	: 3
fpu		: yes
fpu_exception	: yes
cpuid level	: 13
wp		: yes
flags		: fpu vme de pse tsc msr pae mce cx8 apic sep mtrr pge mca cmov pat pse36 clflush mmx fxsr sse sse2 ht syscall nx rdtscp lm constant_tsc rep_good nopl xtopology eagerfpu pni pclmulqdq ssse3 fma cx16 pcid sse4_1 sse4_2 x2apic movbe popcnt tsc_deadline_timer aes xsave avx f16c rdrand hypervisor lahf_lm abm xsaveopt fsgsbase bmi1 avx2 smep bmi2 erms invpcid
bogomips	: 4800.14
clflush size	: 64
cache_alignment	: 64
address sizes	: 46 bits physical, 48 bits virtual
power management:

processor	: 6
vendor_id	: GenuineIntel
cpu family	: 6
model		: 63
model name	: Intel(R) Xeon(R) CPU E5-2676 v3 @ 2.40GHz
stepping	: 2
microcode	: 0x25
cpu MHz		: 2400.070
cache size	: 30720 KB
physical id	: 0
siblings	: 8
core id		: 2
cpu cores	: 4
apicid		: 5
initial apicid	: 5
fpu		: yes
fpu_exception	: yes
cpuid level	: 13
wp		: yes
flags		: fpu vme de pse tsc msr pae mce cx8 apic sep mtrr pge mca cmov pat pse36 clflush mmx fxsr sse sse2 ht syscall nx rdtscp lm constant_tsc rep_good nopl xtopology eagerfpu pni pclmulqdq ssse3 fma cx16 pcid sse4_1 sse4_2 x2apic movbe popcnt tsc_deadline_timer aes xsave avx f16c rdrand hypervisor lahf_lm abm xsaveopt fsgsbase bmi1 avx2 smep bmi2 erms invpcid
bogomips	: 4800.14
clflush size	: 64
cache_alignment	: 64
address sizes	: 46 bits physical, 48 bits virtual
power management:

processor	: 7
vendor_id	: GenuineIntel
cpu family	: 6
model		: 63
model name	: Intel(R) Xeon(R) CPU E5-2676 v3 @ 2.40GHz
stepping	: 2
microcode	: 0x25
cpu MHz		: 2400.070
cache size	: 30720 KB
physical id	: 0
siblings	: 8
core id		: 3
cpu cores	: 4
apicid		: 7
initial apicid	: 7
fpu		: yes
fpu_exception	: yes
cpuid level	: 13
wp		: yes
flags		: fpu vme de pse tsc msr pae mce cx8 apic sep mtrr pge mca cmov pat pse36 clflush mmx fxsr sse sse2 ht syscall nx rdtscp lm constant_tsc rep_good nopl xtopology eagerfpu pni pclmulqdq ssse3 fma cx16 pcid sse4_1 sse4_2 x2apic movbe popcnt tsc_deadline_timer aes xsave avx f16c rdrand hypervisor lahf_lm abm xsaveopt fsgsbase bmi1 avx2 smep bmi2 erms invpcid
bogomips	: 4800.14
clflush size	: 64
cache_alignment	: 64
address sizes	: 46 bits physical, 48 bits virtual
power management:



Memory: 4k page, physical 32948100k(29487252k free), swap 0k(0k free)

vm_info: Java HotSpot(TM) 64-Bit Server VM (25.66-b17) for linux-amd64 JRE (1.8.0_66-b17), built on Oct  6 2015 17:28:34 by "java_re" with gcc 4.3.0 20080428 (Red Hat 4.3.0-8)

time: Tue Feb 23 23:37:45 2016
elapsed time: 117437 seconds (1d 8h 37m 17s)

