#
# A fatal error has been detected by the Java Runtime Environment:
#
#  SIGSEGV (0xb) at pc=0x00007f539f862758, pid=12633, tid=139992246269696
#
# JRE version: Java(TM) SE Runtime Environment (8.0_66-b17) (build 1.8.0_66-b17)
# Java VM: Java HotSpot(TM) 64-Bit Server VM (25.66-b17 mixed mode linux-amd64 compressed oops)
# Problematic frame:
# C  [libc.so.6+0x151758]
#
# Failed to write core dump. Core dumps have been disabled. To enable core dumping, try "ulimit -c unlimited" before starting Java again
#
# If you would like to submit a bug report, please visit:
#   http://bugreport.java.com/bugreport/crash.jsp
# The crash happened outside the Java Virtual Machine in native code.
# See problematic frame for where to report the bug.
#

---------------  T H R E A D  ---------------

Current thread (0x00007f5368012000):  JavaThread "Thread-0" [_thread_in_native, id=30689, stack(0x00007f527c0c3000,0x00007f527c1c4000)]

siginfo: si_signo: 11 (SIGSEGV), si_code: 2 (SEGV_ACCERR), si_addr: 0x00007f535d28cff0

Registers:
RAX=0x00007f5368012e20, RBX=0x0000000000009317, RCX=0x0000000000010000, RDX=0x0000000000003c90
RSP=0x00007f527c1c04a8, RBP=0x00007f527c1c0500, RSI=0x00007f535d28d06e, RDI=0x00007f5368016b30
R8 =0x00007f536801c127, R9 =0x00007f539f862700, R10=0x00007f5368000078, R11=0x00007f539f898ef0
R12=0x00007f535d289330, R13=0x00007f5368012dd0, R14=0x0000000000004859, R15=0x00007f539824b9f0
RIP=0x00007f539f862758, EFLAGS=0x0000000000010206, CSGSFS=0x0000000000000033, ERR=0x0000000000000004
  TRAPNO=0x000000000000000e

Top of Stack: (sp=0x00007f527c1c04a8)
0x00007f527c1c04a8:   00007f539d3a8984 0000000000000000
0x00007f527c1c04b8:   db0d590000000000 0000000000009317
0x00007f527c1c04c8:   00000000002c0000 00007f5368012dd0
0x00007f527c1c04d8:   00007f53982430b0 00007f5350006740
0x00007f527c1c04e8:   00007f539824b9f0 000000001eae1406
0x00007f527c1c04f8:   0000000000000026 00007f527c1c0560
0x00007f527c1c0508:   00007f539d3a8f5f 00007f5368012000
0x00007f527c1c0518:   0100000000000000 00007f527c1c0580
0x00007f527c1c0528:   00007f527c1c05a7 00007f527c1c05a5
0x00007f527c1c0538:   00007f527c1c0580 0000000000000026
0x00007f527c1c0548:   00007f53680121f8 00007f527c1c09d8
0x00007f527c1c0558:   0000000000000001 00007f527c1c09c0
0x00007f527c1c0568:   00007f539d39ad60 0000000000000000
0x00007f527c1c0578:   00007f539824b9f0 627472782f6d6f63
0x00007f527c1c0588:   646e616d6d6f632f 6f64747568532f73
0x00007f527c1c0598:   656369746f4e6e77 00007373616c632e
0x00007f527c1c05a8:   00007f539f78c749 00007f527c1c0bd0
0x00007f527c1c05b8:   00007f527c1c0bc0 00007f539f75f029
0x00007f527c1c05c8:   00007f539f25159a 00007f539f251598
0x00007f527c1c05d8:   00007f539f75b4ea 0000000000000000
0x00007f527c1c05e8:   0000000000000000 0000000000000000
0x00007f527c1c05f8:   0000000000000000 0000000000000000
0x00007f527c1c0608:   0000000000000000 00007f527c1c0740
0x00007f527c1c0618:   0000000000000000 0000000000000000
0x00007f527c1c0628:   00007f527c1c06f0 0000000000000000
0x00007f527c1c0638:   0000000000000000 0000000000000000
0x00007f527c1c0648:   0000000000000000 0000000000000000
0x00007f527c1c0658:   0000000000000000 0000000000000000
0x00007f527c1c0668:   0000000000000000 0000000000000000
0x00007f527c1c0678:   0000000000000000 000000000000002e
0x00007f527c1c0688:   0000000000000000 0000000000000000
0x00007f527c1c0698:   00007f539f78c749 00007f527c1c0cc0 

Instructions: (pc=0x00007f539f862758)
0x00007f539f862738:   0f 29 67 c0 0f 28 76 a2 66 0f 3a 0f ee 0e 0f 29
0x00007f539f862748:   6f b0 0f 28 7e 92 66 0f 3a 0f f7 0e 0f 29 77 a0
0x00007f539f862758:   44 0f 28 46 82 66 41 0f 3a 0f f8 0e 0f 29 7f 90
0x00007f539f862768:   44 0f 28 8e 72 ff ff ff 66 45 0f 3a 0f c1 0e 44 

Register to memory mapping:

RAX=0x00007f5368012e20 is an unknown value
RBX=0x0000000000009317 is an unknown value
RCX=0x0000000000010000 is an unknown value
RDX=0x0000000000003c90 is an unknown value
RSP=0x00007f527c1c04a8 is pointing into the stack for thread: 0x00007f5368012000
RBP=0x00007f527c1c0500 is pointing into the stack for thread: 0x00007f5368012000
RSI=0x00007f535d28d06e is an unknown value
RDI=0x00007f5368016b30 is an unknown value
R8 =0x00007f536801c127 is an unknown value
R9 =0x00007f539f862700: <offset 0x151700> in /lib/x86_64-linux-gnu/libc.so.6 at 0x00007f539f711000
R10=0x00007f5368000078 is an unknown value
R11=0x00007f539f898ef0: <offset 0x187ef0> in /lib/x86_64-linux-gnu/libc.so.6 at 0x00007f539f711000
R12=0x00007f535d289330 is an unknown value
R13=0x00007f5368012dd0 is an unknown value
R14=0x0000000000004859 is an unknown value
R15=0x00007f539824b9f0 is an unknown value


Stack: [0x00007f527c0c3000,0x00007f527c1c4000],  sp=0x00007f527c1c04a8,  free space=1013k
Native frames: (J=compiled Java code, j=interpreted, Vv=VM code, C=native code)
C  [libc.so.6+0x151758]
C  [libzip.so+0x11f5f]  ZIP_GetEntry2+0xff
C  [libzip.so+0x3d60]  Java_java_util_zip_ZipFile_getEntry+0xf0
J 456  java.util.zip.ZipFile.getEntry(J[BZ)J (0 bytes) @ 0x00007f538924630e [0x00007f5389246240+0xce]
J 540 C1 java.util.zip.ZipFile.getEntry(Ljava/lang/String;)Ljava/util/zip/ZipEntry; (86 bytes) @ 0x00007f538928174c [0x00007f53892814e0+0x26c]
J 539 C1 java.util.jar.JarFile.getEntry(Ljava/lang/String;)Ljava/util/zip/ZipEntry; (22 bytes) @ 0x00007f538927eba4 [0x00007f538927eb20+0x84]
J 940 C2 sun.misc.URLClassPath$JarLoader.getResource(Ljava/lang/String;Z)Lsun/misc/Resource; (85 bytes) @ 0x00007f53893735f8 [0x00007f5389373340+0x2b8]
J 2096 C2 sun.misc.URLClassPath.getResource(Ljava/lang/String;Z)Lsun/misc/Resource; (83 bytes) @ 0x00007f538968cab0 [0x00007f538968c9c0+0xf0]
J 464 C1 java.net.URLClassLoader$1.run()Ljava/lang/Class; (63 bytes) @ 0x00007f538924913c [0x00007f5389248f20+0x21c]
J 463 C1 java.net.URLClassLoader$1.run()Ljava/lang/Object; (5 bytes) @ 0x00007f5389248b8c [0x00007f5389248b00+0x8c]
v  ~StubRoutines::call_stub
V  [libjvm.so+0x68bc46]  JavaCalls::call_helper(JavaValue*, methodHandle*, JavaCallArguments*, Thread*)+0x1056
V  [libjvm.so+0x72490c]  JVM_DoPrivileged+0x27c
J 462  java.security.AccessController.doPrivileged(Ljava/security/PrivilegedExceptionAction;Ljava/security/AccessControlContext;)Ljava/lang/Object; (0 bytes) @ 0x00007f5389248815 [0x00007f5389248740+0xd5]
J 440 C1 java.net.URLClassLoader.findClass(Ljava/lang/String;)Ljava/lang/Class; (47 bytes) @ 0x00007f538923c794 [0x00007f538923c600+0x194]
J 1910 C1 java.lang.ClassLoader.loadClass(Ljava/lang/String;Z)Ljava/lang/Class; (122 bytes) @ 0x00007f538960494c [0x00007f5389603f80+0x9cc]
J 449 C1 sun.misc.Launcher$AppClassLoader.loadClass(Ljava/lang/String;Z)Ljava/lang/Class; (85 bytes) @ 0x00007f538923ff64 [0x00007f538923f5c0+0x9a4]
J 448 C1 java.lang.ClassLoader.loadClass(Ljava/lang/String;)Ljava/lang/Class; (7 bytes) @ 0x00007f5389240a04 [0x00007f5389240900+0x104]
v  ~StubRoutines::call_stub
V  [libjvm.so+0x68bc46]  JavaCalls::call_helper(JavaValue*, methodHandle*, JavaCallArguments*, Thread*)+0x1056
V  [libjvm.so+0x68c151]  JavaCalls::call_virtual(JavaValue*, KlassHandle, Symbol*, Symbol*, JavaCallArguments*, Thread*)+0x321
V  [libjvm.so+0x68c5a6]  JavaCalls::call_virtual(JavaValue*, Handle, KlassHandle, Symbol*, Symbol*, Handle, Thread*)+0x56
V  [libjvm.so+0xa30c60]  SystemDictionary::load_instance_class(Symbol*, Handle, Thread*)+0x3f0
V  [libjvm.so+0xa2fb4c]  SystemDictionary::resolve_instance_class_or_null(Symbol*, Handle, Handle, Thread*)+0x7cc
V  [libjvm.so+0xa31083]  SystemDictionary::resolve_or_fail(Symbol*, Handle, Handle, bool, Thread*)+0x33
V  [libjvm.so+0x4f0cb8]  ConstantPool::klass_at_impl(constantPoolHandle, int, Thread*)+0x158
V  [libjvm.so+0x680101]  InterpreterRuntime::_new(JavaThread*, ConstantPool*, int)+0x71
j  com.xrtb.bidder.Controller.sendShutdown()V+0
j  com.xrtb.bidder.RTBServer.panicStop()V+3
j  com.xrtb.bidder.AddShutdownHook$1.run()V+0
v  ~StubRoutines::call_stub
V  [libjvm.so+0x68bc46]  JavaCalls::call_helper(JavaValue*, methodHandle*, JavaCallArguments*, Thread*)+0x1056
V  [libjvm.so+0x68c151]  JavaCalls::call_virtual(JavaValue*, KlassHandle, Symbol*, Symbol*, JavaCallArguments*, Thread*)+0x321
V  [libjvm.so+0x68c5f7]  JavaCalls::call_virtual(JavaValue*, Handle, KlassHandle, Symbol*, Symbol*, Thread*)+0x47
V  [libjvm.so+0x7233b0]  thread_entry(JavaThread*, Thread*)+0xa0
V  [libjvm.so+0xa68fff]  JavaThread::thread_main_inner()+0xdf
V  [libjvm.so+0xa6912c]  JavaThread::run()+0x11c
V  [libjvm.so+0x91cc68]  java_start(Thread*)+0x108
C  [libpthread.so.0+0x8182]  start_thread+0xc2

Java frames: (J=compiled Java code, j=interpreted, Vv=VM code)
J 456  java.util.zip.ZipFile.getEntry(J[BZ)J (0 bytes) @ 0x00007f5389246298 [0x00007f5389246240+0x58]
J 540 C1 java.util.zip.ZipFile.getEntry(Ljava/lang/String;)Ljava/util/zip/ZipEntry; (86 bytes) @ 0x00007f538928174c [0x00007f53892814e0+0x26c]
J 539 C1 java.util.jar.JarFile.getEntry(Ljava/lang/String;)Ljava/util/zip/ZipEntry; (22 bytes) @ 0x00007f538927eba4 [0x00007f538927eb20+0x84]
J 940 C2 sun.misc.URLClassPath$JarLoader.getResource(Ljava/lang/String;Z)Lsun/misc/Resource; (85 bytes) @ 0x00007f53893735f8 [0x00007f5389373340+0x2b8]
J 2096 C2 sun.misc.URLClassPath.getResource(Ljava/lang/String;Z)Lsun/misc/Resource; (83 bytes) @ 0x00007f538968cab0 [0x00007f538968c9c0+0xf0]
J 464 C1 java.net.URLClassLoader$1.run()Ljava/lang/Class; (63 bytes) @ 0x00007f538924913c [0x00007f5389248f20+0x21c]
J 463 C1 java.net.URLClassLoader$1.run()Ljava/lang/Object; (5 bytes) @ 0x00007f5389248b8c [0x00007f5389248b00+0x8c]
v  ~StubRoutines::call_stub
J 462  java.security.AccessController.doPrivileged(Ljava/security/PrivilegedExceptionAction;Ljava/security/AccessControlContext;)Ljava/lang/Object; (0 bytes) @ 0x00007f53892487a3 [0x00007f5389248740+0x63]
J 440 C1 java.net.URLClassLoader.findClass(Ljava/lang/String;)Ljava/lang/Class; (47 bytes) @ 0x00007f538923c794 [0x00007f538923c600+0x194]
J 1910 C1 java.lang.ClassLoader.loadClass(Ljava/lang/String;Z)Ljava/lang/Class; (122 bytes) @ 0x00007f538960494c [0x00007f5389603f80+0x9cc]
J 449 C1 sun.misc.Launcher$AppClassLoader.loadClass(Ljava/lang/String;Z)Ljava/lang/Class; (85 bytes) @ 0x00007f538923ff64 [0x00007f538923f5c0+0x9a4]
J 448 C1 java.lang.ClassLoader.loadClass(Ljava/lang/String;)Ljava/lang/Class; (7 bytes) @ 0x00007f5389240a04 [0x00007f5389240900+0x104]
v  ~StubRoutines::call_stub
j  com.xrtb.bidder.Controller.sendShutdown()V+0
j  com.xrtb.bidder.RTBServer.panicStop()V+3
j  com.xrtb.bidder.AddShutdownHook$1.run()V+0
v  ~StubRoutines::call_stub

---------------  P R O C E S S  ---------------

Java Threads: ( => current thread )
=>0x00007f5368012000 JavaThread "Thread-0" [_thread_in_native, id=30689, stack(0x00007f527c0c3000,0x00007f527c1c4000)]
  0x00007f5348005000 JavaThread "SIGTERM handler" daemon [_thread_blocked, id=30687, stack(0x00007f527a2a7000,0x00007f527a3a8000)]
  0x00007f5398009800 JavaThread "DestroyJavaVM" [_thread_blocked, id=12635, stack(0x00007f53a0223000,0x00007f53a0324000)]
  0x00007f52a4003000 JavaThread "Keep-Alive-Timer" daemon [_thread_blocked, id=12755, stack(0x00007f527d4d5000,0x00007f527d5d6000)]
  0x00007f5280006000 JavaThread "Scheduler-1894969691" [_thread_blocked, id=12754, stack(0x00007f527d5d6000,0x00007f527d6d7000)]
  0x00007f5284038800 JavaThread "org.eclipse.jetty.server.session.HashSessionManager@13ed681bTimer" daemon [_thread_blocked, id=12753, stack(0x00007f527d6d7000,0x00007f527d7d8000)]
  0x00007f52840a7000 JavaThread "qtp1057674496-110" [_thread_blocked, id=12752, stack(0x00007f527d7d8000,0x00007f527d8d9000)]
  0x00007f52840a5000 JavaThread "qtp1057674496-109" [_thread_blocked, id=12751, stack(0x00007f527d8d9000,0x00007f527d9da000)]
  0x00007f52840a3000 JavaThread "qtp1057674496-108" [_thread_in_native, id=12750, stack(0x00007f527d9da000,0x00007f527dadb000)]
  0x00007f52840a1000 JavaThread "qtp1057674496-107" [_thread_blocked, id=12749, stack(0x00007f527dadb000,0x00007f527dbdc000)]
  0x00007f528409f000 JavaThread "qtp1057674496-106" [_thread_blocked, id=12748, stack(0x00007f527dbdc000,0x00007f527dcdd000)]
  0x00007f528409d000 JavaThread "qtp1057674496-105" [_thread_blocked, id=12747, stack(0x00007f527dcdd000,0x00007f527ddde000)]
  0x00007f528409b800 JavaThread "qtp1057674496-104" [_thread_blocked, id=12746, stack(0x00007f527ddde000,0x00007f527dedf000)]
  0x00007f5284099800 JavaThread "qtp1057674496-103" [_thread_in_native, id=12745, stack(0x00007f527dedf000,0x00007f527dfe0000)]
  0x00007f5284097800 JavaThread "qtp1057674496-102" [_thread_blocked, id=12744, stack(0x00007f527dfe0000,0x00007f527e0e1000)]
  0x00007f5284095800 JavaThread "qtp1057674496-101" [_thread_blocked, id=12743, stack(0x00007f527e0e1000,0x00007f527e1e2000)]
  0x00007f5284093800 JavaThread "qtp1057674496-100" [_thread_blocked, id=12742, stack(0x00007f527e1e2000,0x00007f527e2e3000)]
  0x00007f5284091800 JavaThread "qtp1057674496-99" [_thread_blocked, id=12741, stack(0x00007f527e2e3000,0x00007f527e3e4000)]
  0x00007f528408f800 JavaThread "qtp1057674496-98" [_thread_blocked, id=12740, stack(0x00007f527e3e4000,0x00007f527e4e5000)]
  0x00007f528408d800 JavaThread "qtp1057674496-97" [_thread_blocked, id=12739, stack(0x00007f527e4e5000,0x00007f527e5e6000)]
  0x00007f528408c000 JavaThread "qtp1057674496-96" [_thread_blocked, id=12738, stack(0x00007f527e5e6000,0x00007f527e6e7000)]
  0x00007f528408a000 JavaThread "qtp1057674496-95" [_thread_blocked, id=12737, stack(0x00007f527e6e7000,0x00007f527e7e8000)]
  0x00007f5284088000 JavaThread "qtp1057674496-94" [_thread_blocked, id=12736, stack(0x00007f527e7e8000,0x00007f527e8e9000)]
  0x00007f5284086000 JavaThread "qtp1057674496-93" [_thread_blocked, id=12735, stack(0x00007f527e8e9000,0x00007f527e9ea000)]
  0x00007f5284084000 JavaThread "qtp1057674496-92" [_thread_blocked, id=12734, stack(0x00007f527e9ea000,0x00007f527eaeb000)]
  0x00007f5284082000 JavaThread "qtp1057674496-91" [_thread_blocked, id=12733, stack(0x00007f527eaeb000,0x00007f527ebec000)]
  0x00007f5284080000 JavaThread "qtp1057674496-90" [_thread_blocked, id=12732, stack(0x00007f527ebec000,0x00007f527eced000)]
  0x00007f528407e800 JavaThread "qtp1057674496-89" [_thread_blocked, id=12731, stack(0x00007f527eced000,0x00007f527edee000)]
  0x00007f528407c800 JavaThread "qtp1057674496-88" [_thread_blocked, id=12730, stack(0x00007f527edee000,0x00007f527eeef000)]
  0x00007f528407a800 JavaThread "qtp1057674496-87" [_thread_blocked, id=12729, stack(0x00007f527eeef000,0x00007f527eff0000)]
  0x00007f5284078800 JavaThread "qtp1057674496-86" [_thread_blocked, id=12728, stack(0x00007f527eff0000,0x00007f527f0f1000)]
  0x00007f5284076800 JavaThread "qtp1057674496-85" [_thread_blocked, id=12727, stack(0x00007f527f0f1000,0x00007f527f1f2000)]
  0x00007f5284074800 JavaThread "qtp1057674496-84" [_thread_blocked, id=12726, stack(0x00007f527f1f2000,0x00007f527f2f3000)]
  0x00007f5284072800 JavaThread "qtp1057674496-83" [_thread_blocked, id=12725, stack(0x00007f527f2f3000,0x00007f527f3f4000)]
  0x00007f5284071000 JavaThread "qtp1057674496-82" [_thread_in_native, id=12724, stack(0x00007f527f3f4000,0x00007f527f4f5000)]
  0x00007f528406f000 JavaThread "qtp1057674496-81" [_thread_blocked, id=12723, stack(0x00007f527f4f5000,0x00007f527f5f6000)]
  0x00007f528406d000 JavaThread "qtp1057674496-80" [_thread_blocked, id=12722, stack(0x00007f527f5f6000,0x00007f527f6f7000)]
  0x00007f528406b000 JavaThread "qtp1057674496-79" [_thread_blocked, id=12721, stack(0x00007f527f6f7000,0x00007f527f7f8000)]
  0x00007f5284069000 JavaThread "qtp1057674496-78" [_thread_blocked, id=12720, stack(0x00007f527f7f8000,0x00007f527f8f9000)]
  0x00007f5284067000 JavaThread "qtp1057674496-77" [_thread_blocked, id=12719, stack(0x00007f527f8f9000,0x00007f527f9fa000)]
  0x00007f5284065000 JavaThread "qtp1057674496-76" [_thread_blocked, id=12718, stack(0x00007f527f9fa000,0x00007f527fafb000)]
  0x00007f5284063000 JavaThread "qtp1057674496-75" [_thread_blocked, id=12717, stack(0x00007f527fafb000,0x00007f527fbfc000)]
  0x00007f5284061000 JavaThread "qtp1057674496-74" [_thread_blocked, id=12716, stack(0x00007f527fbfc000,0x00007f527fcfd000)]
  0x00007f528405f000 JavaThread "qtp1057674496-73" [_thread_blocked, id=12715, stack(0x00007f527fcfd000,0x00007f527fdfe000)]
  0x00007f528405d000 JavaThread "qtp1057674496-72" [_thread_blocked, id=12714, stack(0x00007f527fdfe000,0x00007f527feff000)]
  0x00007f528405b000 JavaThread "qtp1057674496-71" [_thread_blocked, id=12713, stack(0x00007f527feff000,0x00007f5280000000)]
  0x00007f5284059000 JavaThread "qtp1057674496-70" [_thread_blocked, id=12712, stack(0x00007f532c0c0000,0x00007f532c1c1000)]
  0x00007f5284057800 JavaThread "qtp1057674496-69" [_thread_blocked, id=12711, stack(0x00007f532c1c1000,0x00007f532c2c2000)]
  0x00007f5284056000 JavaThread "qtp1057674496-68" [_thread_blocked, id=12710, stack(0x00007f532c2c2000,0x00007f532c3c3000)]
  0x00007f5284054000 JavaThread "qtp1057674496-67" [_thread_blocked, id=12709, stack(0x00007f532c3c3000,0x00007f532c4c4000)]
  0x00007f5284052800 JavaThread "qtp1057674496-66" [_thread_blocked, id=12708, stack(0x00007f532c4c4000,0x00007f532c5c5000)]
  0x00007f5284050800 JavaThread "qtp1057674496-65-acceptor-0@77a47d6f-ServerConnector@79639deb{HTTP/1.1,[http/1.1]}{0.0.0.0:8080}" [_thread_in_native, id=12707, stack(0x00007f532c5c5000,0x00007f532c6c6000)]
  0x00007f528404f000 JavaThread "qtp1057674496-64" [_thread_blocked, id=12706, stack(0x00007f532c6c6000,0x00007f532c7c7000)]
  0x00007f528404d000 JavaThread "qtp1057674496-63" [_thread_blocked, id=12705, stack(0x00007f532c7c7000,0x00007f532c8c8000)]
  0x00007f528404c000 JavaThread "qtp1057674496-62" [_thread_in_native, id=12704, stack(0x00007f532c8c8000,0x00007f532c9c9000)]
  0x00007f5284049000 JavaThread "qtp1057674496-61" [_thread_blocked, id=12703, stack(0x00007f532c9c9000,0x00007f532caca000)]
  0x00007f5284023800 JavaThread "Thread-14" [_thread_blocked, id=12701, stack(0x00007f532caca000,0x00007f532cbcb000)]
  0x00007f528402e000 JavaThread "Thread-13" [_thread_blocked, id=12700, stack(0x00007f532cbcb000,0x00007f532cccc000)]
  0x00007f5398890000 JavaThread "Thread-12" [_thread_blocked, id=12699, stack(0x00007f532cecc000,0x00007f532cfcd000)]
  0x00007f5288001000 JavaThread "pool-1-thread-1" [_thread_blocked, id=12698, stack(0x00007f532cfcd000,0x00007f532d0ce000)]
  0x00007f539888e000 JavaThread "Thread-11" [_thread_blocked, id=12697, stack(0x00007f532d0ce000,0x00007f532d1cf000)]
  0x00007f539888c800 JavaThread "Thread-10" [_thread_blocked, id=12696, stack(0x00007f532d1cf000,0x00007f532d2d0000)]
  0x00007f539888a800 JavaThread "Thread-9" [_thread_blocked, id=12695, stack(0x00007f532d2d0000,0x00007f532d3d1000)]
  0x00007f5398888800 JavaThread "Thread-8" [_thread_blocked, id=12694, stack(0x00007f532d3d1000,0x00007f532d4d2000)]
  0x00007f5398887800 JavaThread "Thread-7" [_thread_blocked, id=12693, stack(0x00007f532d4d2000,0x00007f532d5d3000)]
  0x00007f5398886000 JavaThread "Thread-6" [_thread_blocked, id=12692, stack(0x00007f532d5d3000,0x00007f532d6d4000)]
  0x00007f539887e800 JavaThread "Thread-5" [_thread_blocked, id=12691, stack(0x00007f532d7d5000,0x00007f532d8d6000)]
  0x00007f5398884000 JavaThread "commons-pool-EvictionTimer" daemon [_thread_blocked, id=12690, stack(0x00007f532d6d4000,0x00007f532d7d5000)]
  0x00007f5398853000 JavaThread "pool-2-thread-1" [_thread_blocked, id=12688, stack(0x00007f532dcdf000,0x00007f532dde0000)]
  0x00007f52b0001000 JavaThread "nioEventLoopGroup-3-4" [_thread_in_native, id=12687, stack(0x00007f532dde0000,0x00007f532dee1000)]
  0x00007f52b8001000 JavaThread "nioEventLoopGroup-3-8" [_thread_in_native, id=12686, stack(0x00007f532dee1000,0x00007f532dfe2000)]
  0x00007f52d8002800 JavaThread "nioEventLoopGroup-3-5" [_thread_in_native, id=12685, stack(0x00007f532dfe2000,0x00007f532e0e3000)]
  0x00007f52d4001800 JavaThread "nioEventLoopGroup-3-16" [_thread_in_native, id=12684, stack(0x00007f532e0e3000,0x00007f532e1e4000)]
  0x00007f52cc001000 JavaThread "nioEventLoopGroup-3-9" [_thread_in_native, id=12683, stack(0x00007f532e1e4000,0x00007f532e2e5000)]
  0x00007f52e0003000 JavaThread "nioEventLoopGroup-3-13" [_thread_in_native, id=12682, stack(0x00007f532e2e5000,0x00007f532e3e6000)]
  0x00007f52dc001000 JavaThread "nioEventLoopGroup-3-2" [_thread_in_native, id=12681, stack(0x00007f532e3e6000,0x00007f532e4e7000)]
  0x00007f52d8001000 JavaThread "nioEventLoopGroup-3-14" [_thread_in_native, id=12680, stack(0x00007f532e4e7000,0x00007f532e5e8000)]
  0x00007f52e4001000 JavaThread "nioEventLoopGroup-3-10" [_thread_in_native, id=12679, stack(0x00007f532e5e8000,0x00007f532e6e9000)]
  0x00007f5398761000 JavaThread "nioEventLoopGroup-3-12" [_thread_in_native, id=12678, stack(0x00007f532e6e9000,0x00007f532e7ea000)]
  0x00007f52e0001000 JavaThread "nioEventLoopGroup-3-6" [_thread_in_native, id=12677, stack(0x00007f532e7ea000,0x00007f532e8eb000)]
  0x00007f539875f800 JavaThread "nioEventLoopGroup-3-3" [_thread_in_native, id=12676, stack(0x00007f532e8eb000,0x00007f532e9ec000)]
  0x00007f539875d800 JavaThread "nioEventLoopGroup-3-15" [_thread_in_native, id=12675, stack(0x00007f532e9ec000,0x00007f532eaed000)]
  0x00007f5398772800 JavaThread "nioEventLoopGroup-3-11" [_thread_in_native, id=12674, stack(0x00007f532eaed000,0x00007f532ebee000)]
  0x00007f5398771800 JavaThread "nioEventLoopGroup-3-7" [_thread_in_native, id=12673, stack(0x00007f532ebee000,0x00007f532ecef000)]
  0x00007f539876f000 JavaThread "nioEventLoopGroup-3-1" [_thread_in_native, id=12672, stack(0x00007f532ecef000,0x00007f532edf0000)]
  0x00007f539876e000 JavaThread "Thread-2" [_thread_blocked, id=12671, stack(0x00007f532edf0000,0x00007f532eef1000)]
  0x00007f52fc001000 JavaThread "nioEventLoopGroup-2-4" [_thread_in_native, id=12670, stack(0x00007f532eef1000,0x00007f532eff2000)]
  0x00007f5304001000 JavaThread "nioEventLoopGroup-2-8" [_thread_in_native, id=12669, stack(0x00007f532eff2000,0x00007f532f0f3000)]
  0x00007f5308001000 JavaThread "nioEventLoopGroup-2-5" [_thread_in_native, id=12668, stack(0x00007f532f0f3000,0x00007f532f1f4000)]
  0x00007f530c002000 JavaThread "nioEventLoopGroup-2-9" [_thread_in_native, id=12667, stack(0x00007f532f1f4000,0x00007f532f2f5000)]
  0x00007f5318007000 JavaThread "nioEventLoopGroup-2-13" [_thread_in_native, id=12666, stack(0x00007f532f2f5000,0x00007f532f3f6000)]
  0x00007f532800e000 JavaThread "nioEventLoopGroup-2-16" [_thread_in_native, id=12665, stack(0x00007f532f3f6000,0x00007f532f4f7000)]
  0x00007f5324003000 JavaThread "nioEventLoopGroup-2-14" [_thread_in_native, id=12664, stack(0x00007f532f4f7000,0x00007f532f5f8000)]
  0x00007f5318003800 JavaThread "nioEventLoopGroup-2-2" [_thread_in_native, id=12663, stack(0x00007f532f5f8000,0x00007f532f6f9000)]
  0x00007f532000b000 JavaThread "nioEventLoopGroup-2-10" [_thread_in_native, id=12662, stack(0x00007f532f6f9000,0x00007f532f7fa000)]
  0x00007f532800c800 JavaThread "nioEventLoopGroup-2-6" [_thread_in_native, id=12661, stack(0x00007f532f7fa000,0x00007f532f8fb000)]
  0x00007f5398744000 JavaThread "nioEventLoopGroup-2-12" [_thread_in_native, id=12660, stack(0x00007f532f8fb000,0x00007f532f9fc000)]
  0x00007f5398742800 JavaThread "nioEventLoopGroup-2-3" [_thread_in_native, id=12659, stack(0x00007f532f9fc000,0x00007f532fafd000)]
  0x00007f5398741800 JavaThread "nioEventLoopGroup-2-15" [_thread_in_native, id=12658, stack(0x00007f532fafd000,0x00007f532fbfe000)]
  0x00007f539873d000 JavaThread "nioEventLoopGroup-2-11" [_thread_in_native, id=12657, stack(0x00007f532fbfe000,0x00007f532fcff000)]
  0x00007f539873b800 JavaThread "nioEventLoopGroup-2-7" [_thread_in_native, id=12656, stack(0x00007f532feff000,0x00007f5330000000)]
  0x00007f5398704800 JavaThread "nioEventLoopGroup-2-1" [_thread_in_native, id=12654, stack(0x00007f535c48b000,0x00007f535c58c000)]
  0x00007f539821a000 JavaThread "Service Thread" daemon [_thread_blocked, id=12652, stack(0x00007f535d38d000,0x00007f535d48e000)]
  0x00007f5398205000 JavaThread "C1 CompilerThread3" daemon [_thread_blocked, id=12651, stack(0x00007f535d48e000,0x00007f535d58f000)]
  0x00007f5398200800 JavaThread "C2 CompilerThread2" daemon [_thread_blocked, id=12650, stack(0x00007f535d58f000,0x00007f535d690000)]
  0x00007f53981fe800 JavaThread "C2 CompilerThread1" daemon [_thread_blocked, id=12649, stack(0x00007f535d690000,0x00007f535d791000)]
  0x00007f53981fb800 JavaThread "C2 CompilerThread0" daemon [_thread_blocked, id=12648, stack(0x00007f535d791000,0x00007f535d892000)]
  0x00007f53981f9800 JavaThread "Signal Dispatcher" daemon [_thread_blocked, id=12647, stack(0x00007f535d892000,0x00007f535d993000)]
  0x00007f53981ce000 JavaThread "Finalizer" daemon [_thread_blocked, id=12646, stack(0x00007f535d993000,0x00007f535da94000)]
  0x00007f53981cc000 JavaThread "Reference Handler" daemon [_thread_blocked, id=12645, stack(0x00007f535da94000,0x00007f535db95000)]

Other Threads:
  0x00007f53981c6800 VMThread [stack: 0x00007f535db95000,0x00007f535dc96000] [id=12644]
  0x00007f5398225000 WatcherThread [stack: 0x00007f535d28c000,0x00007f535d38d000] [id=12653]

VM state:not at safepoint (normal execution)

VM Mutex/Monitor currently owned by a thread: None

Heap:
 PSYoungGen      total 62464K, used 10291K [0x000000076ab00000, 0x00000007a5900000, 0x00000007c0000000)
  eden space 61440K, 15% used [0x000000076ab00000,0x000000076b454f60,0x000000076e700000)
  from space 1024K, 71% used [0x00000007a5800000,0x00000007a58b8040,0x00000007a5900000)
  to   space 1024K, 0% used [0x00000007a5700000,0x00000007a5700000,0x00000007a5800000)
 ParOldGen       total 263168K, used 113854K [0x00000006c0000000, 0x00000006d0100000, 0x000000076ab00000)
  object space 263168K, 43% used [0x00000006c0000000,0x00000006c6f2f938,0x00000006d0100000)
 Metaspace       used 25212K, capacity 25704K, committed 26112K, reserved 1073152K
  class space    used 2798K, capacity 3047K, committed 3072K, reserved 1048576K

Card table byte_map: [0x00007f539c7d6000,0x00007f539cfd7000] byte_map_base: 0x00007f53991d6000

Marking Bits: (ParMarkBitMap*) 0x00007f539f6e6020
 Begin Bits: [0x00007f5360000000, 0x00007f5364000000)
 End Bits:   [0x00007f5364000000, 0x00007f5368000000)

Polling page: 0x00007f53a032d000

CodeCache: size=245760Kb used=14298Kb max_used=14568Kb free=231461Kb
 bounds [0x00007f5389000000, 0x00007f5389ec0000, 0x00007f5398000000]
 total_blobs=4790 nmethods=4324 adapters=379
 compilation: enabled

Compilation events (10 events):
Event: 842.162 Thread 0x00007f5398205000 5782       3       java.io.PrintStream::append (25 bytes)
Event: 842.162 Thread 0x00007f5398205000 nmethod 5782 0x00007f5389b38a10 code [0x00007f5389b38bc0, 0x00007f5389b38fe8]
Event: 846.131 Thread 0x00007f5398205000 5783       1       java.net.URI::access$2502 (7 bytes)
Event: 846.131 Thread 0x00007f5398205000 nmethod 5783 0x00007f5389c4d8d0 code [0x00007f5389c4da20, 0x00007f5389c4db10]
Event: 859.515 Thread 0x00007f5398205000 5784       1       org.eclipse.jetty.http.HttpURI::getQuery (5 bytes)
Event: 859.515 Thread 0x00007f5398205000 nmethod 5784 0x00007f5389868a50 code [0x00007f5389868ba0, 0x00007f5389868cb0]
Event: 860.403 Thread 0x00007f5398205000 5785       3       com.fasterxml.jackson.core.json.UTF8JsonGenerator::_outputMultiByteChar (150 bytes)
Event: 860.403 Thread 0x00007f5398205000 nmethod 5785 0x00007f5389c5e590 code [0x00007f5389c5e720, 0x00007f5389c5eaf0]
Event: 871.962 Thread 0x00007f5398205000 5786       3       org.apache.commons.pool2.impl.LinkedBlockingDeque$AbstractItr::hasNext (13 bytes)
Event: 871.962 Thread 0x00007f5398205000 nmethod 5786 0x00007f5389119710 code [0x00007f5389119880, 0x00007f5389119a30]

GC Heap History (10 events):
Event: 891.571 GC heap before
{Heap before GC invocations=1141 (full 1):
 PSYoungGen      total 65024K, used 64704K [0x000000076ab00000, 0x00000007a5b80000, 0x00000007c0000000)
  eden space 64000K, 100% used [0x000000076ab00000,0x000000076e980000,0x000000076e980000)
  from space 1024K, 68% used [0x00000007a5900000,0x00000007a59b0040,0x00000007a5a00000)
  to   space 1536K, 0% used [0x00000007a5a00000,0x00000007a5a00000,0x00000007a5b80000)
 ParOldGen       total 263168K, used 113666K [0x00000006c0000000, 0x00000006d0100000, 0x000000076ab00000)
  object space 263168K, 43% used [0x00000006c0000000,0x00000006c6f00928,0x00000006d0100000)
 Metaspace       used 25209K, capacity 25704K, committed 26112K, reserved 1073152K
  class space    used 2797K, capacity 3047K, committed 3072K, reserved 1048576K
Event: 891.573 GC heap after
Heap after GC invocations=1141 (full 1):
 PSYoungGen      total 64512K, used 640K [0x000000076ab00000, 0x00000007a5b00000, 0x00000007c0000000)
  eden space 63488K, 0% used [0x000000076ab00000,0x000000076ab00000,0x000000076e900000)
  from space 1024K, 62% used [0x00000007a5a00000,0x00000007a5aa0020,0x00000007a5b00000)
  to   space 1536K, 0% used [0x00000007a5800000,0x00000007a5800000,0x00000007a5980000)
 ParOldGen       total 263168K, used 113698K [0x00000006c0000000, 0x00000006d0100000, 0x000000076ab00000)
  object space 263168K, 43% used [0x00000006c0000000,0x00000006c6f08928,0x00000006d0100000)
 Metaspace       used 25209K, capacity 25704K, committed 26112K, reserved 1073152K
  class space    used 2797K, capacity 3047K, committed 3072K, reserved 1048576K
}
Event: 892.266 GC heap before
{Heap before GC invocations=1142 (full 1):
 PSYoungGen      total 64512K, used 64128K [0x000000076ab00000, 0x00000007a5b00000, 0x00000007c0000000)
  eden space 63488K, 100% used [0x000000076ab00000,0x000000076e900000,0x000000076e900000)
  from space 1024K, 62% used [0x00000007a5a00000,0x00000007a5aa0020,0x00000007a5b00000)
  to   space 1536K, 0% used [0x00000007a5800000,0x00000007a5800000,0x00000007a5980000)
 ParOldGen       total 263168K, used 113698K [0x00000006c0000000, 0x00000006d0100000, 0x000000076ab00000)
  object space 263168K, 43% used [0x00000006c0000000,0x00000006c6f08928,0x00000006d0100000)
 Metaspace       used 25209K, capacity 25704K, committed 26112K, reserved 1073152K
  class space    used 2797K, capacity 3047K, committed 3072K, reserved 1048576K
Event: 892.268 GC heap after
Heap after GC invocations=1142 (full 1):
 PSYoungGen      total 64000K, used 672K [0x000000076ab00000, 0x00000007a5a80000, 0x00000007c0000000)
  eden space 62976K, 0% used [0x000000076ab00000,0x000000076ab00000,0x000000076e880000)
  from space 1024K, 65% used [0x00000007a5800000,0x00000007a58a8040,0x00000007a5900000)
  to   space 1536K, 0% used [0x00000007a5900000,0x00000007a5900000,0x00000007a5a80000)
 ParOldGen       total 263168K, used 113746K [0x00000006c0000000, 0x00000006d0100000, 0x000000076ab00000)
  object space 263168K, 43% used [0x00000006c0000000,0x00000006c6f14928,0x00000006d0100000)
 Metaspace       used 25209K, capacity 25704K, committed 26112K, reserved 1073152K
  class space    used 2797K, capacity 3047K, committed 3072K, reserved 1048576K
}
Event: 892.923 GC heap before
{Heap before GC invocations=1143 (full 1):
 PSYoungGen      total 64000K, used 63648K [0x000000076ab00000, 0x00000007a5a80000, 0x00000007c0000000)
  eden space 62976K, 100% used [0x000000076ab00000,0x000000076e880000,0x000000076e880000)
  from space 1024K, 65% used [0x00000007a5800000,0x00000007a58a8040,0x00000007a5900000)
  to   space 1536K, 0% used [0x00000007a5900000,0x00000007a5900000,0x00000007a5a80000)
 ParOldGen       total 263168K, used 113746K [0x00000006c0000000, 0x00000006d0100000, 0x000000076ab00000)
  object space 263168K, 43% used [0x00000006c0000000,0x00000006c6f14928,0x00000006d0100000)
 Metaspace       used 25209K, capacity 25704K, committed 26112K, reserved 1073152K
  class space    used 2797K, capacity 3047K, committed 3072K, reserved 1048576K
Event: 892.925 GC heap after
Heap after GC invocations=1143 (full 1):
 PSYoungGen      total 63488K, used 832K [0x000000076ab00000, 0x00000007a5a00000, 0x00000007c0000000)
  eden space 62464K, 0% used [0x000000076ab00000,0x000000076ab00000,0x000000076e800000)
  from space 1024K, 81% used [0x00000007a5900000,0x00000007a59d0040,0x00000007a5a00000)
  to   space 1536K, 0% used [0x00000007a5700000,0x00000007a5700000,0x00000007a5880000)
 ParOldGen       total 263168K, used 113778K [0x00000006c0000000, 0x00000006d0100000, 0x000000076ab00000)
  object space 263168K, 43% used [0x00000006c0000000,0x00000006c6f1c928,0x00000006d0100000)
 Metaspace       used 25209K, capacity 25704K, committed 26112K, reserved 1073152K
  class space    used 2797K, capacity 3047K, committed 3072K, reserved 1048576K
}
Event: 893.614 GC heap before
{Heap before GC invocations=1144 (full 1):
 PSYoungGen      total 63488K, used 63296K [0x000000076ab00000, 0x00000007a5a00000, 0x00000007c0000000)
  eden space 62464K, 100% used [0x000000076ab00000,0x000000076e800000,0x000000076e800000)
  from space 1024K, 81% used [0x00000007a5900000,0x00000007a59d0040,0x00000007a5a00000)
  to   space 1536K, 0% used [0x00000007a5700000,0x00000007a5700000,0x00000007a5880000)
 ParOldGen       total 263168K, used 113778K [0x00000006c0000000, 0x00000006d0100000, 0x000000076ab00000)
  object space 263168K, 43% used [0x00000006c0000000,0x00000006c6f1c928,0x00000006d0100000)
 Metaspace       used 25209K, capacity 25704K, committed 26112K, reserved 1073152K
  class space    used 2797K, capacity 3047K, committed 3072K, reserved 1048576K
Event: 893.616 GC heap after
Heap after GC invocations=1144 (full 1):
 PSYoungGen      total 62976K, used 768K [0x000000076ab00000, 0x00000007a5980000, 0x00000007c0000000)
  eden space 61952K, 0% used [0x000000076ab00000,0x000000076ab00000,0x000000076e780000)
  from space 1024K, 75% used [0x00000007a5700000,0x00000007a57c0040,0x00000007a5800000)
  to   space 1536K, 0% used [0x00000007a5800000,0x00000007a5800000,0x00000007a5980000)
 ParOldGen       total 263168K, used 113838K [0x00000006c0000000, 0x00000006d0100000, 0x000000076ab00000)
  object space 263168K, 43% used [0x00000006c0000000,0x00000006c6f2b938,0x00000006d0100000)
 Metaspace       used 25209K, capacity 25704K, committed 26112K, reserved 1073152K
  class space    used 2797K, capacity 3047K, committed 3072K, reserved 1048576K
}
Event: 894.280 GC heap before
{Heap before GC invocations=1145 (full 1):
 PSYoungGen      total 62976K, used 62720K [0x000000076ab00000, 0x00000007a5980000, 0x00000007c0000000)
  eden space 61952K, 100% used [0x000000076ab00000,0x000000076e780000,0x000000076e780000)
  from space 1024K, 75% used [0x00000007a5700000,0x00000007a57c0040,0x00000007a5800000)
  to   space 1536K, 0% used [0x00000007a5800000,0x00000007a5800000,0x00000007a5980000)
 ParOldGen       total 263168K, used 113838K [0x00000006c0000000, 0x00000006d0100000, 0x000000076ab00000)
  object space 263168K, 43% used [0x00000006c0000000,0x00000006c6f2b938,0x00000006d0100000)
 Metaspace       used 25209K, capacity 25704K, committed 26112K, reserved 1073152K
  class space    used 2797K, capacity 3047K, committed 3072K, reserved 1048576K
Event: 894.282 GC heap after
Heap after GC invocations=1145 (full 1):
 PSYoungGen      total 62464K, used 736K [0x000000076ab00000, 0x00000007a5900000, 0x00000007c0000000)
  eden space 61440K, 0% used [0x000000076ab00000,0x000000076ab00000,0x000000076e700000)
  from space 1024K, 71% used [0x00000007a5800000,0x00000007a58b8040,0x00000007a5900000)
  to   space 1024K, 0% used [0x00000007a5700000,0x00000007a5700000,0x00000007a5800000)
 ParOldGen       total 263168K, used 113854K [0x00000006c0000000, 0x00000006d0100000, 0x000000076ab00000)
  object space 263168K, 43% used [0x00000006c0000000,0x00000006c6f2f938,0x00000006d0100000)
 Metaspace       used 25209K, capacity 25704K, committed 26112K, reserved 1073152K
  class space    used 2797K, capacity 3047K, committed 3072K, reserved 1048576K
}

Deoptimization events (10 events):
Event: 744.869 Thread 0x00007f532800c800 Uncommon trap: reason=unstable_if action=reinterpret pc=0x00007f53897264e8 method=sun.nio.ch.EPollSelectorImpl.wakeup()Ljava/nio/channels/Selector; @ 11
Event: 779.251 Thread 0x00007f5284052800 Uncommon trap: reason=unstable_if action=reinterpret pc=0x00007f538990c4e8 method=org.eclipse.jetty.http.HttpParser.parseContent(Ljava/nio/ByteBuffer;)Z @ 319
Event: 779.251 Thread 0x00007f5284052800 Uncommon trap: reason=null_check action=make_not_entrant pc=0x00007f5389d3d144 method=org.eclipse.jetty.server.HttpInput.consumeNonContent()V @ 85
Event: 787.861 Thread 0x00007f5398744000 Uncommon trap: reason=unstable_if action=reinterpret pc=0x00007f53897264e8 method=sun.nio.ch.EPollSelectorImpl.wakeup()Ljava/nio/channels/Selector; @ 11
Event: 800.187 Thread 0x00007f5284069000 Uncommon trap: reason=unstable_if action=reinterpret pc=0x00007f5389e51584 method=org.eclipse.jetty.util.ArrayQueue.dequeue()Ljava/lang/Object; @ 45
Event: 820.861 Thread 0x00007f5398742800 Uncommon trap: reason=unstable_if action=reinterpret pc=0x00007f53897264e8 method=sun.nio.ch.EPollSelectorImpl.wakeup()Ljava/nio/channels/Selector; @ 11
Event: 894.359 Thread 0x00007f53981f9800 Uncommon trap: reason=class_check action=maybe_recompile pc=0x00007f5389130f00 method=java.util.Hashtable.get(Ljava/lang/Object;)Ljava/lang/Object; @ 6
Event: 894.359 Thread 0x00007f53981f9800 Uncommon trap: reason=class_check action=maybe_recompile pc=0x00007f5389130f00 method=java.util.Hashtable.get(Ljava/lang/Object;)Ljava/lang/Object; @ 6
Event: 894.359 Thread 0x00007f53981f9800 Uncommon trap: reason=unstable_if action=reinterpret pc=0x00007f5389a76300 method=java.security.AccessControlContext.optimize()Ljava/security/AccessControlContext; @ 65
Event: 894.359 Thread 0x00007f5348005000 Uncommon trap: reason=class_check action=maybe_recompile pc=0x00007f53897ba284 method=java.lang.Thread.run()V @ 11

Internal exceptions (10 events):
Event: 1.808 Thread 0x00007f539875d800 Exception <a 'java/lang/ArrayIndexOutOfBoundsException': 28> (0x0000000779c0f188) thrown at [/HUDSON/workspace/8-2-build-linux-amd64/jdk8u66/4988/hotspot/src/share/vm/interpreter/interpreterRuntime.cpp, line 366]
Event: 1.809 Thread 0x00007f539875d800 Exception <a 'java/lang/ArrayIndexOutOfBoundsException': 60> (0x0000000779c103c0) thrown at [/HUDSON/workspace/8-2-build-linux-amd64/jdk8u66/4988/hotspot/src/share/vm/interpreter/interpreterRuntime.cpp, line 366]
Event: 1.958 Thread 0x00007f5398009800 Implicit null exception at 0x00007f53891fe5b5 to 0x00007f53891fe91d
Event: 8.646 Thread 0x00007f5398744000 Implicit null exception at 0x00007f53896f84d5 to 0x00007f53896f8581
Event: 9.666 Thread 0x00007f5284097800 Implicit null exception at 0x00007f5389d18697 to 0x00007f5389d1c5c9
Event: 9.667 Thread 0x00007f5284097800 Exception <a 'java/lang/ClassCastException': com.fasterxml.jackson.databind.node.MissingNode cannot be cast to com.fasterxml.jackson.databind.node.ArrayNode> (0x00000007708da9d8) thrown at [/HUDSON/workspace/8-2-build-linux-amd64/jdk8u66/4988/hotspot/src/
Event: 10.668 Thread 0x00007f5284093800 Exception <a 'java/lang/ClassCastException'> (0x0000000788f2b188) thrown at [/HUDSON/workspace/8-2-build-linux-amd64/jdk8u66/4988/hotspot/src/share/vm/runtime/sharedRuntime.cpp, line 605]
Event: 10.669 Thread 0x00007f5284093800 Implicit null exception at 0x00007f5389d50c1c to 0x00007f5389d530bb
Event: 10.669 Thread 0x00007f5284093800 Exception <a 'java/lang/NullPointerException'> (0x0000000788f3e400) thrown at [/HUDSON/workspace/8-2-build-linux-amd64/jdk8u66/4988/hotspot/src/share/vm/runtime/sharedRuntime.cpp, line 605]
Event: 894.359 Thread 0x00007f53981f9800 Implicit null exception at 0x00007f5389a75959 to 0x00007f5389a762c9

Events (10 events):
Event: 894.359 Thread 0x00007f53981f9800 DEOPT PACKING pc=0x00007f5389a76300 sp=0x00007f535d991600
Event: 894.359 Thread 0x00007f53981f9800 DEOPT UNPACKING pc=0x00007f5389004f69 sp=0x00007f535d9914c0 mode 2
Event: 894.359 Thread 0x00007f5348005000 Thread added: 0x00007f5348005000
Event: 894.359 Thread 0x00007f5348005000 Uncommon trap: trap_request=0xffffffde fr.pc=0x00007f53897ba284
Event: 894.359 Thread 0x00007f5348005000 DEOPT PACKING pc=0x00007f53897ba284 sp=0x00007f527a3a69f0
Event: 894.359 Thread 0x00007f5348005000 DEOPT UNPACKING pc=0x00007f5389004f69 sp=0x00007f527a3a69b8 mode 2
Event: 894.360 Thread 0x00007f5368011800 Thread added: 0x00007f5368011800
Event: 894.360 Thread 0x00007f5368012000 Thread added: 0x00007f5368012000
Event: 894.360 loading class com/xrtb/commands/ShutdownNotice
Event: 894.360 loading class com/xrtb/commands/ShutdownNotice done


Dynamic libraries:
00400000-00401000 r-xp 00000000 ca:01 275117                             /usr/lib/jvm/java-8-oracle/jre/bin/java
00600000-00601000 rw-p 00000000 ca:01 275117                             /usr/lib/jvm/java-8-oracle/jre/bin/java
0243c000-0245d000 rw-p 00000000 00:00 0                                  [heap]
6c0000000-6d0100000 rw-p 00000000 00:00 0 
6d0100000-76ab00000 ---p 00000000 00:00 0 
76ab00000-7a5900000 rw-p 00000000 00:00 0 
7a5900000-7c0000000 ---p 00000000 00:00 0 
7c0000000-7c0300000 rw-p 00000000 00:00 0 
7c0300000-800000000 ---p 00000000 00:00 0 
7f5278186000-7f5278189000 ---p 00000000 00:00 0 
7f5278189000-7f5278287000 rw-p 00000000 00:00 0 
7f5278b90000-7f5278b93000 ---p 00000000 00:00 0 
7f5278b93000-7f5278c91000 rw-p 00000000 00:00 0 
7f5278c91000-7f5278c94000 ---p 00000000 00:00 0 
7f5278c94000-7f5278d92000 rw-p 00000000 00:00 0 
7f5278d92000-7f5278d95000 ---p 00000000 00:00 0 
7f5278d95000-7f5278e93000 rw-p 00000000 00:00 0 
7f5278e93000-7f5278e96000 ---p 00000000 00:00 0 
7f5278e96000-7f5278f94000 rw-p 00000000 00:00 0 
7f5278f94000-7f5278f97000 ---p 00000000 00:00 0 
7f5278f97000-7f5279095000 rw-p 00000000 00:00 0 
7f5279297000-7f527929a000 ---p 00000000 00:00 0 
7f527929a000-7f5279398000 rw-p 00000000 00:00 0 
7f5279398000-7f527939b000 ---p 00000000 00:00 0 
7f527939b000-7f5279499000 rw-p 00000000 00:00 0 
7f5279499000-7f527949c000 ---p 00000000 00:00 0 
7f527949c000-7f527959a000 rw-p 00000000 00:00 0 
7f527969b000-7f527969e000 ---p 00000000 00:00 0 
7f527969e000-7f527979c000 rw-p 00000000 00:00 0 
7f527979c000-7f527979f000 ---p 00000000 00:00 0 
7f527979f000-7f527989d000 rw-p 00000000 00:00 0 
7f5279da2000-7f5279da5000 ---p 00000000 00:00 0 
7f5279da5000-7f5279ea3000 rw-p 00000000 00:00 0 
7f5279ea3000-7f5279ea6000 ---p 00000000 00:00 0 
7f5279ea6000-7f5279fa4000 rw-p 00000000 00:00 0 
7f527a1a6000-7f527a1a9000 ---p 00000000 00:00 0 
7f527a1a9000-7f527a2a7000 rw-p 00000000 00:00 0 
7f527a2a7000-7f527a2aa000 ---p 00000000 00:00 0 
7f527a2aa000-7f527a3a8000 rw-p 00000000 00:00 0                          [stack:30687]
7f527a3a8000-7f527a3ab000 ---p 00000000 00:00 0 
7f527a3ab000-7f527a4a9000 rw-p 00000000 00:00 0 
7f527a4a9000-7f527a4ac000 ---p 00000000 00:00 0 
7f527a4ac000-7f527a5aa000 rw-p 00000000 00:00 0 
7f527a6ab000-7f527a6ae000 ---p 00000000 00:00 0 
7f527a6ae000-7f527a7ac000 rw-p 00000000 00:00 0 
7f527a7ac000-7f527a7af000 ---p 00000000 00:00 0 
7f527a7af000-7f527a8ad000 rw-p 00000000 00:00 0 
7f527a9ae000-7f527a9b1000 ---p 00000000 00:00 0 
7f527a9b1000-7f527aaaf000 rw-p 00000000 00:00 0 
7f527aaaf000-7f527aab2000 ---p 00000000 00:00 0 
7f527aab2000-7f527abb0000 rw-p 00000000 00:00 0 
7f527abb0000-7f527abb3000 ---p 00000000 00:00 0 
7f527abb3000-7f527ad31000 rw-p 00000000 00:00 0 
7f527ad31000-7f527aeb1000 ---p 00000000 00:00 0 
7f527b0b3000-7f527b0b6000 ---p 00000000 00:00 0 
7f527b0b6000-7f527b1b4000 rw-p 00000000 00:00 0 
7f527b5b8000-7f527b5bb000 ---p 00000000 00:00 0 
7f527b5bb000-7f527b6b9000 rw-p 00000000 00:00 0 
7f527b9bc000-7f527b9bf000 ---p 00000000 00:00 0 
7f527b9bf000-7f527babd000 rw-p 00000000 00:00 0 
7f527babd000-7f527bac0000 ---p 00000000 00:00 0 
7f527bac0000-7f527bbbe000 rw-p 00000000 00:00 0 
7f527bcbf000-7f527bcc2000 ---p 00000000 00:00 0 
7f527bcc2000-7f527bdc0000 rw-p 00000000 00:00 0 
7f527bfc2000-7f527bfc5000 ---p 00000000 00:00 0 
7f527bfc5000-7f527c0c3000 rw-p 00000000 00:00 0 
7f527c0c3000-7f527c0c6000 ---p 00000000 00:00 0 
7f527c0c6000-7f527c1c4000 rw-p 00000000 00:00 0                          [stack:30689]
7f527c1c4000-7f527c1c7000 ---p 00000000 00:00 0 
7f527c1c7000-7f527c2c5000 rw-p 00000000 00:00 0 
7f527c4c7000-7f527c4ca000 ---p 00000000 00:00 0 
7f527c4ca000-7f527c5c8000 rw-p 00000000 00:00 0 
7f527c5c8000-7f527c5cb000 ---p 00000000 00:00 0 
7f527c5cb000-7f527c6c9000 rw-p 00000000 00:00 0 
7f527c6c9000-7f527c6cc000 ---p 00000000 00:00 0 
7f527c6cc000-7f527c7ca000 rw-p 00000000 00:00 0 
7f527c8cb000-7f527c8ce000 ---p 00000000 00:00 0 
7f527c8ce000-7f527c9cc000 rw-p 00000000 00:00 0 
7f527c9cc000-7f527c9cf000 ---p 00000000 00:00 0 
7f527c9cf000-7f527cacd000 rw-p 00000000 00:00 0 
7f527cccf000-7f527ccd2000 ---p 00000000 00:00 0 
7f527ccd2000-7f527cdd0000 rw-p 00000000 00:00 0 
7f527ced1000-7f527ced4000 ---p 00000000 00:00 0 
7f527ced4000-7f527cfd2000 rw-p 00000000 00:00 0 
7f527cfd2000-7f527cfd5000 ---p 00000000 00:00 0 
7f527cfd5000-7f527d0d3000 rw-p 00000000 00:00 0 
7f527d0d3000-7f527d0d6000 ---p 00000000 00:00 0 
7f527d0d6000-7f527d1d4000 rw-p 00000000 00:00 0 
7f527d2d5000-7f527d4d5000 rw-p 00000000 00:00 0 
7f527d4d5000-7f527d4d8000 ---p 00000000 00:00 0 
7f527d4d8000-7f527d5d6000 rw-p 00000000 00:00 0                          [stack:12755]
7f527d5d6000-7f527d5d9000 ---p 00000000 00:00 0 
7f527d5d9000-7f527d6d7000 rw-p 00000000 00:00 0                          [stack:12754]
7f527d6d7000-7f527d6da000 ---p 00000000 00:00 0 
7f527d6da000-7f527d7d8000 rw-p 00000000 00:00 0                          [stack:12753]
7f527d7d8000-7f527d7db000 ---p 00000000 00:00 0 
7f527d7db000-7f527d8d9000 rw-p 00000000 00:00 0                          [stack:12752]
7f527d8d9000-7f527d8dc000 ---p 00000000 00:00 0 
7f527d8dc000-7f527d9da000 rw-p 00000000 00:00 0                          [stack:12751]
7f527d9da000-7f527d9dd000 ---p 00000000 00:00 0 
7f527d9dd000-7f527dadb000 rw-p 00000000 00:00 0                          [stack:12750]
7f527dadb000-7f527dade000 ---p 00000000 00:00 0 
7f527dade000-7f527dbdc000 rw-p 00000000 00:00 0                          [stack:12749]
7f527dbdc000-7f527dbdf000 ---p 00000000 00:00 0 
7f527dbdf000-7f527dcdd000 rw-p 00000000 00:00 0                          [stack:12748]
7f527dcdd000-7f527dce0000 ---p 00000000 00:00 0 
7f527dce0000-7f527ddde000 rw-p 00000000 00:00 0                          [stack:12747]
7f527ddde000-7f527dde1000 ---p 00000000 00:00 0 
7f527dde1000-7f527dedf000 rw-p 00000000 00:00 0                          [stack:12746]
7f527dedf000-7f527dee2000 ---p 00000000 00:00 0 
7f527dee2000-7f527dfe0000 rw-p 00000000 00:00 0                          [stack:12745]
7f527dfe0000-7f527dfe3000 ---p 00000000 00:00 0 
7f527dfe3000-7f527e0e1000 rw-p 00000000 00:00 0                          [stack:12744]
7f527e0e1000-7f527e0e4000 ---p 00000000 00:00 0 
7f527e0e4000-7f527e1e2000 rw-p 00000000 00:00 0                          [stack:12743]
7f527e1e2000-7f527e1e5000 ---p 00000000 00:00 0 
7f527e1e5000-7f527e2e3000 rw-p 00000000 00:00 0                          [stack:12742]
7f527e2e3000-7f527e2e6000 ---p 00000000 00:00 0 
7f527e2e6000-7f527e3e4000 rw-p 00000000 00:00 0                          [stack:12741]
7f527e3e4000-7f527e3e7000 ---p 00000000 00:00 0 
7f527e3e7000-7f527e4e5000 rw-p 00000000 00:00 0                          [stack:12740]
7f527e4e5000-7f527e4e8000 ---p 00000000 00:00 0 
7f527e4e8000-7f527e5e6000 rw-p 00000000 00:00 0                          [stack:12739]
7f527e5e6000-7f527e5e9000 ---p 00000000 00:00 0 
7f527e5e9000-7f527e6e7000 rw-p 00000000 00:00 0                          [stack:12738]
7f527e6e7000-7f527e6ea000 ---p 00000000 00:00 0 
7f527e6ea000-7f527e7e8000 rw-p 00000000 00:00 0                          [stack:12737]
7f527e7e8000-7f527e7eb000 ---p 00000000 00:00 0 
7f527e7eb000-7f527e8e9000 rw-p 00000000 00:00 0                          [stack:12736]
7f527e8e9000-7f527e8ec000 ---p 00000000 00:00 0 
7f527e8ec000-7f527e9ea000 rw-p 00000000 00:00 0                          [stack:12735]
7f527e9ea000-7f527e9ed000 ---p 00000000 00:00 0 
7f527e9ed000-7f527eaeb000 rw-p 00000000 00:00 0                          [stack:12734]
7f527eaeb000-7f527eaee000 ---p 00000000 00:00 0 
7f527eaee000-7f527ebec000 rw-p 00000000 00:00 0                          [stack:12733]
7f527ebec000-7f527ebef000 ---p 00000000 00:00 0 
7f527ebef000-7f527eced000 rw-p 00000000 00:00 0                          [stack:12732]
7f527eced000-7f527ecf0000 ---p 00000000 00:00 0 
7f527ecf0000-7f527edee000 rw-p 00000000 00:00 0                          [stack:12731]
7f527edee000-7f527edf1000 ---p 00000000 00:00 0 
7f527edf1000-7f527eeef000 rw-p 00000000 00:00 0                          [stack:12730]
7f527eeef000-7f527eef2000 ---p 00000000 00:00 0 
7f527eef2000-7f527eff0000 rw-p 00000000 00:00 0                          [stack:12729]
7f527eff0000-7f527eff3000 ---p 00000000 00:00 0 
7f527eff3000-7f527f0f1000 rw-p 00000000 00:00 0                          [stack:12728]
7f527f0f1000-7f527f0f4000 ---p 00000000 00:00 0 
7f527f0f4000-7f527f1f2000 rw-p 00000000 00:00 0                          [stack:12727]
7f527f1f2000-7f527f1f5000 ---p 00000000 00:00 0 
7f527f1f5000-7f527f2f3000 rw-p 00000000 00:00 0                          [stack:12726]
7f527f2f3000-7f527f2f6000 ---p 00000000 00:00 0 
7f527f2f6000-7f527f3f4000 rw-p 00000000 00:00 0                          [stack:12725]
7f527f3f4000-7f527f3f7000 ---p 00000000 00:00 0 
7f527f3f7000-7f527f4f5000 rw-p 00000000 00:00 0                          [stack:12724]
7f527f4f5000-7f527f4f8000 ---p 00000000 00:00 0 
7f527f4f8000-7f527f5f6000 rw-p 00000000 00:00 0                          [stack:12723]
7f527f5f6000-7f527f5f9000 ---p 00000000 00:00 0 
7f527f5f9000-7f527f6f7000 rw-p 00000000 00:00 0                          [stack:12722]
7f527f6f7000-7f527f6fa000 ---p 00000000 00:00 0 
7f527f6fa000-7f527f7f8000 rw-p 00000000 00:00 0                          [stack:12721]
7f527f7f8000-7f527f7fb000 ---p 00000000 00:00 0 
7f527f7fb000-7f527f8f9000 rw-p 00000000 00:00 0                          [stack:12720]
7f527f8f9000-7f527f8fc000 ---p 00000000 00:00 0 
7f527f8fc000-7f527f9fa000 rw-p 00000000 00:00 0                          [stack:12719]
7f527f9fa000-7f527f9fd000 ---p 00000000 00:00 0 
7f527f9fd000-7f527fafb000 rw-p 00000000 00:00 0                          [stack:12718]
7f527fafb000-7f527fafe000 ---p 00000000 00:00 0 
7f527fafe000-7f527fbfc000 rw-p 00000000 00:00 0                          [stack:12717]
7f527fbfc000-7f527fbff000 ---p 00000000 00:00 0 
7f527fbff000-7f527fcfd000 rw-p 00000000 00:00 0                          [stack:12716]
7f527fcfd000-7f527fd00000 ---p 00000000 00:00 0 
7f527fd00000-7f527fdfe000 rw-p 00000000 00:00 0                          [stack:12715]
7f527fdfe000-7f527fe01000 ---p 00000000 00:00 0 
7f527fe01000-7f527feff000 rw-p 00000000 00:00 0                          [stack:12714]
7f527feff000-7f527ff02000 ---p 00000000 00:00 0 
7f527ff02000-7f5280000000 rw-p 00000000 00:00 0                          [stack:12713]
7f5280000000-7f528002a000 rw-p 00000000 00:00 0 
7f528002a000-7f5284000000 ---p 00000000 00:00 0 
7f5284000000-7f52840ec000 rw-p 00000000 00:00 0 
7f52840ec000-7f5288000000 ---p 00000000 00:00 0 
7f5288000000-7f5288021000 rw-p 00000000 00:00 0 
7f5288021000-7f528c000000 ---p 00000000 00:00 0 
7f528c000000-7f528c28c000 rw-p 00000000 00:00 0 
7f528c28c000-7f5290000000 ---p 00000000 00:00 0 
7f5290000000-7f5290021000 rw-p 00000000 00:00 0 
7f5290021000-7f5294000000 ---p 00000000 00:00 0 
7f5294000000-7f5294021000 rw-p 00000000 00:00 0 
7f5294021000-7f5298000000 ---p 00000000 00:00 0 
7f5298000000-7f5298021000 rw-p 00000000 00:00 0 
7f5298021000-7f529c000000 ---p 00000000 00:00 0 
7f529c000000-7f529c021000 rw-p 00000000 00:00 0 
7f529c021000-7f52a0000000 ---p 00000000 00:00 0 
7f52a0000000-7f52a0021000 rw-p 00000000 00:00 0 
7f52a0021000-7f52a4000000 ---p 00000000 00:00 0 
7f52a4000000-7f52a4021000 rw-p 00000000 00:00 0 
7f52a4021000-7f52a8000000 ---p 00000000 00:00 0 
7f52a8000000-7f52a8021000 rw-p 00000000 00:00 0 
7f52a8021000-7f52ac000000 ---p 00000000 00:00 0 
7f52ac000000-7f52ac021000 rw-p 00000000 00:00 0 
7f52ac021000-7f52b0000000 ---p 00000000 00:00 0 
7f52b0000000-7f52b0024000 rw-p 00000000 00:00 0 
7f52b0024000-7f52b4000000 ---p 00000000 00:00 0 
7f52b4000000-7f52b4021000 rw-p 00000000 00:00 0 
7f52b4021000-7f52b8000000 ---p 00000000 00:00 0 
7f52b8000000-7f52b8021000 rw-p 00000000 00:00 0 
7f52b8021000-7f52bc000000 ---p 00000000 00:00 0 
7f52bc000000-7f52bc021000 rw-p 00000000 00:00 0 
7f52bc021000-7f52c0000000 ---p 00000000 00:00 0 
7f52c0000000-7f52c0021000 rw-p 00000000 00:00 0 
7f52c0021000-7f52c4000000 ---p 00000000 00:00 0 
7f52c4000000-7f52c4021000 rw-p 00000000 00:00 0 
7f52c4021000-7f52c8000000 ---p 00000000 00:00 0 
7f52c8000000-7f52c8021000 rw-p 00000000 00:00 0 
7f52c8021000-7f52cc000000 ---p 00000000 00:00 0 
7f52cc000000-7f52cc021000 rw-p 00000000 00:00 0 
7f52cc021000-7f52d0000000 ---p 00000000 00:00 0 
7f52d0000000-7f52d0021000 rw-p 00000000 00:00 0 
7f52d0021000-7f52d4000000 ---p 00000000 00:00 0 
7f52d4000000-7f52d428e000 rw-p 00000000 00:00 0 
7f52d428e000-7f52d8000000 ---p 00000000 00:00 0 
7f52d8000000-7f52d8052000 rw-p 00000000 00:00 0 
7f52d8052000-7f52dc000000 ---p 00000000 00:00 0 
7f52dc000000-7f52dc03f000 rw-p 00000000 00:00 0 
7f52dc03f000-7f52e0000000 ---p 00000000 00:00 0 
7f52e0000000-7f52e0034000 rw-p 00000000 00:00 0 
7f52e0034000-7f52e4000000 ---p 00000000 00:00 0 
7f52e4000000-7f52e4038000 rw-p 00000000 00:00 0 
7f52e4038000-7f52e8000000 ---p 00000000 00:00 0 
7f52e8000000-7f52e8021000 rw-p 00000000 00:00 0 
7f52e8021000-7f52ec000000 ---p 00000000 00:00 0 
7f52ec000000-7f52ec021000 rw-p 00000000 00:00 0 
7f52ec021000-7f52f0000000 ---p 00000000 00:00 0 
7f52f0000000-7f52f0021000 rw-p 00000000 00:00 0 
7f52f0021000-7f52f4000000 ---p 00000000 00:00 0 
7f52f4000000-7f52f4021000 rw-p 00000000 00:00 0 
7f52f4021000-7f52f8000000 ---p 00000000 00:00 0 
7f52f8000000-7f52f8021000 rw-p 00000000 00:00 0 
7f52f8021000-7f52fc000000 ---p 00000000 00:00 0 
7f52fc000000-7f52fc021000 rw-p 00000000 00:00 0 
7f52fc021000-7f5300000000 ---p 00000000 00:00 0 
7f5300000000-7f5300021000 rw-p 00000000 00:00 0 
7f5300021000-7f5304000000 ---p 00000000 00:00 0 
7f5304000000-7f5304021000 rw-p 00000000 00:00 0 
7f5304021000-7f5308000000 ---p 00000000 00:00 0 
7f5308000000-7f5308021000 rw-p 00000000 00:00 0 
7f5308021000-7f530c000000 ---p 00000000 00:00 0 
7f530c000000-7f530c021000 rw-p 00000000 00:00 0 
7f530c021000-7f5310000000 ---p 00000000 00:00 0 
7f5310000000-7f5310021000 rw-p 00000000 00:00 0 
7f5310021000-7f5314000000 ---p 00000000 00:00 0 
7f5314000000-7f5314023000 rw-p 00000000 00:00 0 
7f5314023000-7f5318000000 ---p 00000000 00:00 0 
7f5318000000-7f5318021000 rw-p 00000000 00:00 0 
7f5318021000-7f531c000000 ---p 00000000 00:00 0 
7f531c000000-7f531c027000 rw-p 00000000 00:00 0 
7f531c027000-7f5320000000 ---p 00000000 00:00 0 
7f5320000000-7f5320021000 rw-p 00000000 00:00 0 
7f5320021000-7f5324000000 ---p 00000000 00:00 0 
7f5324000000-7f5324026000 rw-p 00000000 00:00 0 
7f5324026000-7f5328000000 ---p 00000000 00:00 0 
7f5328000000-7f5328028000 rw-p 00000000 00:00 0 
7f5328028000-7f532c000000 ---p 00000000 00:00 0 
7f532c0c0000-7f532c0c3000 ---p 00000000 00:00 0 
7f532c0c3000-7f532c1c1000 rw-p 00000000 00:00 0                          [stack:12712]
7f532c1c1000-7f532c1c4000 ---p 00000000 00:00 0 
7f532c1c4000-7f532c2c2000 rw-p 00000000 00:00 0                          [stack:12711]
7f532c2c2000-7f532c2c5000 ---p 00000000 00:00 0 
7f532c2c5000-7f532c3c3000 rw-p 00000000 00:00 0                          [stack:12710]
7f532c3c3000-7f532c3c6000 ---p 00000000 00:00 0 
7f532c3c6000-7f532c4c4000 rw-p 00000000 00:00 0                          [stack:12709]
7f532c4c4000-7f532c4c7000 ---p 00000000 00:00 0 
7f532c4c7000-7f532c5c5000 rw-p 00000000 00:00 0                          [stack:12708]
7f532c5c5000-7f532c5c8000 ---p 00000000 00:00 0 
7f532c5c8000-7f532c6c6000 rw-p 00000000 00:00 0                          [stack:12707]
7f532c6c6000-7f532c6c9000 ---p 00000000 00:00 0 
7f532c6c9000-7f532c7c7000 rw-p 00000000 00:00 0                          [stack:12706]
7f532c7c7000-7f532c7ca000 ---p 00000000 00:00 0 
7f532c7ca000-7f532c8c8000 rw-p 00000000 00:00 0                          [stack:12705]
7f532c8c8000-7f532c8cb000 ---p 00000000 00:00 0 
7f532c8cb000-7f532c9c9000 rw-p 00000000 00:00 0                          [stack:12704]
7f532c9c9000-7f532c9cc000 ---p 00000000 00:00 0 
7f532c9cc000-7f532caca000 rw-p 00000000 00:00 0                          [stack:12703]
7f532caca000-7f532cacd000 ---p 00000000 00:00 0 
7f532cacd000-7f532cbcb000 rw-p 00000000 00:00 0                          [stack:12701]
7f532cbcb000-7f532cbce000 ---p 00000000 00:00 0 
7f532cbce000-7f532cecc000 rw-p 00000000 00:00 0                          [stack:12700]
7f532cecc000-7f532cecf000 ---p 00000000 00:00 0 
7f532cecf000-7f532cfcd000 rw-p 00000000 00:00 0                          [stack:12699]
7f532cfcd000-7f532cfd0000 ---p 00000000 00:00 0 
7f532cfd0000-7f532d0ce000 rw-p 00000000 00:00 0                          [stack:12698]
7f532d0ce000-7f532d0d1000 ---p 00000000 00:00 0 
7f532d0d1000-7f532d1cf000 rw-p 00000000 00:00 0                          [stack:12697]
7f532d1cf000-7f532d1d2000 ---p 00000000 00:00 0 
7f532d1d2000-7f532d2d0000 rw-p 00000000 00:00 0                          [stack:12696]
7f532d2d0000-7f532d2d3000 ---p 00000000 00:00 0 
7f532d2d3000-7f532d3d1000 rw-p 00000000 00:00 0                          [stack:12695]
7f532d3d1000-7f532d3d4000 ---p 00000000 00:00 0 
7f532d3d4000-7f532d4d2000 rw-p 00000000 00:00 0                          [stack:12694]
7f532d4d2000-7f532d4d5000 ---p 00000000 00:00 0 
7f532d4d5000-7f532d5d3000 rw-p 00000000 00:00 0                          [stack:12693]
7f532d5d3000-7f532d5d6000 ---p 00000000 00:00 0 
7f532d5d6000-7f532d6d4000 rw-p 00000000 00:00 0                          [stack:12692]
7f532d6d4000-7f532d6d7000 ---p 00000000 00:00 0 
7f532d6d7000-7f532d7d5000 rw-p 00000000 00:00 0                          [stack:12690]
7f532d7d5000-7f532d7d8000 ---p 00000000 00:00 0 
7f532d7d8000-7f532d8d6000 rw-p 00000000 00:00 0                          [stack:12691]
7f532d8d6000-7f532d8de000 r-xp 00000000 ca:01 275177                     /usr/lib/jvm/java-8-oracle/jre/lib/amd64/libmanagement.so
7f532d8de000-7f532dade000 ---p 00008000 ca:01 275177                     /usr/lib/jvm/java-8-oracle/jre/lib/amd64/libmanagement.so
7f532dade000-7f532dadf000 rw-p 00008000 ca:01 275177                     /usr/lib/jvm/java-8-oracle/jre/lib/amd64/libmanagement.so
7f532dadf000-7f532dcdf000 rw-p 00000000 00:00 0 
7f532dcdf000-7f532dce2000 ---p 00000000 00:00 0 
7f532dce2000-7f532dde0000 rw-p 00000000 00:00 0                          [stack:12688]
7f532dde0000-7f532dde3000 ---p 00000000 00:00 0 
7f532dde3000-7f532dee1000 rw-p 00000000 00:00 0                          [stack:12687]
7f532dee1000-7f532dee4000 ---p 00000000 00:00 0 
7f532dee4000-7f532dfe2000 rw-p 00000000 00:00 0                          [stack:12686]
7f532dfe2000-7f532dfe5000 ---p 00000000 00:00 0 
7f532dfe5000-7f532e0e3000 rw-p 00000000 00:00 0                          [stack:12685]
7f532e0e3000-7f532e0e6000 ---p 00000000 00:00 0 
7f532e0e6000-7f532e1e4000 rw-p 00000000 00:00 0                          [stack:12684]
7f532e1e4000-7f532e1e7000 ---p 00000000 00:00 0 
7f532e1e7000-7f532e2e5000 rw-p 00000000 00:00 0                          [stack:12683]
7f532e2e5000-7f532e2e8000 ---p 00000000 00:00 0 
7f532e2e8000-7f532e3e6000 rw-p 00000000 00:00 0                          [stack:12682]
7f532e3e6000-7f532e3e9000 ---p 00000000 00:00 0 
7f532e3e9000-7f532e4e7000 rw-p 00000000 00:00 0                          [stack:12681]
7f532e4e7000-7f532e4ea000 ---p 00000000 00:00 0 
7f532e4ea000-7f532e5e8000 rw-p 00000000 00:00 0                          [stack:12680]
7f532e5e8000-7f532e5eb000 ---p 00000000 00:00 0 
7f532e5eb000-7f532e6e9000 rw-p 00000000 00:00 0                          [stack:12679]
7f532e6e9000-7f532e6ec000 ---p 00000000 00:00 0 
7f532e6ec000-7f532e7ea000 rw-p 00000000 00:00 0                          [stack:12678]
7f532e7ea000-7f532e7ed000 ---p 00000000 00:00 0 
7f532e7ed000-7f532e8eb000 rw-p 00000000 00:00 0                          [stack:12677]
7f532e8eb000-7f532e8ee000 ---p 00000000 00:00 0 
7f532e8ee000-7f532e9ec000 rw-p 00000000 00:00 0                          [stack:12676]
7f532e9ec000-7f532e9ef000 ---p 00000000 00:00 0 
7f532e9ef000-7f532eaed000 rw-p 00000000 00:00 0                          [stack:12675]
7f532eaed000-7f532eaf0000 ---p 00000000 00:00 0 
7f532eaf0000-7f532ebee000 rw-p 00000000 00:00 0                          [stack:12674]
7f532ebee000-7f532ebf1000 ---p 00000000 00:00 0 
7f532ebf1000-7f532ecef000 rw-p 00000000 00:00 0                          [stack:12673]
7f532ecef000-7f532ecf2000 ---p 00000000 00:00 0 
7f532ecf2000-7f532edf0000 rw-p 00000000 00:00 0                          [stack:12672]
7f532edf0000-7f532edf3000 ---p 00000000 00:00 0 
7f532edf3000-7f532eef1000 rw-p 00000000 00:00 0                          [stack:12671]
7f532eef1000-7f532eef4000 ---p 00000000 00:00 0 
7f532eef4000-7f532eff2000 rw-p 00000000 00:00 0                          [stack:12670]
7f532eff2000-7f532eff5000 ---p 00000000 00:00 0 
7f532eff5000-7f532f0f3000 rw-p 00000000 00:00 0                          [stack:12669]
7f532f0f3000-7f532f0f6000 ---p 00000000 00:00 0 
7f532f0f6000-7f532f1f4000 rw-p 00000000 00:00 0                          [stack:12668]
7f532f1f4000-7f532f1f7000 ---p 00000000 00:00 0 
7f532f1f7000-7f532f2f5000 rw-p 00000000 00:00 0                          [stack:12667]
7f532f2f5000-7f532f2f8000 ---p 00000000 00:00 0 
7f532f2f8000-7f532f3f6000 rw-p 00000000 00:00 0                          [stack:12666]
7f532f3f6000-7f532f3f9000 ---p 00000000 00:00 0 
7f532f3f9000-7f532f4f7000 rw-p 00000000 00:00 0                          [stack:12665]
7f532f4f7000-7f532f4fa000 ---p 00000000 00:00 0 
7f532f4fa000-7f532f5f8000 rw-p 00000000 00:00 0                          [stack:12664]
7f532f5f8000-7f532f5fb000 ---p 00000000 00:00 0 
7f532f5fb000-7f532f6f9000 rw-p 00000000 00:00 0                          [stack:12663]
7f532f6f9000-7f532f6fc000 ---p 00000000 00:00 0 
7f532f6fc000-7f532f7fa000 rw-p 00000000 00:00 0                          [stack:12662]
7f532f7fa000-7f532f7fd000 ---p 00000000 00:00 0 
7f532f7fd000-7f532f8fb000 rw-p 00000000 00:00 0                          [stack:12661]
7f532f8fb000-7f532f8fe000 ---p 00000000 00:00 0 
7f532f8fe000-7f532f9fc000 rw-p 00000000 00:00 0                          [stack:12660]
7f532f9fc000-7f532f9ff000 ---p 00000000 00:00 0 
7f532f9ff000-7f532fafd000 rw-p 00000000 00:00 0                          [stack:12659]
7f532fafd000-7f532fb00000 ---p 00000000 00:00 0 
7f532fb00000-7f532fbfe000 rw-p 00000000 00:00 0                          [stack:12658]
7f532fbfe000-7f532fc01000 ---p 00000000 00:00 0 
7f532fc01000-7f532feff000 rw-p 00000000 00:00 0                          [stack:12657]
7f532feff000-7f532ff02000 ---p 00000000 00:00 0 
7f532ff02000-7f5330000000 rw-p 00000000 00:00 0                          [stack:12656]
7f5330000000-7f5330021000 rw-p 00000000 00:00 0 
7f5330021000-7f5334000000 ---p 00000000 00:00 0 
7f5334000000-7f5334021000 rw-p 00000000 00:00 0 
7f5334021000-7f5338000000 ---p 00000000 00:00 0 
7f5338000000-7f5338707000 rw-p 00000000 00:00 0 
7f5338707000-7f533c000000 ---p 00000000 00:00 0 
7f533c000000-7f533c021000 rw-p 00000000 00:00 0 
7f533c021000-7f5340000000 ---p 00000000 00:00 0 
7f5340000000-7f53416ef000 rw-p 00000000 00:00 0 
7f53416ef000-7f5344000000 ---p 00000000 00:00 0 
7f5344000000-7f53455dd000 rw-p 00000000 00:00 0 
7f53455dd000-7f5348000000 ---p 00000000 00:00 0 
7f5348000000-7f5348021000 rw-p 00000000 00:00 0 
7f5348021000-7f534c000000 ---p 00000000 00:00 0 
7f534c000000-7f534d480000 rw-p 00000000 00:00 0 
7f534d480000-7f5350000000 ---p 00000000 00:00 0 
7f5350000000-7f5350021000 rw-p 00000000 00:00 0 
7f5350021000-7f5354000000 ---p 00000000 00:00 0 
7f5354000000-7f5354021000 rw-p 00000000 00:00 0 
7f5354021000-7f5358000000 ---p 00000000 00:00 0 
7f5358000000-7f5358152000 rw-p 00000000 00:00 0 
7f5358152000-7f535c000000 ---p 00000000 00:00 0 
7f535c06a000-7f535c081000 r-xp 00000000 ca:01 396095                     /lib/x86_64-linux-gnu/libresolv-2.19.so
7f535c081000-7f535c281000 ---p 00017000 ca:01 396095                     /lib/x86_64-linux-gnu/libresolv-2.19.so
7f535c281000-7f535c282000 r--p 00017000 ca:01 396095                     /lib/x86_64-linux-gnu/libresolv-2.19.so
7f535c282000-7f535c283000 rw-p 00018000 ca:01 396095                     /lib/x86_64-linux-gnu/libresolv-2.19.so
7f535c283000-7f535c285000 rw-p 00000000 00:00 0 
7f535c285000-7f535c28a000 r-xp 00000000 ca:01 396073                     /lib/x86_64-linux-gnu/libnss_dns-2.19.so
7f535c28a000-7f535c489000 ---p 00005000 ca:01 396073                     /lib/x86_64-linux-gnu/libnss_dns-2.19.so
7f535c489000-7f535c48a000 r--p 00004000 ca:01 396073                     /lib/x86_64-linux-gnu/libnss_dns-2.19.so
7f535c48a000-7f535c48b000 rw-p 00005000 ca:01 396073                     /lib/x86_64-linux-gnu/libnss_dns-2.19.so
7f535c48b000-7f535c48e000 ---p 00000000 00:00 0 
7f535c48e000-7f535c78c000 rw-p 00000000 00:00 0                          [stack:12654]
7f535c78c000-7f535cbd4000 rw-p 00000000 00:00 0 
7f535cbd4000-7f535cdd4000 rw-p 00000000 00:00 0 
7f535cdd4000-7f535cdea000 r-xp 00000000 ca:01 275187                     /usr/lib/jvm/java-8-oracle/jre/lib/amd64/libnet.so
7f535cdea000-7f535cfea000 ---p 00016000 ca:01 275187                     /usr/lib/jvm/java-8-oracle/jre/lib/amd64/libnet.so
7f535cfea000-7f535cfeb000 rw-p 00016000 ca:01 275187                     /usr/lib/jvm/java-8-oracle/jre/lib/amd64/libnet.so
7f535cfeb000-7f535cffc000 r-xp 00000000 ca:01 275151                     /usr/lib/jvm/java-8-oracle/jre/lib/amd64/libnio.so
7f535cffc000-7f535d1fb000 ---p 00011000 ca:01 275151                     /usr/lib/jvm/java-8-oracle/jre/lib/amd64/libnio.so
7f535d1fb000-7f535d1fc000 rw-p 00010000 ca:01 275151                     /usr/lib/jvm/java-8-oracle/jre/lib/amd64/libnio.so
7f535d1fc000-7f535d28c000 r--s 00844000 ca:01 274397                     /home/ubuntu/XRTB/xrtb-all.jar
7f535d28c000-7f535d28d000 ---p 00000000 00:00 0 
7f535d28d000-7f535d38d000 rw-p 00000000 00:00 0                          [stack:12653]
7f535d38d000-7f535d390000 ---p 00000000 00:00 0 
7f535d390000-7f535d48e000 rw-p 00000000 00:00 0                          [stack:12652]
7f535d48e000-7f535d491000 ---p 00000000 00:00 0 
7f535d491000-7f535d58f000 rw-p 00000000 00:00 0                          [stack:12651]
7f535d58f000-7f535d592000 ---p 00000000 00:00 0 
7f535d592000-7f535d690000 rw-p 00000000 00:00 0                          [stack:12650]
7f535d690000-7f535d693000 ---p 00000000 00:00 0 
7f535d693000-7f535d791000 rw-p 00000000 00:00 0                          [stack:12649]
7f535d791000-7f535d794000 ---p 00000000 00:00 0 
7f535d794000-7f535d892000 rw-p 00000000 00:00 0                          [stack:12648]
7f535d892000-7f535d895000 ---p 00000000 00:00 0 
7f535d895000-7f535d993000 rw-p 00000000 00:00 0                          [stack:12647]
7f535d993000-7f535d996000 ---p 00000000 00:00 0 
7f535d996000-7f535da94000 rw-p 00000000 00:00 0                          [stack:12646]
7f535da94000-7f535da97000 ---p 00000000 00:00 0 
7f535da97000-7f535db95000 rw-p 00000000 00:00 0                          [stack:12645]
7f535db95000-7f535db96000 ---p 00000000 00:00 0 
7f535db96000-7f5368000000 rw-p 00000000 00:00 0                          [stack:12644]
7f5368000000-7f53682c9000 rw-p 00000000 00:00 0 
7f53682c9000-7f536c000000 ---p 00000000 00:00 0 
7f536c000000-7f536c021000 rw-p 00000000 00:00 0 
7f536c021000-7f5370000000 ---p 00000000 00:00 0 
7f5370000000-7f5370021000 rw-p 00000000 00:00 0 
7f5370021000-7f5374000000 ---p 00000000 00:00 0 
7f5374000000-7f5374021000 rw-p 00000000 00:00 0 
7f5374021000-7f5378000000 ---p 00000000 00:00 0 
7f5378000000-7f5378021000 rw-p 00000000 00:00 0 
7f5378021000-7f537c000000 ---p 00000000 00:00 0 
7f537c000000-7f537c021000 rw-p 00000000 00:00 0 
7f537c021000-7f5380000000 ---p 00000000 00:00 0 
7f5380000000-7f5380021000 rw-p 00000000 00:00 0 
7f5380021000-7f5384000000 ---p 00000000 00:00 0 
7f5384000000-7f5384021000 rw-p 00000000 00:00 0 
7f5384021000-7f5388000000 ---p 00000000 00:00 0 
7f5388017000-7f5388021000 r--s 00116000 ca:01 275307                     /usr/lib/jvm/java-8-oracle/jre/lib/ext/localedata.jar
7f5388021000-7f53881fa000 r--s 03d20000 ca:01 275279                     /usr/lib/jvm/java-8-oracle/jre/lib/rt.jar
7f53881fa000-7f53889fa000 rw-p 00000000 00:00 0 
7f53889fa000-7f53889fb000 ---p 00000000 00:00 0 
7f53889fb000-7f5388afb000 rw-p 00000000 00:00 0                          [stack:12643]
7f5388afb000-7f5388afc000 ---p 00000000 00:00 0 
7f5388afc000-7f5388bfc000 rw-p 00000000 00:00 0                          [stack:12642]
7f5388bfc000-7f5388bfd000 ---p 00000000 00:00 0 
7f5388bfd000-7f5388cfd000 rw-p 00000000 00:00 0                          [stack:12641]
7f5388cfd000-7f5388cfe000 ---p 00000000 00:00 0 
7f5388cfe000-7f5388dfe000 rw-p 00000000 00:00 0                          [stack:12640]
7f5388dfe000-7f5388dff000 ---p 00000000 00:00 0 
7f5388dff000-7f5388eff000 rw-p 00000000 00:00 0                          [stack:12639]
7f5388eff000-7f5388f00000 ---p 00000000 00:00 0 
7f5388f00000-7f5389000000 rw-p 00000000 00:00 0                          [stack:12638]
7f5389000000-7f5389ec0000 rwxp 00000000 00:00 0 
7f5389ec0000-7f5398000000 ---p 00000000 00:00 0 
7f5398000000-7f5398895000 rw-p 00000000 00:00 0 
7f5398895000-7f539c000000 ---p 00000000 00:00 0 
7f539c008000-7f539c07e000 rw-p 00000000 00:00 0 
7f539c07e000-7f539c07f000 ---p 00000000 00:00 0 
7f539c07f000-7f539c17f000 rw-p 00000000 00:00 0                          [stack:12637]
7f539c17f000-7f539c180000 ---p 00000000 00:00 0 
7f539c180000-7f539c301000 rw-p 00000000 00:00 0                          [stack:12636]
7f539c301000-7f539c7d6000 ---p 00000000 00:00 0 
7f539c7d6000-7f539c857000 rw-p 00000000 00:00 0 
7f539c857000-7f539cd2b000 ---p 00000000 00:00 0 
7f539cd2b000-7f539cf03000 rw-p 00000000 00:00 0 
7f539cf03000-7f539cfd6000 ---p 00000000 00:00 0 
7f539cfd6000-7f539d012000 rw-p 00000000 00:00 0 
7f539d012000-7f539d397000 ---p 00000000 00:00 0 
7f539d397000-7f539d3b1000 r-xp 00000000 ca:01 275188                     /usr/lib/jvm/java-8-oracle/jre/lib/amd64/libzip.so
7f539d3b1000-7f539d5b1000 ---p 0001a000 ca:01 275188                     /usr/lib/jvm/java-8-oracle/jre/lib/amd64/libzip.so
7f539d5b1000-7f539d5b2000 rw-p 0001a000 ca:01 275188                     /usr/lib/jvm/java-8-oracle/jre/lib/amd64/libzip.so
7f539d5b2000-7f539d5bd000 r-xp 00000000 ca:01 396074                     /lib/x86_64-linux-gnu/libnss_files-2.19.so
7f539d5bd000-7f539d7bc000 ---p 0000b000 ca:01 396074                     /lib/x86_64-linux-gnu/libnss_files-2.19.so
7f539d7bc000-7f539d7bd000 r--p 0000a000 ca:01 396074                     /lib/x86_64-linux-gnu/libnss_files-2.19.so
7f539d7bd000-7f539d7be000 rw-p 0000b000 ca:01 396074                     /lib/x86_64-linux-gnu/libnss_files-2.19.so
7f539d7be000-7f539d7c9000 r-xp 00000000 ca:01 396076                     /lib/x86_64-linux-gnu/libnss_nis-2.19.so
7f539d7c9000-7f539d9c8000 ---p 0000b000 ca:01 396076                     /lib/x86_64-linux-gnu/libnss_nis-2.19.so
7f539d9c8000-7f539d9c9000 r--p 0000a000 ca:01 396076                     /lib/x86_64-linux-gnu/libnss_nis-2.19.so
7f539d9c9000-7f539d9ca000 rw-p 0000b000 ca:01 396076                     /lib/x86_64-linux-gnu/libnss_nis-2.19.so
7f539d9ca000-7f539d9e1000 r-xp 00000000 ca:01 396071                     /lib/x86_64-linux-gnu/libnsl-2.19.so
7f539d9e1000-7f539dbe0000 ---p 00017000 ca:01 396071                     /lib/x86_64-linux-gnu/libnsl-2.19.so
7f539dbe0000-7f539dbe1000 r--p 00016000 ca:01 396071                     /lib/x86_64-linux-gnu/libnsl-2.19.so
7f539dbe1000-7f539dbe2000 rw-p 00017000 ca:01 396071                     /lib/x86_64-linux-gnu/libnsl-2.19.so
7f539dbe2000-7f539dbe4000 rw-p 00000000 00:00 0 
7f539dbe4000-7f539dbed000 r-xp 00000000 ca:01 396072                     /lib/x86_64-linux-gnu/libnss_compat-2.19.so
7f539dbed000-7f539ddec000 ---p 00009000 ca:01 396072                     /lib/x86_64-linux-gnu/libnss_compat-2.19.so
7f539ddec000-7f539dded000 r--p 00008000 ca:01 396072                     /lib/x86_64-linux-gnu/libnss_compat-2.19.so
7f539dded000-7f539ddee000 rw-p 00009000 ca:01 396072                     /lib/x86_64-linux-gnu/libnss_compat-2.19.so
7f539ddee000-7f539de18000 r-xp 00000000 ca:01 275210                     /usr/lib/jvm/java-8-oracle/jre/lib/amd64/libjava.so
7f539de18000-7f539e018000 ---p 0002a000 ca:01 275210                     /usr/lib/jvm/java-8-oracle/jre/lib/amd64/libjava.so
7f539e018000-7f539e01a000 rw-p 0002a000 ca:01 275210                     /usr/lib/jvm/java-8-oracle/jre/lib/amd64/libjava.so
7f539e01a000-7f539e027000 r-xp 00000000 ca:01 275200                     /usr/lib/jvm/java-8-oracle/jre/lib/amd64/libverify.so
7f539e027000-7f539e227000 ---p 0000d000 ca:01 275200                     /usr/lib/jvm/java-8-oracle/jre/lib/amd64/libverify.so
7f539e227000-7f539e229000 rw-p 0000d000 ca:01 275200                     /usr/lib/jvm/java-8-oracle/jre/lib/amd64/libverify.so
7f539e229000-7f539e230000 r-xp 00000000 ca:01 396096                     /lib/x86_64-linux-gnu/librt-2.19.so
7f539e230000-7f539e42f000 ---p 00007000 ca:01 396096                     /lib/x86_64-linux-gnu/librt-2.19.so
7f539e42f000-7f539e430000 r--p 00006000 ca:01 396096                     /lib/x86_64-linux-gnu/librt-2.19.so
7f539e430000-7f539e431000 rw-p 00007000 ca:01 396096                     /lib/x86_64-linux-gnu/librt-2.19.so
7f539e431000-7f539e536000 r-xp 00000000 ca:01 396063                     /lib/x86_64-linux-gnu/libm-2.19.so
7f539e536000-7f539e735000 ---p 00105000 ca:01 396063                     /lib/x86_64-linux-gnu/libm-2.19.so
7f539e735000-7f539e736000 r--p 00104000 ca:01 396063                     /lib/x86_64-linux-gnu/libm-2.19.so
7f539e736000-7f539e737000 rw-p 00105000 ca:01 396063                     /lib/x86_64-linux-gnu/libm-2.19.so
7f539e737000-7f539f3f5000 r-xp 00000000 ca:01 275207                     /usr/lib/jvm/java-8-oracle/jre/lib/amd64/server/libjvm.so
7f539f3f5000-7f539f5f4000 ---p 00cbe000 ca:01 275207                     /usr/lib/jvm/java-8-oracle/jre/lib/amd64/server/libjvm.so
7f539f5f4000-7f539f6cd000 rw-p 00cbd000 ca:01 275207                     /usr/lib/jvm/java-8-oracle/jre/lib/amd64/server/libjvm.so
7f539f6cd000-7f539f711000 rw-p 00000000 00:00 0 
7f539f711000-7f539f8cc000 r-xp 00000000 ca:01 396040                     /lib/x86_64-linux-gnu/libc-2.19.so
7f539f8cc000-7f539facb000 ---p 001bb000 ca:01 396040                     /lib/x86_64-linux-gnu/libc-2.19.so
7f539facb000-7f539facf000 r--p 001ba000 ca:01 396040                     /lib/x86_64-linux-gnu/libc-2.19.so
7f539facf000-7f539fad1000 rw-p 001be000 ca:01 396040                     /lib/x86_64-linux-gnu/libc-2.19.so
7f539fad1000-7f539fad6000 rw-p 00000000 00:00 0 
7f539fad6000-7f539fad9000 r-xp 00000000 ca:01 396049                     /lib/x86_64-linux-gnu/libdl-2.19.so
7f539fad9000-7f539fcd8000 ---p 00003000 ca:01 396049                     /lib/x86_64-linux-gnu/libdl-2.19.so
7f539fcd8000-7f539fcd9000 r--p 00002000 ca:01 396049                     /lib/x86_64-linux-gnu/libdl-2.19.so
7f539fcd9000-7f539fcda000 rw-p 00003000 ca:01 396049                     /lib/x86_64-linux-gnu/libdl-2.19.so
7f539fcda000-7f539fcef000 r-xp 00000000 ca:01 275154                     /usr/lib/jvm/java-8-oracle/jre/lib/amd64/jli/libjli.so
7f539fcef000-7f539feef000 ---p 00015000 ca:01 275154                     /usr/lib/jvm/java-8-oracle/jre/lib/amd64/jli/libjli.so
7f539feef000-7f539fef0000 rw-p 00015000 ca:01 275154                     /usr/lib/jvm/java-8-oracle/jre/lib/amd64/jli/libjli.so
7f539fef0000-7f539ff09000 r-xp 00000000 ca:01 396093                     /lib/x86_64-linux-gnu/libpthread-2.19.so
7f539ff09000-7f53a0108000 ---p 00019000 ca:01 396093                     /lib/x86_64-linux-gnu/libpthread-2.19.so
7f53a0108000-7f53a0109000 r--p 00018000 ca:01 396093                     /lib/x86_64-linux-gnu/libpthread-2.19.so
7f53a0109000-7f53a010a000 rw-p 00019000 ca:01 396093                     /lib/x86_64-linux-gnu/libpthread-2.19.so
7f53a010a000-7f53a010e000 rw-p 00000000 00:00 0 
7f53a010e000-7f53a0131000 r-xp 00000000 ca:01 396030                     /lib/x86_64-linux-gnu/ld-2.19.so
7f53a0134000-7f53a0150000 r--s 00393000 ca:01 275302                     /usr/lib/jvm/java-8-oracle/jre/lib/ext/cldrdata.jar
7f53a0150000-7f53a0155000 r--s 00096000 ca:01 275214                     /usr/lib/jvm/java-8-oracle/jre/lib/jsse.jar
7f53a0155000-7f53a0170000 r--s 001d2000 ca:01 275304                     /usr/lib/jvm/java-8-oracle/jre/lib/ext/nashorn.jar
7f53a0170000-7f53a021b000 rw-p 00000000 00:00 0 
7f53a021b000-7f53a0223000 rw-s 00000000 ca:01 149707                     /tmp/hsperfdata_root/12633
7f53a0223000-7f53a0226000 ---p 00000000 00:00 0 
7f53a0226000-7f53a0329000 rw-p 00000000 00:00 0                          [stack:12635]
7f53a0329000-7f53a032d000 rw-p 00000000 00:00 0 
7f53a032d000-7f53a032e000 r--p 00000000 00:00 0 
7f53a032e000-7f53a0330000 rw-p 00000000 00:00 0 
7f53a0330000-7f53a0331000 r--p 00022000 ca:01 396030                     /lib/x86_64-linux-gnu/ld-2.19.so
7f53a0331000-7f53a0332000 rw-p 00023000 ca:01 396030                     /lib/x86_64-linux-gnu/ld-2.19.so
7f53a0332000-7f53a0333000 rw-p 00000000 00:00 0 
7fff1b6f2000-7fff1b713000 rw-p 00000000 00:00 0                          [stack]
7fff1b72d000-7fff1b72f000 r-xp 00000000 00:00 0                          [vdso]
ffffffffff600000-ffffffffff601000 r-xp 00000000 00:00 0                  [vsyscall]

VM Arguments:
jvm_args: -Xmx4096m 
java_command: /home/ubuntu/XRTB/xrtb-all.jar
java_class_path (initial): /home/ubuntu/XRTB/xrtb-all.jar
Launcher Type: SUN_STANDARD

Environment Variables:
PATH=/usr/local/sbin:/usr/local/bin:/usr/bin:/usr/sbin:/sbin:/bin

Signal Handlers:
SIGSEGV: [libjvm.so+0xaba2a0], sa_mask[0]=11111111011111111101111111111110, sa_flags=SA_RESTART|SA_SIGINFO
SIGBUS: [libjvm.so+0xaba2a0], sa_mask[0]=11111111011111111101111111111110, sa_flags=SA_RESTART|SA_SIGINFO
SIGFPE: [libjvm.so+0x917710], sa_mask[0]=11111111011111111101111111111110, sa_flags=SA_RESTART|SA_SIGINFO
SIGPIPE: [libjvm.so+0x917710], sa_mask[0]=11111111011111111101111111111110, sa_flags=SA_RESTART|SA_SIGINFO
SIGXFSZ: [libjvm.so+0x917710], sa_mask[0]=11111111011111111101111111111110, sa_flags=SA_RESTART|SA_SIGINFO
SIGILL: [libjvm.so+0x917710], sa_mask[0]=11111111011111111101111111111110, sa_flags=SA_RESTART|SA_SIGINFO
SIGUSR1: SIG_DFL, sa_mask[0]=00000000000000000000000000000000, sa_flags=none
SIGUSR2: [libjvm.so+0x918d40], sa_mask[0]=00000000000000000000000000000000, sa_flags=SA_RESTART|SA_SIGINFO
SIGHUP: [libjvm.so+0x91a140], sa_mask[0]=11111111011111111101111111111110, sa_flags=SA_RESTART|SA_SIGINFO
SIGINT: [libjvm.so+0x91a140], sa_mask[0]=11111111011111111101111111111110, sa_flags=SA_RESTART|SA_SIGINFO
SIGTERM: [libjvm.so+0x91a140], sa_mask[0]=11111111011111111101111111111110, sa_flags=SA_RESTART|SA_SIGINFO
SIGQUIT: [libjvm.so+0x91a140], sa_mask[0]=11111111011111111101111111111110, sa_flags=SA_RESTART|SA_SIGINFO


---------------  S Y S T E M  ---------------

OS:DISTRIB_ID=Ubuntu
DISTRIB_RELEASE=14.04
DISTRIB_CODENAME=trusty
DISTRIB_DESCRIPTION="Ubuntu 14.04.4 LTS"

uname:Linux 3.13.0-48-generic #80-Ubuntu SMP Thu Mar 12 11:16:15 UTC 2015 x86_64
libc:glibc 2.19 NPTL 2.19 
rlimit: STACK 8192k, CORE 0k, NPROC 257325, NOFILE 4096, AS infinity
load average:1.60 0.92 0.58

/proc/meminfo:
MemTotal:       32948100 kB
MemFree:        30742804 kB
Buffers:          151656 kB
Cached:           437768 kB
SwapCached:            0 kB
Active:          1722356 kB
Inactive:         189176 kB
Active(anon):    1322180 kB
Inactive(anon):      292 kB
Active(file):     400176 kB
Inactive(file):   188884 kB
Unevictable:           0 kB
Mlocked:               0 kB
SwapTotal:             0 kB
SwapFree:              0 kB
Dirty:               284 kB
Writeback:             0 kB
AnonPages:       1322120 kB
Mapped:            21084 kB
Shmem:               368 kB
Slab:              70860 kB
SReclaimable:      45940 kB
SUnreclaim:        24920 kB
KernelStack:        2464 kB
PageTables:         7244 kB
NFS_Unstable:          0 kB
Bounce:                0 kB
WritebackTmp:          0 kB
CommitLimit:    16474048 kB
Committed_AS:    1854804 kB
VmallocTotal:   34359738367 kB
VmallocUsed:       56028 kB
VmallocChunk:   34359672455 kB
HardwareCorrupted:     0 kB
AnonHugePages:   1210368 kB
HugePages_Total:       0
HugePages_Free:        0
HugePages_Rsvd:        0
HugePages_Surp:        0
Hugepagesize:       2048 kB
DirectMap4k:       34816 kB
DirectMap2M:    33650688 kB


CPU:total 8 (4 cores per cpu, 2 threads per core) family 6 model 63 stepping 2, cmov, cx8, fxsr, mmx, sse, sse2, sse3, ssse3, sse4.1, sse4.2, popcnt, avx, avx2, aes, clmul, erms, lzcnt, ht, tsc, bmi1, bmi2

/proc/cpuinfo:
processor	: 0
vendor_id	: GenuineIntel
cpu family	: 6
model		: 63
model name	: Intel(R) Xeon(R) CPU E5-2676 v3 @ 2.40GHz
stepping	: 2
microcode	: 0x25
cpu MHz		: 2400.070
cache size	: 30720 KB
physical id	: 0
siblings	: 8
core id		: 0
cpu cores	: 4
apicid		: 0
initial apicid	: 0
fpu		: yes
fpu_exception	: yes
cpuid level	: 13
wp		: yes
flags		: fpu vme de pse tsc msr pae mce cx8 apic sep mtrr pge mca cmov pat pse36 clflush mmx fxsr sse sse2 ht syscall nx rdtscp lm constant_tsc rep_good nopl xtopology eagerfpu pni pclmulqdq ssse3 fma cx16 pcid sse4_1 sse4_2 x2apic movbe popcnt tsc_deadline_timer aes xsave avx f16c rdrand hypervisor lahf_lm abm xsaveopt fsgsbase bmi1 avx2 smep bmi2 erms invpcid
bogomips	: 4800.14
clflush size	: 64
cache_alignment	: 64
address sizes	: 46 bits physical, 48 bits virtual
power management:

processor	: 1
vendor_id	: GenuineIntel
cpu family	: 6
model		: 63
model name	: Intel(R) Xeon(R) CPU E5-2676 v3 @ 2.40GHz
stepping	: 2
microcode	: 0x25
cpu MHz		: 2400.070
cache size	: 30720 KB
physical id	: 0
siblings	: 8
core id		: 1
cpu cores	: 4
apicid		: 2
initial apicid	: 2
fpu		: yes
fpu_exception	: yes
cpuid level	: 13
wp		: yes
flags		: fpu vme de pse tsc msr pae mce cx8 apic sep mtrr pge mca cmov pat pse36 clflush mmx fxsr sse sse2 ht syscall nx rdtscp lm constant_tsc rep_good nopl xtopology eagerfpu pni pclmulqdq ssse3 fma cx16 pcid sse4_1 sse4_2 x2apic movbe popcnt tsc_deadline_timer aes xsave avx f16c rdrand hypervisor lahf_lm abm xsaveopt fsgsbase bmi1 avx2 smep bmi2 erms invpcid
bogomips	: 4800.14
clflush size	: 64
cache_alignment	: 64
address sizes	: 46 bits physical, 48 bits virtual
power management:

processor	: 2
vendor_id	: GenuineIntel
cpu family	: 6
model		: 63
model name	: Intel(R) Xeon(R) CPU E5-2676 v3 @ 2.40GHz
stepping	: 2
microcode	: 0x25
cpu MHz		: 2400.070
cache size	: 30720 KB
physical id	: 0
siblings	: 8
core id		: 2
cpu cores	: 4
apicid		: 4
initial apicid	: 4
fpu		: yes
fpu_exception	: yes
cpuid level	: 13
wp		: yes
flags		: fpu vme de pse tsc msr pae mce cx8 apic sep mtrr pge mca cmov pat pse36 clflush mmx fxsr sse sse2 ht syscall nx rdtscp lm constant_tsc rep_good nopl xtopology eagerfpu pni pclmulqdq ssse3 fma cx16 pcid sse4_1 sse4_2 x2apic movbe popcnt tsc_deadline_timer aes xsave avx f16c rdrand hypervisor lahf_lm abm xsaveopt fsgsbase bmi1 avx2 smep bmi2 erms invpcid
bogomips	: 4800.14
clflush size	: 64
cache_alignment	: 64
address sizes	: 46 bits physical, 48 bits virtual
power management:

processor	: 3
vendor_id	: GenuineIntel
cpu family	: 6
model		: 63
model name	: Intel(R) Xeon(R) CPU E5-2676 v3 @ 2.40GHz
stepping	: 2
microcode	: 0x25
cpu MHz		: 2400.070
cache size	: 30720 KB
physical id	: 0
siblings	: 8
core id		: 3
cpu cores	: 4
apicid		: 6
initial apicid	: 6
fpu		: yes
fpu_exception	: yes
cpuid level	: 13
wp		: yes
flags		: fpu vme de pse tsc msr pae mce cx8 apic sep mtrr pge mca cmov pat pse36 clflush mmx fxsr sse sse2 ht syscall nx rdtscp lm constant_tsc rep_good nopl xtopology eagerfpu pni pclmulqdq ssse3 fma cx16 pcid sse4_1 sse4_2 x2apic movbe popcnt tsc_deadline_timer aes xsave avx f16c rdrand hypervisor lahf_lm abm xsaveopt fsgsbase bmi1 avx2 smep bmi2 erms invpcid
bogomips	: 4800.14
clflush size	: 64
cache_alignment	: 64
address sizes	: 46 bits physical, 48 bits virtual
power management:

processor	: 4
vendor_id	: GenuineIntel
cpu family	: 6
model		: 63
model name	: Intel(R) Xeon(R) CPU E5-2676 v3 @ 2.40GHz
stepping	: 2
microcode	: 0x25
cpu MHz		: 2400.070
cache size	: 30720 KB
physical id	: 0
siblings	: 8
core id		: 0
cpu cores	: 4
apicid		: 1
initial apicid	: 1
fpu		: yes
fpu_exception	: yes
cpuid level	: 13
wp		: yes
flags		: fpu vme de pse tsc msr pae mce cx8 apic sep mtrr pge mca cmov pat pse36 clflush mmx fxsr sse sse2 ht syscall nx rdtscp lm constant_tsc rep_good nopl xtopology eagerfpu pni pclmulqdq ssse3 fma cx16 pcid sse4_1 sse4_2 x2apic movbe popcnt tsc_deadline_timer aes xsave avx f16c rdrand hypervisor lahf_lm abm xsaveopt fsgsbase bmi1 avx2 smep bmi2 erms invpcid
bogomips	: 4800.14
clflush size	: 64
cache_alignment	: 64
address sizes	: 46 bits physical, 48 bits virtual
power management:

processor	: 5
vendor_id	: GenuineIntel
cpu family	: 6
model		: 63
model name	: Intel(R) Xeon(R) CPU E5-2676 v3 @ 2.40GHz
stepping	: 2
microcode	: 0x25
cpu MHz		: 2400.070
cache size	: 30720 KB
physical id	: 0
siblings	: 8
core id		: 1
cpu cores	: 4
apicid		: 3
initial apicid	: 3
fpu		: yes
fpu_exception	: yes
cpuid level	: 13
wp		: yes
flags		: fpu vme de pse tsc msr pae mce cx8 apic sep mtrr pge mca cmov pat pse36 clflush mmx fxsr sse sse2 ht syscall nx rdtscp lm constant_tsc rep_good nopl xtopology eagerfpu pni pclmulqdq ssse3 fma cx16 pcid sse4_1 sse4_2 x2apic movbe popcnt tsc_deadline_timer aes xsave avx f16c rdrand hypervisor lahf_lm abm xsaveopt fsgsbase bmi1 avx2 smep bmi2 erms invpcid
bogomips	: 4800.14
clflush size	: 64
cache_alignment	: 64
address sizes	: 46 bits physical, 48 bits virtual
power management:

processor	: 6
vendor_id	: GenuineIntel
cpu family	: 6
model		: 63
model name	: Intel(R) Xeon(R) CPU E5-2676 v3 @ 2.40GHz
stepping	: 2
microcode	: 0x25
cpu MHz		: 2400.070
cache size	: 30720 KB
physical id	: 0
siblings	: 8
core id		: 2
cpu cores	: 4
apicid		: 5
initial apicid	: 5
fpu		: yes
fpu_exception	: yes
cpuid level	: 13
wp		: yes
flags		: fpu vme de pse tsc msr pae mce cx8 apic sep mtrr pge mca cmov pat pse36 clflush mmx fxsr sse sse2 ht syscall nx rdtscp lm constant_tsc rep_good nopl xtopology eagerfpu pni pclmulqdq ssse3 fma cx16 pcid sse4_1 sse4_2 x2apic movbe popcnt tsc_deadline_timer aes xsave avx f16c rdrand hypervisor lahf_lm abm xsaveopt fsgsbase bmi1 avx2 smep bmi2 erms invpcid
bogomips	: 4800.14
clflush size	: 64
cache_alignment	: 64
address sizes	: 46 bits physical, 48 bits virtual
power management:

processor	: 7
vendor_id	: GenuineIntel
cpu family	: 6
model		: 63
model name	: Intel(R) Xeon(R) CPU E5-2676 v3 @ 2.40GHz
stepping	: 2
microcode	: 0x25
cpu MHz		: 2400.070
cache size	: 30720 KB
physical id	: 0
siblings	: 8
core id		: 3
cpu cores	: 4
apicid		: 7
initial apicid	: 7
fpu		: yes
fpu_exception	: yes
cpuid level	: 13
wp		: yes
flags		: fpu vme de pse tsc msr pae mce cx8 apic sep mtrr pge mca cmov pat pse36 clflush mmx fxsr sse sse2 ht syscall nx rdtscp lm constant_tsc rep_good nopl xtopology eagerfpu pni pclmulqdq ssse3 fma cx16 pcid sse4_1 sse4_2 x2apic movbe popcnt tsc_deadline_timer aes xsave avx f16c rdrand hypervisor lahf_lm abm xsaveopt fsgsbase bmi1 avx2 smep bmi2 erms invpcid
bogomips	: 4800.14
clflush size	: 64
cache_alignment	: 64
address sizes	: 46 bits physical, 48 bits virtual
power management:



Memory: 4k page, physical 32948100k(30742804k free), swap 0k(0k free)

vm_info: Java HotSpot(TM) 64-Bit Server VM (25.66-b17) for linux-amd64 JRE (1.8.0_66-b17), built on Oct  6 2015 17:28:34 by "java_re" with gcc 4.3.0 20080428 (Red Hat 4.3.0-8)

time: Thu Feb 25 18:43:19 2016
elapsed time: 894 seconds (0d 0h 14m 54s)

