{"bids":0,"wins":0,"clicks":0,"pixels":0,"bidPrice":0.0,"winPrice":0.0,"name":"image-test","campaignName":"smaato-test","accountName":"ben","time":1453492484786}
{"bids":0,"wins":0,"clicks":0,"pixels":0,"bidPrice":0.0,"winPrice":0.0,"name":"iAmAnAppWall","campaignName":"ben:payday","accountName":"ben","time":1453492484787}
{"bids":0,"wins":0,"clicks":0,"pixels":0,"bidPrice":0.0,"winPrice":0.0,"name":"iAmStreamingContentVideo","campaignName":"ben:payday","accountName":"ben","time":1453492484787}
{"bids":0,"wins":0,"clicks":0,"pixels":0,"bidPrice":0.0,"winPrice":0.0,"name":"23skiddoo","campaignName":"ben:payday","accountName":"ben","time":1453492484787}
{"bids":0,"wins":0,"clicks":0,"pixels":0,"bidPrice":0.0,"winPrice":0.0,"name":"66skiddoo","campaignName":"ben:payday","accountName":"ben","time":1453492484787}
{"bids":0,"wins":0,"clicks":0,"pixels":0,"bidPrice":0.0,"winPrice":0.0,"name":"iAmVideo","campaignName":"ben:payday","accountName":"ben","time":1453492484787}
{"bids":0,"wins":0,"clicks":0,"pixels":0,"bidPrice":0.0,"winPrice":0.0,"name":"1","campaignName":"ben:fyber","accountName":"ben","time":1453492484787}
{"bids":0,"wins":0,"clicks":0,"pixels":0,"bidPrice":0.0,"winPrice":0.0,"name":"23skiddoo","campaignName":"ben:extended-device","accountName":"ben","time":1453492484787}
{"bids":0,"wins":0,"clicks":0,"pixels":0,"bidPrice":0.0,"winPrice":0.0,"name":"66skiddoo","campaignName":"ben:extended-device","accountName":"ben","time":1453492484787}
{"bids":147,"wins":42,"clicks":0,"pixels":41,"bidPrice":14.699999999999964,"winPrice":4.093967099999999,"name":"virus","campaignName":"mobivists","accountName":"ben","time":1453492484787}
{"bids":0,"wins":0,"clicks":0,"pixels":0,"bidPrice":0.0,"winPrice":0.0,"name":"image-test","campaignName":"smaato-test","accountName":"ben","time":1453492544789}
{"bids":0,"wins":0,"clicks":0,"pixels":0,"bidPrice":0.0,"winPrice":0.0,"name":"iAmAnAppWall","campaignName":"ben:payday","accountName":"ben","time":1453492544789}
{"bids":0,"wins":0,"clicks":0,"pixels":0,"bidPrice":0.0,"winPrice":0.0,"name":"iAmStreamingContentVideo","campaignName":"ben:payday","accountName":"ben","time":1453492544789}
{"bids":0,"wins":0,"clicks":0,"pixels":0,"bidPrice":0.0,"winPrice":0.0,"name":"23skiddoo","campaignName":"ben:payday","accountName":"ben","time":1453492544789}
{"bids":0,"wins":0,"clicks":0,"pixels":0,"bidPrice":0.0,"winPrice":0.0,"name":"66skiddoo","campaignName":"ben:payday","accountName":"ben","time":1453492544789}
{"bids":0,"wins":0,"clicks":0,"pixels":0,"bidPrice":0.0,"winPrice":0.0,"name":"iAmVideo","campaignName":"ben:payday","accountName":"ben","time":1453492544789}
{"bids":0,"wins":0,"clicks":0,"pixels":0,"bidPrice":0.0,"winPrice":0.0,"name":"1","campaignName":"ben:fyber","accountName":"ben","time":1453492544789}
{"bids":0,"wins":0,"clicks":0,"pixels":0,"bidPrice":0.0,"winPrice":0.0,"name":"23skiddoo","campaignName":"ben:extended-device","accountName":"ben","time":1453492544789}
{"bids":0,"wins":0,"clicks":0,"pixels":0,"bidPrice":0.0,"winPrice":0.0,"name":"66skiddoo","campaignName":"ben:extended-device","accountName":"ben","time":1453492544789}
{"bids":310,"wins":40,"clicks":0,"pixels":41,"bidPrice":16.29999999999996,"winPrice":3.9338447000000003,"name":"virus","campaignName":"mobivists","accountName":"ben","time":1453492544789}
{"bids":0,"wins":0,"clicks":0,"pixels":0,"bidPrice":0.0,"winPrice":0.0,"name":"image-test","campaignName":"smaato-test","accountName":"ben","time":1453492604789}
{"bids":0,"wins":0,"clicks":0,"pixels":0,"bidPrice":0.0,"winPrice":0.0,"name":"iAmAnAppWall","campaignName":"ben:payday","accountName":"ben","time":1453492604789}
{"bids":0,"wins":0,"clicks":0,"pixels":0,"bidPrice":0.0,"winPrice":0.0,"name":"iAmStreamingContentVideo","campaignName":"ben:payday","accountName":"ben","time":1453492604789}
{"bids":0,"wins":0,"clicks":0,"pixels":0,"bidPrice":0.0,"winPrice":0.0,"name":"23skiddoo","campaignName":"ben:payday","accountName":"ben","time":1453492604789}
{"bids":0,"wins":0,"clicks":0,"pixels":0,"bidPrice":0.0,"winPrice":0.0,"name":"66skiddoo","campaignName":"ben:payday","accountName":"ben","time":1453492604789}
{"bids":0,"wins":0,"clicks":0,"pixels":0,"bidPrice":0.0,"winPrice":0.0,"name":"iAmVideo","campaignName":"ben:payday","accountName":"ben","time":1453492604789}
{"bids":0,"wins":0,"clicks":0,"pixels":0,"bidPrice":0.0,"winPrice":0.0,"name":"1","campaignName":"ben:fyber","accountName":"ben","time":1453492604789}
{"bids":0,"wins":0,"clicks":0,"pixels":0,"bidPrice":0.0,"winPrice":0.0,"name":"23skiddoo","campaignName":"ben:extended-device","accountName":"ben","time":1453492604789}
{"bids":0,"wins":0,"clicks":0,"pixels":0,"bidPrice":0.0,"winPrice":0.0,"name":"66skiddoo","campaignName":"ben:extended-device","accountName":"ben","time":1453492604789}
{"bids":512,"wins":50,"clicks":0,"pixels":55,"bidPrice":20.200000000000017,"winPrice":4.884379399999999,"name":"virus","campaignName":"mobivists","accountName":"ben","time":1453492604789}
{"bids":0,"wins":0,"clicks":0,"pixels":0,"bidPrice":0.0,"winPrice":0.0,"name":"image-test","campaignName":"smaato-test","accountName":"ben","time":1453492664790}
{"bids":0,"wins":0,"clicks":0,"pixels":0,"bidPrice":0.0,"winPrice":0.0,"name":"iAmAnAppWall","campaignName":"ben:payday","accountName":"ben","time":1453492664790}
{"bids":0,"wins":0,"clicks":0,"pixels":0,"bidPrice":0.0,"winPrice":0.0,"name":"iAmStreamingContentVideo","campaignName":"ben:payday","accountName":"ben","time":1453492664790}
{"bids":0,"wins":0,"clicks":0,"pixels":0,"bidPrice":0.0,"winPrice":0.0,"name":"23skiddoo","campaignName":"ben:payday","accountName":"ben","time":1453492664790}
{"bids":0,"wins":0,"clicks":0,"pixels":0,"bidPrice":0.0,"winPrice":0.0,"name":"66skiddoo","campaignName":"ben:payday","accountName":"ben","time":1453492664790}
{"bids":0,"wins":0,"clicks":0,"pixels":0,"bidPrice":0.0,"winPrice":0.0,"name":"iAmVideo","campaignName":"ben:payday","accountName":"ben","time":1453492664790}
{"bids":0,"wins":0,"clicks":0,"pixels":0,"bidPrice":0.0,"winPrice":0.0,"name":"1","campaignName":"ben:fyber","accountName":"ben","time":1453492664790}
{"bids":0,"wins":0,"clicks":0,"pixels":0,"bidPrice":0.0,"winPrice":0.0,"name":"23skiddoo","campaignName":"ben:extended-device","accountName":"ben","time":1453492664790}
{"bids":0,"wins":0,"clicks":0,"pixels":0,"bidPrice":0.0,"winPrice":0.0,"name":"66skiddoo","campaignName":"ben:extended-device","accountName":"ben","time":1453492664790}
{"bids":647,"wins":32,"clicks":0,"pixels":32,"bidPrice":13.499999999999968,"winPrice":3.1259876999999996,"name":"virus","campaignName":"mobivists","accountName":"ben","time":1453492664790}
{"bids":0,"wins":0,"clicks":0,"pixels":0,"bidPrice":0.0,"winPrice":0.0,"name":"image-test","campaignName":"smaato-test","accountName":"ben","time":1453492724790}
{"bids":0,"wins":0,"clicks":0,"pixels":0,"bidPrice":0.0,"winPrice":0.0,"name":"iAmAnAppWall","campaignName":"ben:payday","accountName":"ben","time":1453492724790}
{"bids":0,"wins":0,"clicks":0,"pixels":0,"bidPrice":0.0,"winPrice":0.0,"name":"iAmStreamingContentVideo","campaignName":"ben:payday","accountName":"ben","time":1453492724790}
{"bids":0,"wins":0,"clicks":0,"pixels":0,"bidPrice":0.0,"winPrice":0.0,"name":"23skiddoo","campaignName":"ben:payday","accountName":"ben","time":1453492724790}
{"bids":0,"wins":0,"clicks":0,"pixels":0,"bidPrice":0.0,"winPrice":0.0,"name":"66skiddoo","campaignName":"ben:payday","accountName":"ben","time":1453492724790}
{"bids":0,"wins":0,"clicks":0,"pixels":0,"bidPrice":0.0,"winPrice":0.0,"name":"iAmVideo","campaignName":"ben:payday","accountName":"ben","time":1453492724790}
{"bids":0,"wins":0,"clicks":0,"pixels":0,"bidPrice":0.0,"winPrice":0.0,"name":"1","campaignName":"ben:fyber","accountName":"ben","time":1453492724790}
{"bids":0,"wins":0,"clicks":0,"pixels":0,"bidPrice":0.0,"winPrice":0.0,"name":"23skiddoo","campaignName":"ben:extended-device","accountName":"ben","time":1453492724790}
{"bids":0,"wins":0,"clicks":0,"pixels":0,"bidPrice":0.0,"winPrice":0.0,"name":"66skiddoo","campaignName":"ben:extended-device","accountName":"ben","time":1453492724790}
{"bids":787,"wins":35,"clicks":0,"pixels":34,"bidPrice":13.999999999999966,"winPrice":3.415077100000001,"name":"virus","campaignName":"mobivists","accountName":"ben","time":1453492724790}
{"bids":0,"wins":0,"clicks":0,"pixels":0,"bidPrice":0.0,"winPrice":0.0,"name":"image-test","campaignName":"smaato-test","accountName":"ben","time":1453492784791}
{"bids":0,"wins":0,"clicks":0,"pixels":0,"bidPrice":0.0,"winPrice":0.0,"name":"iAmAnAppWall","campaignName":"ben:payday","accountName":"ben","time":1453492784791}
{"bids":0,"wins":0,"clicks":0,"pixels":0,"bidPrice":0.0,"winPrice":0.0,"name":"iAmStreamingContentVideo","campaignName":"ben:payday","accountName":"ben","time":1453492784791}
{"bids":0,"wins":0,"clicks":0,"pixels":0,"bidPrice":0.0,"winPrice":0.0,"name":"23skiddoo","campaignName":"ben:payday","accountName":"ben","time":1453492784791}
{"bids":0,"wins":0,"clicks":0,"pixels":0,"bidPrice":0.0,"winPrice":0.0,"name":"66skiddoo","campaignName":"ben:payday","accountName":"ben","time":1453492784791}
{"bids":0,"wins":0,"clicks":0,"pixels":0,"bidPrice":0.0,"winPrice":0.0,"name":"iAmVideo","campaignName":"ben:payday","accountName":"ben","time":1453492784791}
{"bids":0,"wins":0,"clicks":0,"pixels":0,"bidPrice":0.0,"winPrice":0.0,"name":"1","campaignName":"ben:fyber","accountName":"ben","time":1453492784791}
{"bids":0,"wins":0,"clicks":0,"pixels":0,"bidPrice":0.0,"winPrice":0.0,"name":"23skiddoo","campaignName":"ben:extended-device","accountName":"ben","time":1453492784791}
{"bids":0,"wins":0,"clicks":0,"pixels":0,"bidPrice":0.0,"winPrice":0.0,"name":"66skiddoo","campaignName":"ben:extended-device","accountName":"ben","time":1453492784791}
{"bids":951,"wins":41,"clicks":0,"pixels":40,"bidPrice":16.399999999999963,"winPrice":4.008395800000001,"name":"virus","campaignName":"mobivists","accountName":"ben","time":1453492784791}
{"bids":0,"wins":0,"clicks":0,"pixels":0,"bidPrice":0.0,"winPrice":0.0,"name":"image-test","campaignName":"smaato-test","accountName":"ben","time":1453492844791}
{"bids":0,"wins":0,"clicks":0,"pixels":0,"bidPrice":0.0,"winPrice":0.0,"name":"iAmAnAppWall","campaignName":"ben:payday","accountName":"ben","time":1453492844791}
{"bids":0,"wins":0,"clicks":0,"pixels":0,"bidPrice":0.0,"winPrice":0.0,"name":"iAmStreamingContentVideo","campaignName":"ben:payday","accountName":"ben","time":1453492844791}
{"bids":0,"wins":0,"clicks":0,"pixels":0,"bidPrice":0.0,"winPrice":0.0,"name":"23skiddoo","campaignName":"ben:payday","accountName":"ben","time":1453492844791}
{"bids":0,"wins":0,"clicks":0,"pixels":0,"bidPrice":0.0,"winPrice":0.0,"name":"66skiddoo","campaignName":"ben:payday","accountName":"ben","time":1453492844791}
{"bids":0,"wins":0,"clicks":0,"pixels":0,"bidPrice":0.0,"winPrice":0.0,"name":"iAmVideo","campaignName":"ben:payday","accountName":"ben","time":1453492844791}
{"bids":0,"wins":0,"clicks":0,"pixels":0,"bidPrice":0.0,"winPrice":0.0,"name":"1","campaignName":"ben:fyber","accountName":"ben","time":1453492844791}
{"bids":0,"wins":0,"clicks":0,"pixels":0,"bidPrice":0.0,"winPrice":0.0,"name":"23skiddoo","campaignName":"ben:extended-device","accountName":"ben","time":1453492844791}
{"bids":0,"wins":0,"clicks":0,"pixels":0,"bidPrice":0.0,"winPrice":0.0,"name":"66skiddoo","campaignName":"ben:extended-device","accountName":"ben","time":1453492844791}
{"bids":1089,"wins":39,"clicks":0,"pixels":37,"bidPrice":13.799999999999967,"winPrice":3.787663700000001,"name":"virus","campaignName":"mobivists","accountName":"ben","time":1453492844791}
{"bids":0,"wins":0,"clicks":0,"pixels":0,"bidPrice":0.0,"winPrice":0.0,"name":"image-test","campaignName":"smaato-test","accountName":"ben","time":1453492904792}
{"bids":0,"wins":0,"clicks":0,"pixels":0,"bidPrice":0.0,"winPrice":0.0,"name":"iAmAnAppWall","campaignName":"ben:payday","accountName":"ben","time":1453492904792}
{"bids":0,"wins":0,"clicks":0,"pixels":0,"bidPrice":0.0,"winPrice":0.0,"name":"iAmStreamingContentVideo","campaignName":"ben:payday","accountName":"ben","time":1453492904792}
{"bids":0,"wins":0,"clicks":0,"pixels":0,"bidPrice":0.0,"winPrice":0.0,"name":"23skiddoo","campaignName":"ben:payday","accountName":"ben","time":1453492904792}
{"bids":0,"wins":0,"clicks":0,"pixels":0,"bidPrice":0.0,"winPrice":0.0,"name":"66skiddoo","campaignName":"ben:payday","accountName":"ben","time":1453492904792}
{"bids":0,"wins":0,"clicks":0,"pixels":0,"bidPrice":0.0,"winPrice":0.0,"name":"iAmVideo","campaignName":"ben:payday","accountName":"ben","time":1453492904792}
{"bids":0,"wins":0,"clicks":0,"pixels":0,"bidPrice":0.0,"winPrice":0.0,"name":"1","campaignName":"ben:fyber","accountName":"ben","time":1453492904792}
{"bids":0,"wins":0,"clicks":0,"pixels":0,"bidPrice":0.0,"winPrice":0.0,"name":"23skiddoo","campaignName":"ben:extended-device","accountName":"ben","time":1453492904792}
{"bids":0,"wins":0,"clicks":0,"pixels":0,"bidPrice":0.0,"winPrice":0.0,"name":"66skiddoo","campaignName":"ben:extended-device","accountName":"ben","time":1453492904792}
{"bids":1225,"wins":29,"clicks":0,"pixels":27,"bidPrice":13.599999999999968,"winPrice":2.849182400000001,"name":"virus","campaignName":"mobivists","accountName":"ben","time":1453492904792}
{"bids":0,"wins":0,"clicks":0,"pixels":0,"bidPrice":0.0,"winPrice":0.0,"name":"image-test","campaignName":"smaato-test","accountName":"ben","time":1453492964792}
{"bids":0,"wins":0,"clicks":0,"pixels":0,"bidPrice":0.0,"winPrice":0.0,"name":"iAmAnAppWall","campaignName":"ben:payday","accountName":"ben","time":1453492964792}
{"bids":0,"wins":0,"clicks":0,"pixels":0,"bidPrice":0.0,"winPrice":0.0,"name":"iAmStreamingContentVideo","campaignName":"ben:payday","accountName":"ben","time":1453492964792}
{"bids":0,"wins":0,"clicks":0,"pixels":0,"bidPrice":0.0,"winPrice":0.0,"name":"23skiddoo","campaignName":"ben:payday","accountName":"ben","time":1453492964792}
{"bids":0,"wins":0,"clicks":0,"pixels":0,"bidPrice":0.0,"winPrice":0.0,"name":"66skiddoo","campaignName":"ben:payday","accountName":"ben","time":1453492964792}
{"bids":0,"wins":0,"clicks":0,"pixels":0,"bidPrice":0.0,"winPrice":0.0,"name":"iAmVideo","campaignName":"ben:payday","accountName":"ben","time":1453492964792}
{"bids":0,"wins":0,"clicks":0,"pixels":0,"bidPrice":0.0,"winPrice":0.0,"name":"1","campaignName":"ben:fyber","accountName":"ben","time":1453492964792}
{"bids":0,"wins":0,"clicks":0,"pixels":0,"bidPrice":0.0,"winPrice":0.0,"name":"23skiddoo","campaignName":"ben:extended-device","accountName":"ben","time":1453492964792}
{"bids":0,"wins":0,"clicks":0,"pixels":0,"bidPrice":0.0,"winPrice":0.0,"name":"66skiddoo","campaignName":"ben:extended-device","accountName":"ben","time":1453492964792}
{"bids":1342,"wins":43,"clicks":1,"pixels":41,"bidPrice":11.699999999999974,"winPrice":4.2184732,"name":"virus","campaignName":"mobivists","accountName":"ben","time":1453492964792}
{"bids":0,"wins":0,"clicks":0,"pixels":0,"bidPrice":0.0,"winPrice":0.0,"name":"image-test","campaignName":"smaato-test","accountName":"ben","time":1453493024793}
{"bids":0,"wins":0,"clicks":0,"pixels":0,"bidPrice":0.0,"winPrice":0.0,"name":"iAmAnAppWall","campaignName":"ben:payday","accountName":"ben","time":1453493024793}
{"bids":0,"wins":0,"clicks":0,"pixels":0,"bidPrice":0.0,"winPrice":0.0,"name":"iAmStreamingContentVideo","campaignName":"ben:payday","accountName":"ben","time":1453493024793}
{"bids":0,"wins":0,"clicks":0,"pixels":0,"bidPrice":0.0,"winPrice":0.0,"name":"23skiddoo","campaignName":"ben:payday","accountName":"ben","time":1453493024793}
{"bids":0,"wins":0,"clicks":0,"pixels":0,"bidPrice":0.0,"winPrice":0.0,"name":"66skiddoo","campaignName":"ben:payday","accountName":"ben","time":1453493024793}
{"bids":0,"wins":0,"clicks":0,"pixels":0,"bidPrice":0.0,"winPrice":0.0,"name":"iAmVideo","campaignName":"ben:payday","accountName":"ben","time":1453493024793}
{"bids":0,"wins":0,"clicks":0,"pixels":0,"bidPrice":0.0,"winPrice":0.0,"name":"1","campaignName":"ben:fyber","accountName":"ben","time":1453493024793}
{"bids":0,"wins":0,"clicks":0,"pixels":0,"bidPrice":0.0,"winPrice":0.0,"name":"23skiddoo","campaignName":"ben:extended-device","accountName":"ben","time":1453493024793}
{"bids":0,"wins":0,"clicks":0,"pixels":0,"bidPrice":0.0,"winPrice":0.0,"name":"66skiddoo","campaignName":"ben:extended-device","accountName":"ben","time":1453493024793}
{"bids":1485,"wins":38,"clicks":1,"pixels":37,"bidPrice":14.299999999999965,"winPrice":3.7263509,"name":"virus","campaignName":"mobivists","accountName":"ben","time":1453493024793}
{"bids":0,"wins":0,"clicks":0,"pixels":0,"bidPrice":0.0,"winPrice":0.0,"name":"image-test","campaignName":"smaato-test","accountName":"ben","time":1453493084793}
{"bids":0,"wins":0,"clicks":0,"pixels":0,"bidPrice":0.0,"winPrice":0.0,"name":"iAmAnAppWall","campaignName":"ben:payday","accountName":"ben","time":1453493084793}
{"bids":0,"wins":0,"clicks":0,"pixels":0,"bidPrice":0.0,"winPrice":0.0,"name":"iAmStreamingContentVideo","campaignName":"ben:payday","accountName":"ben","time":1453493084793}
{"bids":0,"wins":0,"clicks":0,"pixels":0,"bidPrice":0.0,"winPrice":0.0,"name":"23skiddoo","campaignName":"ben:payday","accountName":"ben","time":1453493084793}
{"bids":0,"wins":0,"clicks":0,"pixels":0,"bidPrice":0.0,"winPrice":0.0,"name":"66skiddoo","campaignName":"ben:payday","accountName":"ben","time":1453493084793}
{"bids":0,"wins":0,"clicks":0,"pixels":0,"bidPrice":0.0,"winPrice":0.0,"name":"iAmVideo","campaignName":"ben:payday","accountName":"ben","time":1453493084793}
{"bids":0,"wins":0,"clicks":0,"pixels":0,"bidPrice":0.0,"winPrice":0.0,"name":"1","campaignName":"ben:fyber","accountName":"ben","time":1453493084793}
{"bids":0,"wins":0,"clicks":0,"pixels":0,"bidPrice":0.0,"winPrice":0.0,"name":"23skiddoo","campaignName":"ben:extended-device","accountName":"ben","time":1453493084793}
{"bids":0,"wins":0,"clicks":0,"pixels":0,"bidPrice":0.0,"winPrice":0.0,"name":"66skiddoo","campaignName":"ben:extended-device","accountName":"ben","time":1453493084793}
{"bids":1614,"wins":25,"clicks":0,"pixels":23,"bidPrice":12.89999999999997,"winPrice":2.4525649,"name":"virus","campaignName":"mobivists","accountName":"ben","time":1453493084793}
{"bids":0,"wins":0,"clicks":0,"pixels":0,"bidPrice":0.0,"winPrice":0.0,"name":"image-test","campaignName":"smaato-test","accountName":"ben","time":1453493144794}
{"bids":0,"wins":0,"clicks":0,"pixels":0,"bidPrice":0.0,"winPrice":0.0,"name":"iAmAnAppWall","campaignName":"ben:payday","accountName":"ben","time":1453493144794}
{"bids":0,"wins":0,"clicks":0,"pixels":0,"bidPrice":0.0,"winPrice":0.0,"name":"iAmStreamingContentVideo","campaignName":"ben:payday","accountName":"ben","time":1453493144794}
{"bids":0,"wins":0,"clicks":0,"pixels":0,"bidPrice":0.0,"winPrice":0.0,"name":"23skiddoo","campaignName":"ben:payday","accountName":"ben","time":1453493144794}
{"bids":0,"wins":0,"clicks":0,"pixels":0,"bidPrice":0.0,"winPrice":0.0,"name":"66skiddoo","campaignName":"ben:payday","accountName":"ben","time":1453493144794}
{"bids":0,"wins":0,"clicks":0,"pixels":0,"bidPrice":0.0,"winPrice":0.0,"name":"iAmVideo","campaignName":"ben:payday","accountName":"ben","time":1453493144794}
{"bids":0,"wins":0,"clicks":0,"pixels":0,"bidPrice":0.0,"winPrice":0.0,"name":"1","campaignName":"ben:fyber","accountName":"ben","time":1453493144794}
{"bids":0,"wins":0,"clicks":0,"pixels":0,"bidPrice":0.0,"winPrice":0.0,"name":"23skiddoo","campaignName":"ben:extended-device","accountName":"ben","time":1453493144794}
{"bids":0,"wins":0,"clicks":0,"pixels":0,"bidPrice":0.0,"winPrice":0.0,"name":"66skiddoo","campaignName":"ben:extended-device","accountName":"ben","time":1453493144794}
{"bids":1734,"wins":31,"clicks":0,"pixels":28,"bidPrice":11.999999999999973,"winPrice":3.0339814,"name":"virus","campaignName":"mobivists","accountName":"ben","time":1453493144794}
{"bids":0,"wins":0,"clicks":0,"pixels":0,"bidPrice":0.0,"winPrice":0.0,"name":"image-test","campaignName":"smaato-test","accountName":"ben","time":1453493204794}
{"bids":0,"wins":0,"clicks":0,"pixels":0,"bidPrice":0.0,"winPrice":0.0,"name":"iAmAnAppWall","campaignName":"ben:payday","accountName":"ben","time":1453493204794}
{"bids":0,"wins":0,"clicks":0,"pixels":0,"bidPrice":0.0,"winPrice":0.0,"name":"iAmStreamingContentVideo","campaignName":"ben:payday","accountName":"ben","time":1453493204794}
{"bids":0,"wins":0,"clicks":0,"pixels":0,"bidPrice":0.0,"winPrice":0.0,"name":"23skiddoo","campaignName":"ben:payday","accountName":"ben","time":1453493204794}
{"bids":0,"wins":0,"clicks":0,"pixels":0,"bidPrice":0.0,"winPrice":0.0,"name":"66skiddoo","campaignName":"ben:payday","accountName":"ben","time":1453493204794}
{"bids":0,"wins":0,"clicks":0,"pixels":0,"bidPrice":0.0,"winPrice":0.0,"name":"iAmVideo","campaignName":"ben:payday","accountName":"ben","time":1453493204794}
{"bids":0,"wins":0,"clicks":0,"pixels":0,"bidPrice":0.0,"winPrice":0.0,"name":"1","campaignName":"ben:fyber","accountName":"ben","time":1453493204794}
{"bids":0,"wins":0,"clicks":0,"pixels":0,"bidPrice":0.0,"winPrice":0.0,"name":"23skiddoo","campaignName":"ben:extended-device","accountName":"ben","time":1453493204794}
{"bids":0,"wins":0,"clicks":0,"pixels":0,"bidPrice":0.0,"winPrice":0.0,"name":"66skiddoo","campaignName":"ben:extended-device","accountName":"ben","time":1453493204794}
{"bids":1869,"wins":31,"clicks":1,"pixels":31,"bidPrice":13.499999999999968,"winPrice":3.0217418000000005,"name":"virus","campaignName":"mobivists","accountName":"ben","time":1453493204794}
{"bids":0,"wins":0,"clicks":0,"pixels":0,"bidPrice":0.0,"winPrice":0.0,"name":"image-test","campaignName":"smaato-test","accountName":"ben","time":1453493264795}
{"bids":0,"wins":0,"clicks":0,"pixels":0,"bidPrice":0.0,"winPrice":0.0,"name":"iAmAnAppWall","campaignName":"ben:payday","accountName":"ben","time":1453493264795}
{"bids":0,"wins":0,"clicks":0,"pixels":0,"bidPrice":0.0,"winPrice":0.0,"name":"iAmStreamingContentVideo","campaignName":"ben:payday","accountName":"ben","time":1453493264795}
{"bids":0,"wins":0,"clicks":0,"pixels":0,"bidPrice":0.0,"winPrice":0.0,"name":"23skiddoo","campaignName":"ben:payday","accountName":"ben","time":1453493264795}
{"bids":0,"wins":0,"clicks":0,"pixels":0,"bidPrice":0.0,"winPrice":0.0,"name":"66skiddoo","campaignName":"ben:payday","accountName":"ben","time":1453493264795}
{"bids":0,"wins":0,"clicks":0,"pixels":0,"bidPrice":0.0,"winPrice":0.0,"name":"iAmVideo","campaignName":"ben:payday","accountName":"ben","time":1453493264795}
{"bids":0,"wins":0,"clicks":0,"pixels":0,"bidPrice":0.0,"winPrice":0.0,"name":"1","campaignName":"ben:fyber","accountName":"ben","time":1453493264795}
{"bids":0,"wins":0,"clicks":0,"pixels":0,"bidPrice":0.0,"winPrice":0.0,"name":"23skiddoo","campaignName":"ben:extended-device","accountName":"ben","time":1453493264795}
{"bids":0,"wins":0,"clicks":0,"pixels":0,"bidPrice":0.0,"winPrice":0.0,"name":"66skiddoo","campaignName":"ben:extended-device","accountName":"ben","time":1453493264795}
{"bids":2021,"wins":23,"clicks":0,"pixels":23,"bidPrice":15.199999999999962,"winPrice":2.2110321,"name":"virus","campaignName":"mobivists","accountName":"ben","time":1453493264795}
{"bids":0,"wins":0,"clicks":0,"pixels":0,"bidPrice":0.0,"winPrice":0.0,"name":"image-test","campaignName":"smaato-test","accountName":"ben","time":1453493324795}
{"bids":0,"wins":0,"clicks":0,"pixels":0,"bidPrice":0.0,"winPrice":0.0,"name":"iAmAnAppWall","campaignName":"ben:payday","accountName":"ben","time":1453493324795}
{"bids":0,"wins":0,"clicks":0,"pixels":0,"bidPrice":0.0,"winPrice":0.0,"name":"iAmStreamingContentVideo","campaignName":"ben:payday","accountName":"ben","time":1453493324795}
{"bids":0,"wins":0,"clicks":0,"pixels":0,"bidPrice":0.0,"winPrice":0.0,"name":"23skiddoo","campaignName":"ben:payday","accountName":"ben","time":1453493324795}
{"bids":0,"wins":0,"clicks":0,"pixels":0,"bidPrice":0.0,"winPrice":0.0,"name":"66skiddoo","campaignName":"ben:payday","accountName":"ben","time":1453493324795}
{"bids":0,"wins":0,"clicks":0,"pixels":0,"bidPrice":0.0,"winPrice":0.0,"name":"iAmVideo","campaignName":"ben:payday","accountName":"ben","time":1453493324795}
{"bids":0,"wins":0,"clicks":0,"pixels":0,"bidPrice":0.0,"winPrice":0.0,"name":"1","campaignName":"ben:fyber","accountName":"ben","time":1453493324795}
{"bids":0,"wins":0,"clicks":0,"pixels":0,"bidPrice":0.0,"winPrice":0.0,"name":"23skiddoo","campaignName":"ben:extended-device","accountName":"ben","time":1453493324795}
{"bids":0,"wins":0,"clicks":0,"pixels":0,"bidPrice":0.0,"winPrice":0.0,"name":"66skiddoo","campaignName":"ben:extended-device","accountName":"ben","time":1453493324795}
{"bids":2179,"wins":24,"clicks":0,"pixels":24,"bidPrice":15.79999999999996,"winPrice":2.3512624000000004,"name":"virus","campaignName":"mobivists","accountName":"ben","time":1453493324795}
{"bids":0,"wins":0,"clicks":0,"pixels":0,"bidPrice":0.0,"winPrice":0.0,"name":"image-test","campaignName":"smaato-test","accountName":"ben","time":1453493384796}
{"bids":0,"wins":0,"clicks":0,"pixels":0,"bidPrice":0.0,"winPrice":0.0,"name":"iAmAnAppWall","campaignName":"ben:payday","accountName":"ben","time":1453493384796}
{"bids":0,"wins":0,"clicks":0,"pixels":0,"bidPrice":0.0,"winPrice":0.0,"name":"iAmStreamingContentVideo","campaignName":"ben:payday","accountName":"ben","time":1453493384796}
{"bids":0,"wins":0,"clicks":0,"pixels":0,"bidPrice":0.0,"winPrice":0.0,"name":"23skiddoo","campaignName":"ben:payday","accountName":"ben","time":1453493384796}
{"bids":0,"wins":0,"clicks":0,"pixels":0,"bidPrice":0.0,"winPrice":0.0,"name":"66skiddoo","campaignName":"ben:payday","accountName":"ben","time":1453493384796}
{"bids":0,"wins":0,"clicks":0,"pixels":0,"bidPrice":0.0,"winPrice":0.0,"name":"iAmVideo","campaignName":"ben:payday","accountName":"ben","time":1453493384796}
{"bids":0,"wins":0,"clicks":0,"pixels":0,"bidPrice":0.0,"winPrice":0.0,"name":"1","campaignName":"ben:fyber","accountName":"ben","time":1453493384796}
{"bids":0,"wins":0,"clicks":0,"pixels":0,"bidPrice":0.0,"winPrice":0.0,"name":"23skiddoo","campaignName":"ben:extended-device","accountName":"ben","time":1453493384796}
{"bids":0,"wins":0,"clicks":0,"pixels":0,"bidPrice":0.0,"winPrice":0.0,"name":"66skiddoo","campaignName":"ben:extended-device","accountName":"ben","time":1453493384796}
{"bids":2317,"wins":17,"clicks":0,"pixels":17,"bidPrice":13.799999999999967,"winPrice":1.6664559,"name":"virus","campaignName":"mobivists","accountName":"ben","time":1453493384796}
{"bids":0,"wins":0,"clicks":0,"pixels":0,"bidPrice":0.0,"winPrice":0.0,"name":"image-test","campaignName":"smaato-test","accountName":"ben","time":1453493444796}
{"bids":0,"wins":0,"clicks":0,"pixels":0,"bidPrice":0.0,"winPrice":0.0,"name":"iAmAnAppWall","campaignName":"ben:payday","accountName":"ben","time":1453493444796}
{"bids":0,"wins":0,"clicks":0,"pixels":0,"bidPrice":0.0,"winPrice":0.0,"name":"iAmStreamingContentVideo","campaignName":"ben:payday","accountName":"ben","time":1453493444796}
{"bids":0,"wins":0,"clicks":0,"pixels":0,"bidPrice":0.0,"winPrice":0.0,"name":"23skiddoo","campaignName":"ben:payday","accountName":"ben","time":1453493444796}
{"bids":0,"wins":0,"clicks":0,"pixels":0,"bidPrice":0.0,"winPrice":0.0,"name":"66skiddoo","campaignName":"ben:payday","accountName":"ben","time":1453493444796}
{"bids":0,"wins":0,"clicks":0,"pixels":0,"bidPrice":0.0,"winPrice":0.0,"name":"iAmVideo","campaignName":"ben:payday","accountName":"ben","time":1453493444796}
{"bids":0,"wins":0,"clicks":0,"pixels":0,"bidPrice":0.0,"winPrice":0.0,"name":"1","campaignName":"ben:fyber","accountName":"ben","time":1453493444796}
{"bids":0,"wins":0,"clicks":0,"pixels":0,"bidPrice":0.0,"winPrice":0.0,"name":"23skiddoo","campaignName":"ben:extended-device","accountName":"ben","time":1453493444796}
{"bids":0,"wins":0,"clicks":0,"pixels":0,"bidPrice":0.0,"winPrice":0.0,"name":"66skiddoo","campaignName":"ben:extended-device","accountName":"ben","time":1453493444796}
{"bids":2505,"wins":27,"clicks":0,"pixels":27,"bidPrice":18.799999999999997,"winPrice":2.6358955999999996,"name":"virus","campaignName":"mobivists","accountName":"ben","time":1453493444796}
{"bids":0,"wins":0,"clicks":0,"pixels":0,"bidPrice":0.0,"winPrice":0.0,"name":"image-test","campaignName":"smaato-test","accountName":"ben","time":1453493504797}
{"bids":0,"wins":0,"clicks":0,"pixels":0,"bidPrice":0.0,"winPrice":0.0,"name":"iAmAnAppWall","campaignName":"ben:payday","accountName":"ben","time":1453493504797}
{"bids":0,"wins":0,"clicks":0,"pixels":0,"bidPrice":0.0,"winPrice":0.0,"name":"iAmStreamingContentVideo","campaignName":"ben:payday","accountName":"ben","time":1453493504797}
{"bids":0,"wins":0,"clicks":0,"pixels":0,"bidPrice":0.0,"winPrice":0.0,"name":"23skiddoo","campaignName":"ben:payday","accountName":"ben","time":1453493504797}
{"bids":0,"wins":0,"clicks":0,"pixels":0,"bidPrice":0.0,"winPrice":0.0,"name":"66skiddoo","campaignName":"ben:payday","accountName":"ben","time":1453493504797}
{"bids":0,"wins":0,"clicks":0,"pixels":0,"bidPrice":0.0,"winPrice":0.0,"name":"iAmVideo","campaignName":"ben:payday","accountName":"ben","time":1453493504797}
{"bids":0,"wins":0,"clicks":0,"pixels":0,"bidPrice":0.0,"winPrice":0.0,"name":"1","campaignName":"ben:fyber","accountName":"ben","time":1453493504797}
{"bids":0,"wins":0,"clicks":0,"pixels":0,"bidPrice":0.0,"winPrice":0.0,"name":"23skiddoo","campaignName":"ben:extended-device","accountName":"ben","time":1453493504797}
{"bids":0,"wins":0,"clicks":0,"pixels":0,"bidPrice":0.0,"winPrice":0.0,"name":"66skiddoo","campaignName":"ben:extended-device","accountName":"ben","time":1453493504797}
{"bids":2674,"wins":25,"clicks":0,"pixels":24,"bidPrice":16.89999999999997,"winPrice":2.4504640000000006,"name":"virus","campaignName":"mobivists","accountName":"ben","time":1453493504797}
{"bids":0,"wins":0,"clicks":0,"pixels":0,"bidPrice":0.0,"winPrice":0.0,"name":"image-test","campaignName":"smaato-test","accountName":"ben","time":1453493564797}
{"bids":0,"wins":0,"clicks":0,"pixels":0,"bidPrice":0.0,"winPrice":0.0,"name":"iAmAnAppWall","campaignName":"ben:payday","accountName":"ben","time":1453493564797}
{"bids":0,"wins":0,"clicks":0,"pixels":0,"bidPrice":0.0,"winPrice":0.0,"name":"iAmStreamingContentVideo","campaignName":"ben:payday","accountName":"ben","time":1453493564797}
{"bids":0,"wins":0,"clicks":0,"pixels":0,"bidPrice":0.0,"winPrice":0.0,"name":"23skiddoo","campaignName":"ben:payday","accountName":"ben","time":1453493564797}
{"bids":0,"wins":0,"clicks":0,"pixels":0,"bidPrice":0.0,"winPrice":0.0,"name":"66skiddoo","campaignName":"ben:payday","accountName":"ben","time":1453493564797}
{"bids":0,"wins":0,"clicks":0,"pixels":0,"bidPrice":0.0,"winPrice":0.0,"name":"iAmVideo","campaignName":"ben:payday","accountName":"ben","time":1453493564797}
{"bids":0,"wins":0,"clicks":0,"pixels":0,"bidPrice":0.0,"winPrice":0.0,"name":"1","campaignName":"ben:fyber","accountName":"ben","time":1453493564797}
{"bids":0,"wins":0,"clicks":0,"pixels":0,"bidPrice":0.0,"winPrice":0.0,"name":"23skiddoo","campaignName":"ben:extended-device","accountName":"ben","time":1453493564797}
{"bids":0,"wins":0,"clicks":0,"pixels":0,"bidPrice":0.0,"winPrice":0.0,"name":"66skiddoo","campaignName":"ben:extended-device","accountName":"ben","time":1453493564797}
{"bids":2854,"wins":24,"clicks":0,"pixels":24,"bidPrice":17.999999999999986,"winPrice":2.3609206,"name":"virus","campaignName":"mobivists","accountName":"ben","time":1453493564797}
